[0.060s] Invoking command in '/home/orin_nano/turtlebot3_ws/build/turtlebot3_node': CMAKE_PREFIX_PATH=${CMAKE_PREFIX_PATH}:/home/orin_nano/turtlebot3_ws/install/turtlebot3_teleop:/home/orin_nano/turtlebot3_ws/install/turtlebot3_example:/opt/ros/humble /usr/bin/cmake --build /home/orin_nano/turtlebot3_ws/build/turtlebot3_node -- -j6 -l6
[1.137s] [35m[1mConsolidate compiler generated dependencies of target turtlebot3_node_lib[0m
[1.138s] [ 85%] Built target turtlebot3_node_lib
[1.139s] [35m[1mConsolidate compiler generated dependencies of target turtlebot3_ros[0m
[1.140s] [100%] Built target turtlebot3_ros
[1.164s] Invoked command in '/home/orin_nano/turtlebot3_ws/build/turtlebot3_node' returned '0': CMAKE_PREFIX_PATH=${CMAKE_PREFIX_PATH}:/home/orin_nano/turtlebot3_ws/install/turtlebot3_teleop:/home/orin_nano/turtlebot3_ws/install/turtlebot3_example:/opt/ros/humble /usr/bin/cmake --build /home/orin_nano/turtlebot3_ws/build/turtlebot3_node -- -j6 -l6
[1.166s] Invoking command in '/home/orin_nano/turtlebot3_ws/build/turtlebot3_node': CMAKE_PREFIX_PATH=${CMAKE_PREFIX_PATH}:/home/orin_nano/turtlebot3_ws/install/turtlebot3_teleop:/home/orin_nano/turtlebot3_ws/install/turtlebot3_example:/opt/ros/humble /usr/bin/cmake --install /home/orin_nano/turtlebot3_ws/build/turtlebot3_node
[1.204s] -- Install configuration: ""
[1.206s] -- Execute custom install script
[1.206s] -- Up-to-date symlink: /home/orin_nano/turtlebot3_ws/install/turtlebot3_node/share/turtlebot3_node/param/burger.yaml
[1.207s] -- Up-to-date symlink: /home/orin_nano/turtlebot3_ws/install/turtlebot3_node/share/turtlebot3_node/param/waffle.yaml
[1.207s] -- Up-to-date symlink: /home/orin_nano/turtlebot3_ws/install/turtlebot3_node/share/turtlebot3_node/param/waffle_pi.yaml
[1.207s] -- Up-to-date symlink: /home/orin_nano/turtlebot3_ws/install/turtlebot3_node/lib/turtlebot3_node/turtlebot3_ros
[1.207s] -- Up-to-date symlink: /home/orin_nano/turtlebot3_ws/install/turtlebot3_node/share/ament_index/resource_index/package_run_dependencies/turtlebot3_node
[1.207s] -- Up-to-date symlink: /home/orin_nano/turtlebot3_ws/install/turtlebot3_node/share/ament_index/resource_index/parent_prefix_path/turtlebot3_node
[1.208s] -- Up-to-date symlink: /home/orin_nano/turtlebot3_ws/install/turtlebot3_node/share/turtlebot3_node/environment/ament_prefix_path.sh
[1.208s] -- Up-to-date symlink: /home/orin_nano/turtlebot3_ws/install/turtlebot3_node/share/turtlebot3_node/environment/ament_prefix_path.dsv
[1.209s] -- Up-to-date symlink: /home/orin_nano/turtlebot3_ws/install/turtlebot3_node/share/turtlebot3_node/environment/path.sh
[1.209s] -- Up-to-date symlink: /home/orin_nano/turtlebot3_ws/install/turtlebot3_node/share/turtlebot3_node/environment/path.dsv
[1.211s] -- Up-to-date symlink: /home/orin_nano/turtlebot3_ws/install/turtlebot3_node/share/turtlebot3_node/local_setup.bash
[1.215s] -- Up-to-date symlink: /home/orin_nano/turtlebot3_ws/install/turtlebot3_node/share/turtlebot3_node/local_setup.sh
[1.215s] -- Up-to-date symlink: /home/orin_nano/turtlebot3_ws/install/turtlebot3_node/share/turtlebot3_node/local_setup.zsh
[1.216s] -- Up-to-date symlink: /home/orin_nano/turtlebot3_ws/install/turtlebot3_node/share/turtlebot3_node/local_setup.dsv
[1.216s] -- Symlinking: /home/orin_nano/turtlebot3_ws/install/turtlebot3_node/share/turtlebot3_node/package.dsv
[1.226s] -- Up-to-date symlink: /home/orin_nano/turtlebot3_ws/install/turtlebot3_node/share/ament_index/resource_index/packages/turtlebot3_node
[1.226s] -- Up-to-date symlink: /home/orin_nano/turtlebot3_ws/install/turtlebot3_node/share/turtlebot3_node/cmake/ament_cmake_export_include_directories-extras.cmake
[1.229s] -- Up-to-date symlink: /home/orin_nano/turtlebot3_ws/install/turtlebot3_node/share/turtlebot3_node/cmake/turtlebot3_nodeConfig.cmake
[1.230s] -- Up-to-date symlink: /home/orin_nano/turtlebot3_ws/install/turtlebot3_node/share/turtlebot3_node/cmake/turtlebot3_nodeConfig-version.cmake
[1.231s] -- Up-to-date symlink: /home/orin_nano/turtlebot3_ws/install/turtlebot3_node/share/turtlebot3_node/package.xml
[1.341s] Invoked command in '/home/orin_nano/turtlebot3_ws/build/turtlebot3_node' returned '0': CMAKE_PREFIX_PATH=${CMAKE_PREFIX_PATH}:/home/orin_nano/turtlebot3_ws/install/turtlebot3_teleop:/home/orin_nano/turtlebot3_ws/install/turtlebot3_example:/opt/ros/humble /usr/bin/cmake --install /home/orin_nano/turtlebot3_ws/build/turtlebot3_node
