[0.056s] Invoking command in '/home/orin_nano/turtlebot3_ws/build/orbbec_camera': CMAKE_PREFIX_PATH=/home/orin_nano/turtlebot3_ws/install/orbbec_camera_msgs:/home/orin_nano/turtlebot3_ws/install/ultralytics_ros:/home/orin_nano/turtlebot3_ws/install/turtlebot3:/home/orin_nano/turtlebot3_ws/install/turtlebot3_bringup:/home/orin_nano/turtlebot3_ws/install/turtlebot3_node:/home/orin_nano/turtlebot3_ws/install/turtlebot3_description:/home/orin_nano/turtlebot3_ws/install/orbbec_description:/home/orin_nano/turtlebot3_ws/install/orbbec_camera:/home/orin_nano/turtlebot3_ws/install/ld08_driver:/home/orin_nano/turtlebot3_ws/install/turtlebot3_teleop:/home/orin_nano/turtlebot3_ws/install/turtlebot3_example:/opt/ros/humble LD_LIBRARY_PATH=/home/orin_nano/turtlebot3_ws/install/orbbec_camera_msgs/lib:/usr/local/cuda-12.6/lib64:/home/orin_nano/turtlebot3_ws/install/ultralytics_ros/lib:/home/orin_nano/turtlebot3_ws/install/orbbec_camera/lib:/opt/ros/humble/opt/rviz_ogre_vendor/lib:/opt/ros/humble/lib/aarch64-linux-gnu:/opt/ros/humble/lib:/usr/local/cuda-12.6/lib64 NX_CONNECTION=192.168.1.69 45202 192.168.1.104 4000 /usr/local/bin/cmake --build /home/orin_nano/turtlebot3_ws/build/orbbec_camera -- -j6 -l6
[0.465s] [  5%] Built target orbbec_camera_node
[0.472s] [ 11%] Built target frame_latency_node
[0.496s] [ 17%] Built target depth_viewer_composable_node
[0.497s] [ 23%] Built target depth_viewer_component
[0.505s] [ 29%] Built target frame_latency
[0.578s] [ 32%] [32mBuilding CXX object CMakeFiles/orbbec_camera.dir/src/ob_camera_node.cpp.o[0m
[72.323s] [ 35%] [32m[1mLinking CXX shared library liborbbec_camera.so[0m
[74.197s] [ 64%] Built target orbbec_camera
[74.263s] [ 67%] [32m[1mLinking CXX executable list_devices_node[0m
[74.264s] [ 70%] [32m[1mLinking CXX executable list_camera_profile_mode_node[0m
[74.274s] [ 73%] [32m[1mLinking CXX executable depth_viewer_node[0m
[74.276s] [ 76%] [32m[1mLinking CXX executable list_depth_work_mode_node[0m
[74.282s] [ 79%] [32m[1mLinking CXX executable topic_statistics_node[0m
[74.292s] [ 82%] [32m[1mLinking CXX executable pointcloud_to_image_mapper_node[0m
[75.063s] [ 85%] Built target list_depth_work_mode_node
[75.083s] [ 88%] Built target topic_statistics_node
[75.094s] /usr/bin/ld: warning: libopencv_imgcodecs.so.4.5d, needed by /opt/ros/humble/lib/libcv_bridge.so, may conflict with libopencv_imgcodecs.so.410
[75.099s] /usr/bin/ld: warning: libopencv_core.so.4.5d, needed by /opt/ros/humble/lib/libcv_bridge.so, may conflict with libopencv_core.so.410
[76.005s] [ 91%] Built target depth_viewer_node
[76.063s] [ 94%] Built target list_camera_profile_mode_node
[76.120s] [ 97%] Built target pointcloud_to_image_mapper_node
[76.397s] [100%] Built target list_devices_node
[76.423s] Invoked command in '/home/orin_nano/turtlebot3_ws/build/orbbec_camera' returned '0': CMAKE_PREFIX_PATH=/home/orin_nano/turtlebot3_ws/install/orbbec_camera_msgs:/home/orin_nano/turtlebot3_ws/install/ultralytics_ros:/home/orin_nano/turtlebot3_ws/install/turtlebot3:/home/orin_nano/turtlebot3_ws/install/turtlebot3_bringup:/home/orin_nano/turtlebot3_ws/install/turtlebot3_node:/home/orin_nano/turtlebot3_ws/install/turtlebot3_description:/home/orin_nano/turtlebot3_ws/install/orbbec_description:/home/orin_nano/turtlebot3_ws/install/orbbec_camera:/home/orin_nano/turtlebot3_ws/install/ld08_driver:/home/orin_nano/turtlebot3_ws/install/turtlebot3_teleop:/home/orin_nano/turtlebot3_ws/install/turtlebot3_example:/opt/ros/humble LD_LIBRARY_PATH=/home/orin_nano/turtlebot3_ws/install/orbbec_camera_msgs/lib:/usr/local/cuda-12.6/lib64:/home/orin_nano/turtlebot3_ws/install/ultralytics_ros/lib:/home/orin_nano/turtlebot3_ws/install/orbbec_camera/lib:/opt/ros/humble/opt/rviz_ogre_vendor/lib:/opt/ros/humble/lib/aarch64-linux-gnu:/opt/ros/humble/lib:/usr/local/cuda-12.6/lib64 NX_CONNECTION=192.168.1.69 45202 192.168.1.104 4000 /usr/local/bin/cmake --build /home/orin_nano/turtlebot3_ws/build/orbbec_camera -- -j6 -l6
[76.429s] Invoking command in '/home/orin_nano/turtlebot3_ws/build/orbbec_camera': CMAKE_PREFIX_PATH=/home/orin_nano/turtlebot3_ws/install/orbbec_camera_msgs:/home/orin_nano/turtlebot3_ws/install/ultralytics_ros:/home/orin_nano/turtlebot3_ws/install/turtlebot3:/home/orin_nano/turtlebot3_ws/install/turtlebot3_bringup:/home/orin_nano/turtlebot3_ws/install/turtlebot3_node:/home/orin_nano/turtlebot3_ws/install/turtlebot3_description:/home/orin_nano/turtlebot3_ws/install/orbbec_description:/home/orin_nano/turtlebot3_ws/install/orbbec_camera:/home/orin_nano/turtlebot3_ws/install/ld08_driver:/home/orin_nano/turtlebot3_ws/install/turtlebot3_teleop:/home/orin_nano/turtlebot3_ws/install/turtlebot3_example:/opt/ros/humble LD_LIBRARY_PATH=/home/orin_nano/turtlebot3_ws/install/orbbec_camera_msgs/lib:/usr/local/cuda-12.6/lib64:/home/orin_nano/turtlebot3_ws/install/ultralytics_ros/lib:/home/orin_nano/turtlebot3_ws/install/orbbec_camera/lib:/opt/ros/humble/opt/rviz_ogre_vendor/lib:/opt/ros/humble/lib/aarch64-linux-gnu:/opt/ros/humble/lib:/usr/local/cuda-12.6/lib64 NX_CONNECTION=192.168.1.69 45202 192.168.1.104 4000 /usr/local/bin/cmake --install /home/orin_nano/turtlebot3_ws/build/orbbec_camera
[76.580s] -- Install configuration: "Release"
[76.581s] -- Execute custom install script
[76.582s] -- Up-to-date symlink: /home/orin_nano/turtlebot3_ws/install/orbbec_camera/lib/orbbec_camera/orbbec_camera_node
[76.583s] -- Up-to-date symlink: /home/orin_nano/turtlebot3_ws/install/orbbec_camera/lib/orbbec_camera/frame_latency_node
[76.584s] -- Up-to-date symlink: /home/orin_nano/turtlebot3_ws/install/orbbec_camera/lib/orbbec_camera/depth_viewer_composable_node
[76.585s] -- Up-to-date symlink: /home/orin_nano/turtlebot3_ws/install/orbbec_camera/lib/liborbbec_camera.so
[76.585s] -- Up-to-date symlink: /home/orin_nano/turtlebot3_ws/install/orbbec_camera/lib/libframe_latency.so
[76.586s] -- Up-to-date symlink: /home/orin_nano/turtlebot3_ws/install/orbbec_camera/lib/libdepth_viewer_component.so
[76.587s] -- Up-to-date symlink: /home/orin_nano/turtlebot3_ws/install/orbbec_camera/include/magic_enum/magic_enum.hpp
[76.587s] -- Up-to-date symlink: /home/orin_nano/turtlebot3_ws/install/orbbec_camera/include/orbbec_camera/constants.h
[76.588s] -- Up-to-date symlink: /home/orin_nano/turtlebot3_ws/install/orbbec_camera/include/orbbec_camera/d2c_viewer.h
[76.588s] -- Up-to-date symlink: /home/orin_nano/turtlebot3_ws/install/orbbec_camera/include/orbbec_camera/dynamic_params.h
[76.588s] -- Up-to-date symlink: /home/orin_nano/turtlebot3_ws/install/orbbec_camera/include/orbbec_camera/image_publisher.h
[76.589s] -- Up-to-date symlink: /home/orin_nano/turtlebot3_ws/install/orbbec_camera/include/orbbec_camera/jetson_nv_decoder.h
[76.589s] -- Up-to-date symlink: /home/orin_nano/turtlebot3_ws/install/orbbec_camera/include/orbbec_camera/jpeg_decoder.h
[76.590s] -- Up-to-date symlink: /home/orin_nano/turtlebot3_ws/install/orbbec_camera/include/orbbec_camera/ob_camera_node.h
[76.590s] -- Up-to-date symlink: /home/orin_nano/turtlebot3_ws/install/orbbec_camera/include/orbbec_camera/ob_camera_node_driver.h
[76.591s] -- Up-to-date symlink: /home/orin_nano/turtlebot3_ws/install/orbbec_camera/include/orbbec_camera/rk_mpp_decoder.h
[76.591s] -- Up-to-date symlink: /home/orin_nano/turtlebot3_ws/install/orbbec_camera/include/orbbec_camera/ros_param_backend.h
[76.591s] -- Up-to-date symlink: /home/orin_nano/turtlebot3_ws/install/orbbec_camera/include/orbbec_camera/synced_imu_publisher.h
[76.592s] -- Up-to-date symlink: /home/orin_nano/turtlebot3_ws/install/orbbec_camera/include/orbbec_camera/utils.h
[76.594s] -- Up-to-date symlink: /home/orin_nano/turtlebot3_ws/install/orbbec_camera/share/orbbec_camera//launch/astra.launch.py
[76.594s] -- Up-to-date symlink: /home/orin_nano/turtlebot3_ws/install/orbbec_camera/share/orbbec_camera//launch/astra2.launch.py
[76.594s] -- Up-to-date symlink: /home/orin_nano/turtlebot3_ws/install/orbbec_camera/share/orbbec_camera//launch/astra_adv.launch.py
[76.595s] -- Up-to-date symlink: /home/orin_nano/turtlebot3_ws/install/orbbec_camera/share/orbbec_camera//launch/astra_embedded_s.launch.py
[76.595s] -- Up-to-date symlink: /home/orin_nano/turtlebot3_ws/install/orbbec_camera/share/orbbec_camera//launch/astra_pro2.launch.py
[76.595s] -- Up-to-date symlink: /home/orin_nano/turtlebot3_ws/install/orbbec_camera/share/orbbec_camera//launch/astra_stereo_u3.launch.py
[76.596s] -- Up-to-date symlink: /home/orin_nano/turtlebot3_ws/install/orbbec_camera/share/orbbec_camera//launch/dabai.launch.py
[76.596s] -- Up-to-date symlink: /home/orin_nano/turtlebot3_ws/install/orbbec_camera/share/orbbec_camera//launch/dabai_d1.launch.py
[76.596s] -- Up-to-date symlink: /home/orin_nano/turtlebot3_ws/install/orbbec_camera/share/orbbec_camera//launch/dabai_dcl.py
[76.597s] -- Up-to-date symlink: /home/orin_nano/turtlebot3_ws/install/orbbec_camera/share/orbbec_camera//launch/dabai_dcw.launch.py
[76.597s] -- Up-to-date symlink: /home/orin_nano/turtlebot3_ws/install/orbbec_camera/share/orbbec_camera//launch/dabai_dcw2.launch.py
[76.598s] -- Up-to-date symlink: /home/orin_nano/turtlebot3_ws/install/orbbec_camera/share/orbbec_camera//launch/dabai_dw.launch.py
[76.598s] -- Up-to-date symlink: /home/orin_nano/turtlebot3_ws/install/orbbec_camera/share/orbbec_camera//launch/dabai_dw2.launch.py
[76.599s] -- Up-to-date symlink: /home/orin_nano/turtlebot3_ws/install/orbbec_camera/share/orbbec_camera//launch/dabai_max.launch.py
[76.599s] -- Up-to-date symlink: /home/orin_nano/turtlebot3_ws/install/orbbec_camera/share/orbbec_camera//launch/dabai_max_pro.launch.py
[76.600s] -- Up-to-date symlink: /home/orin_nano/turtlebot3_ws/install/orbbec_camera/share/orbbec_camera//launch/dabai_pro.launch.py
[76.600s] -- Up-to-date symlink: /home/orin_nano/turtlebot3_ws/install/orbbec_camera/share/orbbec_camera//launch/deeya.launch.py
[76.601s] -- Up-to-date symlink: /home/orin_nano/turtlebot3_ws/install/orbbec_camera/share/orbbec_camera//launch/femto.launch.py
[76.601s] -- Up-to-date symlink: /home/orin_nano/turtlebot3_ws/install/orbbec_camera/share/orbbec_camera//launch/femto_bolt.launch.py
[76.601s] -- Up-to-date symlink: /home/orin_nano/turtlebot3_ws/install/orbbec_camera/share/orbbec_camera//launch/femto_mega.launch.py
[76.602s] -- Up-to-date symlink: /home/orin_nano/turtlebot3_ws/install/orbbec_camera/share/orbbec_camera//launch/femto_net_camera.launch.py
[76.602s] -- Up-to-date symlink: /home/orin_nano/turtlebot3_ws/install/orbbec_camera/share/orbbec_camera//launch/gemini2.launch.py
[76.603s] -- Up-to-date symlink: /home/orin_nano/turtlebot3_ws/install/orbbec_camera/share/orbbec_camera//launch/gemini2L.launch.py
[76.603s] -- Up-to-date symlink: /home/orin_nano/turtlebot3_ws/install/orbbec_camera/share/orbbec_camera//launch/gemini2VL.launch.py
[76.604s] -- Up-to-date symlink: /home/orin_nano/turtlebot3_ws/install/orbbec_camera/share/orbbec_camera//launch/gemini2XL.launch.py
[76.604s] -- Up-to-date symlink: /home/orin_nano/turtlebot3_ws/install/orbbec_camera/share/orbbec_camera//launch/gemini_330_series.launch.py
[76.605s] -- Up-to-date symlink: /home/orin_nano/turtlebot3_ws/install/orbbec_camera/share/orbbec_camera//launch/gemini_e.launch.py
[76.605s] -- Up-to-date symlink: /home/orin_nano/turtlebot3_ws/install/orbbec_camera/share/orbbec_camera//launch/gemini_e_lite.launch.py
[76.605s] -- Up-to-date symlink: /home/orin_nano/turtlebot3_ws/install/orbbec_camera/share/orbbec_camera//launch/gemini_ew.launch.py
[76.606s] -- Up-to-date symlink: /home/orin_nano/turtlebot3_ws/install/orbbec_camera/share/orbbec_camera//launch/gemini_ew_lite.launch.py
[76.606s] -- Up-to-date symlink: /home/orin_nano/turtlebot3_ws/install/orbbec_camera/share/orbbec_camera//launch/gemini_intra_process_demo_launch.py
[76.607s] -- Up-to-date symlink: /home/orin_nano/turtlebot3_ws/install/orbbec_camera/share/orbbec_camera//launch/gemini_uw.launch.py
[76.607s] -- Up-to-date symlink: /home/orin_nano/turtlebot3_ws/install/orbbec_camera/share/orbbec_camera//launch/multi_camera.launch.py
[76.608s] -- Up-to-date symlink: /home/orin_nano/turtlebot3_ws/install/orbbec_camera/share/orbbec_camera//launch/multi_camera_synced.launch.py
[76.608s] -- Up-to-date symlink: /home/orin_nano/turtlebot3_ws/install/orbbec_camera/share/orbbec_camera//launch/multi_net_camera.launch.py
[76.609s] -- Up-to-date symlink: /home/orin_nano/turtlebot3_ws/install/orbbec_camera/share/orbbec_camera//launch/ob_camera.launch.py
[76.610s] -- Up-to-date symlink: /home/orin_nano/turtlebot3_ws/install/orbbec_camera/share/orbbec_camera//config/.gitkeep
[76.610s] -- Up-to-date symlink: /home/orin_nano/turtlebot3_ws/install/orbbec_camera/share/orbbec_camera//config/OrbbecSDKConfig_v1.0.xml
[76.611s] -- Up-to-date symlink: /home/orin_nano/turtlebot3_ws/install/orbbec_camera/share/orbbec_camera//config/camera_params.yaml
[76.611s] -- Up-to-date symlink: /home/orin_nano/turtlebot3_ws/install/orbbec_camera/share/orbbec_camera//config/depthfilter/Gemini2_v1.8.json
[76.612s] -- Up-to-date symlink: /home/orin_nano/turtlebot3_ws/install/orbbec_camera/share/orbbec_camera//config/depthfilter/Openni_device.json
[76.613s] -- Up-to-date symlink: /home/orin_nano/turtlebot3_ws/install/orbbec_camera/include/libobsensor/ObSensor.h
[76.614s] -- Up-to-date symlink: /home/orin_nano/turtlebot3_ws/install/orbbec_camera/include/libobsensor/ObSensor.hpp
[76.614s] -- Up-to-date symlink: /home/orin_nano/turtlebot3_ws/install/orbbec_camera/include/libobsensor/h/Context.h
[76.615s] -- Up-to-date symlink: /home/orin_nano/turtlebot3_ws/install/orbbec_camera/include/libobsensor/h/Device.h
[76.615s] -- Up-to-date symlink: /home/orin_nano/turtlebot3_ws/install/orbbec_camera/include/libobsensor/h/Error.h
[76.616s] -- Up-to-date symlink: /home/orin_nano/turtlebot3_ws/install/orbbec_camera/include/libobsensor/h/Filter.h
[76.616s] -- Up-to-date symlink: /home/orin_nano/turtlebot3_ws/install/orbbec_camera/include/libobsensor/h/Frame.h
[76.617s] -- Up-to-date symlink: /home/orin_nano/turtlebot3_ws/install/orbbec_camera/include/libobsensor/h/MultipleDevices.h
[76.617s] -- Up-to-date symlink: /home/orin_nano/turtlebot3_ws/install/orbbec_camera/include/libobsensor/h/ObTypes.h
[76.618s] -- Up-to-date symlink: /home/orin_nano/turtlebot3_ws/install/orbbec_camera/include/libobsensor/h/Pipeline.h
[76.618s] -- Up-to-date symlink: /home/orin_nano/turtlebot3_ws/install/orbbec_camera/include/libobsensor/h/Property.h
[76.618s] -- Up-to-date symlink: /home/orin_nano/turtlebot3_ws/install/orbbec_camera/include/libobsensor/h/RecordPlayback.h
[76.619s] -- Up-to-date symlink: /home/orin_nano/turtlebot3_ws/install/orbbec_camera/include/libobsensor/h/Sensor.h
[76.619s] -- Up-to-date symlink: /home/orin_nano/turtlebot3_ws/install/orbbec_camera/include/libobsensor/h/StreamProfile.h
[76.620s] -- Up-to-date symlink: /home/orin_nano/turtlebot3_ws/install/orbbec_camera/include/libobsensor/h/Utils.h
[76.620s] -- Up-to-date symlink: /home/orin_nano/turtlebot3_ws/install/orbbec_camera/include/libobsensor/h/Version.h
[76.621s] -- Up-to-date symlink: /home/orin_nano/turtlebot3_ws/install/orbbec_camera/include/libobsensor/hpp/Context.hpp
[76.622s] -- Up-to-date symlink: /home/orin_nano/turtlebot3_ws/install/orbbec_camera/include/libobsensor/hpp/Device.hpp
[76.622s] -- Up-to-date symlink: /home/orin_nano/turtlebot3_ws/install/orbbec_camera/include/libobsensor/hpp/Error.hpp
[76.622s] -- Up-to-date symlink: /home/orin_nano/turtlebot3_ws/install/orbbec_camera/include/libobsensor/hpp/Filter.hpp
[76.623s] -- Up-to-date symlink: /home/orin_nano/turtlebot3_ws/install/orbbec_camera/include/libobsensor/hpp/Frame.hpp
[76.623s] -- Up-to-date symlink: /home/orin_nano/turtlebot3_ws/install/orbbec_camera/include/libobsensor/hpp/Pipeline.hpp
[76.624s] -- Up-to-date symlink: /home/orin_nano/turtlebot3_ws/install/orbbec_camera/include/libobsensor/hpp/RecordPlayback.hpp
[76.624s] -- Up-to-date symlink: /home/orin_nano/turtlebot3_ws/install/orbbec_camera/include/libobsensor/hpp/Sensor.hpp
[76.625s] -- Up-to-date symlink: /home/orin_nano/turtlebot3_ws/install/orbbec_camera/include/libobsensor/hpp/StreamProfile.hpp
[76.625s] -- Up-to-date symlink: /home/orin_nano/turtlebot3_ws/install/orbbec_camera/include/libobsensor/hpp/Types.hpp
[76.626s] -- Up-to-date symlink: /home/orin_nano/turtlebot3_ws/install/orbbec_camera/include/libobsensor/hpp/Utils.hpp
[76.626s] -- Up-to-date symlink: /home/orin_nano/turtlebot3_ws/install/orbbec_camera/include/libobsensor/hpp/Version.hpp
[76.627s] -- Up-to-date symlink: /home/orin_nano/turtlebot3_ws/install/orbbec_camera/lib/orbbec_camera//list_devices_node
[76.627s] -- Up-to-date symlink: /home/orin_nano/turtlebot3_ws/install/orbbec_camera/lib/orbbec_camera//list_depth_work_mode_node
[76.628s] -- Up-to-date symlink: /home/orin_nano/turtlebot3_ws/install/orbbec_camera/lib/orbbec_camera//list_camera_profile_mode_node
[76.628s] -- Up-to-date symlink: /home/orin_nano/turtlebot3_ws/install/orbbec_camera/lib/orbbec_camera//topic_statistics_node
[76.629s] -- Up-to-date symlink: /home/orin_nano/turtlebot3_ws/install/orbbec_camera/lib/orbbec_camera//depth_viewer_node
[76.629s] -- Up-to-date symlink: /home/orin_nano/turtlebot3_ws/install/orbbec_camera/lib/orbbec_camera//pointcloud_to_image_mapper_node
[76.630s] -- Up-to-date symlink: /home/orin_nano/turtlebot3_ws/install/orbbec_camera/share/orbbec_camera/environment/library_path.sh
[76.631s] -- Up-to-date symlink: /home/orin_nano/turtlebot3_ws/install/orbbec_camera/share/orbbec_camera/environment/library_path.dsv
[76.631s] -- Up-to-date symlink: /home/orin_nano/turtlebot3_ws/install/orbbec_camera/share/ament_index/resource_index/package_run_dependencies/orbbec_camera
[76.631s] -- Up-to-date symlink: /home/orin_nano/turtlebot3_ws/install/orbbec_camera/share/ament_index/resource_index/parent_prefix_path/orbbec_camera
[76.632s] -- Up-to-date symlink: /home/orin_nano/turtlebot3_ws/install/orbbec_camera/share/orbbec_camera/environment/ament_prefix_path.sh
[76.632s] -- Up-to-date symlink: /home/orin_nano/turtlebot3_ws/install/orbbec_camera/share/orbbec_camera/environment/ament_prefix_path.dsv
[76.633s] -- Up-to-date symlink: /home/orin_nano/turtlebot3_ws/install/orbbec_camera/share/orbbec_camera/environment/path.sh
[76.633s] -- Up-to-date symlink: /home/orin_nano/turtlebot3_ws/install/orbbec_camera/share/orbbec_camera/environment/path.dsv
[76.634s] -- Up-to-date symlink: /home/orin_nano/turtlebot3_ws/install/orbbec_camera/share/orbbec_camera/local_setup.bash
[76.634s] -- Up-to-date symlink: /home/orin_nano/turtlebot3_ws/install/orbbec_camera/share/orbbec_camera/local_setup.sh
[76.634s] -- Up-to-date symlink: /home/orin_nano/turtlebot3_ws/install/orbbec_camera/share/orbbec_camera/local_setup.zsh
[76.635s] -- Up-to-date symlink: /home/orin_nano/turtlebot3_ws/install/orbbec_camera/share/orbbec_camera/local_setup.dsv
[76.635s] -- Symlinking: /home/orin_nano/turtlebot3_ws/install/orbbec_camera/share/orbbec_camera/package.dsv
[76.661s] -- Up-to-date symlink: /home/orin_nano/turtlebot3_ws/install/orbbec_camera/share/ament_index/resource_index/packages/orbbec_camera
[76.661s] -- Up-to-date symlink: /home/orin_nano/turtlebot3_ws/install/orbbec_camera/share/ament_index/resource_index/rclcpp_components/orbbec_camera
[76.661s] -- Up-to-date symlink: /home/orin_nano/turtlebot3_ws/install/orbbec_camera/share/orbbec_camera/cmake/ament_cmake_export_include_directories-extras.cmake
[76.661s] -- Up-to-date symlink: /home/orin_nano/turtlebot3_ws/install/orbbec_camera/share/orbbec_camera/cmake/ament_cmake_export_libraries-extras.cmake
[76.661s] -- Up-to-date symlink: /home/orin_nano/turtlebot3_ws/install/orbbec_camera/share/orbbec_camera/cmake/ament_cmake_export_dependencies-extras.cmake
[76.661s] -- Up-to-date symlink: /home/orin_nano/turtlebot3_ws/install/orbbec_camera/share/orbbec_camera/cmake/orbbec_cameraConfig.cmake
[76.662s] -- Up-to-date symlink: /home/orin_nano/turtlebot3_ws/install/orbbec_camera/share/orbbec_camera/cmake/orbbec_cameraConfig-version.cmake
[76.662s] -- Up-to-date symlink: /home/orin_nano/turtlebot3_ws/install/orbbec_camera/share/orbbec_camera/package.xml
[76.662s] -- Up-to-date: /home/orin_nano/turtlebot3_ws/install/orbbec_camera/lib/
[76.662s] -- Up-to-date: /home/orin_nano/turtlebot3_ws/install/orbbec_camera/lib//libdepthengine.so
[76.662s] -- Up-to-date: /home/orin_nano/turtlebot3_ws/install/orbbec_camera/lib//libdepthengine.so.2.0
[76.663s] -- Up-to-date: /home/orin_nano/turtlebot3_ws/install/orbbec_camera/lib//libob_usb.so
[76.663s] -- Up-to-date: /home/orin_nano/turtlebot3_ws/install/orbbec_camera/lib//libOrbbecSDK.so.1.10
[76.663s] -- Up-to-date: /home/orin_nano/turtlebot3_ws/install/orbbec_camera/lib//libOrbbecSDK.so
[76.663s] -- Up-to-date: /home/orin_nano/turtlebot3_ws/install/orbbec_camera/lib//libOrbbecSDK.so.1.10.17
[76.663s] -- Up-to-date: /home/orin_nano/turtlebot3_ws/install/orbbec_camera/lib//liblive555.so
[76.663s] -- Up-to-date: /home/orin_nano/turtlebot3_ws/install/orbbec_camera/lib//libOrbbecSDK.so.1.10.15
[76.670s] Invoked command in '/home/orin_nano/turtlebot3_ws/build/orbbec_camera' returned '0': CMAKE_PREFIX_PATH=/home/orin_nano/turtlebot3_ws/install/orbbec_camera_msgs:/home/orin_nano/turtlebot3_ws/install/ultralytics_ros:/home/orin_nano/turtlebot3_ws/install/turtlebot3:/home/orin_nano/turtlebot3_ws/install/turtlebot3_bringup:/home/orin_nano/turtlebot3_ws/install/turtlebot3_node:/home/orin_nano/turtlebot3_ws/install/turtlebot3_description:/home/orin_nano/turtlebot3_ws/install/orbbec_description:/home/orin_nano/turtlebot3_ws/install/orbbec_camera:/home/orin_nano/turtlebot3_ws/install/ld08_driver:/home/orin_nano/turtlebot3_ws/install/turtlebot3_teleop:/home/orin_nano/turtlebot3_ws/install/turtlebot3_example:/opt/ros/humble LD_LIBRARY_PATH=/home/orin_nano/turtlebot3_ws/install/orbbec_camera_msgs/lib:/usr/local/cuda-12.6/lib64:/home/orin_nano/turtlebot3_ws/install/ultralytics_ros/lib:/home/orin_nano/turtlebot3_ws/install/orbbec_camera/lib:/opt/ros/humble/opt/rviz_ogre_vendor/lib:/opt/ros/humble/lib/aarch64-linux-gnu:/opt/ros/humble/lib:/usr/local/cuda-12.6/lib64 NX_CONNECTION=192.168.1.69 45202 192.168.1.104 4000 /usr/local/bin/cmake --install /home/orin_nano/turtlebot3_ws/build/orbbec_camera
