[1.132s] Invoking command in '/home/orin_nano/turtlebot3_ws/build/ld08_driver': CMAKE_PREFIX_PATH=${CMAKE_PREFIX_PATH}:/home/orin_nano/turtlebot3_ws/install/turtlebot3_teleop:/home/orin_nano/turtlebot3_ws/install/turtlebot3_example:/opt/ros/humble /usr/local/bin/cmake --build /home/orin_nano/turtlebot3_ws/build/ld08_driver -- -j6 -l6
[1.374s] [100%] Built target ld08_driver
[1.407s] Invoked command in '/home/orin_nano/turtlebot3_ws/build/ld08_driver' returned '0': CMAKE_PREFIX_PATH=${CMAKE_PREFIX_PATH}:/home/orin_nano/turtlebot3_ws/install/turtlebot3_teleop:/home/orin_nano/turtlebot3_ws/install/turtlebot3_example:/opt/ros/humble /usr/local/bin/cmake --build /home/orin_nano/turtlebot3_ws/build/ld08_driver -- -j6 -l6
[1.408s] Invoking command in '/home/orin_nano/turtlebot3_ws/build/ld08_driver': CMAKE_PREFIX_PATH=${CMAKE_PREFIX_PATH}:/home/orin_nano/turtlebot3_ws/install/turtlebot3_teleop:/home/orin_nano/turtlebot3_ws/install/turtlebot3_example:/opt/ros/humble /usr/local/bin/cmake --install /home/orin_nano/turtlebot3_ws/build/ld08_driver
[1.565s] -- Install configuration: ""
[1.566s] -- Execute custom install script
[1.567s] -- Up-to-date symlink: /home/orin_nano/turtlebot3_ws/install/ld08_driver/share/ld08_driver/launch/ld08.launch.py
[1.567s] -- Up-to-date symlink: /home/orin_nano/turtlebot3_ws/install/ld08_driver/lib/ld08_driver/ld08_driver
[1.568s] -- Up-to-date symlink: /home/orin_nano/turtlebot3_ws/install/ld08_driver/share/ament_index/resource_index/package_run_dependencies/ld08_driver
[1.568s] -- Up-to-date symlink: /home/orin_nano/turtlebot3_ws/install/ld08_driver/share/ament_index/resource_index/parent_prefix_path/ld08_driver
[1.574s] -- Up-to-date symlink: /home/orin_nano/turtlebot3_ws/install/ld08_driver/share/ld08_driver/environment/ament_prefix_path.sh
[1.575s] -- Up-to-date symlink: /home/orin_nano/turtlebot3_ws/install/ld08_driver/share/ld08_driver/environment/ament_prefix_path.dsv
[1.576s] -- Up-to-date symlink: /home/orin_nano/turtlebot3_ws/install/ld08_driver/share/ld08_driver/environment/path.sh
[1.576s] -- Up-to-date symlink: /home/orin_nano/turtlebot3_ws/install/ld08_driver/share/ld08_driver/environment/path.dsv
[1.576s] -- Up-to-date symlink: /home/orin_nano/turtlebot3_ws/install/ld08_driver/share/ld08_driver/local_setup.bash
[1.577s] -- Up-to-date symlink: /home/orin_nano/turtlebot3_ws/install/ld08_driver/share/ld08_driver/local_setup.sh
[1.578s] -- Up-to-date symlink: /home/orin_nano/turtlebot3_ws/install/ld08_driver/share/ld08_driver/local_setup.zsh
[1.579s] -- Up-to-date symlink: /home/orin_nano/turtlebot3_ws/install/ld08_driver/share/ld08_driver/local_setup.dsv
[1.579s] -- Symlinking: /home/orin_nano/turtlebot3_ws/install/ld08_driver/share/ld08_driver/package.dsv
[1.596s] -- Up-to-date symlink: /home/orin_nano/turtlebot3_ws/install/ld08_driver/share/ament_index/resource_index/packages/ld08_driver
[1.596s] -- Up-to-date symlink: /home/orin_nano/turtlebot3_ws/install/ld08_driver/share/ld08_driver/cmake/ament_cmake_export_dependencies-extras.cmake
[1.597s] -- Up-to-date symlink: /home/orin_nano/turtlebot3_ws/install/ld08_driver/share/ld08_driver/cmake/ament_cmake_export_include_directories-extras.cmake
[1.597s] -- Up-to-date symlink: /home/orin_nano/turtlebot3_ws/install/ld08_driver/share/ld08_driver/cmake/ld08_driverConfig.cmake
[1.597s] -- Up-to-date symlink: /home/orin_nano/turtlebot3_ws/install/ld08_driver/share/ld08_driver/cmake/ld08_driverConfig-version.cmake
[1.598s] -- Up-to-date symlink: /home/orin_nano/turtlebot3_ws/install/ld08_driver/share/ld08_driver/package.xml
[1.616s] Invoked command in '/home/orin_nano/turtlebot3_ws/build/ld08_driver' returned '0': CMAKE_PREFIX_PATH=${CMAKE_PREFIX_PATH}:/home/orin_nano/turtlebot3_ws/install/turtlebot3_teleop:/home/orin_nano/turtlebot3_ws/install/turtlebot3_example:/opt/ros/humble /usr/local/bin/cmake --install /home/orin_nano/turtlebot3_ws/build/ld08_driver
