[2.066s] Invoking command in '/home/orin_nano/turtlebot3_ws/build/turtlebot3_example': PYTHONPATH=/home/orin_nano/turtlebot3_ws/build/turtlebot3_example/prefix_override:/usr/lib/python3/dist-packages/colcon_core/task/python/colcon_distutils_commands:/home/orin_nano/turtlebot3_ws/install/turtlebot3_example/lib/python3.10/site-packages:${PYTHONPATH} /usr/bin/python3 -W ignore:setup.py install is deprecated -W ignore:easy_install command is deprecated setup.py develop --editable --build-directory /home/orin_nano/turtlebot3_ws/build/turtlebot3_example/build --no-deps symlink_data
[2.685s] running develop
[3.033s] running egg_info
[3.034s] writing turtlebot3_example.egg-info/PKG-INFO
[3.034s] writing dependency_links to turtlebot3_example.egg-info/dependency_links.txt
[3.035s] writing entry points to turtlebot3_example.egg-info/entry_points.txt
[3.035s] writing requirements to turtlebot3_example.egg-info/requires.txt
[3.035s] writing top-level names to turtlebot3_example.egg-info/top_level.txt
[3.040s] reading manifest file 'turtlebot3_example.egg-info/SOURCES.txt'
[3.041s] writing manifest file 'turtlebot3_example.egg-info/SOURCES.txt'
[3.044s] running build_ext
[3.045s] Creating /home/orin_nano/turtlebot3_ws/install/turtlebot3_example/lib/python3.10/site-packages/turtlebot3-example.egg-link (link to .)
[3.047s] Installing turtlebot3_obstacle_detection script to /home/orin_nano/turtlebot3_ws/install/turtlebot3_example/lib/turtlebot3_example
[3.047s] Installing turtlebot3_patrol_client script to /home/orin_nano/turtlebot3_ws/install/turtlebot3_example/lib/turtlebot3_example
[3.047s] Installing turtlebot3_patrol_server script to /home/orin_nano/turtlebot3_ws/install/turtlebot3_example/lib/turtlebot3_example
[3.048s] Installing turtlebot3_position_control script to /home/orin_nano/turtlebot3_ws/install/turtlebot3_example/lib/turtlebot3_example
[3.048s] 
[3.048s] Installed /home/orin_nano/turtlebot3_ws/build/turtlebot3_example
[3.048s] running symlink_data
[3.135s] Invoked command in '/home/orin_nano/turtlebot3_ws/build/turtlebot3_example' returned '0': PYTHONPATH=/home/orin_nano/turtlebot3_ws/build/turtlebot3_example/prefix_override:/usr/lib/python3/dist-packages/colcon_core/task/python/colcon_distutils_commands:/home/orin_nano/turtlebot3_ws/install/turtlebot3_example/lib/python3.10/site-packages:${PYTHONPATH} /usr/bin/python3 -W ignore:setup.py install is deprecated -W ignore:easy_install command is deprecated setup.py develop --editable --build-directory /home/orin_nano/turtlebot3_ws/build/turtlebot3_example/build --no-deps symlink_data
