[0.037s] Invoking command in '/home/orin_nano/turtlebot3_ws/build/orbbec_camera': CMAKE_PREFIX_PATH=/home/orin_nano/turtlebot3_ws/install/orbbec_camera_msgs:/home/orin_nano/turtlebot3_ws/install/ultralytics_ros:/home/orin_nano/turtlebot3_ws/install/turtlebot3:/home/orin_nano/turtlebot3_ws/install/turtlebot3_bringup:/home/orin_nano/turtlebot3_ws/install/turtlebot3_node:/home/orin_nano/turtlebot3_ws/install/turtlebot3_description:/home/orin_nano/turtlebot3_ws/install/orbbec_description:/home/orin_nano/turtlebot3_ws/install/orbbec_camera:/home/orin_nano/turtlebot3_ws/install/ld08_driver:/home/orin_nano/turtlebot3_ws/install/turtlebot3_teleop:/home/orin_nano/turtlebot3_ws/install/turtlebot3_example:/opt/ros/humble LD_LIBRARY_PATH=/home/orin_nano/turtlebot3_ws/install/orbbec_camera_msgs/lib:/home/orin_nano/turtlebot3_ws/install/ultralytics_ros/lib:/home/orin_nano/turtlebot3_ws/install/orbbec_camera/lib:/opt/ros/humble/opt/rviz_ogre_vendor/lib:/opt/ros/humble/lib/aarch64-linux-gnu:/opt/ros/humble/lib:/usr/local/cuda-12.6/lib64 /usr/local/bin/cmake --build /home/orin_nano/turtlebot3_ws/build/orbbec_camera -- -j6 -l6
[0.368s] [  5%] Built target orbbec_camera_node
[0.384s] [35m[1mConsolidate compiler generated dependencies of target orbbec_camera[0m
[0.397s] [  8%] [32mBuilding CXX object CMakeFiles/depth_viewer_component.dir/src/depth_viewer.cpp.o[0m
[0.436s] [ 14%] Built target frame_latency
[0.469s] [ 20%] Built target depth_viewer_composable_node
[0.503s] [ 26%] Built target frame_latency_node
[0.551s] [ 61%] Built target orbbec_camera
[0.678s] [ 67%] Built target list_devices_node
[0.699s] [ 73%] Built target list_camera_profile_mode_node
[0.718s] [ 76%] [32mBuilding CXX object CMakeFiles/depth_viewer_node.dir/src/depth_viewer.cpp.o[0m
[0.732s] [ 82%] Built target list_depth_work_mode_node
[0.743s] [ 88%] Built target topic_statistics_node
[0.835s] [ 94%] Built target pointcloud_to_image_mapper_node
[27.921s] [ 97%] [32m[1mLinking CXX shared library libdepth_viewer_component.so[0m
[28.522s] [ 97%] Built target depth_viewer_component
[28.785s] [100%] [32m[1mLinking CXX executable depth_viewer_node[0m
[29.256s] /usr/bin/ld: warning: libopencv_imgcodecs.so.4.5d, needed by /opt/ros/humble/lib/libcv_bridge.so, may conflict with libopencv_imgcodecs.so.410
[29.258s] /usr/bin/ld: warning: libopencv_core.so.4.5d, needed by /opt/ros/humble/lib/libcv_bridge.so, may conflict with libopencv_core.so.410
[29.995s] [100%] Built target depth_viewer_node
[30.019s] Invoked command in '/home/orin_nano/turtlebot3_ws/build/orbbec_camera' returned '0': CMAKE_PREFIX_PATH=/home/orin_nano/turtlebot3_ws/install/orbbec_camera_msgs:/home/orin_nano/turtlebot3_ws/install/ultralytics_ros:/home/orin_nano/turtlebot3_ws/install/turtlebot3:/home/orin_nano/turtlebot3_ws/install/turtlebot3_bringup:/home/orin_nano/turtlebot3_ws/install/turtlebot3_node:/home/orin_nano/turtlebot3_ws/install/turtlebot3_description:/home/orin_nano/turtlebot3_ws/install/orbbec_description:/home/orin_nano/turtlebot3_ws/install/orbbec_camera:/home/orin_nano/turtlebot3_ws/install/ld08_driver:/home/orin_nano/turtlebot3_ws/install/turtlebot3_teleop:/home/orin_nano/turtlebot3_ws/install/turtlebot3_example:/opt/ros/humble LD_LIBRARY_PATH=/home/orin_nano/turtlebot3_ws/install/orbbec_camera_msgs/lib:/home/orin_nano/turtlebot3_ws/install/ultralytics_ros/lib:/home/orin_nano/turtlebot3_ws/install/orbbec_camera/lib:/opt/ros/humble/opt/rviz_ogre_vendor/lib:/opt/ros/humble/lib/aarch64-linux-gnu:/opt/ros/humble/lib:/usr/local/cuda-12.6/lib64 /usr/local/bin/cmake --build /home/orin_nano/turtlebot3_ws/build/orbbec_camera -- -j6 -l6
[30.024s] Invoking command in '/home/orin_nano/turtlebot3_ws/build/orbbec_camera': CMAKE_PREFIX_PATH=/home/orin_nano/turtlebot3_ws/install/orbbec_camera_msgs:/home/orin_nano/turtlebot3_ws/install/ultralytics_ros:/home/orin_nano/turtlebot3_ws/install/turtlebot3:/home/orin_nano/turtlebot3_ws/install/turtlebot3_bringup:/home/orin_nano/turtlebot3_ws/install/turtlebot3_node:/home/orin_nano/turtlebot3_ws/install/turtlebot3_description:/home/orin_nano/turtlebot3_ws/install/orbbec_description:/home/orin_nano/turtlebot3_ws/install/orbbec_camera:/home/orin_nano/turtlebot3_ws/install/ld08_driver:/home/orin_nano/turtlebot3_ws/install/turtlebot3_teleop:/home/orin_nano/turtlebot3_ws/install/turtlebot3_example:/opt/ros/humble LD_LIBRARY_PATH=/home/orin_nano/turtlebot3_ws/install/orbbec_camera_msgs/lib:/home/orin_nano/turtlebot3_ws/install/ultralytics_ros/lib:/home/orin_nano/turtlebot3_ws/install/orbbec_camera/lib:/opt/ros/humble/opt/rviz_ogre_vendor/lib:/opt/ros/humble/lib/aarch64-linux-gnu:/opt/ros/humble/lib:/usr/local/cuda-12.6/lib64 /usr/local/bin/cmake --install /home/orin_nano/turtlebot3_ws/build/orbbec_camera
[30.174s] -- Install configuration: "Release"
[30.174s] -- Execute custom install script
[30.175s] -- Up-to-date symlink: /home/orin_nano/turtlebot3_ws/install/orbbec_camera/lib/orbbec_camera/orbbec_camera_node
[30.175s] -- Up-to-date symlink: /home/orin_nano/turtlebot3_ws/install/orbbec_camera/lib/orbbec_camera/frame_latency_node
[30.176s] -- Up-to-date symlink: /home/orin_nano/turtlebot3_ws/install/orbbec_camera/lib/orbbec_camera/depth_viewer_composable_node
[30.176s] -- Up-to-date symlink: /home/orin_nano/turtlebot3_ws/install/orbbec_camera/lib/liborbbec_camera.so
[30.176s] -- Up-to-date symlink: /home/orin_nano/turtlebot3_ws/install/orbbec_camera/lib/libframe_latency.so
[30.177s] -- Up-to-date symlink: /home/orin_nano/turtlebot3_ws/install/orbbec_camera/lib/libdepth_viewer_component.so
[30.178s] -- Up-to-date symlink: /home/orin_nano/turtlebot3_ws/install/orbbec_camera/include/magic_enum/magic_enum.hpp
[30.178s] -- Up-to-date symlink: /home/orin_nano/turtlebot3_ws/install/orbbec_camera/include/orbbec_camera/constants.h
[30.178s] -- Up-to-date symlink: /home/orin_nano/turtlebot3_ws/install/orbbec_camera/include/orbbec_camera/d2c_viewer.h
[30.178s] -- Up-to-date symlink: /home/orin_nano/turtlebot3_ws/install/orbbec_camera/include/orbbec_camera/dynamic_params.h
[30.178s] -- Up-to-date symlink: /home/orin_nano/turtlebot3_ws/install/orbbec_camera/include/orbbec_camera/image_publisher.h
[30.179s] -- Up-to-date symlink: /home/orin_nano/turtlebot3_ws/install/orbbec_camera/include/orbbec_camera/jetson_nv_decoder.h
[30.179s] -- Up-to-date symlink: /home/orin_nano/turtlebot3_ws/install/orbbec_camera/include/orbbec_camera/jpeg_decoder.h
[30.179s] -- Up-to-date symlink: /home/orin_nano/turtlebot3_ws/install/orbbec_camera/include/orbbec_camera/ob_camera_node.h
[30.179s] -- Up-to-date symlink: /home/orin_nano/turtlebot3_ws/install/orbbec_camera/include/orbbec_camera/ob_camera_node_driver.h
[30.179s] -- Up-to-date symlink: /home/orin_nano/turtlebot3_ws/install/orbbec_camera/include/orbbec_camera/rk_mpp_decoder.h
[30.180s] -- Up-to-date symlink: /home/orin_nano/turtlebot3_ws/install/orbbec_camera/include/orbbec_camera/ros_param_backend.h
[30.180s] -- Up-to-date symlink: /home/orin_nano/turtlebot3_ws/install/orbbec_camera/include/orbbec_camera/synced_imu_publisher.h
[30.180s] -- Up-to-date symlink: /home/orin_nano/turtlebot3_ws/install/orbbec_camera/include/orbbec_camera/utils.h
[30.181s] -- Up-to-date symlink: /home/orin_nano/turtlebot3_ws/install/orbbec_camera/share/orbbec_camera//launch/astra.launch.py
[30.181s] -- Up-to-date symlink: /home/orin_nano/turtlebot3_ws/install/orbbec_camera/share/orbbec_camera//launch/astra2.launch.py
[30.181s] -- Up-to-date symlink: /home/orin_nano/turtlebot3_ws/install/orbbec_camera/share/orbbec_camera//launch/astra_adv.launch.py
[30.182s] -- Up-to-date symlink: /home/orin_nano/turtlebot3_ws/install/orbbec_camera/share/orbbec_camera//launch/astra_embedded_s.launch.py
[30.182s] -- Up-to-date symlink: /home/orin_nano/turtlebot3_ws/install/orbbec_camera/share/orbbec_camera//launch/astra_pro2.launch.py
[30.182s] -- Up-to-date symlink: /home/orin_nano/turtlebot3_ws/install/orbbec_camera/share/orbbec_camera//launch/astra_stereo_u3.launch.py
[30.183s] -- Up-to-date symlink: /home/orin_nano/turtlebot3_ws/install/orbbec_camera/share/orbbec_camera//launch/dabai.launch.py
[30.183s] -- Up-to-date symlink: /home/orin_nano/turtlebot3_ws/install/orbbec_camera/share/orbbec_camera//launch/dabai_d1.launch.py
[30.183s] -- Up-to-date symlink: /home/orin_nano/turtlebot3_ws/install/orbbec_camera/share/orbbec_camera//launch/dabai_dcl.py
[30.183s] -- Up-to-date symlink: /home/orin_nano/turtlebot3_ws/install/orbbec_camera/share/orbbec_camera//launch/dabai_dcw.launch.py
[30.183s] -- Up-to-date symlink: /home/orin_nano/turtlebot3_ws/install/orbbec_camera/share/orbbec_camera//launch/dabai_dcw2.launch.py
[30.183s] -- Up-to-date symlink: /home/orin_nano/turtlebot3_ws/install/orbbec_camera/share/orbbec_camera//launch/dabai_dw.launch.py
[30.184s] -- Up-to-date symlink: /home/orin_nano/turtlebot3_ws/install/orbbec_camera/share/orbbec_camera//launch/dabai_dw2.launch.py
[30.184s] -- Up-to-date symlink: /home/orin_nano/turtlebot3_ws/install/orbbec_camera/share/orbbec_camera//launch/dabai_max.launch.py
[30.184s] -- Up-to-date symlink: /home/orin_nano/turtlebot3_ws/install/orbbec_camera/share/orbbec_camera//launch/dabai_max_pro.launch.py
[30.184s] -- Up-to-date symlink: /home/orin_nano/turtlebot3_ws/install/orbbec_camera/share/orbbec_camera//launch/dabai_pro.launch.py
[30.184s] -- Up-to-date symlink: /home/orin_nano/turtlebot3_ws/install/orbbec_camera/share/orbbec_camera//launch/deeya.launch.py
[30.184s] -- Up-to-date symlink: /home/orin_nano/turtlebot3_ws/install/orbbec_camera/share/orbbec_camera//launch/femto.launch.py
[30.184s] -- Up-to-date symlink: /home/orin_nano/turtlebot3_ws/install/orbbec_camera/share/orbbec_camera//launch/femto_bolt.launch.py
[30.185s] -- Up-to-date symlink: /home/orin_nano/turtlebot3_ws/install/orbbec_camera/share/orbbec_camera//launch/femto_mega.launch.py
[30.185s] -- Up-to-date symlink: /home/orin_nano/turtlebot3_ws/install/orbbec_camera/share/orbbec_camera//launch/femto_net_camera.launch.py
[30.185s] -- Up-to-date symlink: /home/orin_nano/turtlebot3_ws/install/orbbec_camera/share/orbbec_camera//launch/gemini2.launch.py
[30.185s] -- Up-to-date symlink: /home/orin_nano/turtlebot3_ws/install/orbbec_camera/share/orbbec_camera//launch/gemini2L.launch.py
[30.185s] -- Up-to-date symlink: /home/orin_nano/turtlebot3_ws/install/orbbec_camera/share/orbbec_camera//launch/gemini2VL.launch.py
[30.186s] -- Up-to-date symlink: /home/orin_nano/turtlebot3_ws/install/orbbec_camera/share/orbbec_camera//launch/gemini2XL.launch.py
[30.186s] -- Up-to-date symlink: /home/orin_nano/turtlebot3_ws/install/orbbec_camera/share/orbbec_camera//launch/gemini_330_series.launch.py
[30.186s] -- Up-to-date symlink: /home/orin_nano/turtlebot3_ws/install/orbbec_camera/share/orbbec_camera//launch/gemini_e.launch.py
[30.186s] -- Up-to-date symlink: /home/orin_nano/turtlebot3_ws/install/orbbec_camera/share/orbbec_camera//launch/gemini_e_lite.launch.py
[30.186s] -- Up-to-date symlink: /home/orin_nano/turtlebot3_ws/install/orbbec_camera/share/orbbec_camera//launch/gemini_ew.launch.py
[30.187s] -- Up-to-date symlink: /home/orin_nano/turtlebot3_ws/install/orbbec_camera/share/orbbec_camera//launch/gemini_ew_lite.launch.py
[30.187s] -- Up-to-date symlink: /home/orin_nano/turtlebot3_ws/install/orbbec_camera/share/orbbec_camera//launch/gemini_intra_process_demo_launch.py
[30.187s] -- Up-to-date symlink: /home/orin_nano/turtlebot3_ws/install/orbbec_camera/share/orbbec_camera//launch/gemini_uw.launch.py
[30.187s] -- Up-to-date symlink: /home/orin_nano/turtlebot3_ws/install/orbbec_camera/share/orbbec_camera//launch/multi_camera.launch.py
[30.187s] -- Up-to-date symlink: /home/orin_nano/turtlebot3_ws/install/orbbec_camera/share/orbbec_camera//launch/multi_camera_synced.launch.py
[30.187s] -- Up-to-date symlink: /home/orin_nano/turtlebot3_ws/install/orbbec_camera/share/orbbec_camera//launch/multi_net_camera.launch.py
[30.188s] -- Up-to-date symlink: /home/orin_nano/turtlebot3_ws/install/orbbec_camera/share/orbbec_camera//launch/ob_camera.launch.py
[30.188s] -- Up-to-date symlink: /home/orin_nano/turtlebot3_ws/install/orbbec_camera/share/orbbec_camera//config/.gitkeep
[30.189s] -- Up-to-date symlink: /home/orin_nano/turtlebot3_ws/install/orbbec_camera/share/orbbec_camera//config/OrbbecSDKConfig_v1.0.xml
[30.189s] -- Up-to-date symlink: /home/orin_nano/turtlebot3_ws/install/orbbec_camera/share/orbbec_camera//config/camera_params.yaml
[30.189s] -- Up-to-date symlink: /home/orin_nano/turtlebot3_ws/install/orbbec_camera/share/orbbec_camera//config/depthfilter/Gemini2_v1.8.json
[30.189s] -- Up-to-date symlink: /home/orin_nano/turtlebot3_ws/install/orbbec_camera/share/orbbec_camera//config/depthfilter/Openni_device.json
[30.190s] -- Up-to-date symlink: /home/orin_nano/turtlebot3_ws/install/orbbec_camera/include/libobsensor/ObSensor.h
[30.190s] -- Up-to-date symlink: /home/orin_nano/turtlebot3_ws/install/orbbec_camera/include/libobsensor/ObSensor.hpp
[30.191s] -- Up-to-date symlink: /home/orin_nano/turtlebot3_ws/install/orbbec_camera/include/libobsensor/h/Context.h
[30.191s] -- Up-to-date symlink: /home/orin_nano/turtlebot3_ws/install/orbbec_camera/include/libobsensor/h/Device.h
[30.191s] -- Up-to-date symlink: /home/orin_nano/turtlebot3_ws/install/orbbec_camera/include/libobsensor/h/Error.h
[30.191s] -- Up-to-date symlink: /home/orin_nano/turtlebot3_ws/install/orbbec_camera/include/libobsensor/h/Filter.h
[30.191s] -- Up-to-date symlink: /home/orin_nano/turtlebot3_ws/install/orbbec_camera/include/libobsensor/h/Frame.h
[30.192s] -- Up-to-date symlink: /home/orin_nano/turtlebot3_ws/install/orbbec_camera/include/libobsensor/h/MultipleDevices.h
[30.192s] -- Up-to-date symlink: /home/orin_nano/turtlebot3_ws/install/orbbec_camera/include/libobsensor/h/ObTypes.h
[30.192s] -- Up-to-date symlink: /home/orin_nano/turtlebot3_ws/install/orbbec_camera/include/libobsensor/h/Pipeline.h
[30.192s] -- Up-to-date symlink: /home/orin_nano/turtlebot3_ws/install/orbbec_camera/include/libobsensor/h/Property.h
[30.192s] -- Up-to-date symlink: /home/orin_nano/turtlebot3_ws/install/orbbec_camera/include/libobsensor/h/RecordPlayback.h
[30.193s] -- Up-to-date symlink: /home/orin_nano/turtlebot3_ws/install/orbbec_camera/include/libobsensor/h/Sensor.h
[30.193s] -- Up-to-date symlink: /home/orin_nano/turtlebot3_ws/install/orbbec_camera/include/libobsensor/h/StreamProfile.h
[30.193s] -- Up-to-date symlink: /home/orin_nano/turtlebot3_ws/install/orbbec_camera/include/libobsensor/h/Utils.h
[30.193s] -- Up-to-date symlink: /home/orin_nano/turtlebot3_ws/install/orbbec_camera/include/libobsensor/h/Version.h
[30.193s] -- Up-to-date symlink: /home/orin_nano/turtlebot3_ws/install/orbbec_camera/include/libobsensor/hpp/Context.hpp
[30.194s] -- Up-to-date symlink: /home/orin_nano/turtlebot3_ws/install/orbbec_camera/include/libobsensor/hpp/Device.hpp
[30.194s] -- Up-to-date symlink: /home/orin_nano/turtlebot3_ws/install/orbbec_camera/include/libobsensor/hpp/Error.hpp
[30.194s] -- Up-to-date symlink: /home/orin_nano/turtlebot3_ws/install/orbbec_camera/include/libobsensor/hpp/Filter.hpp
[30.194s] -- Up-to-date symlink: /home/orin_nano/turtlebot3_ws/install/orbbec_camera/include/libobsensor/hpp/Frame.hpp
[30.194s] -- Up-to-date symlink: /home/orin_nano/turtlebot3_ws/install/orbbec_camera/include/libobsensor/hpp/Pipeline.hpp
[30.195s] -- Up-to-date symlink: /home/orin_nano/turtlebot3_ws/install/orbbec_camera/include/libobsensor/hpp/RecordPlayback.hpp
[30.195s] -- Up-to-date symlink: /home/orin_nano/turtlebot3_ws/install/orbbec_camera/include/libobsensor/hpp/Sensor.hpp
[30.195s] -- Up-to-date symlink: /home/orin_nano/turtlebot3_ws/install/orbbec_camera/include/libobsensor/hpp/StreamProfile.hpp
[30.195s] -- Up-to-date symlink: /home/orin_nano/turtlebot3_ws/install/orbbec_camera/include/libobsensor/hpp/Types.hpp
[30.195s] -- Up-to-date symlink: /home/orin_nano/turtlebot3_ws/install/orbbec_camera/include/libobsensor/hpp/Utils.hpp
[30.195s] -- Up-to-date symlink: /home/orin_nano/turtlebot3_ws/install/orbbec_camera/include/libobsensor/hpp/Version.hpp
[30.196s] -- Up-to-date symlink: /home/orin_nano/turtlebot3_ws/install/orbbec_camera/lib/orbbec_camera//list_devices_node
[30.196s] -- Up-to-date symlink: /home/orin_nano/turtlebot3_ws/install/orbbec_camera/lib/orbbec_camera//list_depth_work_mode_node
[30.197s] -- Up-to-date symlink: /home/orin_nano/turtlebot3_ws/install/orbbec_camera/lib/orbbec_camera//list_camera_profile_mode_node
[30.197s] -- Up-to-date symlink: /home/orin_nano/turtlebot3_ws/install/orbbec_camera/lib/orbbec_camera//topic_statistics_node
[30.197s] -- Up-to-date symlink: /home/orin_nano/turtlebot3_ws/install/orbbec_camera/lib/orbbec_camera//depth_viewer_node
[30.197s] -- Up-to-date symlink: /home/orin_nano/turtlebot3_ws/install/orbbec_camera/lib/orbbec_camera//pointcloud_to_image_mapper_node
[30.198s] -- Up-to-date symlink: /home/orin_nano/turtlebot3_ws/install/orbbec_camera/share/orbbec_camera/environment/library_path.sh
[30.198s] -- Up-to-date symlink: /home/orin_nano/turtlebot3_ws/install/orbbec_camera/share/orbbec_camera/environment/library_path.dsv
[30.198s] -- Up-to-date symlink: /home/orin_nano/turtlebot3_ws/install/orbbec_camera/share/ament_index/resource_index/package_run_dependencies/orbbec_camera
[30.199s] -- Up-to-date symlink: /home/orin_nano/turtlebot3_ws/install/orbbec_camera/share/ament_index/resource_index/parent_prefix_path/orbbec_camera
[30.199s] -- Up-to-date symlink: /home/orin_nano/turtlebot3_ws/install/orbbec_camera/share/orbbec_camera/environment/ament_prefix_path.sh
[30.199s] -- Up-to-date symlink: /home/orin_nano/turtlebot3_ws/install/orbbec_camera/share/orbbec_camera/environment/ament_prefix_path.dsv
[30.199s] -- Up-to-date symlink: /home/orin_nano/turtlebot3_ws/install/orbbec_camera/share/orbbec_camera/environment/path.sh
[30.200s] -- Up-to-date symlink: /home/orin_nano/turtlebot3_ws/install/orbbec_camera/share/orbbec_camera/environment/path.dsv
[30.200s] -- Up-to-date symlink: /home/orin_nano/turtlebot3_ws/install/orbbec_camera/share/orbbec_camera/local_setup.bash
[30.200s] -- Up-to-date symlink: /home/orin_nano/turtlebot3_ws/install/orbbec_camera/share/orbbec_camera/local_setup.sh
[30.200s] -- Up-to-date symlink: /home/orin_nano/turtlebot3_ws/install/orbbec_camera/share/orbbec_camera/local_setup.zsh
[30.201s] -- Up-to-date symlink: /home/orin_nano/turtlebot3_ws/install/orbbec_camera/share/orbbec_camera/local_setup.dsv
[30.201s] -- Symlinking: /home/orin_nano/turtlebot3_ws/install/orbbec_camera/share/orbbec_camera/package.dsv
[30.219s] -- Up-to-date symlink: /home/orin_nano/turtlebot3_ws/install/orbbec_camera/share/ament_index/resource_index/packages/orbbec_camera
[30.219s] -- Up-to-date symlink: /home/orin_nano/turtlebot3_ws/install/orbbec_camera/share/ament_index/resource_index/rclcpp_components/orbbec_camera
[30.219s] -- Up-to-date symlink: /home/orin_nano/turtlebot3_ws/install/orbbec_camera/share/orbbec_camera/cmake/ament_cmake_export_include_directories-extras.cmake
[30.219s] -- Up-to-date symlink: /home/orin_nano/turtlebot3_ws/install/orbbec_camera/share/orbbec_camera/cmake/ament_cmake_export_libraries-extras.cmake
[30.219s] -- Up-to-date symlink: /home/orin_nano/turtlebot3_ws/install/orbbec_camera/share/orbbec_camera/cmake/ament_cmake_export_dependencies-extras.cmake
[30.220s] -- Up-to-date symlink: /home/orin_nano/turtlebot3_ws/install/orbbec_camera/share/orbbec_camera/cmake/orbbec_cameraConfig.cmake
[30.220s] -- Up-to-date symlink: /home/orin_nano/turtlebot3_ws/install/orbbec_camera/share/orbbec_camera/cmake/orbbec_cameraConfig-version.cmake
[30.220s] -- Up-to-date symlink: /home/orin_nano/turtlebot3_ws/install/orbbec_camera/share/orbbec_camera/package.xml
[30.220s] -- Up-to-date: /home/orin_nano/turtlebot3_ws/install/orbbec_camera/lib/
[30.220s] -- Up-to-date: /home/orin_nano/turtlebot3_ws/install/orbbec_camera/lib//libdepthengine.so
[30.221s] -- Up-to-date: /home/orin_nano/turtlebot3_ws/install/orbbec_camera/lib//libdepthengine.so.2.0
[30.221s] -- Up-to-date: /home/orin_nano/turtlebot3_ws/install/orbbec_camera/lib//libob_usb.so
[30.221s] -- Up-to-date: /home/orin_nano/turtlebot3_ws/install/orbbec_camera/lib//libOrbbecSDK.so.1.10
[30.221s] -- Up-to-date: /home/orin_nano/turtlebot3_ws/install/orbbec_camera/lib//libOrbbecSDK.so
[30.221s] -- Up-to-date: /home/orin_nano/turtlebot3_ws/install/orbbec_camera/lib//libOrbbecSDK.so.1.10.17
[30.221s] -- Up-to-date: /home/orin_nano/turtlebot3_ws/install/orbbec_camera/lib//liblive555.so
[30.221s] -- Up-to-date: /home/orin_nano/turtlebot3_ws/install/orbbec_camera/lib//libOrbbecSDK.so.1.10.15
[30.225s] Invoked command in '/home/orin_nano/turtlebot3_ws/build/orbbec_camera' returned '0': CMAKE_PREFIX_PATH=/home/orin_nano/turtlebot3_ws/install/orbbec_camera_msgs:/home/orin_nano/turtlebot3_ws/install/ultralytics_ros:/home/orin_nano/turtlebot3_ws/install/turtlebot3:/home/orin_nano/turtlebot3_ws/install/turtlebot3_bringup:/home/orin_nano/turtlebot3_ws/install/turtlebot3_node:/home/orin_nano/turtlebot3_ws/install/turtlebot3_description:/home/orin_nano/turtlebot3_ws/install/orbbec_description:/home/orin_nano/turtlebot3_ws/install/orbbec_camera:/home/orin_nano/turtlebot3_ws/install/ld08_driver:/home/orin_nano/turtlebot3_ws/install/turtlebot3_teleop:/home/orin_nano/turtlebot3_ws/install/turtlebot3_example:/opt/ros/humble LD_LIBRARY_PATH=/home/orin_nano/turtlebot3_ws/install/orbbec_camera_msgs/lib:/home/orin_nano/turtlebot3_ws/install/ultralytics_ros/lib:/home/orin_nano/turtlebot3_ws/install/orbbec_camera/lib:/opt/ros/humble/opt/rviz_ogre_vendor/lib:/opt/ros/humble/lib/aarch64-linux-gnu:/opt/ros/humble/lib:/usr/local/cuda-12.6/lib64 /usr/local/bin/cmake --install /home/orin_nano/turtlebot3_ws/build/orbbec_camera
