[2.101s] Invoking command in '/home/orin_nano/turtlebot3_ws/build/turtlebot3_example': PYTHONPATH=/home/orin_nano/turtlebot3_ws/build/turtlebot3_example/prefix_override:/usr/lib/python3/dist-packages/colcon_core/task/python/colcon_distutils_commands:/home/orin_nano/turtlebot3_ws/install/turtlebot3_example/lib/python3.10/site-packages:${PYTHONPATH} /usr/bin/python3 -W ignore:setup.py install is deprecated -W ignore:easy_install command is deprecated setup.py develop --editable --build-directory /home/orin_nano/turtlebot3_ws/build/turtlebot3_example/build --no-deps symlink_data
[2.728s] running develop
[3.086s] running egg_info
[3.086s] writing turtlebot3_example.egg-info/PKG-INFO
[3.088s] writing dependency_links to turtlebot3_example.egg-info/dependency_links.txt
[3.088s] writing entry points to turtlebot3_example.egg-info/entry_points.txt
[3.088s] writing requirements to turtlebot3_example.egg-info/requires.txt
[3.089s] writing top-level names to turtlebot3_example.egg-info/top_level.txt
[3.094s] reading manifest file 'turtlebot3_example.egg-info/SOURCES.txt'
[3.096s] writing manifest file 'turtlebot3_example.egg-info/SOURCES.txt'
[3.098s] running build_ext
[3.098s] Creating /home/orin_nano/turtlebot3_ws/install/turtlebot3_example/lib/python3.10/site-packages/turtlebot3-example.egg-link (link to .)
[3.101s] Installing turtlebot3_obstacle_detection script to /home/orin_nano/turtlebot3_ws/install/turtlebot3_example/lib/turtlebot3_example
[3.102s] Installing turtlebot3_patrol_client script to /home/orin_nano/turtlebot3_ws/install/turtlebot3_example/lib/turtlebot3_example
[3.102s] Installing turtlebot3_patrol_server script to /home/orin_nano/turtlebot3_ws/install/turtlebot3_example/lib/turtlebot3_example
[3.102s] Installing turtlebot3_position_control script to /home/orin_nano/turtlebot3_ws/install/turtlebot3_example/lib/turtlebot3_example
[3.103s] 
[3.103s] Installed /home/orin_nano/turtlebot3_ws/build/turtlebot3_example
[3.104s] running symlink_data
[3.197s] Invoked command in '/home/orin_nano/turtlebot3_ws/build/turtlebot3_example' returned '0': PYTHONPATH=/home/orin_nano/turtlebot3_ws/build/turtlebot3_example/prefix_override:/usr/lib/python3/dist-packages/colcon_core/task/python/colcon_distutils_commands:/home/orin_nano/turtlebot3_ws/install/turtlebot3_example/lib/python3.10/site-packages:${PYTHONPATH} /usr/bin/python3 -W ignore:setup.py install is deprecated -W ignore:easy_install command is deprecated setup.py develop --editable --build-directory /home/orin_nano/turtlebot3_ws/build/turtlebot3_example/build --no-deps symlink_data
