[0.085s] Invoking command in '/home/orin_nano/turtlebot3_ws/build/orbbec_camera_msgs': CMAKE_PREFIX_PATH=${CMAKE_PREFIX_PATH}:/home/orin_nano/turtlebot3_ws/install/turtlebot3_teleop:/home/orin_nano/turtlebot3_ws/install/turtlebot3_example:/opt/ros/humble NX_CONNECTION=192.168.1.69 33062 192.168.1.104 4000 /usr/local/bin/cmake --build /home/orin_nano/turtlebot3_ws/build/orbbec_camera_msgs -- -j6 -l6
[0.832s] [  0%] Built target orbbec_camera_msgs__cpp
[0.832s] [  0%] Built target ament_cmake_python_symlink_orbbec_camera_msgs
[0.832s] [ 12%] Built target orbbec_camera_msgs__rosidl_generator_c
[0.832s] [ 24%] Built target orbbec_camera_msgs__rosidl_typesupport_cpp
[0.832s] [ 44%] Built target orbbec_camera_msgs__rosidl_typesupport_fastrtps_cpp
[0.833s] [ 47%] Built target orbbec_camera_msgs__rosidl_typesupport_introspection_cpp
[0.833s] [ 59%] Built target orbbec_camera_msgs__rosidl_typesupport_fastrtps_c
[0.833s] [ 71%] Built target orbbec_camera_msgs__rosidl_typesupport_introspection_c
[0.833s] [ 83%] Built target orbbec_camera_msgs__rosidl_typesupport_c
[0.833s] [ 83%] Built target orbbec_camera_msgs
[0.833s] [ 84%] Built target orbbec_camera_msgs__py
[0.876s] [ 95%] Built target orbbec_camera_msgs__rosidl_generator_py
[0.934s] [ 97%] Built target orbbec_camera_msgs__rosidl_typesupport_fastrtps_c__pyext
[0.942s] [ 99%] Built target orbbec_camera_msgs__rosidl_typesupport_introspection_c__pyext
[0.956s] [100%] Built target orbbec_camera_msgs__rosidl_typesupport_c__pyext
[1.154s] running egg_info
[1.156s] writing orbbec_camera_msgs.egg-info/PKG-INFO
[1.156s] writing dependency_links to orbbec_camera_msgs.egg-info/dependency_links.txt
[1.157s] writing top-level names to orbbec_camera_msgs.egg-info/top_level.txt
[1.165s] reading manifest file 'orbbec_camera_msgs.egg-info/SOURCES.txt'
[1.166s] writing manifest file 'orbbec_camera_msgs.egg-info/SOURCES.txt'
[1.236s] [100%] Built target ament_cmake_python_build_orbbec_camera_msgs_egg
[1.627s] Invoked command in '/home/orin_nano/turtlebot3_ws/build/orbbec_camera_msgs' returned '0': CMAKE_PREFIX_PATH=${CMAKE_PREFIX_PATH}:/home/orin_nano/turtlebot3_ws/install/turtlebot3_teleop:/home/orin_nano/turtlebot3_ws/install/turtlebot3_example:/opt/ros/humble NX_CONNECTION=192.168.1.69 33062 192.168.1.104 4000 /usr/local/bin/cmake --build /home/orin_nano/turtlebot3_ws/build/orbbec_camera_msgs -- -j6 -l6
[1.633s] Invoking command in '/home/orin_nano/turtlebot3_ws/build/orbbec_camera_msgs': CMAKE_PREFIX_PATH=${CMAKE_PREFIX_PATH}:/home/orin_nano/turtlebot3_ws/install/turtlebot3_teleop:/home/orin_nano/turtlebot3_ws/install/turtlebot3_example:/opt/ros/humble NX_CONNECTION=192.168.1.69 33062 192.168.1.104 4000 /usr/local/bin/cmake --install /home/orin_nano/turtlebot3_ws/build/orbbec_camera_msgs
[1.855s] -- Install configuration: ""
[1.859s] -- Execute custom install script
[1.860s] -- Up-to-date symlink: /home/orin_nano/turtlebot3_ws/install/orbbec_camera_msgs/share/ament_index/resource_index/rosidl_interfaces/orbbec_camera_msgs
[1.873s] -- Up-to-date symlink: /home/orin_nano/turtlebot3_ws/install/orbbec_camera_msgs/include/orbbec_camera_msgs/orbbec_camera_msgs/msg/detail/device_info__functions.h
[1.873s] -- Up-to-date symlink: /home/orin_nano/turtlebot3_ws/install/orbbec_camera_msgs/include/orbbec_camera_msgs/orbbec_camera_msgs/msg/detail/device_info__struct.h
[1.874s] -- Up-to-date symlink: /home/orin_nano/turtlebot3_ws/install/orbbec_camera_msgs/include/orbbec_camera_msgs/orbbec_camera_msgs/msg/detail/device_info__type_support.h
[1.874s] -- Up-to-date symlink: /home/orin_nano/turtlebot3_ws/install/orbbec_camera_msgs/include/orbbec_camera_msgs/orbbec_camera_msgs/msg/detail/extrinsics__functions.h
[1.874s] -- Up-to-date symlink: /home/orin_nano/turtlebot3_ws/install/orbbec_camera_msgs/include/orbbec_camera_msgs/orbbec_camera_msgs/msg/detail/extrinsics__struct.h
[1.874s] -- Up-to-date symlink: /home/orin_nano/turtlebot3_ws/install/orbbec_camera_msgs/include/orbbec_camera_msgs/orbbec_camera_msgs/msg/detail/extrinsics__type_support.h
[1.874s] -- Up-to-date symlink: /home/orin_nano/turtlebot3_ws/install/orbbec_camera_msgs/include/orbbec_camera_msgs/orbbec_camera_msgs/msg/detail/imu_info__functions.h
[1.880s] -- Up-to-date symlink: /home/orin_nano/turtlebot3_ws/install/orbbec_camera_msgs/include/orbbec_camera_msgs/orbbec_camera_msgs/msg/detail/imu_info__struct.h
[1.880s] -- Up-to-date symlink: /home/orin_nano/turtlebot3_ws/install/orbbec_camera_msgs/include/orbbec_camera_msgs/orbbec_camera_msgs/msg/detail/imu_info__type_support.h
[1.880s] -- Up-to-date symlink: /home/orin_nano/turtlebot3_ws/install/orbbec_camera_msgs/include/orbbec_camera_msgs/orbbec_camera_msgs/msg/detail/metadata__functions.h
[1.880s] -- Up-to-date symlink: /home/orin_nano/turtlebot3_ws/install/orbbec_camera_msgs/include/orbbec_camera_msgs/orbbec_camera_msgs/msg/detail/metadata__struct.h
[1.880s] -- Up-to-date symlink: /home/orin_nano/turtlebot3_ws/install/orbbec_camera_msgs/include/orbbec_camera_msgs/orbbec_camera_msgs/msg/detail/metadata__type_support.h
[1.881s] -- Up-to-date symlink: /home/orin_nano/turtlebot3_ws/install/orbbec_camera_msgs/include/orbbec_camera_msgs/orbbec_camera_msgs/msg/detail/rgbd__functions.h
[1.881s] -- Up-to-date symlink: /home/orin_nano/turtlebot3_ws/install/orbbec_camera_msgs/include/orbbec_camera_msgs/orbbec_camera_msgs/msg/detail/rgbd__struct.h
[1.881s] -- Up-to-date symlink: /home/orin_nano/turtlebot3_ws/install/orbbec_camera_msgs/include/orbbec_camera_msgs/orbbec_camera_msgs/msg/detail/rgbd__type_support.h
[1.882s] -- Up-to-date symlink: /home/orin_nano/turtlebot3_ws/install/orbbec_camera_msgs/include/orbbec_camera_msgs/orbbec_camera_msgs/msg/device_info.h
[1.885s] -- Up-to-date symlink: /home/orin_nano/turtlebot3_ws/install/orbbec_camera_msgs/include/orbbec_camera_msgs/orbbec_camera_msgs/msg/extrinsics.h
[1.885s] -- Up-to-date symlink: /home/orin_nano/turtlebot3_ws/install/orbbec_camera_msgs/include/orbbec_camera_msgs/orbbec_camera_msgs/msg/imu_info.h
[1.885s] -- Up-to-date symlink: /home/orin_nano/turtlebot3_ws/install/orbbec_camera_msgs/include/orbbec_camera_msgs/orbbec_camera_msgs/msg/metadata.h
[1.886s] -- Up-to-date symlink: /home/orin_nano/turtlebot3_ws/install/orbbec_camera_msgs/include/orbbec_camera_msgs/orbbec_camera_msgs/msg/rgbd.h
[1.886s] -- Up-to-date symlink: /home/orin_nano/turtlebot3_ws/install/orbbec_camera_msgs/include/orbbec_camera_msgs/orbbec_camera_msgs/msg/rosidl_generator_c__visibility_control.h
[1.886s] -- Up-to-date symlink: /home/orin_nano/turtlebot3_ws/install/orbbec_camera_msgs/include/orbbec_camera_msgs/orbbec_camera_msgs/srv/detail/get_bool__functions.h
[1.886s] -- Up-to-date symlink: /home/orin_nano/turtlebot3_ws/install/orbbec_camera_msgs/include/orbbec_camera_msgs/orbbec_camera_msgs/srv/detail/get_bool__struct.h
[1.886s] -- Up-to-date symlink: /home/orin_nano/turtlebot3_ws/install/orbbec_camera_msgs/include/orbbec_camera_msgs/orbbec_camera_msgs/srv/detail/get_bool__type_support.h
[1.887s] -- Up-to-date symlink: /home/orin_nano/turtlebot3_ws/install/orbbec_camera_msgs/include/orbbec_camera_msgs/orbbec_camera_msgs/srv/detail/get_camera_info__functions.h
[1.887s] -- Up-to-date symlink: /home/orin_nano/turtlebot3_ws/install/orbbec_camera_msgs/include/orbbec_camera_msgs/orbbec_camera_msgs/srv/detail/get_camera_info__struct.h
[1.887s] -- Up-to-date symlink: /home/orin_nano/turtlebot3_ws/install/orbbec_camera_msgs/include/orbbec_camera_msgs/orbbec_camera_msgs/srv/detail/get_camera_info__type_support.h
[1.887s] -- Up-to-date symlink: /home/orin_nano/turtlebot3_ws/install/orbbec_camera_msgs/include/orbbec_camera_msgs/orbbec_camera_msgs/srv/detail/get_device_info__functions.h
[1.887s] -- Up-to-date symlink: /home/orin_nano/turtlebot3_ws/install/orbbec_camera_msgs/include/orbbec_camera_msgs/orbbec_camera_msgs/srv/detail/get_device_info__struct.h
[1.887s] -- Up-to-date symlink: /home/orin_nano/turtlebot3_ws/install/orbbec_camera_msgs/include/orbbec_camera_msgs/orbbec_camera_msgs/srv/detail/get_device_info__type_support.h
[1.888s] -- Up-to-date symlink: /home/orin_nano/turtlebot3_ws/install/orbbec_camera_msgs/include/orbbec_camera_msgs/orbbec_camera_msgs/srv/detail/get_int32__functions.h
[1.888s] -- Up-to-date symlink: /home/orin_nano/turtlebot3_ws/install/orbbec_camera_msgs/include/orbbec_camera_msgs/orbbec_camera_msgs/srv/detail/get_int32__struct.h
[1.888s] -- Up-to-date symlink: /home/orin_nano/turtlebot3_ws/install/orbbec_camera_msgs/include/orbbec_camera_msgs/orbbec_camera_msgs/srv/detail/get_int32__type_support.h
[1.888s] -- Up-to-date symlink: /home/orin_nano/turtlebot3_ws/install/orbbec_camera_msgs/include/orbbec_camera_msgs/orbbec_camera_msgs/srv/detail/get_string__functions.h
[1.889s] -- Up-to-date symlink: /home/orin_nano/turtlebot3_ws/install/orbbec_camera_msgs/include/orbbec_camera_msgs/orbbec_camera_msgs/srv/detail/get_string__struct.h
[1.889s] -- Up-to-date symlink: /home/orin_nano/turtlebot3_ws/install/orbbec_camera_msgs/include/orbbec_camera_msgs/orbbec_camera_msgs/srv/detail/get_string__type_support.h
[1.890s] -- Up-to-date symlink: /home/orin_nano/turtlebot3_ws/install/orbbec_camera_msgs/include/orbbec_camera_msgs/orbbec_camera_msgs/srv/detail/set_int32__functions.h
[1.891s] -- Up-to-date symlink: /home/orin_nano/turtlebot3_ws/install/orbbec_camera_msgs/include/orbbec_camera_msgs/orbbec_camera_msgs/srv/detail/set_int32__struct.h
[1.891s] -- Up-to-date symlink: /home/orin_nano/turtlebot3_ws/install/orbbec_camera_msgs/include/orbbec_camera_msgs/orbbec_camera_msgs/srv/detail/set_int32__type_support.h
[1.891s] -- Up-to-date symlink: /home/orin_nano/turtlebot3_ws/install/orbbec_camera_msgs/include/orbbec_camera_msgs/orbbec_camera_msgs/srv/detail/set_string__functions.h
[1.891s] -- Up-to-date symlink: /home/orin_nano/turtlebot3_ws/install/orbbec_camera_msgs/include/orbbec_camera_msgs/orbbec_camera_msgs/srv/detail/set_string__struct.h
[1.891s] -- Up-to-date symlink: /home/orin_nano/turtlebot3_ws/install/orbbec_camera_msgs/include/orbbec_camera_msgs/orbbec_camera_msgs/srv/detail/set_string__type_support.h
[1.891s] -- Up-to-date symlink: /home/orin_nano/turtlebot3_ws/install/orbbec_camera_msgs/include/orbbec_camera_msgs/orbbec_camera_msgs/srv/get_bool.h
[1.891s] -- Up-to-date symlink: /home/orin_nano/turtlebot3_ws/install/orbbec_camera_msgs/include/orbbec_camera_msgs/orbbec_camera_msgs/srv/get_camera_info.h
[1.891s] -- Up-to-date symlink: /home/orin_nano/turtlebot3_ws/install/orbbec_camera_msgs/include/orbbec_camera_msgs/orbbec_camera_msgs/srv/get_device_info.h
[1.891s] -- Up-to-date symlink: /home/orin_nano/turtlebot3_ws/install/orbbec_camera_msgs/include/orbbec_camera_msgs/orbbec_camera_msgs/srv/get_int32.h
[1.892s] -- Up-to-date symlink: /home/orin_nano/turtlebot3_ws/install/orbbec_camera_msgs/include/orbbec_camera_msgs/orbbec_camera_msgs/srv/get_string.h
[1.893s] -- Up-to-date symlink: /home/orin_nano/turtlebot3_ws/install/orbbec_camera_msgs/include/orbbec_camera_msgs/orbbec_camera_msgs/srv/set_int32.h
[1.893s] -- Up-to-date symlink: /home/orin_nano/turtlebot3_ws/install/orbbec_camera_msgs/include/orbbec_camera_msgs/orbbec_camera_msgs/srv/set_string.h
[1.893s] -- Up-to-date symlink: /home/orin_nano/turtlebot3_ws/install/orbbec_camera_msgs/share/orbbec_camera_msgs/environment/library_path.sh
[1.893s] -- Up-to-date symlink: /home/orin_nano/turtlebot3_ws/install/orbbec_camera_msgs/share/orbbec_camera_msgs/environment/library_path.dsv
[1.894s] -- Up-to-date symlink: /home/orin_nano/turtlebot3_ws/install/orbbec_camera_msgs/include/orbbec_camera_msgs/orbbec_camera_msgs/msg/detail/device_info__rosidl_typesupport_fastrtps_c.h
[1.895s] -- Up-to-date symlink: /home/orin_nano/turtlebot3_ws/install/orbbec_camera_msgs/include/orbbec_camera_msgs/orbbec_camera_msgs/msg/detail/extrinsics__rosidl_typesupport_fastrtps_c.h
[1.895s] -- Up-to-date symlink: /home/orin_nano/turtlebot3_ws/install/orbbec_camera_msgs/include/orbbec_camera_msgs/orbbec_camera_msgs/msg/detail/imu_info__rosidl_typesupport_fastrtps_c.h
[1.895s] -- Up-to-date symlink: /home/orin_nano/turtlebot3_ws/install/orbbec_camera_msgs/include/orbbec_camera_msgs/orbbec_camera_msgs/msg/detail/metadata__rosidl_typesupport_fastrtps_c.h
[1.896s] -- Up-to-date symlink: /home/orin_nano/turtlebot3_ws/install/orbbec_camera_msgs/include/orbbec_camera_msgs/orbbec_camera_msgs/msg/detail/rgbd__rosidl_typesupport_fastrtps_c.h
[1.897s] -- Up-to-date symlink: /home/orin_nano/turtlebot3_ws/install/orbbec_camera_msgs/include/orbbec_camera_msgs/orbbec_camera_msgs/msg/rosidl_typesupport_fastrtps_c__visibility_control.h
[1.897s] -- Up-to-date symlink: /home/orin_nano/turtlebot3_ws/install/orbbec_camera_msgs/include/orbbec_camera_msgs/orbbec_camera_msgs/srv/detail/get_bool__rosidl_typesupport_fastrtps_c.h
[1.897s] -- Up-to-date symlink: /home/orin_nano/turtlebot3_ws/install/orbbec_camera_msgs/include/orbbec_camera_msgs/orbbec_camera_msgs/srv/detail/get_camera_info__rosidl_typesupport_fastrtps_c.h
[1.898s] -- Up-to-date symlink: /home/orin_nano/turtlebot3_ws/install/orbbec_camera_msgs/include/orbbec_camera_msgs/orbbec_camera_msgs/srv/detail/get_device_info__rosidl_typesupport_fastrtps_c.h
[1.898s] -- Up-to-date symlink: /home/orin_nano/turtlebot3_ws/install/orbbec_camera_msgs/include/orbbec_camera_msgs/orbbec_camera_msgs/srv/detail/get_int32__rosidl_typesupport_fastrtps_c.h
[1.898s] -- Up-to-date symlink: /home/orin_nano/turtlebot3_ws/install/orbbec_camera_msgs/include/orbbec_camera_msgs/orbbec_camera_msgs/srv/detail/get_string__rosidl_typesupport_fastrtps_c.h
[1.900s] -- Up-to-date symlink: /home/orin_nano/turtlebot3_ws/install/orbbec_camera_msgs/include/orbbec_camera_msgs/orbbec_camera_msgs/srv/detail/set_int32__rosidl_typesupport_fastrtps_c.h
[1.900s] -- Up-to-date symlink: /home/orin_nano/turtlebot3_ws/install/orbbec_camera_msgs/include/orbbec_camera_msgs/orbbec_camera_msgs/srv/detail/set_string__rosidl_typesupport_fastrtps_c.h
[1.901s] -- Up-to-date symlink: /home/orin_nano/turtlebot3_ws/install/orbbec_camera_msgs/include/orbbec_camera_msgs/orbbec_camera_msgs/msg/detail/device_info__rosidl_typesupport_introspection_c.h
[1.902s] -- Up-to-date symlink: /home/orin_nano/turtlebot3_ws/install/orbbec_camera_msgs/include/orbbec_camera_msgs/orbbec_camera_msgs/msg/detail/extrinsics__rosidl_typesupport_introspection_c.h
[1.902s] -- Up-to-date symlink: /home/orin_nano/turtlebot3_ws/install/orbbec_camera_msgs/include/orbbec_camera_msgs/orbbec_camera_msgs/msg/detail/imu_info__rosidl_typesupport_introspection_c.h
[1.903s] -- Up-to-date symlink: /home/orin_nano/turtlebot3_ws/install/orbbec_camera_msgs/include/orbbec_camera_msgs/orbbec_camera_msgs/msg/detail/metadata__rosidl_typesupport_introspection_c.h
[1.903s] -- Up-to-date symlink: /home/orin_nano/turtlebot3_ws/install/orbbec_camera_msgs/include/orbbec_camera_msgs/orbbec_camera_msgs/msg/detail/rgbd__rosidl_typesupport_introspection_c.h
[1.903s] -- Up-to-date symlink: /home/orin_nano/turtlebot3_ws/install/orbbec_camera_msgs/include/orbbec_camera_msgs/orbbec_camera_msgs/msg/rosidl_typesupport_introspection_c__visibility_control.h
[1.903s] -- Up-to-date symlink: /home/orin_nano/turtlebot3_ws/install/orbbec_camera_msgs/include/orbbec_camera_msgs/orbbec_camera_msgs/srv/detail/get_bool__rosidl_typesupport_introspection_c.h
[1.904s] -- Up-to-date symlink: /home/orin_nano/turtlebot3_ws/install/orbbec_camera_msgs/include/orbbec_camera_msgs/orbbec_camera_msgs/srv/detail/get_camera_info__rosidl_typesupport_introspection_c.h
[1.904s] -- Up-to-date symlink: /home/orin_nano/turtlebot3_ws/install/orbbec_camera_msgs/include/orbbec_camera_msgs/orbbec_camera_msgs/srv/detail/get_device_info__rosidl_typesupport_introspection_c.h
[1.905s] -- Up-to-date symlink: /home/orin_nano/turtlebot3_ws/install/orbbec_camera_msgs/include/orbbec_camera_msgs/orbbec_camera_msgs/srv/detail/get_int32__rosidl_typesupport_introspection_c.h
[1.905s] -- Up-to-date symlink: /home/orin_nano/turtlebot3_ws/install/orbbec_camera_msgs/include/orbbec_camera_msgs/orbbec_camera_msgs/srv/detail/get_string__rosidl_typesupport_introspection_c.h
[1.906s] -- Up-to-date symlink: /home/orin_nano/turtlebot3_ws/install/orbbec_camera_msgs/include/orbbec_camera_msgs/orbbec_camera_msgs/srv/detail/set_int32__rosidl_typesupport_introspection_c.h
[1.906s] -- Up-to-date symlink: /home/orin_nano/turtlebot3_ws/install/orbbec_camera_msgs/include/orbbec_camera_msgs/orbbec_camera_msgs/srv/detail/set_string__rosidl_typesupport_introspection_c.h
[1.908s] -- Up-to-date symlink: /home/orin_nano/turtlebot3_ws/install/orbbec_camera_msgs/include/orbbec_camera_msgs/orbbec_camera_msgs/msg/detail/device_info__builder.hpp
[1.909s] -- Up-to-date symlink: /home/orin_nano/turtlebot3_ws/install/orbbec_camera_msgs/include/orbbec_camera_msgs/orbbec_camera_msgs/msg/detail/device_info__struct.hpp
[1.909s] -- Up-to-date symlink: /home/orin_nano/turtlebot3_ws/install/orbbec_camera_msgs/include/orbbec_camera_msgs/orbbec_camera_msgs/msg/detail/device_info__traits.hpp
[1.910s] -- Up-to-date symlink: /home/orin_nano/turtlebot3_ws/install/orbbec_camera_msgs/include/orbbec_camera_msgs/orbbec_camera_msgs/msg/detail/device_info__type_support.hpp
[1.911s] -- Up-to-date symlink: /home/orin_nano/turtlebot3_ws/install/orbbec_camera_msgs/include/orbbec_camera_msgs/orbbec_camera_msgs/msg/detail/extrinsics__builder.hpp
[1.912s] -- Up-to-date symlink: /home/orin_nano/turtlebot3_ws/install/orbbec_camera_msgs/include/orbbec_camera_msgs/orbbec_camera_msgs/msg/detail/extrinsics__struct.hpp
[1.912s] -- Up-to-date symlink: /home/orin_nano/turtlebot3_ws/install/orbbec_camera_msgs/include/orbbec_camera_msgs/orbbec_camera_msgs/msg/detail/extrinsics__traits.hpp
[1.913s] -- Up-to-date symlink: /home/orin_nano/turtlebot3_ws/install/orbbec_camera_msgs/include/orbbec_camera_msgs/orbbec_camera_msgs/msg/detail/extrinsics__type_support.hpp
[1.913s] -- Up-to-date symlink: /home/orin_nano/turtlebot3_ws/install/orbbec_camera_msgs/include/orbbec_camera_msgs/orbbec_camera_msgs/msg/detail/imu_info__builder.hpp
[1.914s] -- Up-to-date symlink: /home/orin_nano/turtlebot3_ws/install/orbbec_camera_msgs/include/orbbec_camera_msgs/orbbec_camera_msgs/msg/detail/imu_info__struct.hpp
[1.915s] -- Up-to-date symlink: /home/orin_nano/turtlebot3_ws/install/orbbec_camera_msgs/include/orbbec_camera_msgs/orbbec_camera_msgs/msg/detail/imu_info__traits.hpp
[1.915s] -- Up-to-date symlink: /home/orin_nano/turtlebot3_ws/install/orbbec_camera_msgs/include/orbbec_camera_msgs/orbbec_camera_msgs/msg/detail/imu_info__type_support.hpp
[1.915s] -- Up-to-date symlink: /home/orin_nano/turtlebot3_ws/install/orbbec_camera_msgs/include/orbbec_camera_msgs/orbbec_camera_msgs/msg/detail/metadata__builder.hpp
[1.916s] -- Up-to-date symlink: /home/orin_nano/turtlebot3_ws/install/orbbec_camera_msgs/include/orbbec_camera_msgs/orbbec_camera_msgs/msg/detail/metadata__struct.hpp
[1.916s] -- Up-to-date symlink: /home/orin_nano/turtlebot3_ws/install/orbbec_camera_msgs/include/orbbec_camera_msgs/orbbec_camera_msgs/msg/detail/metadata__traits.hpp
[1.917s] -- Up-to-date symlink: /home/orin_nano/turtlebot3_ws/install/orbbec_camera_msgs/include/orbbec_camera_msgs/orbbec_camera_msgs/msg/detail/metadata__type_support.hpp
[1.918s] -- Up-to-date symlink: /home/orin_nano/turtlebot3_ws/install/orbbec_camera_msgs/include/orbbec_camera_msgs/orbbec_camera_msgs/msg/detail/rgbd__builder.hpp
[1.918s] -- Up-to-date symlink: /home/orin_nano/turtlebot3_ws/install/orbbec_camera_msgs/include/orbbec_camera_msgs/orbbec_camera_msgs/msg/detail/rgbd__struct.hpp
[1.919s] -- Up-to-date symlink: /home/orin_nano/turtlebot3_ws/install/orbbec_camera_msgs/include/orbbec_camera_msgs/orbbec_camera_msgs/msg/detail/rgbd__traits.hpp
[1.919s] -- Up-to-date symlink: /home/orin_nano/turtlebot3_ws/install/orbbec_camera_msgs/include/orbbec_camera_msgs/orbbec_camera_msgs/msg/detail/rgbd__type_support.hpp
[1.920s] -- Up-to-date symlink: /home/orin_nano/turtlebot3_ws/install/orbbec_camera_msgs/include/orbbec_camera_msgs/orbbec_camera_msgs/msg/device_info.hpp
[1.920s] -- Up-to-date symlink: /home/orin_nano/turtlebot3_ws/install/orbbec_camera_msgs/include/orbbec_camera_msgs/orbbec_camera_msgs/msg/extrinsics.hpp
[1.921s] -- Up-to-date symlink: /home/orin_nano/turtlebot3_ws/install/orbbec_camera_msgs/include/orbbec_camera_msgs/orbbec_camera_msgs/msg/imu_info.hpp
[1.921s] -- Up-to-date symlink: /home/orin_nano/turtlebot3_ws/install/orbbec_camera_msgs/include/orbbec_camera_msgs/orbbec_camera_msgs/msg/metadata.hpp
[1.922s] -- Up-to-date symlink: /home/orin_nano/turtlebot3_ws/install/orbbec_camera_msgs/include/orbbec_camera_msgs/orbbec_camera_msgs/msg/rgbd.hpp
[1.922s] -- Up-to-date symlink: /home/orin_nano/turtlebot3_ws/install/orbbec_camera_msgs/include/orbbec_camera_msgs/orbbec_camera_msgs/msg/rosidl_generator_cpp__visibility_control.hpp
[1.923s] -- Up-to-date symlink: /home/orin_nano/turtlebot3_ws/install/orbbec_camera_msgs/include/orbbec_camera_msgs/orbbec_camera_msgs/srv/detail/get_bool__builder.hpp
[1.923s] -- Up-to-date symlink: /home/orin_nano/turtlebot3_ws/install/orbbec_camera_msgs/include/orbbec_camera_msgs/orbbec_camera_msgs/srv/detail/get_bool__struct.hpp
[1.924s] -- Up-to-date symlink: /home/orin_nano/turtlebot3_ws/install/orbbec_camera_msgs/include/orbbec_camera_msgs/orbbec_camera_msgs/srv/detail/get_bool__traits.hpp
[1.924s] -- Up-to-date symlink: /home/orin_nano/turtlebot3_ws/install/orbbec_camera_msgs/include/orbbec_camera_msgs/orbbec_camera_msgs/srv/detail/get_bool__type_support.hpp
[1.925s] -- Up-to-date symlink: /home/orin_nano/turtlebot3_ws/install/orbbec_camera_msgs/include/orbbec_camera_msgs/orbbec_camera_msgs/srv/detail/get_camera_info__builder.hpp
[1.958s] -- Up-to-date symlink: /home/orin_nano/turtlebot3_ws/install/orbbec_camera_msgs/include/orbbec_camera_msgs/orbbec_camera_msgs/srv/detail/get_camera_info__struct.hpp
[1.958s] -- Up-to-date symlink: /home/orin_nano/turtlebot3_ws/install/orbbec_camera_msgs/include/orbbec_camera_msgs/orbbec_camera_msgs/srv/detail/get_camera_info__traits.hpp
[1.959s] -- Up-to-date symlink: /home/orin_nano/turtlebot3_ws/install/orbbec_camera_msgs/include/orbbec_camera_msgs/orbbec_camera_msgs/srv/detail/get_camera_info__type_support.hpp
[1.959s] -- Up-to-date symlink: /home/orin_nano/turtlebot3_ws/install/orbbec_camera_msgs/include/orbbec_camera_msgs/orbbec_camera_msgs/srv/detail/get_device_info__builder.hpp
[1.959s] -- Up-to-date symlink: /home/orin_nano/turtlebot3_ws/install/orbbec_camera_msgs/include/orbbec_camera_msgs/orbbec_camera_msgs/srv/detail/get_device_info__struct.hpp
[1.959s] -- Up-to-date symlink: /home/orin_nano/turtlebot3_ws/install/orbbec_camera_msgs/include/orbbec_camera_msgs/orbbec_camera_msgs/srv/detail/get_device_info__traits.hpp
[1.959s] -- Up-to-date symlink: /home/orin_nano/turtlebot3_ws/install/orbbec_camera_msgs/include/orbbec_camera_msgs/orbbec_camera_msgs/srv/detail/get_device_info__type_support.hpp
[1.959s] -- Up-to-date symlink: /home/orin_nano/turtlebot3_ws/install/orbbec_camera_msgs/include/orbbec_camera_msgs/orbbec_camera_msgs/srv/detail/get_int32__builder.hpp
[1.959s] -- Up-to-date symlink: /home/orin_nano/turtlebot3_ws/install/orbbec_camera_msgs/include/orbbec_camera_msgs/orbbec_camera_msgs/srv/detail/get_int32__struct.hpp
[1.959s] -- Up-to-date symlink: /home/orin_nano/turtlebot3_ws/install/orbbec_camera_msgs/include/orbbec_camera_msgs/orbbec_camera_msgs/srv/detail/get_int32__traits.hpp
[1.960s] -- Up-to-date symlink: /home/orin_nano/turtlebot3_ws/install/orbbec_camera_msgs/include/orbbec_camera_msgs/orbbec_camera_msgs/srv/detail/get_int32__type_support.hpp
[1.960s] -- Up-to-date symlink: /home/orin_nano/turtlebot3_ws/install/orbbec_camera_msgs/include/orbbec_camera_msgs/orbbec_camera_msgs/srv/detail/get_string__builder.hpp
[1.960s] -- Up-to-date symlink: /home/orin_nano/turtlebot3_ws/install/orbbec_camera_msgs/include/orbbec_camera_msgs/orbbec_camera_msgs/srv/detail/get_string__struct.hpp
[1.960s] -- Up-to-date symlink: /home/orin_nano/turtlebot3_ws/install/orbbec_camera_msgs/include/orbbec_camera_msgs/orbbec_camera_msgs/srv/detail/get_string__traits.hpp
[1.960s] -- Up-to-date symlink: /home/orin_nano/turtlebot3_ws/install/orbbec_camera_msgs/include/orbbec_camera_msgs/orbbec_camera_msgs/srv/detail/get_string__type_support.hpp
[1.960s] -- Up-to-date symlink: /home/orin_nano/turtlebot3_ws/install/orbbec_camera_msgs/include/orbbec_camera_msgs/orbbec_camera_msgs/srv/detail/set_int32__builder.hpp
[1.960s] -- Up-to-date symlink: /home/orin_nano/turtlebot3_ws/install/orbbec_camera_msgs/include/orbbec_camera_msgs/orbbec_camera_msgs/srv/detail/set_int32__struct.hpp
[1.960s] -- Up-to-date symlink: /home/orin_nano/turtlebot3_ws/install/orbbec_camera_msgs/include/orbbec_camera_msgs/orbbec_camera_msgs/srv/detail/set_int32__traits.hpp
[1.960s] -- Up-to-date symlink: /home/orin_nano/turtlebot3_ws/install/orbbec_camera_msgs/include/orbbec_camera_msgs/orbbec_camera_msgs/srv/detail/set_int32__type_support.hpp
[1.961s] -- Up-to-date symlink: /home/orin_nano/turtlebot3_ws/install/orbbec_camera_msgs/include/orbbec_camera_msgs/orbbec_camera_msgs/srv/detail/set_string__builder.hpp
[1.961s] -- Up-to-date symlink: /home/orin_nano/turtlebot3_ws/install/orbbec_camera_msgs/include/orbbec_camera_msgs/orbbec_camera_msgs/srv/detail/set_string__struct.hpp
[1.961s] -- Up-to-date symlink: /home/orin_nano/turtlebot3_ws/install/orbbec_camera_msgs/include/orbbec_camera_msgs/orbbec_camera_msgs/srv/detail/set_string__traits.hpp
[1.961s] -- Up-to-date symlink: /home/orin_nano/turtlebot3_ws/install/orbbec_camera_msgs/include/orbbec_camera_msgs/orbbec_camera_msgs/srv/detail/set_string__type_support.hpp
[1.961s] -- Up-to-date symlink: /home/orin_nano/turtlebot3_ws/install/orbbec_camera_msgs/include/orbbec_camera_msgs/orbbec_camera_msgs/srv/get_bool.hpp
[1.961s] -- Up-to-date symlink: /home/orin_nano/turtlebot3_ws/install/orbbec_camera_msgs/include/orbbec_camera_msgs/orbbec_camera_msgs/srv/get_camera_info.hpp
[1.961s] -- Up-to-date symlink: /home/orin_nano/turtlebot3_ws/install/orbbec_camera_msgs/include/orbbec_camera_msgs/orbbec_camera_msgs/srv/get_device_info.hpp
[1.961s] -- Up-to-date symlink: /home/orin_nano/turtlebot3_ws/install/orbbec_camera_msgs/include/orbbec_camera_msgs/orbbec_camera_msgs/srv/get_int32.hpp
[1.961s] -- Up-to-date symlink: /home/orin_nano/turtlebot3_ws/install/orbbec_camera_msgs/include/orbbec_camera_msgs/orbbec_camera_msgs/srv/get_string.hpp
[1.962s] -- Up-to-date symlink: /home/orin_nano/turtlebot3_ws/install/orbbec_camera_msgs/include/orbbec_camera_msgs/orbbec_camera_msgs/srv/set_int32.hpp
[1.962s] -- Up-to-date symlink: /home/orin_nano/turtlebot3_ws/install/orbbec_camera_msgs/include/orbbec_camera_msgs/orbbec_camera_msgs/srv/set_string.hpp
[1.962s] -- Up-to-date symlink: /home/orin_nano/turtlebot3_ws/install/orbbec_camera_msgs/include/orbbec_camera_msgs/orbbec_camera_msgs/msg/detail/device_info__rosidl_typesupport_fastrtps_cpp.hpp
[1.968s] -- Up-to-date symlink: /home/orin_nano/turtlebot3_ws/install/orbbec_camera_msgs/include/orbbec_camera_msgs/orbbec_camera_msgs/msg/detail/extrinsics__rosidl_typesupport_fastrtps_cpp.hpp
[1.968s] -- Up-to-date symlink: /home/orin_nano/turtlebot3_ws/install/orbbec_camera_msgs/include/orbbec_camera_msgs/orbbec_camera_msgs/msg/detail/imu_info__rosidl_typesupport_fastrtps_cpp.hpp
[1.969s] -- Up-to-date symlink: /home/orin_nano/turtlebot3_ws/install/orbbec_camera_msgs/include/orbbec_camera_msgs/orbbec_camera_msgs/msg/detail/metadata__rosidl_typesupport_fastrtps_cpp.hpp
[1.969s] -- Up-to-date symlink: /home/orin_nano/turtlebot3_ws/install/orbbec_camera_msgs/include/orbbec_camera_msgs/orbbec_camera_msgs/msg/detail/rgbd__rosidl_typesupport_fastrtps_cpp.hpp
[1.969s] -- Up-to-date symlink: /home/orin_nano/turtlebot3_ws/install/orbbec_camera_msgs/include/orbbec_camera_msgs/orbbec_camera_msgs/msg/rosidl_typesupport_fastrtps_cpp__visibility_control.h
[1.969s] -- Up-to-date symlink: /home/orin_nano/turtlebot3_ws/install/orbbec_camera_msgs/include/orbbec_camera_msgs/orbbec_camera_msgs/srv/detail/get_bool__rosidl_typesupport_fastrtps_cpp.hpp
[1.969s] -- Up-to-date symlink: /home/orin_nano/turtlebot3_ws/install/orbbec_camera_msgs/include/orbbec_camera_msgs/orbbec_camera_msgs/srv/detail/get_camera_info__rosidl_typesupport_fastrtps_cpp.hpp
[1.970s] -- Up-to-date symlink: /home/orin_nano/turtlebot3_ws/install/orbbec_camera_msgs/include/orbbec_camera_msgs/orbbec_camera_msgs/srv/detail/get_device_info__rosidl_typesupport_fastrtps_cpp.hpp
[1.970s] -- Up-to-date symlink: /home/orin_nano/turtlebot3_ws/install/orbbec_camera_msgs/include/orbbec_camera_msgs/orbbec_camera_msgs/srv/detail/get_int32__rosidl_typesupport_fastrtps_cpp.hpp
[1.970s] -- Up-to-date symlink: /home/orin_nano/turtlebot3_ws/install/orbbec_camera_msgs/include/orbbec_camera_msgs/orbbec_camera_msgs/srv/detail/get_string__rosidl_typesupport_fastrtps_cpp.hpp
[1.970s] -- Up-to-date symlink: /home/orin_nano/turtlebot3_ws/install/orbbec_camera_msgs/include/orbbec_camera_msgs/orbbec_camera_msgs/srv/detail/set_int32__rosidl_typesupport_fastrtps_cpp.hpp
[1.970s] -- Up-to-date symlink: /home/orin_nano/turtlebot3_ws/install/orbbec_camera_msgs/include/orbbec_camera_msgs/orbbec_camera_msgs/srv/detail/set_string__rosidl_typesupport_fastrtps_cpp.hpp
[1.970s] -- Up-to-date symlink: /home/orin_nano/turtlebot3_ws/install/orbbec_camera_msgs/include/orbbec_camera_msgs/orbbec_camera_msgs/msg/detail/device_info__rosidl_typesupport_introspection_cpp.hpp
[1.970s] -- Up-to-date symlink: /home/orin_nano/turtlebot3_ws/install/orbbec_camera_msgs/include/orbbec_camera_msgs/orbbec_camera_msgs/msg/detail/extrinsics__rosidl_typesupport_introspection_cpp.hpp
[1.970s] -- Up-to-date symlink: /home/orin_nano/turtlebot3_ws/install/orbbec_camera_msgs/include/orbbec_camera_msgs/orbbec_camera_msgs/msg/detail/imu_info__rosidl_typesupport_introspection_cpp.hpp
[1.971s] -- Up-to-date symlink: /home/orin_nano/turtlebot3_ws/install/orbbec_camera_msgs/include/orbbec_camera_msgs/orbbec_camera_msgs/msg/detail/metadata__rosidl_typesupport_introspection_cpp.hpp
[1.971s] -- Up-to-date symlink: /home/orin_nano/turtlebot3_ws/install/orbbec_camera_msgs/include/orbbec_camera_msgs/orbbec_camera_msgs/msg/detail/rgbd__rosidl_typesupport_introspection_cpp.hpp
[1.975s] -- Up-to-date symlink: /home/orin_nano/turtlebot3_ws/install/orbbec_camera_msgs/include/orbbec_camera_msgs/orbbec_camera_msgs/srv/detail/get_bool__rosidl_typesupport_introspection_cpp.hpp
[1.976s] -- Up-to-date symlink: /home/orin_nano/turtlebot3_ws/install/orbbec_camera_msgs/include/orbbec_camera_msgs/orbbec_camera_msgs/srv/detail/get_camera_info__rosidl_typesupport_introspection_cpp.hpp
[1.976s] -- Up-to-date symlink: /home/orin_nano/turtlebot3_ws/install/orbbec_camera_msgs/include/orbbec_camera_msgs/orbbec_camera_msgs/srv/detail/get_device_info__rosidl_typesupport_introspection_cpp.hpp
[1.976s] -- Up-to-date symlink: /home/orin_nano/turtlebot3_ws/install/orbbec_camera_msgs/include/orbbec_camera_msgs/orbbec_camera_msgs/srv/detail/get_int32__rosidl_typesupport_introspection_cpp.hpp
[1.976s] -- Up-to-date symlink: /home/orin_nano/turtlebot3_ws/install/orbbec_camera_msgs/include/orbbec_camera_msgs/orbbec_camera_msgs/srv/detail/get_string__rosidl_typesupport_introspection_cpp.hpp
[1.976s] -- Up-to-date symlink: /home/orin_nano/turtlebot3_ws/install/orbbec_camera_msgs/include/orbbec_camera_msgs/orbbec_camera_msgs/srv/detail/set_int32__rosidl_typesupport_introspection_cpp.hpp
[1.977s] -- Up-to-date symlink: /home/orin_nano/turtlebot3_ws/install/orbbec_camera_msgs/include/orbbec_camera_msgs/orbbec_camera_msgs/srv/detail/set_string__rosidl_typesupport_introspection_cpp.hpp
[1.977s] -- Up-to-date symlink: /home/orin_nano/turtlebot3_ws/install/orbbec_camera_msgs/share/orbbec_camera_msgs/environment/pythonpath.sh
[1.977s] -- Up-to-date symlink: /home/orin_nano/turtlebot3_ws/install/orbbec_camera_msgs/share/orbbec_camera_msgs/environment/pythonpath.dsv
[1.977s] -- Up-to-date symlink: /home/orin_nano/turtlebot3_ws/install/orbbec_camera_msgs/local/lib/python3.10/dist-packages/orbbec_camera_msgs-1.2.2-py3.10.egg-info/PKG-INFO
[1.977s] -- Up-to-date symlink: /home/orin_nano/turtlebot3_ws/install/orbbec_camera_msgs/local/lib/python3.10/dist-packages/orbbec_camera_msgs-1.2.2-py3.10.egg-info/SOURCES.txt
[1.978s] -- Up-to-date symlink: /home/orin_nano/turtlebot3_ws/install/orbbec_camera_msgs/local/lib/python3.10/dist-packages/orbbec_camera_msgs-1.2.2-py3.10.egg-info/dependency_links.txt
[1.978s] -- Up-to-date symlink: /home/orin_nano/turtlebot3_ws/install/orbbec_camera_msgs/local/lib/python3.10/dist-packages/orbbec_camera_msgs-1.2.2-py3.10.egg-info/top_level.txt
[1.980s] -- Up-to-date symlink: /home/orin_nano/turtlebot3_ws/install/orbbec_camera_msgs/local/lib/python3.10/dist-packages/orbbec_camera_msgs/__init__.py
[1.980s] -- Up-to-date symlink: /home/orin_nano/turtlebot3_ws/install/orbbec_camera_msgs/local/lib/python3.10/dist-packages/orbbec_camera_msgs/_orbbec_camera_msgs_s.ep.rosidl_typesupport_c.c
[1.982s] -- Up-to-date symlink: /home/orin_nano/turtlebot3_ws/install/orbbec_camera_msgs/local/lib/python3.10/dist-packages/orbbec_camera_msgs/_orbbec_camera_msgs_s.ep.rosidl_typesupport_fastrtps_c.c
[1.982s] -- Up-to-date symlink: /home/orin_nano/turtlebot3_ws/install/orbbec_camera_msgs/local/lib/python3.10/dist-packages/orbbec_camera_msgs/_orbbec_camera_msgs_s.ep.rosidl_typesupport_introspection_c.c
[1.992s] -- Up-to-date symlink: /home/orin_nano/turtlebot3_ws/install/orbbec_camera_msgs/local/lib/python3.10/dist-packages/orbbec_camera_msgs/liborbbec_camera_msgs__rosidl_generator_py.so
[1.993s] -- Up-to-date symlink: /home/orin_nano/turtlebot3_ws/install/orbbec_camera_msgs/local/lib/python3.10/dist-packages/orbbec_camera_msgs/msg/__init__.py
[1.993s] -- Up-to-date symlink: /home/orin_nano/turtlebot3_ws/install/orbbec_camera_msgs/local/lib/python3.10/dist-packages/orbbec_camera_msgs/msg/_device_info.py
[1.993s] -- Up-to-date symlink: /home/orin_nano/turtlebot3_ws/install/orbbec_camera_msgs/local/lib/python3.10/dist-packages/orbbec_camera_msgs/msg/_device_info_s.c
[1.995s] -- Up-to-date symlink: /home/orin_nano/turtlebot3_ws/install/orbbec_camera_msgs/local/lib/python3.10/dist-packages/orbbec_camera_msgs/msg/_extrinsics.py
[1.996s] -- Up-to-date symlink: /home/orin_nano/turtlebot3_ws/install/orbbec_camera_msgs/local/lib/python3.10/dist-packages/orbbec_camera_msgs/msg/_extrinsics_s.c
[2.000s] -- Up-to-date symlink: /home/orin_nano/turtlebot3_ws/install/orbbec_camera_msgs/local/lib/python3.10/dist-packages/orbbec_camera_msgs/msg/_imu_info.py
[2.000s] -- Up-to-date symlink: /home/orin_nano/turtlebot3_ws/install/orbbec_camera_msgs/local/lib/python3.10/dist-packages/orbbec_camera_msgs/msg/_imu_info_s.c
[2.000s] -- Up-to-date symlink: /home/orin_nano/turtlebot3_ws/install/orbbec_camera_msgs/local/lib/python3.10/dist-packages/orbbec_camera_msgs/msg/_metadata.py
[2.001s] -- Up-to-date symlink: /home/orin_nano/turtlebot3_ws/install/orbbec_camera_msgs/local/lib/python3.10/dist-packages/orbbec_camera_msgs/msg/_metadata_s.c
[2.002s] -- Up-to-date symlink: /home/orin_nano/turtlebot3_ws/install/orbbec_camera_msgs/local/lib/python3.10/dist-packages/orbbec_camera_msgs/msg/_rgbd.py
[2.014s] -- Up-to-date symlink: /home/orin_nano/turtlebot3_ws/install/orbbec_camera_msgs/local/lib/python3.10/dist-packages/orbbec_camera_msgs/msg/_rgbd_s.c
[2.016s] -- Up-to-date symlink: /home/orin_nano/turtlebot3_ws/install/orbbec_camera_msgs/local/lib/python3.10/dist-packages/orbbec_camera_msgs/orbbec_camera_msgs_s__rosidl_typesupport_c.cpython-310-aarch64-linux-gnu.so
[2.017s] -- Up-to-date symlink: /home/orin_nano/turtlebot3_ws/install/orbbec_camera_msgs/local/lib/python3.10/dist-packages/orbbec_camera_msgs/orbbec_camera_msgs_s__rosidl_typesupport_fastrtps_c.cpython-310-aarch64-linux-gnu.so
[2.018s] -- Up-to-date symlink: /home/orin_nano/turtlebot3_ws/install/orbbec_camera_msgs/local/lib/python3.10/dist-packages/orbbec_camera_msgs/orbbec_camera_msgs_s__rosidl_typesupport_introspection_c.cpython-310-aarch64-linux-gnu.so
[2.018s] -- Up-to-date symlink: /home/orin_nano/turtlebot3_ws/install/orbbec_camera_msgs/local/lib/python3.10/dist-packages/orbbec_camera_msgs/srv/__init__.py
[2.020s] -- Up-to-date symlink: /home/orin_nano/turtlebot3_ws/install/orbbec_camera_msgs/local/lib/python3.10/dist-packages/orbbec_camera_msgs/srv/_get_bool.py
[2.048s] -- Up-to-date symlink: /home/orin_nano/turtlebot3_ws/install/orbbec_camera_msgs/local/lib/python3.10/dist-packages/orbbec_camera_msgs/srv/_get_bool_s.c
[2.049s] -- Up-to-date symlink: /home/orin_nano/turtlebot3_ws/install/orbbec_camera_msgs/local/lib/python3.10/dist-packages/orbbec_camera_msgs/srv/_get_camera_info.py
[2.051s] -- Up-to-date symlink: /home/orin_nano/turtlebot3_ws/install/orbbec_camera_msgs/local/lib/python3.10/dist-packages/orbbec_camera_msgs/srv/_get_camera_info_s.c
[2.052s] -- Up-to-date symlink: /home/orin_nano/turtlebot3_ws/install/orbbec_camera_msgs/local/lib/python3.10/dist-packages/orbbec_camera_msgs/srv/_get_device_info.py
[2.052s] -- Up-to-date symlink: /home/orin_nano/turtlebot3_ws/install/orbbec_camera_msgs/local/lib/python3.10/dist-packages/orbbec_camera_msgs/srv/_get_device_info_s.c
[2.052s] -- Up-to-date symlink: /home/orin_nano/turtlebot3_ws/install/orbbec_camera_msgs/local/lib/python3.10/dist-packages/orbbec_camera_msgs/srv/_get_int32.py
[2.052s] -- Up-to-date symlink: /home/orin_nano/turtlebot3_ws/install/orbbec_camera_msgs/local/lib/python3.10/dist-packages/orbbec_camera_msgs/srv/_get_int32_s.c
[2.052s] -- Up-to-date symlink: /home/orin_nano/turtlebot3_ws/install/orbbec_camera_msgs/local/lib/python3.10/dist-packages/orbbec_camera_msgs/srv/_get_string.py
[2.052s] -- Up-to-date symlink: /home/orin_nano/turtlebot3_ws/install/orbbec_camera_msgs/local/lib/python3.10/dist-packages/orbbec_camera_msgs/srv/_get_string_s.c
[2.053s] -- Up-to-date symlink: /home/orin_nano/turtlebot3_ws/install/orbbec_camera_msgs/local/lib/python3.10/dist-packages/orbbec_camera_msgs/srv/_set_int32.py
[2.053s] -- Up-to-date symlink: /home/orin_nano/turtlebot3_ws/install/orbbec_camera_msgs/local/lib/python3.10/dist-packages/orbbec_camera_msgs/srv/_set_int32_s.c
[2.053s] -- Up-to-date symlink: /home/orin_nano/turtlebot3_ws/install/orbbec_camera_msgs/local/lib/python3.10/dist-packages/orbbec_camera_msgs/srv/_set_string.py
[2.053s] -- Up-to-date symlink: /home/orin_nano/turtlebot3_ws/install/orbbec_camera_msgs/local/lib/python3.10/dist-packages/orbbec_camera_msgs/srv/_set_string_s.c
[2.053s] -- Up-to-date symlink: /home/orin_nano/turtlebot3_ws/install/orbbec_camera_msgs/local/lib/python3.10/dist-packages/orbbec_camera_msgs/orbbec_camera_msgs_s__rosidl_typesupport_fastrtps_c.cpython-310-aarch64-linux-gnu.so
[2.053s] -- Up-to-date symlink: /home/orin_nano/turtlebot3_ws/install/orbbec_camera_msgs/local/lib/python3.10/dist-packages/orbbec_camera_msgs/orbbec_camera_msgs_s__rosidl_typesupport_introspection_c.cpython-310-aarch64-linux-gnu.so
[2.053s] -- Up-to-date symlink: /home/orin_nano/turtlebot3_ws/install/orbbec_camera_msgs/local/lib/python3.10/dist-packages/orbbec_camera_msgs/orbbec_camera_msgs_s__rosidl_typesupport_c.cpython-310-aarch64-linux-gnu.so
[2.053s] -- Up-to-date symlink: /home/orin_nano/turtlebot3_ws/install/orbbec_camera_msgs/share/orbbec_camera_msgs/msg/DeviceInfo.idl
[2.053s] -- Up-to-date symlink: /home/orin_nano/turtlebot3_ws/install/orbbec_camera_msgs/share/orbbec_camera_msgs/msg/Extrinsics.idl
[2.053s] -- Up-to-date symlink: /home/orin_nano/turtlebot3_ws/install/orbbec_camera_msgs/share/orbbec_camera_msgs/msg/Metadata.idl
[2.054s] -- Up-to-date symlink: /home/orin_nano/turtlebot3_ws/install/orbbec_camera_msgs/share/orbbec_camera_msgs/msg/IMUInfo.idl
[2.054s] -- Up-to-date symlink: /home/orin_nano/turtlebot3_ws/install/orbbec_camera_msgs/share/orbbec_camera_msgs/msg/RGBD.idl
[2.054s] -- Up-to-date symlink: /home/orin_nano/turtlebot3_ws/install/orbbec_camera_msgs/share/orbbec_camera_msgs/srv/GetBool.idl
[2.054s] -- Up-to-date symlink: /home/orin_nano/turtlebot3_ws/install/orbbec_camera_msgs/share/orbbec_camera_msgs/srv/GetDeviceInfo.idl
[2.054s] -- Up-to-date symlink: /home/orin_nano/turtlebot3_ws/install/orbbec_camera_msgs/share/orbbec_camera_msgs/srv/GetCameraInfo.idl
[2.054s] -- Up-to-date symlink: /home/orin_nano/turtlebot3_ws/install/orbbec_camera_msgs/share/orbbec_camera_msgs/srv/GetInt32.idl
[2.054s] -- Up-to-date symlink: /home/orin_nano/turtlebot3_ws/install/orbbec_camera_msgs/share/orbbec_camera_msgs/srv/GetString.idl
[2.054s] -- Up-to-date symlink: /home/orin_nano/turtlebot3_ws/install/orbbec_camera_msgs/share/orbbec_camera_msgs/srv/SetInt32.idl
[2.054s] -- Up-to-date symlink: /home/orin_nano/turtlebot3_ws/install/orbbec_camera_msgs/share/orbbec_camera_msgs/srv/SetString.idl
[2.055s] -- Up-to-date symlink: /home/orin_nano/turtlebot3_ws/install/orbbec_camera_msgs/share/orbbec_camera_msgs/msg/DeviceInfo.msg
[2.055s] -- Up-to-date symlink: /home/orin_nano/turtlebot3_ws/install/orbbec_camera_msgs/share/orbbec_camera_msgs/msg/Extrinsics.msg
[2.055s] -- Up-to-date symlink: /home/orin_nano/turtlebot3_ws/install/orbbec_camera_msgs/share/orbbec_camera_msgs/msg/Metadata.msg
[2.055s] -- Up-to-date symlink: /home/orin_nano/turtlebot3_ws/install/orbbec_camera_msgs/share/orbbec_camera_msgs/msg/IMUInfo.msg
[2.055s] -- Up-to-date symlink: /home/orin_nano/turtlebot3_ws/install/orbbec_camera_msgs/share/orbbec_camera_msgs/msg/RGBD.msg
[2.055s] -- Up-to-date symlink: /home/orin_nano/turtlebot3_ws/install/orbbec_camera_msgs/share/orbbec_camera_msgs/srv/GetBool.srv
[2.055s] -- Up-to-date symlink: /home/orin_nano/turtlebot3_ws/install/orbbec_camera_msgs/share/orbbec_camera_msgs/srv/GetBool_Request.msg
[2.055s] -- Up-to-date symlink: /home/orin_nano/turtlebot3_ws/install/orbbec_camera_msgs/share/orbbec_camera_msgs/srv/GetBool_Response.msg
[2.055s] -- Up-to-date symlink: /home/orin_nano/turtlebot3_ws/install/orbbec_camera_msgs/share/orbbec_camera_msgs/srv/GetDeviceInfo.srv
[2.074s] -- Up-to-date symlink: /home/orin_nano/turtlebot3_ws/install/orbbec_camera_msgs/share/orbbec_camera_msgs/srv/GetDeviceInfo_Request.msg
[2.074s] -- Up-to-date symlink: /home/orin_nano/turtlebot3_ws/install/orbbec_camera_msgs/share/orbbec_camera_msgs/srv/GetDeviceInfo_Response.msg
[2.074s] -- Up-to-date symlink: /home/orin_nano/turtlebot3_ws/install/orbbec_camera_msgs/share/orbbec_camera_msgs/srv/GetCameraInfo.srv
[2.074s] -- Up-to-date symlink: /home/orin_nano/turtlebot3_ws/install/orbbec_camera_msgs/share/orbbec_camera_msgs/srv/GetCameraInfo_Request.msg
[2.074s] -- Up-to-date symlink: /home/orin_nano/turtlebot3_ws/install/orbbec_camera_msgs/share/orbbec_camera_msgs/srv/GetCameraInfo_Response.msg
[2.074s] -- Up-to-date symlink: /home/orin_nano/turtlebot3_ws/install/orbbec_camera_msgs/share/orbbec_camera_msgs/srv/GetInt32.srv
[2.075s] -- Up-to-date symlink: /home/orin_nano/turtlebot3_ws/install/orbbec_camera_msgs/share/orbbec_camera_msgs/srv/GetInt32_Request.msg
[2.075s] -- Up-to-date symlink: /home/orin_nano/turtlebot3_ws/install/orbbec_camera_msgs/share/orbbec_camera_msgs/srv/GetInt32_Response.msg
[2.075s] -- Up-to-date symlink: /home/orin_nano/turtlebot3_ws/install/orbbec_camera_msgs/share/orbbec_camera_msgs/srv/GetString.srv
[2.075s] -- Up-to-date symlink: /home/orin_nano/turtlebot3_ws/install/orbbec_camera_msgs/share/orbbec_camera_msgs/srv/GetString_Request.msg
[2.075s] -- Up-to-date symlink: /home/orin_nano/turtlebot3_ws/install/orbbec_camera_msgs/share/orbbec_camera_msgs/srv/GetString_Response.msg
[2.075s] -- Up-to-date symlink: /home/orin_nano/turtlebot3_ws/install/orbbec_camera_msgs/share/orbbec_camera_msgs/srv/SetInt32.srv
[2.077s] -- Up-to-date symlink: /home/orin_nano/turtlebot3_ws/install/orbbec_camera_msgs/share/orbbec_camera_msgs/srv/SetInt32_Request.msg
[2.077s] -- Up-to-date symlink: /home/orin_nano/turtlebot3_ws/install/orbbec_camera_msgs/share/orbbec_camera_msgs/srv/SetInt32_Response.msg
[2.078s] -- Up-to-date symlink: /home/orin_nano/turtlebot3_ws/install/orbbec_camera_msgs/share/orbbec_camera_msgs/srv/SetString.srv
[2.078s] -- Up-to-date symlink: /home/orin_nano/turtlebot3_ws/install/orbbec_camera_msgs/share/orbbec_camera_msgs/srv/SetString_Request.msg
[2.079s] -- Up-to-date symlink: /home/orin_nano/turtlebot3_ws/install/orbbec_camera_msgs/share/orbbec_camera_msgs/srv/SetString_Response.msg
[2.079s] -- Up-to-date symlink: /home/orin_nano/turtlebot3_ws/install/orbbec_camera_msgs/share/ament_index/resource_index/package_run_dependencies/orbbec_camera_msgs
[2.090s] -- Up-to-date symlink: /home/orin_nano/turtlebot3_ws/install/orbbec_camera_msgs/share/ament_index/resource_index/parent_prefix_path/orbbec_camera_msgs
[2.091s] -- Up-to-date symlink: /home/orin_nano/turtlebot3_ws/install/orbbec_camera_msgs/share/orbbec_camera_msgs/environment/ament_prefix_path.sh
[2.091s] -- Up-to-date symlink: /home/orin_nano/turtlebot3_ws/install/orbbec_camera_msgs/share/orbbec_camera_msgs/environment/ament_prefix_path.dsv
[2.091s] -- Up-to-date symlink: /home/orin_nano/turtlebot3_ws/install/orbbec_camera_msgs/share/orbbec_camera_msgs/environment/path.sh
[2.091s] -- Up-to-date symlink: /home/orin_nano/turtlebot3_ws/install/orbbec_camera_msgs/share/orbbec_camera_msgs/environment/path.dsv
[2.091s] -- Up-to-date symlink: /home/orin_nano/turtlebot3_ws/install/orbbec_camera_msgs/share/orbbec_camera_msgs/local_setup.bash
[2.091s] -- Up-to-date symlink: /home/orin_nano/turtlebot3_ws/install/orbbec_camera_msgs/share/orbbec_camera_msgs/local_setup.sh
[2.091s] -- Up-to-date symlink: /home/orin_nano/turtlebot3_ws/install/orbbec_camera_msgs/share/orbbec_camera_msgs/local_setup.zsh
[2.091s] -- Up-to-date symlink: /home/orin_nano/turtlebot3_ws/install/orbbec_camera_msgs/share/orbbec_camera_msgs/local_setup.dsv
[2.091s] -- Symlinking: /home/orin_nano/turtlebot3_ws/install/orbbec_camera_msgs/share/orbbec_camera_msgs/package.dsv
[2.124s] -- Up-to-date symlink: /home/orin_nano/turtlebot3_ws/install/orbbec_camera_msgs/share/ament_index/resource_index/packages/orbbec_camera_msgs
[2.125s] -- Up-to-date symlink: /home/orin_nano/turtlebot3_ws/install/orbbec_camera_msgs/share/orbbec_camera_msgs/cmake/rosidl_cmake-extras.cmake
[2.126s] -- Up-to-date symlink: /home/orin_nano/turtlebot3_ws/install/orbbec_camera_msgs/share/orbbec_camera_msgs/cmake/ament_cmake_export_dependencies-extras.cmake
[2.127s] -- Up-to-date symlink: /home/orin_nano/turtlebot3_ws/install/orbbec_camera_msgs/share/orbbec_camera_msgs/cmake/ament_cmake_export_include_directories-extras.cmake
[2.127s] -- Up-to-date symlink: /home/orin_nano/turtlebot3_ws/install/orbbec_camera_msgs/share/orbbec_camera_msgs/cmake/ament_cmake_export_libraries-extras.cmake
[2.128s] -- Up-to-date symlink: /home/orin_nano/turtlebot3_ws/install/orbbec_camera_msgs/share/orbbec_camera_msgs/cmake/ament_cmake_export_targets-extras.cmake
[2.128s] -- Up-to-date symlink: /home/orin_nano/turtlebot3_ws/install/orbbec_camera_msgs/share/orbbec_camera_msgs/cmake/rosidl_cmake_export_typesupport_targets-extras.cmake
[2.129s] -- Up-to-date symlink: /home/orin_nano/turtlebot3_ws/install/orbbec_camera_msgs/share/orbbec_camera_msgs/cmake/rosidl_cmake_export_typesupport_libraries-extras.cmake
[2.130s] -- Up-to-date symlink: /home/orin_nano/turtlebot3_ws/install/orbbec_camera_msgs/share/orbbec_camera_msgs/cmake/orbbec_camera_msgsConfig.cmake
[2.130s] -- Up-to-date symlink: /home/orin_nano/turtlebot3_ws/install/orbbec_camera_msgs/share/orbbec_camera_msgs/cmake/orbbec_camera_msgsConfig-version.cmake
[2.130s] -- Up-to-date symlink: /home/orin_nano/turtlebot3_ws/install/orbbec_camera_msgs/share/orbbec_camera_msgs/package.xml
[2.131s] -- Up-to-date: /home/orin_nano/turtlebot3_ws/install/orbbec_camera_msgs/lib/liborbbec_camera_msgs__rosidl_generator_c.so
[2.132s] -- Up-to-date: /home/orin_nano/turtlebot3_ws/install/orbbec_camera_msgs/lib/liborbbec_camera_msgs__rosidl_typesupport_fastrtps_c.so
[2.168s] -- Up-to-date: /home/orin_nano/turtlebot3_ws/install/orbbec_camera_msgs/lib/liborbbec_camera_msgs__rosidl_typesupport_introspection_c.so
[2.168s] -- Up-to-date: /home/orin_nano/turtlebot3_ws/install/orbbec_camera_msgs/lib/liborbbec_camera_msgs__rosidl_typesupport_c.so
[2.169s] -- Up-to-date: /home/orin_nano/turtlebot3_ws/install/orbbec_camera_msgs/lib/liborbbec_camera_msgs__rosidl_typesupport_fastrtps_cpp.so
[2.172s] -- Up-to-date: /home/orin_nano/turtlebot3_ws/install/orbbec_camera_msgs/lib/liborbbec_camera_msgs__rosidl_typesupport_introspection_cpp.so
[2.174s] -- Up-to-date: /home/orin_nano/turtlebot3_ws/install/orbbec_camera_msgs/lib/liborbbec_camera_msgs__rosidl_typesupport_cpp.so
[2.301s] Listing '/home/orin_nano/turtlebot3_ws/install/orbbec_camera_msgs/local/lib/python3.10/dist-packages/orbbec_camera_msgs'...
[2.301s] Listing '/home/orin_nano/turtlebot3_ws/install/orbbec_camera_msgs/local/lib/python3.10/dist-packages/orbbec_camera_msgs/msg'...
[2.301s] Listing '/home/orin_nano/turtlebot3_ws/install/orbbec_camera_msgs/local/lib/python3.10/dist-packages/orbbec_camera_msgs/srv'...
[2.317s] -- Up-to-date: /home/orin_nano/turtlebot3_ws/install/orbbec_camera_msgs/lib/liborbbec_camera_msgs__rosidl_generator_py.so
[2.318s] -- Up-to-date: /home/orin_nano/turtlebot3_ws/install/orbbec_camera_msgs/share/orbbec_camera_msgs/cmake/export_orbbec_camera_msgs__rosidl_generator_cExport.cmake
[2.318s] -- Up-to-date: /home/orin_nano/turtlebot3_ws/install/orbbec_camera_msgs/share/orbbec_camera_msgs/cmake/export_orbbec_camera_msgs__rosidl_generator_cExport-noconfig.cmake
[2.319s] -- Up-to-date: /home/orin_nano/turtlebot3_ws/install/orbbec_camera_msgs/share/orbbec_camera_msgs/cmake/export_orbbec_camera_msgs__rosidl_typesupport_fastrtps_cExport.cmake
[2.319s] -- Up-to-date: /home/orin_nano/turtlebot3_ws/install/orbbec_camera_msgs/share/orbbec_camera_msgs/cmake/export_orbbec_camera_msgs__rosidl_typesupport_fastrtps_cExport-noconfig.cmake
[2.320s] -- Up-to-date: /home/orin_nano/turtlebot3_ws/install/orbbec_camera_msgs/share/orbbec_camera_msgs/cmake/orbbec_camera_msgs__rosidl_typesupport_introspection_cExport.cmake
[2.320s] -- Up-to-date: /home/orin_nano/turtlebot3_ws/install/orbbec_camera_msgs/share/orbbec_camera_msgs/cmake/orbbec_camera_msgs__rosidl_typesupport_introspection_cExport-noconfig.cmake
[2.320s] -- Up-to-date: /home/orin_nano/turtlebot3_ws/install/orbbec_camera_msgs/share/orbbec_camera_msgs/cmake/orbbec_camera_msgs__rosidl_typesupport_cExport.cmake
[2.321s] -- Up-to-date: /home/orin_nano/turtlebot3_ws/install/orbbec_camera_msgs/share/orbbec_camera_msgs/cmake/orbbec_camera_msgs__rosidl_typesupport_cExport-noconfig.cmake
[2.321s] -- Up-to-date: /home/orin_nano/turtlebot3_ws/install/orbbec_camera_msgs/share/orbbec_camera_msgs/cmake/export_orbbec_camera_msgs__rosidl_generator_cppExport.cmake
[2.321s] -- Up-to-date: /home/orin_nano/turtlebot3_ws/install/orbbec_camera_msgs/share/orbbec_camera_msgs/cmake/export_orbbec_camera_msgs__rosidl_typesupport_fastrtps_cppExport.cmake
[2.322s] -- Up-to-date: /home/orin_nano/turtlebot3_ws/install/orbbec_camera_msgs/share/orbbec_camera_msgs/cmake/export_orbbec_camera_msgs__rosidl_typesupport_fastrtps_cppExport-noconfig.cmake
[2.322s] -- Up-to-date: /home/orin_nano/turtlebot3_ws/install/orbbec_camera_msgs/share/orbbec_camera_msgs/cmake/orbbec_camera_msgs__rosidl_typesupport_introspection_cppExport.cmake
[2.322s] -- Up-to-date: /home/orin_nano/turtlebot3_ws/install/orbbec_camera_msgs/share/orbbec_camera_msgs/cmake/orbbec_camera_msgs__rosidl_typesupport_introspection_cppExport-noconfig.cmake
[2.323s] -- Up-to-date: /home/orin_nano/turtlebot3_ws/install/orbbec_camera_msgs/share/orbbec_camera_msgs/cmake/orbbec_camera_msgs__rosidl_typesupport_cppExport.cmake
[2.323s] -- Up-to-date: /home/orin_nano/turtlebot3_ws/install/orbbec_camera_msgs/share/orbbec_camera_msgs/cmake/orbbec_camera_msgs__rosidl_typesupport_cppExport-noconfig.cmake
[2.326s] -- Up-to-date: /home/orin_nano/turtlebot3_ws/install/orbbec_camera_msgs/share/orbbec_camera_msgs/cmake/export_orbbec_camera_msgs__rosidl_generator_pyExport.cmake
[2.326s] -- Up-to-date: /home/orin_nano/turtlebot3_ws/install/orbbec_camera_msgs/share/orbbec_camera_msgs/cmake/export_orbbec_camera_msgs__rosidl_generator_pyExport-noconfig.cmake
[2.338s] Invoked command in '/home/orin_nano/turtlebot3_ws/build/orbbec_camera_msgs' returned '0': CMAKE_PREFIX_PATH=${CMAKE_PREFIX_PATH}:/home/orin_nano/turtlebot3_ws/install/turtlebot3_teleop:/home/orin_nano/turtlebot3_ws/install/turtlebot3_example:/opt/ros/humble NX_CONNECTION=192.168.1.69 33062 192.168.1.104 4000 /usr/local/bin/cmake --install /home/orin_nano/turtlebot3_ws/build/orbbec_camera_msgs
