[0.061s] Invoking command in '/home/orin_nano/turtlebot3_ws/build/turtlebot3_node': CMAKE_PREFIX_PATH=${CMAKE_PREFIX_PATH}:/home/orin_nano/turtlebot3_ws/install/turtlebot3_teleop:/home/orin_nano/turtlebot3_ws/install/turtlebot3_example:/opt/ros/humble /usr/local/bin/cmake --build /home/orin_nano/turtlebot3_ws/build/turtlebot3_node -- -j6 -l6
[1.176s] [ 85%] Built target turtlebot3_node_lib
[1.178s] [100%] Built target turtlebot3_ros
[1.198s] Invoked command in '/home/orin_nano/turtlebot3_ws/build/turtlebot3_node' returned '0': CMAKE_PREFIX_PATH=${CMAKE_PREFIX_PATH}:/home/orin_nano/turtlebot3_ws/install/turtlebot3_teleop:/home/orin_nano/turtlebot3_ws/install/turtlebot3_example:/opt/ros/humble /usr/local/bin/cmake --build /home/orin_nano/turtlebot3_ws/build/turtlebot3_node -- -j6 -l6
[1.339s] Invoking command in '/home/orin_nano/turtlebot3_ws/build/turtlebot3_node': CMAKE_PREFIX_PATH=${CMAKE_PREFIX_PATH}:/home/orin_nano/turtlebot3_ws/install/turtlebot3_teleop:/home/orin_nano/turtlebot3_ws/install/turtlebot3_example:/opt/ros/humble /usr/local/bin/cmake --install /home/orin_nano/turtlebot3_ws/build/turtlebot3_node
[1.496s] -- Install configuration: ""
[1.497s] -- Execute custom install script
[1.498s] -- Up-to-date symlink: /home/orin_nano/turtlebot3_ws/install/turtlebot3_node/share/turtlebot3_node/param/burger.yaml
[1.498s] -- Up-to-date symlink: /home/orin_nano/turtlebot3_ws/install/turtlebot3_node/share/turtlebot3_node/param/waffle.yaml
[1.498s] -- Up-to-date symlink: /home/orin_nano/turtlebot3_ws/install/turtlebot3_node/share/turtlebot3_node/param/waffle_pi.yaml
[1.499s] -- Up-to-date symlink: /home/orin_nano/turtlebot3_ws/install/turtlebot3_node/lib/turtlebot3_node/turtlebot3_ros
[1.500s] -- Up-to-date symlink: /home/orin_nano/turtlebot3_ws/install/turtlebot3_node/share/ament_index/resource_index/package_run_dependencies/turtlebot3_node
[1.500s] -- Up-to-date symlink: /home/orin_nano/turtlebot3_ws/install/turtlebot3_node/share/ament_index/resource_index/parent_prefix_path/turtlebot3_node
[1.500s] -- Up-to-date symlink: /home/orin_nano/turtlebot3_ws/install/turtlebot3_node/share/turtlebot3_node/environment/ament_prefix_path.sh
[1.501s] -- Up-to-date symlink: /home/orin_nano/turtlebot3_ws/install/turtlebot3_node/share/turtlebot3_node/environment/ament_prefix_path.dsv
[1.501s] -- Up-to-date symlink: /home/orin_nano/turtlebot3_ws/install/turtlebot3_node/share/turtlebot3_node/environment/path.sh
[1.502s] -- Up-to-date symlink: /home/orin_nano/turtlebot3_ws/install/turtlebot3_node/share/turtlebot3_node/environment/path.dsv
[1.502s] -- Up-to-date symlink: /home/orin_nano/turtlebot3_ws/install/turtlebot3_node/share/turtlebot3_node/local_setup.bash
[1.503s] -- Up-to-date symlink: /home/orin_nano/turtlebot3_ws/install/turtlebot3_node/share/turtlebot3_node/local_setup.sh
[1.503s] -- Up-to-date symlink: /home/orin_nano/turtlebot3_ws/install/turtlebot3_node/share/turtlebot3_node/local_setup.zsh
[1.503s] -- Up-to-date symlink: /home/orin_nano/turtlebot3_ws/install/turtlebot3_node/share/turtlebot3_node/local_setup.dsv
[1.504s] -- Symlinking: /home/orin_nano/turtlebot3_ws/install/turtlebot3_node/share/turtlebot3_node/package.dsv
[1.528s] -- Up-to-date symlink: /home/orin_nano/turtlebot3_ws/install/turtlebot3_node/share/ament_index/resource_index/packages/turtlebot3_node
[1.528s] -- Up-to-date symlink: /home/orin_nano/turtlebot3_ws/install/turtlebot3_node/share/turtlebot3_node/cmake/ament_cmake_export_include_directories-extras.cmake
[1.529s] -- Up-to-date symlink: /home/orin_nano/turtlebot3_ws/install/turtlebot3_node/share/turtlebot3_node/cmake/turtlebot3_nodeConfig.cmake
[1.530s] -- Up-to-date symlink: /home/orin_nano/turtlebot3_ws/install/turtlebot3_node/share/turtlebot3_node/cmake/turtlebot3_nodeConfig-version.cmake
[1.531s] -- Up-to-date symlink: /home/orin_nano/turtlebot3_ws/install/turtlebot3_node/share/turtlebot3_node/package.xml
[1.640s] Invoked command in '/home/orin_nano/turtlebot3_ws/build/turtlebot3_node' returned '0': CMAKE_PREFIX_PATH=${CMAKE_PREFIX_PATH}:/home/orin_nano/turtlebot3_ws/install/turtlebot3_teleop:/home/orin_nano/turtlebot3_ws/install/turtlebot3_example:/opt/ros/humble /usr/local/bin/cmake --install /home/orin_nano/turtlebot3_ws/build/turtlebot3_node
