[0.062s] Invoking command in '/home/orin_nano/turtlebot3_ws/build/orbbec_camera_msgs': CMAKE_PREFIX_PATH=${CMAKE_PREFIX_PATH}:/home/orin_nano/turtlebot3_ws/install/turtlebot3_teleop:/home/orin_nano/turtlebot3_ws/install/turtlebot3_example:/opt/ros/humble /usr/local/bin/cmake --build /home/orin_nano/turtlebot3_ws/build/orbbec_camera_msgs -- -j6 -l6
[1.316s] [  0%] Built target orbbec_camera_msgs__cpp
[1.316s] [ 12%] Built target orbbec_camera_msgs__rosidl_generator_c
[1.316s] [ 12%] Built target ament_cmake_python_symlink_orbbec_camera_msgs
[1.317s] [ 24%] Built target orbbec_camera_msgs__rosidl_typesupport_introspection_c
[1.317s] [ 36%] Built target orbbec_camera_msgs__rosidl_typesupport_cpp
[1.317s] [ 54%] Built target orbbec_camera_msgs__rosidl_typesupport_c
[1.317s] [ 60%] Built target orbbec_camera_msgs__rosidl_typesupport_introspection_cpp
[1.318s] [ 71%] Built target orbbec_camera_msgs__rosidl_typesupport_fastrtps_cpp
[1.318s] [ 83%] Built target orbbec_camera_msgs__rosidl_typesupport_fastrtps_c
[1.318s] [ 83%] Built target orbbec_camera_msgs
[1.319s] [ 84%] Built target orbbec_camera_msgs__py
[1.319s] [ 95%] Built target orbbec_camera_msgs__rosidl_generator_py
[1.319s] [ 96%] Built target orbbec_camera_msgs__rosidl_typesupport_c__pyext
[1.321s] [ 98%] Built target orbbec_camera_msgs__rosidl_typesupport_fastrtps_c__pyext
[1.322s] [100%] Built target orbbec_camera_msgs__rosidl_typesupport_introspection_c__pyext
[1.322s] running egg_info
[1.324s] writing orbbec_camera_msgs.egg-info/PKG-INFO
[1.325s] writing dependency_links to orbbec_camera_msgs.egg-info/dependency_links.txt
[1.326s] writing top-level names to orbbec_camera_msgs.egg-info/top_level.txt
[1.326s] reading manifest file 'orbbec_camera_msgs.egg-info/SOURCES.txt'
[1.326s] writing manifest file 'orbbec_camera_msgs.egg-info/SOURCES.txt'
[1.327s] [100%] Built target ament_cmake_python_build_orbbec_camera_msgs_egg
[1.486s] Invoked command in '/home/orin_nano/turtlebot3_ws/build/orbbec_camera_msgs' returned '0': CMAKE_PREFIX_PATH=${CMAKE_PREFIX_PATH}:/home/orin_nano/turtlebot3_ws/install/turtlebot3_teleop:/home/orin_nano/turtlebot3_ws/install/turtlebot3_example:/opt/ros/humble /usr/local/bin/cmake --build /home/orin_nano/turtlebot3_ws/build/orbbec_camera_msgs -- -j6 -l6
[1.489s] Invoking command in '/home/orin_nano/turtlebot3_ws/build/orbbec_camera_msgs': CMAKE_PREFIX_PATH=${CMAKE_PREFIX_PATH}:/home/orin_nano/turtlebot3_ws/install/turtlebot3_teleop:/home/orin_nano/turtlebot3_ws/install/turtlebot3_example:/opt/ros/humble /usr/local/bin/cmake --install /home/orin_nano/turtlebot3_ws/build/orbbec_camera_msgs
[1.652s] -- Install configuration: ""
[1.661s] -- Execute custom install script
[1.662s] -- Up-to-date symlink: /home/orin_nano/turtlebot3_ws/install/orbbec_camera_msgs/share/ament_index/resource_index/rosidl_interfaces/orbbec_camera_msgs
[1.671s] -- Up-to-date symlink: /home/orin_nano/turtlebot3_ws/install/orbbec_camera_msgs/include/orbbec_camera_msgs/orbbec_camera_msgs/msg/detail/device_info__functions.h
[1.671s] -- Up-to-date symlink: /home/orin_nano/turtlebot3_ws/install/orbbec_camera_msgs/include/orbbec_camera_msgs/orbbec_camera_msgs/msg/detail/device_info__struct.h
[1.671s] -- Up-to-date symlink: /home/orin_nano/turtlebot3_ws/install/orbbec_camera_msgs/include/orbbec_camera_msgs/orbbec_camera_msgs/msg/detail/device_info__type_support.h
[1.671s] -- Up-to-date symlink: /home/orin_nano/turtlebot3_ws/install/orbbec_camera_msgs/include/orbbec_camera_msgs/orbbec_camera_msgs/msg/detail/extrinsics__functions.h
[1.671s] -- Up-to-date symlink: /home/orin_nano/turtlebot3_ws/install/orbbec_camera_msgs/include/orbbec_camera_msgs/orbbec_camera_msgs/msg/detail/extrinsics__struct.h
[1.672s] -- Up-to-date symlink: /home/orin_nano/turtlebot3_ws/install/orbbec_camera_msgs/include/orbbec_camera_msgs/orbbec_camera_msgs/msg/detail/extrinsics__type_support.h
[1.672s] -- Up-to-date symlink: /home/orin_nano/turtlebot3_ws/install/orbbec_camera_msgs/include/orbbec_camera_msgs/orbbec_camera_msgs/msg/detail/imu_info__functions.h
[1.672s] -- Up-to-date symlink: /home/orin_nano/turtlebot3_ws/install/orbbec_camera_msgs/include/orbbec_camera_msgs/orbbec_camera_msgs/msg/detail/imu_info__struct.h
[1.673s] -- Up-to-date symlink: /home/orin_nano/turtlebot3_ws/install/orbbec_camera_msgs/include/orbbec_camera_msgs/orbbec_camera_msgs/msg/detail/imu_info__type_support.h
[1.673s] -- Up-to-date symlink: /home/orin_nano/turtlebot3_ws/install/orbbec_camera_msgs/include/orbbec_camera_msgs/orbbec_camera_msgs/msg/detail/metadata__functions.h
[1.673s] -- Up-to-date symlink: /home/orin_nano/turtlebot3_ws/install/orbbec_camera_msgs/include/orbbec_camera_msgs/orbbec_camera_msgs/msg/detail/metadata__struct.h
[1.674s] -- Up-to-date symlink: /home/orin_nano/turtlebot3_ws/install/orbbec_camera_msgs/include/orbbec_camera_msgs/orbbec_camera_msgs/msg/detail/metadata__type_support.h
[1.674s] -- Up-to-date symlink: /home/orin_nano/turtlebot3_ws/install/orbbec_camera_msgs/include/orbbec_camera_msgs/orbbec_camera_msgs/msg/detail/rgbd__functions.h
[1.674s] -- Up-to-date symlink: /home/orin_nano/turtlebot3_ws/install/orbbec_camera_msgs/include/orbbec_camera_msgs/orbbec_camera_msgs/msg/detail/rgbd__struct.h
[1.675s] -- Up-to-date symlink: /home/orin_nano/turtlebot3_ws/install/orbbec_camera_msgs/include/orbbec_camera_msgs/orbbec_camera_msgs/msg/detail/rgbd__type_support.h
[1.675s] -- Up-to-date symlink: /home/orin_nano/turtlebot3_ws/install/orbbec_camera_msgs/include/orbbec_camera_msgs/orbbec_camera_msgs/msg/device_info.h
[1.675s] -- Up-to-date symlink: /home/orin_nano/turtlebot3_ws/install/orbbec_camera_msgs/include/orbbec_camera_msgs/orbbec_camera_msgs/msg/extrinsics.h
[1.675s] -- Up-to-date symlink: /home/orin_nano/turtlebot3_ws/install/orbbec_camera_msgs/include/orbbec_camera_msgs/orbbec_camera_msgs/msg/imu_info.h
[1.676s] -- Up-to-date symlink: /home/orin_nano/turtlebot3_ws/install/orbbec_camera_msgs/include/orbbec_camera_msgs/orbbec_camera_msgs/msg/metadata.h
[1.676s] -- Up-to-date symlink: /home/orin_nano/turtlebot3_ws/install/orbbec_camera_msgs/include/orbbec_camera_msgs/orbbec_camera_msgs/msg/rgbd.h
[1.677s] -- Up-to-date symlink: /home/orin_nano/turtlebot3_ws/install/orbbec_camera_msgs/include/orbbec_camera_msgs/orbbec_camera_msgs/msg/rosidl_generator_c__visibility_control.h
[1.677s] -- Up-to-date symlink: /home/orin_nano/turtlebot3_ws/install/orbbec_camera_msgs/include/orbbec_camera_msgs/orbbec_camera_msgs/srv/detail/get_bool__functions.h
[1.678s] -- Up-to-date symlink: /home/orin_nano/turtlebot3_ws/install/orbbec_camera_msgs/include/orbbec_camera_msgs/orbbec_camera_msgs/srv/detail/get_bool__struct.h
[1.678s] -- Up-to-date symlink: /home/orin_nano/turtlebot3_ws/install/orbbec_camera_msgs/include/orbbec_camera_msgs/orbbec_camera_msgs/srv/detail/get_bool__type_support.h
[1.679s] -- Up-to-date symlink: /home/orin_nano/turtlebot3_ws/install/orbbec_camera_msgs/include/orbbec_camera_msgs/orbbec_camera_msgs/srv/detail/get_camera_info__functions.h
[1.679s] -- Up-to-date symlink: /home/orin_nano/turtlebot3_ws/install/orbbec_camera_msgs/include/orbbec_camera_msgs/orbbec_camera_msgs/srv/detail/get_camera_info__struct.h
[1.679s] -- Up-to-date symlink: /home/orin_nano/turtlebot3_ws/install/orbbec_camera_msgs/include/orbbec_camera_msgs/orbbec_camera_msgs/srv/detail/get_camera_info__type_support.h
[1.679s] -- Up-to-date symlink: /home/orin_nano/turtlebot3_ws/install/orbbec_camera_msgs/include/orbbec_camera_msgs/orbbec_camera_msgs/srv/detail/get_device_info__functions.h
[1.679s] -- Up-to-date symlink: /home/orin_nano/turtlebot3_ws/install/orbbec_camera_msgs/include/orbbec_camera_msgs/orbbec_camera_msgs/srv/detail/get_device_info__struct.h
[1.680s] -- Up-to-date symlink: /home/orin_nano/turtlebot3_ws/install/orbbec_camera_msgs/include/orbbec_camera_msgs/orbbec_camera_msgs/srv/detail/get_device_info__type_support.h
[1.680s] -- Up-to-date symlink: /home/orin_nano/turtlebot3_ws/install/orbbec_camera_msgs/include/orbbec_camera_msgs/orbbec_camera_msgs/srv/detail/get_int32__functions.h
[1.681s] -- Up-to-date symlink: /home/orin_nano/turtlebot3_ws/install/orbbec_camera_msgs/include/orbbec_camera_msgs/orbbec_camera_msgs/srv/detail/get_int32__struct.h
[1.682s] -- Up-to-date symlink: /home/orin_nano/turtlebot3_ws/install/orbbec_camera_msgs/include/orbbec_camera_msgs/orbbec_camera_msgs/srv/detail/get_int32__type_support.h
[1.683s] -- Up-to-date symlink: /home/orin_nano/turtlebot3_ws/install/orbbec_camera_msgs/include/orbbec_camera_msgs/orbbec_camera_msgs/srv/detail/get_string__functions.h
[1.683s] -- Up-to-date symlink: /home/orin_nano/turtlebot3_ws/install/orbbec_camera_msgs/include/orbbec_camera_msgs/orbbec_camera_msgs/srv/detail/get_string__struct.h
[1.684s] -- Up-to-date symlink: /home/orin_nano/turtlebot3_ws/install/orbbec_camera_msgs/include/orbbec_camera_msgs/orbbec_camera_msgs/srv/detail/get_string__type_support.h
[1.684s] -- Up-to-date symlink: /home/orin_nano/turtlebot3_ws/install/orbbec_camera_msgs/include/orbbec_camera_msgs/orbbec_camera_msgs/srv/detail/set_int32__functions.h
[1.685s] -- Up-to-date symlink: /home/orin_nano/turtlebot3_ws/install/orbbec_camera_msgs/include/orbbec_camera_msgs/orbbec_camera_msgs/srv/detail/set_int32__struct.h
[1.685s] -- Up-to-date symlink: /home/orin_nano/turtlebot3_ws/install/orbbec_camera_msgs/include/orbbec_camera_msgs/orbbec_camera_msgs/srv/detail/set_int32__type_support.h
[1.685s] -- Up-to-date symlink: /home/orin_nano/turtlebot3_ws/install/orbbec_camera_msgs/include/orbbec_camera_msgs/orbbec_camera_msgs/srv/detail/set_string__functions.h
[1.687s] -- Up-to-date symlink: /home/orin_nano/turtlebot3_ws/install/orbbec_camera_msgs/include/orbbec_camera_msgs/orbbec_camera_msgs/srv/detail/set_string__struct.h
[1.687s] -- Up-to-date symlink: /home/orin_nano/turtlebot3_ws/install/orbbec_camera_msgs/include/orbbec_camera_msgs/orbbec_camera_msgs/srv/detail/set_string__type_support.h
[1.687s] -- Up-to-date symlink: /home/orin_nano/turtlebot3_ws/install/orbbec_camera_msgs/include/orbbec_camera_msgs/orbbec_camera_msgs/srv/get_bool.h
[1.690s] -- Up-to-date symlink: /home/orin_nano/turtlebot3_ws/install/orbbec_camera_msgs/include/orbbec_camera_msgs/orbbec_camera_msgs/srv/get_camera_info.h
[1.692s] -- Up-to-date symlink: /home/orin_nano/turtlebot3_ws/install/orbbec_camera_msgs/include/orbbec_camera_msgs/orbbec_camera_msgs/srv/get_device_info.h
[1.694s] -- Up-to-date symlink: /home/orin_nano/turtlebot3_ws/install/orbbec_camera_msgs/include/orbbec_camera_msgs/orbbec_camera_msgs/srv/get_int32.h
[1.695s] -- Up-to-date symlink: /home/orin_nano/turtlebot3_ws/install/orbbec_camera_msgs/include/orbbec_camera_msgs/orbbec_camera_msgs/srv/get_string.h
[1.696s] -- Up-to-date symlink: /home/orin_nano/turtlebot3_ws/install/orbbec_camera_msgs/include/orbbec_camera_msgs/orbbec_camera_msgs/srv/set_int32.h
[1.697s] -- Up-to-date symlink: /home/orin_nano/turtlebot3_ws/install/orbbec_camera_msgs/include/orbbec_camera_msgs/orbbec_camera_msgs/srv/set_string.h
[1.698s] -- Up-to-date symlink: /home/orin_nano/turtlebot3_ws/install/orbbec_camera_msgs/share/orbbec_camera_msgs/environment/library_path.sh
[1.699s] -- Up-to-date symlink: /home/orin_nano/turtlebot3_ws/install/orbbec_camera_msgs/share/orbbec_camera_msgs/environment/library_path.dsv
[1.700s] -- Up-to-date symlink: /home/orin_nano/turtlebot3_ws/install/orbbec_camera_msgs/include/orbbec_camera_msgs/orbbec_camera_msgs/msg/detail/device_info__rosidl_typesupport_fastrtps_c.h
[1.703s] -- Up-to-date symlink: /home/orin_nano/turtlebot3_ws/install/orbbec_camera_msgs/include/orbbec_camera_msgs/orbbec_camera_msgs/msg/detail/extrinsics__rosidl_typesupport_fastrtps_c.h
[1.708s] -- Up-to-date symlink: /home/orin_nano/turtlebot3_ws/install/orbbec_camera_msgs/include/orbbec_camera_msgs/orbbec_camera_msgs/msg/detail/imu_info__rosidl_typesupport_fastrtps_c.h
[1.709s] -- Up-to-date symlink: /home/orin_nano/turtlebot3_ws/install/orbbec_camera_msgs/include/orbbec_camera_msgs/orbbec_camera_msgs/msg/detail/metadata__rosidl_typesupport_fastrtps_c.h
[1.710s] -- Up-to-date symlink: /home/orin_nano/turtlebot3_ws/install/orbbec_camera_msgs/include/orbbec_camera_msgs/orbbec_camera_msgs/msg/detail/rgbd__rosidl_typesupport_fastrtps_c.h
[1.714s] -- Up-to-date symlink: /home/orin_nano/turtlebot3_ws/install/orbbec_camera_msgs/include/orbbec_camera_msgs/orbbec_camera_msgs/msg/rosidl_typesupport_fastrtps_c__visibility_control.h
[1.715s] -- Up-to-date symlink: /home/orin_nano/turtlebot3_ws/install/orbbec_camera_msgs/include/orbbec_camera_msgs/orbbec_camera_msgs/srv/detail/get_bool__rosidl_typesupport_fastrtps_c.h
[1.715s] -- Up-to-date symlink: /home/orin_nano/turtlebot3_ws/install/orbbec_camera_msgs/include/orbbec_camera_msgs/orbbec_camera_msgs/srv/detail/get_camera_info__rosidl_typesupport_fastrtps_c.h
[1.716s] -- Up-to-date symlink: /home/orin_nano/turtlebot3_ws/install/orbbec_camera_msgs/include/orbbec_camera_msgs/orbbec_camera_msgs/srv/detail/get_device_info__rosidl_typesupport_fastrtps_c.h
[1.716s] -- Up-to-date symlink: /home/orin_nano/turtlebot3_ws/install/orbbec_camera_msgs/include/orbbec_camera_msgs/orbbec_camera_msgs/srv/detail/get_int32__rosidl_typesupport_fastrtps_c.h
[1.716s] -- Up-to-date symlink: /home/orin_nano/turtlebot3_ws/install/orbbec_camera_msgs/include/orbbec_camera_msgs/orbbec_camera_msgs/srv/detail/get_string__rosidl_typesupport_fastrtps_c.h
[1.717s] -- Up-to-date symlink: /home/orin_nano/turtlebot3_ws/install/orbbec_camera_msgs/include/orbbec_camera_msgs/orbbec_camera_msgs/srv/detail/set_int32__rosidl_typesupport_fastrtps_c.h
[1.717s] -- Up-to-date symlink: /home/orin_nano/turtlebot3_ws/install/orbbec_camera_msgs/include/orbbec_camera_msgs/orbbec_camera_msgs/srv/detail/set_string__rosidl_typesupport_fastrtps_c.h
[1.717s] -- Up-to-date symlink: /home/orin_nano/turtlebot3_ws/install/orbbec_camera_msgs/include/orbbec_camera_msgs/orbbec_camera_msgs/msg/detail/device_info__rosidl_typesupport_introspection_c.h
[1.718s] -- Up-to-date symlink: /home/orin_nano/turtlebot3_ws/install/orbbec_camera_msgs/include/orbbec_camera_msgs/orbbec_camera_msgs/msg/detail/extrinsics__rosidl_typesupport_introspection_c.h
[1.722s] -- Up-to-date symlink: /home/orin_nano/turtlebot3_ws/install/orbbec_camera_msgs/include/orbbec_camera_msgs/orbbec_camera_msgs/msg/detail/imu_info__rosidl_typesupport_introspection_c.h
[1.725s] -- Up-to-date symlink: /home/orin_nano/turtlebot3_ws/install/orbbec_camera_msgs/include/orbbec_camera_msgs/orbbec_camera_msgs/msg/detail/metadata__rosidl_typesupport_introspection_c.h
[1.732s] -- Up-to-date symlink: /home/orin_nano/turtlebot3_ws/install/orbbec_camera_msgs/include/orbbec_camera_msgs/orbbec_camera_msgs/msg/detail/rgbd__rosidl_typesupport_introspection_c.h
[1.732s] -- Up-to-date symlink: /home/orin_nano/turtlebot3_ws/install/orbbec_camera_msgs/include/orbbec_camera_msgs/orbbec_camera_msgs/msg/rosidl_typesupport_introspection_c__visibility_control.h
[1.733s] -- Up-to-date symlink: /home/orin_nano/turtlebot3_ws/install/orbbec_camera_msgs/include/orbbec_camera_msgs/orbbec_camera_msgs/srv/detail/get_bool__rosidl_typesupport_introspection_c.h
[1.733s] -- Up-to-date symlink: /home/orin_nano/turtlebot3_ws/install/orbbec_camera_msgs/include/orbbec_camera_msgs/orbbec_camera_msgs/srv/detail/get_camera_info__rosidl_typesupport_introspection_c.h
[1.733s] -- Up-to-date symlink: /home/orin_nano/turtlebot3_ws/install/orbbec_camera_msgs/include/orbbec_camera_msgs/orbbec_camera_msgs/srv/detail/get_device_info__rosidl_typesupport_introspection_c.h
[1.733s] -- Up-to-date symlink: /home/orin_nano/turtlebot3_ws/install/orbbec_camera_msgs/include/orbbec_camera_msgs/orbbec_camera_msgs/srv/detail/get_int32__rosidl_typesupport_introspection_c.h
[1.733s] -- Up-to-date symlink: /home/orin_nano/turtlebot3_ws/install/orbbec_camera_msgs/include/orbbec_camera_msgs/orbbec_camera_msgs/srv/detail/get_string__rosidl_typesupport_introspection_c.h
[1.733s] -- Up-to-date symlink: /home/orin_nano/turtlebot3_ws/install/orbbec_camera_msgs/include/orbbec_camera_msgs/orbbec_camera_msgs/srv/detail/set_int32__rosidl_typesupport_introspection_c.h
[1.733s] -- Up-to-date symlink: /home/orin_nano/turtlebot3_ws/install/orbbec_camera_msgs/include/orbbec_camera_msgs/orbbec_camera_msgs/srv/detail/set_string__rosidl_typesupport_introspection_c.h
[1.733s] -- Up-to-date symlink: /home/orin_nano/turtlebot3_ws/install/orbbec_camera_msgs/include/orbbec_camera_msgs/orbbec_camera_msgs/msg/detail/device_info__builder.hpp
[1.734s] -- Up-to-date symlink: /home/orin_nano/turtlebot3_ws/install/orbbec_camera_msgs/include/orbbec_camera_msgs/orbbec_camera_msgs/msg/detail/device_info__struct.hpp
[1.734s] -- Up-to-date symlink: /home/orin_nano/turtlebot3_ws/install/orbbec_camera_msgs/include/orbbec_camera_msgs/orbbec_camera_msgs/msg/detail/device_info__traits.hpp
[1.734s] -- Up-to-date symlink: /home/orin_nano/turtlebot3_ws/install/orbbec_camera_msgs/include/orbbec_camera_msgs/orbbec_camera_msgs/msg/detail/device_info__type_support.hpp
[1.734s] -- Up-to-date symlink: /home/orin_nano/turtlebot3_ws/install/orbbec_camera_msgs/include/orbbec_camera_msgs/orbbec_camera_msgs/msg/detail/extrinsics__builder.hpp
[1.734s] -- Up-to-date symlink: /home/orin_nano/turtlebot3_ws/install/orbbec_camera_msgs/include/orbbec_camera_msgs/orbbec_camera_msgs/msg/detail/extrinsics__struct.hpp
[1.734s] -- Up-to-date symlink: /home/orin_nano/turtlebot3_ws/install/orbbec_camera_msgs/include/orbbec_camera_msgs/orbbec_camera_msgs/msg/detail/extrinsics__traits.hpp
[1.734s] -- Up-to-date symlink: /home/orin_nano/turtlebot3_ws/install/orbbec_camera_msgs/include/orbbec_camera_msgs/orbbec_camera_msgs/msg/detail/extrinsics__type_support.hpp
[1.735s] -- Up-to-date symlink: /home/orin_nano/turtlebot3_ws/install/orbbec_camera_msgs/include/orbbec_camera_msgs/orbbec_camera_msgs/msg/detail/imu_info__builder.hpp
[1.735s] -- Up-to-date symlink: /home/orin_nano/turtlebot3_ws/install/orbbec_camera_msgs/include/orbbec_camera_msgs/orbbec_camera_msgs/msg/detail/imu_info__struct.hpp
[1.735s] -- Up-to-date symlink: /home/orin_nano/turtlebot3_ws/install/orbbec_camera_msgs/include/orbbec_camera_msgs/orbbec_camera_msgs/msg/detail/imu_info__traits.hpp
[1.735s] -- Up-to-date symlink: /home/orin_nano/turtlebot3_ws/install/orbbec_camera_msgs/include/orbbec_camera_msgs/orbbec_camera_msgs/msg/detail/imu_info__type_support.hpp
[1.735s] -- Up-to-date symlink: /home/orin_nano/turtlebot3_ws/install/orbbec_camera_msgs/include/orbbec_camera_msgs/orbbec_camera_msgs/msg/detail/metadata__builder.hpp
[1.735s] -- Up-to-date symlink: /home/orin_nano/turtlebot3_ws/install/orbbec_camera_msgs/include/orbbec_camera_msgs/orbbec_camera_msgs/msg/detail/metadata__struct.hpp
[1.735s] -- Up-to-date symlink: /home/orin_nano/turtlebot3_ws/install/orbbec_camera_msgs/include/orbbec_camera_msgs/orbbec_camera_msgs/msg/detail/metadata__traits.hpp
[1.735s] -- Up-to-date symlink: /home/orin_nano/turtlebot3_ws/install/orbbec_camera_msgs/include/orbbec_camera_msgs/orbbec_camera_msgs/msg/detail/metadata__type_support.hpp
[1.735s] -- Up-to-date symlink: /home/orin_nano/turtlebot3_ws/install/orbbec_camera_msgs/include/orbbec_camera_msgs/orbbec_camera_msgs/msg/detail/rgbd__builder.hpp
[1.748s] -- Up-to-date symlink: /home/orin_nano/turtlebot3_ws/install/orbbec_camera_msgs/include/orbbec_camera_msgs/orbbec_camera_msgs/msg/detail/rgbd__struct.hpp
[1.749s] -- Up-to-date symlink: /home/orin_nano/turtlebot3_ws/install/orbbec_camera_msgs/include/orbbec_camera_msgs/orbbec_camera_msgs/msg/detail/rgbd__traits.hpp
[1.749s] -- Up-to-date symlink: /home/orin_nano/turtlebot3_ws/install/orbbec_camera_msgs/include/orbbec_camera_msgs/orbbec_camera_msgs/msg/detail/rgbd__type_support.hpp
[1.749s] -- Up-to-date symlink: /home/orin_nano/turtlebot3_ws/install/orbbec_camera_msgs/include/orbbec_camera_msgs/orbbec_camera_msgs/msg/device_info.hpp
[1.749s] -- Up-to-date symlink: /home/orin_nano/turtlebot3_ws/install/orbbec_camera_msgs/include/orbbec_camera_msgs/orbbec_camera_msgs/msg/extrinsics.hpp
[1.749s] -- Up-to-date symlink: /home/orin_nano/turtlebot3_ws/install/orbbec_camera_msgs/include/orbbec_camera_msgs/orbbec_camera_msgs/msg/imu_info.hpp
[1.749s] -- Up-to-date symlink: /home/orin_nano/turtlebot3_ws/install/orbbec_camera_msgs/include/orbbec_camera_msgs/orbbec_camera_msgs/msg/metadata.hpp
[1.750s] -- Up-to-date symlink: /home/orin_nano/turtlebot3_ws/install/orbbec_camera_msgs/include/orbbec_camera_msgs/orbbec_camera_msgs/msg/rgbd.hpp
[1.750s] -- Up-to-date symlink: /home/orin_nano/turtlebot3_ws/install/orbbec_camera_msgs/include/orbbec_camera_msgs/orbbec_camera_msgs/msg/rosidl_generator_cpp__visibility_control.hpp
[1.750s] -- Up-to-date symlink: /home/orin_nano/turtlebot3_ws/install/orbbec_camera_msgs/include/orbbec_camera_msgs/orbbec_camera_msgs/srv/detail/get_bool__builder.hpp
[1.750s] -- Up-to-date symlink: /home/orin_nano/turtlebot3_ws/install/orbbec_camera_msgs/include/orbbec_camera_msgs/orbbec_camera_msgs/srv/detail/get_bool__struct.hpp
[1.750s] -- Up-to-date symlink: /home/orin_nano/turtlebot3_ws/install/orbbec_camera_msgs/include/orbbec_camera_msgs/orbbec_camera_msgs/srv/detail/get_bool__traits.hpp
[1.750s] -- Up-to-date symlink: /home/orin_nano/turtlebot3_ws/install/orbbec_camera_msgs/include/orbbec_camera_msgs/orbbec_camera_msgs/srv/detail/get_bool__type_support.hpp
[1.750s] -- Up-to-date symlink: /home/orin_nano/turtlebot3_ws/install/orbbec_camera_msgs/include/orbbec_camera_msgs/orbbec_camera_msgs/srv/detail/get_camera_info__builder.hpp
[1.750s] -- Up-to-date symlink: /home/orin_nano/turtlebot3_ws/install/orbbec_camera_msgs/include/orbbec_camera_msgs/orbbec_camera_msgs/srv/detail/get_camera_info__struct.hpp
[1.751s] -- Up-to-date symlink: /home/orin_nano/turtlebot3_ws/install/orbbec_camera_msgs/include/orbbec_camera_msgs/orbbec_camera_msgs/srv/detail/get_camera_info__traits.hpp
[1.751s] -- Up-to-date symlink: /home/orin_nano/turtlebot3_ws/install/orbbec_camera_msgs/include/orbbec_camera_msgs/orbbec_camera_msgs/srv/detail/get_camera_info__type_support.hpp
[1.751s] -- Up-to-date symlink: /home/orin_nano/turtlebot3_ws/install/orbbec_camera_msgs/include/orbbec_camera_msgs/orbbec_camera_msgs/srv/detail/get_device_info__builder.hpp
[1.751s] -- Up-to-date symlink: /home/orin_nano/turtlebot3_ws/install/orbbec_camera_msgs/include/orbbec_camera_msgs/orbbec_camera_msgs/srv/detail/get_device_info__struct.hpp
[1.751s] -- Up-to-date symlink: /home/orin_nano/turtlebot3_ws/install/orbbec_camera_msgs/include/orbbec_camera_msgs/orbbec_camera_msgs/srv/detail/get_device_info__traits.hpp
[1.751s] -- Up-to-date symlink: /home/orin_nano/turtlebot3_ws/install/orbbec_camera_msgs/include/orbbec_camera_msgs/orbbec_camera_msgs/srv/detail/get_device_info__type_support.hpp
[1.751s] -- Up-to-date symlink: /home/orin_nano/turtlebot3_ws/install/orbbec_camera_msgs/include/orbbec_camera_msgs/orbbec_camera_msgs/srv/detail/get_int32__builder.hpp
[1.751s] -- Up-to-date symlink: /home/orin_nano/turtlebot3_ws/install/orbbec_camera_msgs/include/orbbec_camera_msgs/orbbec_camera_msgs/srv/detail/get_int32__struct.hpp
[1.751s] -- Up-to-date symlink: /home/orin_nano/turtlebot3_ws/install/orbbec_camera_msgs/include/orbbec_camera_msgs/orbbec_camera_msgs/srv/detail/get_int32__traits.hpp
[1.752s] -- Up-to-date symlink: /home/orin_nano/turtlebot3_ws/install/orbbec_camera_msgs/include/orbbec_camera_msgs/orbbec_camera_msgs/srv/detail/get_int32__type_support.hpp
[1.752s] -- Up-to-date symlink: /home/orin_nano/turtlebot3_ws/install/orbbec_camera_msgs/include/orbbec_camera_msgs/orbbec_camera_msgs/srv/detail/get_string__builder.hpp
[1.752s] -- Up-to-date symlink: /home/orin_nano/turtlebot3_ws/install/orbbec_camera_msgs/include/orbbec_camera_msgs/orbbec_camera_msgs/srv/detail/get_string__struct.hpp
[1.752s] -- Up-to-date symlink: /home/orin_nano/turtlebot3_ws/install/orbbec_camera_msgs/include/orbbec_camera_msgs/orbbec_camera_msgs/srv/detail/get_string__traits.hpp
[1.752s] -- Up-to-date symlink: /home/orin_nano/turtlebot3_ws/install/orbbec_camera_msgs/include/orbbec_camera_msgs/orbbec_camera_msgs/srv/detail/get_string__type_support.hpp
[1.752s] -- Up-to-date symlink: /home/orin_nano/turtlebot3_ws/install/orbbec_camera_msgs/include/orbbec_camera_msgs/orbbec_camera_msgs/srv/detail/set_int32__builder.hpp
[1.752s] -- Up-to-date symlink: /home/orin_nano/turtlebot3_ws/install/orbbec_camera_msgs/include/orbbec_camera_msgs/orbbec_camera_msgs/srv/detail/set_int32__struct.hpp
[1.752s] -- Up-to-date symlink: /home/orin_nano/turtlebot3_ws/install/orbbec_camera_msgs/include/orbbec_camera_msgs/orbbec_camera_msgs/srv/detail/set_int32__traits.hpp
[1.752s] -- Up-to-date symlink: /home/orin_nano/turtlebot3_ws/install/orbbec_camera_msgs/include/orbbec_camera_msgs/orbbec_camera_msgs/srv/detail/set_int32__type_support.hpp
[1.753s] -- Up-to-date symlink: /home/orin_nano/turtlebot3_ws/install/orbbec_camera_msgs/include/orbbec_camera_msgs/orbbec_camera_msgs/srv/detail/set_string__builder.hpp
[1.753s] -- Up-to-date symlink: /home/orin_nano/turtlebot3_ws/install/orbbec_camera_msgs/include/orbbec_camera_msgs/orbbec_camera_msgs/srv/detail/set_string__struct.hpp
[1.753s] -- Up-to-date symlink: /home/orin_nano/turtlebot3_ws/install/orbbec_camera_msgs/include/orbbec_camera_msgs/orbbec_camera_msgs/srv/detail/set_string__traits.hpp
[1.753s] -- Up-to-date symlink: /home/orin_nano/turtlebot3_ws/install/orbbec_camera_msgs/include/orbbec_camera_msgs/orbbec_camera_msgs/srv/detail/set_string__type_support.hpp
[1.753s] -- Up-to-date symlink: /home/orin_nano/turtlebot3_ws/install/orbbec_camera_msgs/include/orbbec_camera_msgs/orbbec_camera_msgs/srv/get_bool.hpp
[1.753s] -- Up-to-date symlink: /home/orin_nano/turtlebot3_ws/install/orbbec_camera_msgs/include/orbbec_camera_msgs/orbbec_camera_msgs/srv/get_camera_info.hpp
[1.753s] -- Up-to-date symlink: /home/orin_nano/turtlebot3_ws/install/orbbec_camera_msgs/include/orbbec_camera_msgs/orbbec_camera_msgs/srv/get_device_info.hpp
[1.753s] -- Up-to-date symlink: /home/orin_nano/turtlebot3_ws/install/orbbec_camera_msgs/include/orbbec_camera_msgs/orbbec_camera_msgs/srv/get_int32.hpp
[1.753s] -- Up-to-date symlink: /home/orin_nano/turtlebot3_ws/install/orbbec_camera_msgs/include/orbbec_camera_msgs/orbbec_camera_msgs/srv/get_string.hpp
[1.754s] -- Up-to-date symlink: /home/orin_nano/turtlebot3_ws/install/orbbec_camera_msgs/include/orbbec_camera_msgs/orbbec_camera_msgs/srv/set_int32.hpp
[1.754s] -- Up-to-date symlink: /home/orin_nano/turtlebot3_ws/install/orbbec_camera_msgs/include/orbbec_camera_msgs/orbbec_camera_msgs/srv/set_string.hpp
[1.754s] -- Up-to-date symlink: /home/orin_nano/turtlebot3_ws/install/orbbec_camera_msgs/include/orbbec_camera_msgs/orbbec_camera_msgs/msg/detail/device_info__rosidl_typesupport_fastrtps_cpp.hpp
[1.754s] -- Up-to-date symlink: /home/orin_nano/turtlebot3_ws/install/orbbec_camera_msgs/include/orbbec_camera_msgs/orbbec_camera_msgs/msg/detail/extrinsics__rosidl_typesupport_fastrtps_cpp.hpp
[1.754s] -- Up-to-date symlink: /home/orin_nano/turtlebot3_ws/install/orbbec_camera_msgs/include/orbbec_camera_msgs/orbbec_camera_msgs/msg/detail/imu_info__rosidl_typesupport_fastrtps_cpp.hpp
[1.754s] -- Up-to-date symlink: /home/orin_nano/turtlebot3_ws/install/orbbec_camera_msgs/include/orbbec_camera_msgs/orbbec_camera_msgs/msg/detail/metadata__rosidl_typesupport_fastrtps_cpp.hpp
[1.754s] -- Up-to-date symlink: /home/orin_nano/turtlebot3_ws/install/orbbec_camera_msgs/include/orbbec_camera_msgs/orbbec_camera_msgs/msg/detail/rgbd__rosidl_typesupport_fastrtps_cpp.hpp
[1.754s] -- Up-to-date symlink: /home/orin_nano/turtlebot3_ws/install/orbbec_camera_msgs/include/orbbec_camera_msgs/orbbec_camera_msgs/msg/rosidl_typesupport_fastrtps_cpp__visibility_control.h
[1.754s] -- Up-to-date symlink: /home/orin_nano/turtlebot3_ws/install/orbbec_camera_msgs/include/orbbec_camera_msgs/orbbec_camera_msgs/srv/detail/get_bool__rosidl_typesupport_fastrtps_cpp.hpp
[1.754s] -- Up-to-date symlink: /home/orin_nano/turtlebot3_ws/install/orbbec_camera_msgs/include/orbbec_camera_msgs/orbbec_camera_msgs/srv/detail/get_camera_info__rosidl_typesupport_fastrtps_cpp.hpp
[1.755s] -- Up-to-date symlink: /home/orin_nano/turtlebot3_ws/install/orbbec_camera_msgs/include/orbbec_camera_msgs/orbbec_camera_msgs/srv/detail/get_device_info__rosidl_typesupport_fastrtps_cpp.hpp
[1.755s] -- Up-to-date symlink: /home/orin_nano/turtlebot3_ws/install/orbbec_camera_msgs/include/orbbec_camera_msgs/orbbec_camera_msgs/srv/detail/get_int32__rosidl_typesupport_fastrtps_cpp.hpp
[1.755s] -- Up-to-date symlink: /home/orin_nano/turtlebot3_ws/install/orbbec_camera_msgs/include/orbbec_camera_msgs/orbbec_camera_msgs/srv/detail/get_string__rosidl_typesupport_fastrtps_cpp.hpp
[1.755s] -- Up-to-date symlink: /home/orin_nano/turtlebot3_ws/install/orbbec_camera_msgs/include/orbbec_camera_msgs/orbbec_camera_msgs/srv/detail/set_int32__rosidl_typesupport_fastrtps_cpp.hpp
[1.755s] -- Up-to-date symlink: /home/orin_nano/turtlebot3_ws/install/orbbec_camera_msgs/include/orbbec_camera_msgs/orbbec_camera_msgs/srv/detail/set_string__rosidl_typesupport_fastrtps_cpp.hpp
[1.755s] -- Up-to-date symlink: /home/orin_nano/turtlebot3_ws/install/orbbec_camera_msgs/include/orbbec_camera_msgs/orbbec_camera_msgs/msg/detail/device_info__rosidl_typesupport_introspection_cpp.hpp
[1.755s] -- Up-to-date symlink: /home/orin_nano/turtlebot3_ws/install/orbbec_camera_msgs/include/orbbec_camera_msgs/orbbec_camera_msgs/msg/detail/extrinsics__rosidl_typesupport_introspection_cpp.hpp
[1.755s] -- Up-to-date symlink: /home/orin_nano/turtlebot3_ws/install/orbbec_camera_msgs/include/orbbec_camera_msgs/orbbec_camera_msgs/msg/detail/imu_info__rosidl_typesupport_introspection_cpp.hpp
[1.755s] -- Up-to-date symlink: /home/orin_nano/turtlebot3_ws/install/orbbec_camera_msgs/include/orbbec_camera_msgs/orbbec_camera_msgs/msg/detail/metadata__rosidl_typesupport_introspection_cpp.hpp
[1.756s] -- Up-to-date symlink: /home/orin_nano/turtlebot3_ws/install/orbbec_camera_msgs/include/orbbec_camera_msgs/orbbec_camera_msgs/msg/detail/rgbd__rosidl_typesupport_introspection_cpp.hpp
[1.756s] -- Up-to-date symlink: /home/orin_nano/turtlebot3_ws/install/orbbec_camera_msgs/include/orbbec_camera_msgs/orbbec_camera_msgs/srv/detail/get_bool__rosidl_typesupport_introspection_cpp.hpp
[1.756s] -- Up-to-date symlink: /home/orin_nano/turtlebot3_ws/install/orbbec_camera_msgs/include/orbbec_camera_msgs/orbbec_camera_msgs/srv/detail/get_camera_info__rosidl_typesupport_introspection_cpp.hpp
[1.756s] -- Up-to-date symlink: /home/orin_nano/turtlebot3_ws/install/orbbec_camera_msgs/include/orbbec_camera_msgs/orbbec_camera_msgs/srv/detail/get_device_info__rosidl_typesupport_introspection_cpp.hpp
[1.757s] -- Up-to-date symlink: /home/orin_nano/turtlebot3_ws/install/orbbec_camera_msgs/include/orbbec_camera_msgs/orbbec_camera_msgs/srv/detail/get_int32__rosidl_typesupport_introspection_cpp.hpp
[1.757s] -- Up-to-date symlink: /home/orin_nano/turtlebot3_ws/install/orbbec_camera_msgs/include/orbbec_camera_msgs/orbbec_camera_msgs/srv/detail/get_string__rosidl_typesupport_introspection_cpp.hpp
[1.757s] -- Up-to-date symlink: /home/orin_nano/turtlebot3_ws/install/orbbec_camera_msgs/include/orbbec_camera_msgs/orbbec_camera_msgs/srv/detail/set_int32__rosidl_typesupport_introspection_cpp.hpp
[1.757s] -- Up-to-date symlink: /home/orin_nano/turtlebot3_ws/install/orbbec_camera_msgs/include/orbbec_camera_msgs/orbbec_camera_msgs/srv/detail/set_string__rosidl_typesupport_introspection_cpp.hpp
[1.757s] -- Up-to-date symlink: /home/orin_nano/turtlebot3_ws/install/orbbec_camera_msgs/share/orbbec_camera_msgs/environment/pythonpath.sh
[1.757s] -- Up-to-date symlink: /home/orin_nano/turtlebot3_ws/install/orbbec_camera_msgs/share/orbbec_camera_msgs/environment/pythonpath.dsv
[1.757s] -- Up-to-date symlink: /home/orin_nano/turtlebot3_ws/install/orbbec_camera_msgs/local/lib/python3.10/dist-packages/orbbec_camera_msgs-1.2.2-py3.10.egg-info/PKG-INFO
[1.757s] -- Up-to-date symlink: /home/orin_nano/turtlebot3_ws/install/orbbec_camera_msgs/local/lib/python3.10/dist-packages/orbbec_camera_msgs-1.2.2-py3.10.egg-info/SOURCES.txt
[1.757s] -- Up-to-date symlink: /home/orin_nano/turtlebot3_ws/install/orbbec_camera_msgs/local/lib/python3.10/dist-packages/orbbec_camera_msgs-1.2.2-py3.10.egg-info/dependency_links.txt
[1.758s] -- Up-to-date symlink: /home/orin_nano/turtlebot3_ws/install/orbbec_camera_msgs/local/lib/python3.10/dist-packages/orbbec_camera_msgs-1.2.2-py3.10.egg-info/top_level.txt
[1.758s] -- Up-to-date symlink: /home/orin_nano/turtlebot3_ws/install/orbbec_camera_msgs/local/lib/python3.10/dist-packages/orbbec_camera_msgs/__init__.py
[1.758s] -- Up-to-date symlink: /home/orin_nano/turtlebot3_ws/install/orbbec_camera_msgs/local/lib/python3.10/dist-packages/orbbec_camera_msgs/_orbbec_camera_msgs_s.ep.rosidl_typesupport_c.c
[1.758s] -- Up-to-date symlink: /home/orin_nano/turtlebot3_ws/install/orbbec_camera_msgs/local/lib/python3.10/dist-packages/orbbec_camera_msgs/_orbbec_camera_msgs_s.ep.rosidl_typesupport_fastrtps_c.c
[1.758s] -- Up-to-date symlink: /home/orin_nano/turtlebot3_ws/install/orbbec_camera_msgs/local/lib/python3.10/dist-packages/orbbec_camera_msgs/_orbbec_camera_msgs_s.ep.rosidl_typesupport_introspection_c.c
[1.758s] -- Up-to-date symlink: /home/orin_nano/turtlebot3_ws/install/orbbec_camera_msgs/local/lib/python3.10/dist-packages/orbbec_camera_msgs/liborbbec_camera_msgs__rosidl_generator_py.so
[1.758s] -- Up-to-date symlink: /home/orin_nano/turtlebot3_ws/install/orbbec_camera_msgs/local/lib/python3.10/dist-packages/orbbec_camera_msgs/msg/__init__.py
[1.758s] -- Up-to-date symlink: /home/orin_nano/turtlebot3_ws/install/orbbec_camera_msgs/local/lib/python3.10/dist-packages/orbbec_camera_msgs/msg/_device_info.py
[1.758s] -- Up-to-date symlink: /home/orin_nano/turtlebot3_ws/install/orbbec_camera_msgs/local/lib/python3.10/dist-packages/orbbec_camera_msgs/msg/_device_info_s.c
[1.758s] -- Up-to-date symlink: /home/orin_nano/turtlebot3_ws/install/orbbec_camera_msgs/local/lib/python3.10/dist-packages/orbbec_camera_msgs/msg/_extrinsics.py
[1.759s] -- Up-to-date symlink: /home/orin_nano/turtlebot3_ws/install/orbbec_camera_msgs/local/lib/python3.10/dist-packages/orbbec_camera_msgs/msg/_extrinsics_s.c
[1.760s] -- Up-to-date symlink: /home/orin_nano/turtlebot3_ws/install/orbbec_camera_msgs/local/lib/python3.10/dist-packages/orbbec_camera_msgs/msg/_imu_info.py
[1.760s] -- Up-to-date symlink: /home/orin_nano/turtlebot3_ws/install/orbbec_camera_msgs/local/lib/python3.10/dist-packages/orbbec_camera_msgs/msg/_imu_info_s.c
[1.760s] -- Up-to-date symlink: /home/orin_nano/turtlebot3_ws/install/orbbec_camera_msgs/local/lib/python3.10/dist-packages/orbbec_camera_msgs/msg/_metadata.py
[1.760s] -- Up-to-date symlink: /home/orin_nano/turtlebot3_ws/install/orbbec_camera_msgs/local/lib/python3.10/dist-packages/orbbec_camera_msgs/msg/_metadata_s.c
[1.761s] -- Up-to-date symlink: /home/orin_nano/turtlebot3_ws/install/orbbec_camera_msgs/local/lib/python3.10/dist-packages/orbbec_camera_msgs/msg/_rgbd.py
[1.761s] -- Up-to-date symlink: /home/orin_nano/turtlebot3_ws/install/orbbec_camera_msgs/local/lib/python3.10/dist-packages/orbbec_camera_msgs/msg/_rgbd_s.c
[1.761s] -- Up-to-date symlink: /home/orin_nano/turtlebot3_ws/install/orbbec_camera_msgs/local/lib/python3.10/dist-packages/orbbec_camera_msgs/orbbec_camera_msgs_s__rosidl_typesupport_c.cpython-310-aarch64-linux-gnu.so
[1.761s] -- Up-to-date symlink: /home/orin_nano/turtlebot3_ws/install/orbbec_camera_msgs/local/lib/python3.10/dist-packages/orbbec_camera_msgs/orbbec_camera_msgs_s__rosidl_typesupport_fastrtps_c.cpython-310-aarch64-linux-gnu.so
[1.761s] -- Up-to-date symlink: /home/orin_nano/turtlebot3_ws/install/orbbec_camera_msgs/local/lib/python3.10/dist-packages/orbbec_camera_msgs/orbbec_camera_msgs_s__rosidl_typesupport_introspection_c.cpython-310-aarch64-linux-gnu.so
[1.763s] -- Up-to-date symlink: /home/orin_nano/turtlebot3_ws/install/orbbec_camera_msgs/local/lib/python3.10/dist-packages/orbbec_camera_msgs/srv/__init__.py
[1.764s] -- Up-to-date symlink: /home/orin_nano/turtlebot3_ws/install/orbbec_camera_msgs/local/lib/python3.10/dist-packages/orbbec_camera_msgs/srv/_get_bool.py
[1.764s] -- Up-to-date symlink: /home/orin_nano/turtlebot3_ws/install/orbbec_camera_msgs/local/lib/python3.10/dist-packages/orbbec_camera_msgs/srv/_get_bool_s.c
[1.764s] -- Up-to-date symlink: /home/orin_nano/turtlebot3_ws/install/orbbec_camera_msgs/local/lib/python3.10/dist-packages/orbbec_camera_msgs/srv/_get_camera_info.py
[1.764s] -- Up-to-date symlink: /home/orin_nano/turtlebot3_ws/install/orbbec_camera_msgs/local/lib/python3.10/dist-packages/orbbec_camera_msgs/srv/_get_camera_info_s.c
[1.764s] -- Up-to-date symlink: /home/orin_nano/turtlebot3_ws/install/orbbec_camera_msgs/local/lib/python3.10/dist-packages/orbbec_camera_msgs/srv/_get_device_info.py
[1.764s] -- Up-to-date symlink: /home/orin_nano/turtlebot3_ws/install/orbbec_camera_msgs/local/lib/python3.10/dist-packages/orbbec_camera_msgs/srv/_get_device_info_s.c
[1.764s] -- Up-to-date symlink: /home/orin_nano/turtlebot3_ws/install/orbbec_camera_msgs/local/lib/python3.10/dist-packages/orbbec_camera_msgs/srv/_get_int32.py
[1.765s] -- Up-to-date symlink: /home/orin_nano/turtlebot3_ws/install/orbbec_camera_msgs/local/lib/python3.10/dist-packages/orbbec_camera_msgs/srv/_get_int32_s.c
[1.765s] -- Up-to-date symlink: /home/orin_nano/turtlebot3_ws/install/orbbec_camera_msgs/local/lib/python3.10/dist-packages/orbbec_camera_msgs/srv/_get_string.py
[1.765s] -- Up-to-date symlink: /home/orin_nano/turtlebot3_ws/install/orbbec_camera_msgs/local/lib/python3.10/dist-packages/orbbec_camera_msgs/srv/_get_string_s.c
[1.765s] -- Up-to-date symlink: /home/orin_nano/turtlebot3_ws/install/orbbec_camera_msgs/local/lib/python3.10/dist-packages/orbbec_camera_msgs/srv/_set_int32.py
[1.765s] -- Up-to-date symlink: /home/orin_nano/turtlebot3_ws/install/orbbec_camera_msgs/local/lib/python3.10/dist-packages/orbbec_camera_msgs/srv/_set_int32_s.c
[1.765s] -- Up-to-date symlink: /home/orin_nano/turtlebot3_ws/install/orbbec_camera_msgs/local/lib/python3.10/dist-packages/orbbec_camera_msgs/srv/_set_string.py
[1.765s] -- Up-to-date symlink: /home/orin_nano/turtlebot3_ws/install/orbbec_camera_msgs/local/lib/python3.10/dist-packages/orbbec_camera_msgs/srv/_set_string_s.c
[1.766s] -- Up-to-date symlink: /home/orin_nano/turtlebot3_ws/install/orbbec_camera_msgs/local/lib/python3.10/dist-packages/orbbec_camera_msgs/orbbec_camera_msgs_s__rosidl_typesupport_fastrtps_c.cpython-310-aarch64-linux-gnu.so
[1.766s] -- Up-to-date symlink: /home/orin_nano/turtlebot3_ws/install/orbbec_camera_msgs/local/lib/python3.10/dist-packages/orbbec_camera_msgs/orbbec_camera_msgs_s__rosidl_typesupport_introspection_c.cpython-310-aarch64-linux-gnu.so
[1.766s] -- Up-to-date symlink: /home/orin_nano/turtlebot3_ws/install/orbbec_camera_msgs/local/lib/python3.10/dist-packages/orbbec_camera_msgs/orbbec_camera_msgs_s__rosidl_typesupport_c.cpython-310-aarch64-linux-gnu.so
[1.766s] -- Up-to-date symlink: /home/orin_nano/turtlebot3_ws/install/orbbec_camera_msgs/share/orbbec_camera_msgs/msg/DeviceInfo.idl
[1.766s] -- Up-to-date symlink: /home/orin_nano/turtlebot3_ws/install/orbbec_camera_msgs/share/orbbec_camera_msgs/msg/Extrinsics.idl
[1.766s] -- Up-to-date symlink: /home/orin_nano/turtlebot3_ws/install/orbbec_camera_msgs/share/orbbec_camera_msgs/msg/Metadata.idl
[1.766s] -- Up-to-date symlink: /home/orin_nano/turtlebot3_ws/install/orbbec_camera_msgs/share/orbbec_camera_msgs/msg/IMUInfo.idl
[1.766s] -- Up-to-date symlink: /home/orin_nano/turtlebot3_ws/install/orbbec_camera_msgs/share/orbbec_camera_msgs/msg/RGBD.idl
[1.766s] -- Up-to-date symlink: /home/orin_nano/turtlebot3_ws/install/orbbec_camera_msgs/share/orbbec_camera_msgs/srv/GetBool.idl
[1.767s] -- Up-to-date symlink: /home/orin_nano/turtlebot3_ws/install/orbbec_camera_msgs/share/orbbec_camera_msgs/srv/GetDeviceInfo.idl
[1.767s] -- Up-to-date symlink: /home/orin_nano/turtlebot3_ws/install/orbbec_camera_msgs/share/orbbec_camera_msgs/srv/GetCameraInfo.idl
[1.767s] -- Up-to-date symlink: /home/orin_nano/turtlebot3_ws/install/orbbec_camera_msgs/share/orbbec_camera_msgs/srv/GetInt32.idl
[1.767s] -- Up-to-date symlink: /home/orin_nano/turtlebot3_ws/install/orbbec_camera_msgs/share/orbbec_camera_msgs/srv/GetString.idl
[1.767s] -- Up-to-date symlink: /home/orin_nano/turtlebot3_ws/install/orbbec_camera_msgs/share/orbbec_camera_msgs/srv/SetInt32.idl
[1.767s] -- Up-to-date symlink: /home/orin_nano/turtlebot3_ws/install/orbbec_camera_msgs/share/orbbec_camera_msgs/srv/SetString.idl
[1.767s] -- Up-to-date symlink: /home/orin_nano/turtlebot3_ws/install/orbbec_camera_msgs/share/orbbec_camera_msgs/msg/DeviceInfo.msg
[1.767s] -- Up-to-date symlink: /home/orin_nano/turtlebot3_ws/install/orbbec_camera_msgs/share/orbbec_camera_msgs/msg/Extrinsics.msg
[1.767s] -- Up-to-date symlink: /home/orin_nano/turtlebot3_ws/install/orbbec_camera_msgs/share/orbbec_camera_msgs/msg/Metadata.msg
[1.768s] -- Up-to-date symlink: /home/orin_nano/turtlebot3_ws/install/orbbec_camera_msgs/share/orbbec_camera_msgs/msg/IMUInfo.msg
[1.768s] -- Up-to-date symlink: /home/orin_nano/turtlebot3_ws/install/orbbec_camera_msgs/share/orbbec_camera_msgs/msg/RGBD.msg
[1.768s] -- Up-to-date symlink: /home/orin_nano/turtlebot3_ws/install/orbbec_camera_msgs/share/orbbec_camera_msgs/srv/GetBool.srv
[1.768s] -- Up-to-date symlink: /home/orin_nano/turtlebot3_ws/install/orbbec_camera_msgs/share/orbbec_camera_msgs/srv/GetBool_Request.msg
[1.768s] -- Up-to-date symlink: /home/orin_nano/turtlebot3_ws/install/orbbec_camera_msgs/share/orbbec_camera_msgs/srv/GetBool_Response.msg
[1.768s] -- Up-to-date symlink: /home/orin_nano/turtlebot3_ws/install/orbbec_camera_msgs/share/orbbec_camera_msgs/srv/GetDeviceInfo.srv
[1.768s] -- Up-to-date symlink: /home/orin_nano/turtlebot3_ws/install/orbbec_camera_msgs/share/orbbec_camera_msgs/srv/GetDeviceInfo_Request.msg
[1.768s] -- Up-to-date symlink: /home/orin_nano/turtlebot3_ws/install/orbbec_camera_msgs/share/orbbec_camera_msgs/srv/GetDeviceInfo_Response.msg
[1.769s] -- Up-to-date symlink: /home/orin_nano/turtlebot3_ws/install/orbbec_camera_msgs/share/orbbec_camera_msgs/srv/GetCameraInfo.srv
[1.769s] -- Up-to-date symlink: /home/orin_nano/turtlebot3_ws/install/orbbec_camera_msgs/share/orbbec_camera_msgs/srv/GetCameraInfo_Request.msg
[1.769s] -- Up-to-date symlink: /home/orin_nano/turtlebot3_ws/install/orbbec_camera_msgs/share/orbbec_camera_msgs/srv/GetCameraInfo_Response.msg
[1.769s] -- Up-to-date symlink: /home/orin_nano/turtlebot3_ws/install/orbbec_camera_msgs/share/orbbec_camera_msgs/srv/GetInt32.srv
[1.769s] -- Up-to-date symlink: /home/orin_nano/turtlebot3_ws/install/orbbec_camera_msgs/share/orbbec_camera_msgs/srv/GetInt32_Request.msg
[1.769s] -- Up-to-date symlink: /home/orin_nano/turtlebot3_ws/install/orbbec_camera_msgs/share/orbbec_camera_msgs/srv/GetInt32_Response.msg
[1.769s] -- Up-to-date symlink: /home/orin_nano/turtlebot3_ws/install/orbbec_camera_msgs/share/orbbec_camera_msgs/srv/GetString.srv
[1.769s] -- Up-to-date symlink: /home/orin_nano/turtlebot3_ws/install/orbbec_camera_msgs/share/orbbec_camera_msgs/srv/GetString_Request.msg
[1.769s] -- Up-to-date symlink: /home/orin_nano/turtlebot3_ws/install/orbbec_camera_msgs/share/orbbec_camera_msgs/srv/GetString_Response.msg
[1.769s] -- Up-to-date symlink: /home/orin_nano/turtlebot3_ws/install/orbbec_camera_msgs/share/orbbec_camera_msgs/srv/SetInt32.srv
[1.770s] -- Up-to-date symlink: /home/orin_nano/turtlebot3_ws/install/orbbec_camera_msgs/share/orbbec_camera_msgs/srv/SetInt32_Request.msg
[1.770s] -- Up-to-date symlink: /home/orin_nano/turtlebot3_ws/install/orbbec_camera_msgs/share/orbbec_camera_msgs/srv/SetInt32_Response.msg
[1.770s] -- Up-to-date symlink: /home/orin_nano/turtlebot3_ws/install/orbbec_camera_msgs/share/orbbec_camera_msgs/srv/SetString.srv
[1.770s] -- Up-to-date symlink: /home/orin_nano/turtlebot3_ws/install/orbbec_camera_msgs/share/orbbec_camera_msgs/srv/SetString_Request.msg
[1.770s] -- Up-to-date symlink: /home/orin_nano/turtlebot3_ws/install/orbbec_camera_msgs/share/orbbec_camera_msgs/srv/SetString_Response.msg
[1.770s] -- Up-to-date symlink: /home/orin_nano/turtlebot3_ws/install/orbbec_camera_msgs/share/ament_index/resource_index/package_run_dependencies/orbbec_camera_msgs
[1.770s] -- Up-to-date symlink: /home/orin_nano/turtlebot3_ws/install/orbbec_camera_msgs/share/ament_index/resource_index/parent_prefix_path/orbbec_camera_msgs
[1.770s] -- Up-to-date symlink: /home/orin_nano/turtlebot3_ws/install/orbbec_camera_msgs/share/orbbec_camera_msgs/environment/ament_prefix_path.sh
[1.770s] -- Up-to-date symlink: /home/orin_nano/turtlebot3_ws/install/orbbec_camera_msgs/share/orbbec_camera_msgs/environment/ament_prefix_path.dsv
[1.770s] -- Up-to-date symlink: /home/orin_nano/turtlebot3_ws/install/orbbec_camera_msgs/share/orbbec_camera_msgs/environment/path.sh
[1.771s] -- Up-to-date symlink: /home/orin_nano/turtlebot3_ws/install/orbbec_camera_msgs/share/orbbec_camera_msgs/environment/path.dsv
[1.771s] -- Up-to-date symlink: /home/orin_nano/turtlebot3_ws/install/orbbec_camera_msgs/share/orbbec_camera_msgs/local_setup.bash
[1.771s] -- Up-to-date symlink: /home/orin_nano/turtlebot3_ws/install/orbbec_camera_msgs/share/orbbec_camera_msgs/local_setup.sh
[1.771s] -- Up-to-date symlink: /home/orin_nano/turtlebot3_ws/install/orbbec_camera_msgs/share/orbbec_camera_msgs/local_setup.zsh
[1.771s] -- Up-to-date symlink: /home/orin_nano/turtlebot3_ws/install/orbbec_camera_msgs/share/orbbec_camera_msgs/local_setup.dsv
[1.771s] -- Symlinking: /home/orin_nano/turtlebot3_ws/install/orbbec_camera_msgs/share/orbbec_camera_msgs/package.dsv
[1.801s] -- Up-to-date symlink: /home/orin_nano/turtlebot3_ws/install/orbbec_camera_msgs/share/ament_index/resource_index/packages/orbbec_camera_msgs
[1.801s] -- Up-to-date symlink: /home/orin_nano/turtlebot3_ws/install/orbbec_camera_msgs/share/orbbec_camera_msgs/cmake/rosidl_cmake-extras.cmake
[1.801s] -- Up-to-date symlink: /home/orin_nano/turtlebot3_ws/install/orbbec_camera_msgs/share/orbbec_camera_msgs/cmake/ament_cmake_export_dependencies-extras.cmake
[1.802s] -- Up-to-date symlink: /home/orin_nano/turtlebot3_ws/install/orbbec_camera_msgs/share/orbbec_camera_msgs/cmake/ament_cmake_export_include_directories-extras.cmake
[1.803s] -- Up-to-date symlink: /home/orin_nano/turtlebot3_ws/install/orbbec_camera_msgs/share/orbbec_camera_msgs/cmake/ament_cmake_export_libraries-extras.cmake
[1.804s] -- Up-to-date symlink: /home/orin_nano/turtlebot3_ws/install/orbbec_camera_msgs/share/orbbec_camera_msgs/cmake/ament_cmake_export_targets-extras.cmake
[1.808s] -- Up-to-date symlink: /home/orin_nano/turtlebot3_ws/install/orbbec_camera_msgs/share/orbbec_camera_msgs/cmake/rosidl_cmake_export_typesupport_targets-extras.cmake
[1.808s] -- Up-to-date symlink: /home/orin_nano/turtlebot3_ws/install/orbbec_camera_msgs/share/orbbec_camera_msgs/cmake/rosidl_cmake_export_typesupport_libraries-extras.cmake
[1.809s] -- Up-to-date symlink: /home/orin_nano/turtlebot3_ws/install/orbbec_camera_msgs/share/orbbec_camera_msgs/cmake/orbbec_camera_msgsConfig.cmake
[1.809s] -- Up-to-date symlink: /home/orin_nano/turtlebot3_ws/install/orbbec_camera_msgs/share/orbbec_camera_msgs/cmake/orbbec_camera_msgsConfig-version.cmake
[1.809s] -- Up-to-date symlink: /home/orin_nano/turtlebot3_ws/install/orbbec_camera_msgs/share/orbbec_camera_msgs/package.xml
[1.809s] -- Up-to-date: /home/orin_nano/turtlebot3_ws/install/orbbec_camera_msgs/lib/liborbbec_camera_msgs__rosidl_generator_c.so
[1.809s] -- Up-to-date: /home/orin_nano/turtlebot3_ws/install/orbbec_camera_msgs/lib/liborbbec_camera_msgs__rosidl_typesupport_fastrtps_c.so
[1.809s] -- Up-to-date: /home/orin_nano/turtlebot3_ws/install/orbbec_camera_msgs/lib/liborbbec_camera_msgs__rosidl_typesupport_introspection_c.so
[1.810s] -- Up-to-date: /home/orin_nano/turtlebot3_ws/install/orbbec_camera_msgs/lib/liborbbec_camera_msgs__rosidl_typesupport_c.so
[1.810s] -- Up-to-date: /home/orin_nano/turtlebot3_ws/install/orbbec_camera_msgs/lib/liborbbec_camera_msgs__rosidl_typesupport_fastrtps_cpp.so
[1.812s] -- Up-to-date: /home/orin_nano/turtlebot3_ws/install/orbbec_camera_msgs/lib/liborbbec_camera_msgs__rosidl_typesupport_introspection_cpp.so
[1.813s] -- Up-to-date: /home/orin_nano/turtlebot3_ws/install/orbbec_camera_msgs/lib/liborbbec_camera_msgs__rosidl_typesupport_cpp.so
[1.874s] Listing '/home/orin_nano/turtlebot3_ws/install/orbbec_camera_msgs/local/lib/python3.10/dist-packages/orbbec_camera_msgs'...
[1.875s] Listing '/home/orin_nano/turtlebot3_ws/install/orbbec_camera_msgs/local/lib/python3.10/dist-packages/orbbec_camera_msgs/msg'...
[1.876s] Listing '/home/orin_nano/turtlebot3_ws/install/orbbec_camera_msgs/local/lib/python3.10/dist-packages/orbbec_camera_msgs/srv'...
[1.888s] -- Up-to-date: /home/orin_nano/turtlebot3_ws/install/orbbec_camera_msgs/lib/liborbbec_camera_msgs__rosidl_generator_py.so
[1.888s] -- Up-to-date: /home/orin_nano/turtlebot3_ws/install/orbbec_camera_msgs/share/orbbec_camera_msgs/cmake/export_orbbec_camera_msgs__rosidl_generator_cExport.cmake
[1.888s] -- Up-to-date: /home/orin_nano/turtlebot3_ws/install/orbbec_camera_msgs/share/orbbec_camera_msgs/cmake/export_orbbec_camera_msgs__rosidl_generator_cExport-noconfig.cmake
[1.889s] -- Up-to-date: /home/orin_nano/turtlebot3_ws/install/orbbec_camera_msgs/share/orbbec_camera_msgs/cmake/export_orbbec_camera_msgs__rosidl_typesupport_fastrtps_cExport.cmake
[1.890s] -- Up-to-date: /home/orin_nano/turtlebot3_ws/install/orbbec_camera_msgs/share/orbbec_camera_msgs/cmake/export_orbbec_camera_msgs__rosidl_typesupport_fastrtps_cExport-noconfig.cmake
[1.890s] -- Up-to-date: /home/orin_nano/turtlebot3_ws/install/orbbec_camera_msgs/share/orbbec_camera_msgs/cmake/orbbec_camera_msgs__rosidl_typesupport_introspection_cExport.cmake
[1.891s] -- Up-to-date: /home/orin_nano/turtlebot3_ws/install/orbbec_camera_msgs/share/orbbec_camera_msgs/cmake/orbbec_camera_msgs__rosidl_typesupport_introspection_cExport-noconfig.cmake
[1.892s] -- Up-to-date: /home/orin_nano/turtlebot3_ws/install/orbbec_camera_msgs/share/orbbec_camera_msgs/cmake/orbbec_camera_msgs__rosidl_typesupport_cExport.cmake
[1.892s] -- Up-to-date: /home/orin_nano/turtlebot3_ws/install/orbbec_camera_msgs/share/orbbec_camera_msgs/cmake/orbbec_camera_msgs__rosidl_typesupport_cExport-noconfig.cmake
[1.893s] -- Up-to-date: /home/orin_nano/turtlebot3_ws/install/orbbec_camera_msgs/share/orbbec_camera_msgs/cmake/export_orbbec_camera_msgs__rosidl_generator_cppExport.cmake
[1.893s] -- Up-to-date: /home/orin_nano/turtlebot3_ws/install/orbbec_camera_msgs/share/orbbec_camera_msgs/cmake/export_orbbec_camera_msgs__rosidl_typesupport_fastrtps_cppExport.cmake
[1.893s] -- Up-to-date: /home/orin_nano/turtlebot3_ws/install/orbbec_camera_msgs/share/orbbec_camera_msgs/cmake/export_orbbec_camera_msgs__rosidl_typesupport_fastrtps_cppExport-noconfig.cmake
[1.893s] -- Up-to-date: /home/orin_nano/turtlebot3_ws/install/orbbec_camera_msgs/share/orbbec_camera_msgs/cmake/orbbec_camera_msgs__rosidl_typesupport_introspection_cppExport.cmake
[1.894s] -- Up-to-date: /home/orin_nano/turtlebot3_ws/install/orbbec_camera_msgs/share/orbbec_camera_msgs/cmake/orbbec_camera_msgs__rosidl_typesupport_introspection_cppExport-noconfig.cmake
[1.894s] -- Up-to-date: /home/orin_nano/turtlebot3_ws/install/orbbec_camera_msgs/share/orbbec_camera_msgs/cmake/orbbec_camera_msgs__rosidl_typesupport_cppExport.cmake
[1.894s] -- Up-to-date: /home/orin_nano/turtlebot3_ws/install/orbbec_camera_msgs/share/orbbec_camera_msgs/cmake/orbbec_camera_msgs__rosidl_typesupport_cppExport-noconfig.cmake
[1.895s] -- Up-to-date: /home/orin_nano/turtlebot3_ws/install/orbbec_camera_msgs/share/orbbec_camera_msgs/cmake/export_orbbec_camera_msgs__rosidl_generator_pyExport.cmake
[1.895s] -- Up-to-date: /home/orin_nano/turtlebot3_ws/install/orbbec_camera_msgs/share/orbbec_camera_msgs/cmake/export_orbbec_camera_msgs__rosidl_generator_pyExport-noconfig.cmake
[1.920s] Invoked command in '/home/orin_nano/turtlebot3_ws/build/orbbec_camera_msgs' returned '0': CMAKE_PREFIX_PATH=${CMAKE_PREFIX_PATH}:/home/orin_nano/turtlebot3_ws/install/turtlebot3_teleop:/home/orin_nano/turtlebot3_ws/install/turtlebot3_example:/opt/ros/humble /usr/local/bin/cmake --install /home/orin_nano/turtlebot3_ws/build/orbbec_camera_msgs
