[0.066s] Invoking command in '/home/orin_nano/turtlebot3_ws/build/orbbec_camera': CMAKE_PREFIX_PATH=/home/orin_nano/turtlebot3_ws/install/orbbec_camera_msgs:/home/orin_nano/turtlebot3_ws/install/ultralytics_ros:/home/orin_nano/turtlebot3_ws/install/turtlebot3:/home/orin_nano/turtlebot3_ws/install/turtlebot3_bringup:/home/orin_nano/turtlebot3_ws/install/turtlebot3_node:/home/orin_nano/turtlebot3_ws/install/turtlebot3_description:/home/orin_nano/turtlebot3_ws/install/orbbec_description:/home/orin_nano/turtlebot3_ws/install/orbbec_camera:/home/orin_nano/turtlebot3_ws/install/ld08_driver:/home/orin_nano/turtlebot3_ws/install/turtlebot3_teleop:/home/orin_nano/turtlebot3_ws/install/turtlebot3_example:/opt/ros/humble LD_LIBRARY_PATH=/home/orin_nano/turtlebot3_ws/install/orbbec_camera_msgs/lib:/home/orin_nano/turtlebot3_ws/install/ultralytics_ros/lib:/home/orin_nano/turtlebot3_ws/install/orbbec_camera/lib:/opt/ros/humble/opt/rviz_ogre_vendor/lib:/opt/ros/humble/lib/aarch64-linux-gnu:/opt/ros/humble/lib:/usr/local/cuda-12.6/lib64 /usr/local/bin/cmake --build /home/orin_nano/turtlebot3_ws/build/orbbec_camera -- -j6 -l6
[0.359s] [35m[1mConsolidate compiler generated dependencies of target orbbec_camera[0m
[0.418s] [  5%] Built target frame_latency
[0.434s] [ 11%] Built target depth_viewer_component
[0.455s] [ 17%] Built target depth_viewer_composable_node
[0.464s] [ 23%] Built target orbbec_camera_node
[0.472s] [ 29%] Built target frame_latency_node
[0.491s] [ 64%] Built target orbbec_camera
[0.664s] [ 70%] Built target topic_statistics_node
[0.671s] [ 76%] Built target list_devices_node
[0.678s] [ 82%] Built target list_depth_work_mode_node
[0.680s] [ 88%] Built target list_camera_profile_mode_node
[0.689s] [ 94%] Built target depth_viewer_node
[0.715s] [100%] Built target pointcloud_to_image_mapper_node
[0.741s] Invoked command in '/home/orin_nano/turtlebot3_ws/build/orbbec_camera' returned '0': CMAKE_PREFIX_PATH=/home/orin_nano/turtlebot3_ws/install/orbbec_camera_msgs:/home/orin_nano/turtlebot3_ws/install/ultralytics_ros:/home/orin_nano/turtlebot3_ws/install/turtlebot3:/home/orin_nano/turtlebot3_ws/install/turtlebot3_bringup:/home/orin_nano/turtlebot3_ws/install/turtlebot3_node:/home/orin_nano/turtlebot3_ws/install/turtlebot3_description:/home/orin_nano/turtlebot3_ws/install/orbbec_description:/home/orin_nano/turtlebot3_ws/install/orbbec_camera:/home/orin_nano/turtlebot3_ws/install/ld08_driver:/home/orin_nano/turtlebot3_ws/install/turtlebot3_teleop:/home/orin_nano/turtlebot3_ws/install/turtlebot3_example:/opt/ros/humble LD_LIBRARY_PATH=/home/orin_nano/turtlebot3_ws/install/orbbec_camera_msgs/lib:/home/orin_nano/turtlebot3_ws/install/ultralytics_ros/lib:/home/orin_nano/turtlebot3_ws/install/orbbec_camera/lib:/opt/ros/humble/opt/rviz_ogre_vendor/lib:/opt/ros/humble/lib/aarch64-linux-gnu:/opt/ros/humble/lib:/usr/local/cuda-12.6/lib64 /usr/local/bin/cmake --build /home/orin_nano/turtlebot3_ws/build/orbbec_camera -- -j6 -l6
[0.742s] Invoking command in '/home/orin_nano/turtlebot3_ws/build/orbbec_camera': CMAKE_PREFIX_PATH=/home/orin_nano/turtlebot3_ws/install/orbbec_camera_msgs:/home/orin_nano/turtlebot3_ws/install/ultralytics_ros:/home/orin_nano/turtlebot3_ws/install/turtlebot3:/home/orin_nano/turtlebot3_ws/install/turtlebot3_bringup:/home/orin_nano/turtlebot3_ws/install/turtlebot3_node:/home/orin_nano/turtlebot3_ws/install/turtlebot3_description:/home/orin_nano/turtlebot3_ws/install/orbbec_description:/home/orin_nano/turtlebot3_ws/install/orbbec_camera:/home/orin_nano/turtlebot3_ws/install/ld08_driver:/home/orin_nano/turtlebot3_ws/install/turtlebot3_teleop:/home/orin_nano/turtlebot3_ws/install/turtlebot3_example:/opt/ros/humble LD_LIBRARY_PATH=/home/orin_nano/turtlebot3_ws/install/orbbec_camera_msgs/lib:/home/orin_nano/turtlebot3_ws/install/ultralytics_ros/lib:/home/orin_nano/turtlebot3_ws/install/orbbec_camera/lib:/opt/ros/humble/opt/rviz_ogre_vendor/lib:/opt/ros/humble/lib/aarch64-linux-gnu:/opt/ros/humble/lib:/usr/local/cuda-12.6/lib64 /usr/local/bin/cmake --install /home/orin_nano/turtlebot3_ws/build/orbbec_camera
[0.899s] -- Install configuration: "Release"
[0.901s] -- Execute custom install script
[0.903s] -- Up-to-date symlink: /home/orin_nano/turtlebot3_ws/install/orbbec_camera/lib/orbbec_camera/orbbec_camera_node
[0.903s] -- Up-to-date symlink: /home/orin_nano/turtlebot3_ws/install/orbbec_camera/lib/orbbec_camera/frame_latency_node
[0.904s] -- Up-to-date symlink: /home/orin_nano/turtlebot3_ws/install/orbbec_camera/lib/orbbec_camera/depth_viewer_composable_node
[0.906s] -- Up-to-date symlink: /home/orin_nano/turtlebot3_ws/install/orbbec_camera/lib/liborbbec_camera.so
[0.906s] -- Up-to-date symlink: /home/orin_nano/turtlebot3_ws/install/orbbec_camera/lib/libframe_latency.so
[0.907s] -- Up-to-date symlink: /home/orin_nano/turtlebot3_ws/install/orbbec_camera/lib/libdepth_viewer_component.so
[0.908s] -- Up-to-date symlink: /home/orin_nano/turtlebot3_ws/install/orbbec_camera/include/magic_enum/magic_enum.hpp
[0.909s] -- Up-to-date symlink: /home/orin_nano/turtlebot3_ws/install/orbbec_camera/include/orbbec_camera/constants.h
[0.910s] -- Up-to-date symlink: /home/orin_nano/turtlebot3_ws/install/orbbec_camera/include/orbbec_camera/d2c_viewer.h
[0.910s] -- Up-to-date symlink: /home/orin_nano/turtlebot3_ws/install/orbbec_camera/include/orbbec_camera/dynamic_params.h
[0.911s] -- Up-to-date symlink: /home/orin_nano/turtlebot3_ws/install/orbbec_camera/include/orbbec_camera/image_publisher.h
[0.911s] -- Up-to-date symlink: /home/orin_nano/turtlebot3_ws/install/orbbec_camera/include/orbbec_camera/jetson_nv_decoder.h
[0.912s] -- Up-to-date symlink: /home/orin_nano/turtlebot3_ws/install/orbbec_camera/include/orbbec_camera/jpeg_decoder.h
[0.912s] -- Up-to-date symlink: /home/orin_nano/turtlebot3_ws/install/orbbec_camera/include/orbbec_camera/ob_camera_node.h
[0.913s] -- Up-to-date symlink: /home/orin_nano/turtlebot3_ws/install/orbbec_camera/include/orbbec_camera/ob_camera_node_driver.h
[0.914s] -- Up-to-date symlink: /home/orin_nano/turtlebot3_ws/install/orbbec_camera/include/orbbec_camera/rk_mpp_decoder.h
[0.914s] -- Up-to-date symlink: /home/orin_nano/turtlebot3_ws/install/orbbec_camera/include/orbbec_camera/ros_param_backend.h
[0.915s] -- Up-to-date symlink: /home/orin_nano/turtlebot3_ws/install/orbbec_camera/include/orbbec_camera/synced_imu_publisher.h
[0.915s] -- Up-to-date symlink: /home/orin_nano/turtlebot3_ws/install/orbbec_camera/include/orbbec_camera/utils.h
[0.917s] -- Up-to-date symlink: /home/orin_nano/turtlebot3_ws/install/orbbec_camera/share/orbbec_camera//launch/astra.launch.py
[0.917s] -- Up-to-date symlink: /home/orin_nano/turtlebot3_ws/install/orbbec_camera/share/orbbec_camera//launch/astra2.launch.py
[0.918s] -- Up-to-date symlink: /home/orin_nano/turtlebot3_ws/install/orbbec_camera/share/orbbec_camera//launch/astra_adv.launch.py
[0.918s] -- Up-to-date symlink: /home/orin_nano/turtlebot3_ws/install/orbbec_camera/share/orbbec_camera//launch/astra_embedded_s.launch.py
[0.919s] -- Up-to-date symlink: /home/orin_nano/turtlebot3_ws/install/orbbec_camera/share/orbbec_camera//launch/astra_pro2.launch.py
[0.919s] -- Up-to-date symlink: /home/orin_nano/turtlebot3_ws/install/orbbec_camera/share/orbbec_camera//launch/astra_stereo_u3.launch.py
[0.920s] -- Up-to-date symlink: /home/orin_nano/turtlebot3_ws/install/orbbec_camera/share/orbbec_camera//launch/dabai.launch.py
[0.920s] -- Up-to-date symlink: /home/orin_nano/turtlebot3_ws/install/orbbec_camera/share/orbbec_camera//launch/dabai_d1.launch.py
[0.921s] -- Up-to-date symlink: /home/orin_nano/turtlebot3_ws/install/orbbec_camera/share/orbbec_camera//launch/dabai_dcl.py
[0.921s] -- Up-to-date symlink: /home/orin_nano/turtlebot3_ws/install/orbbec_camera/share/orbbec_camera//launch/dabai_dcw.launch.py
[0.922s] -- Up-to-date symlink: /home/orin_nano/turtlebot3_ws/install/orbbec_camera/share/orbbec_camera//launch/dabai_dcw2.launch.py
[0.923s] -- Up-to-date symlink: /home/orin_nano/turtlebot3_ws/install/orbbec_camera/share/orbbec_camera//launch/dabai_dw.launch.py
[0.923s] -- Up-to-date symlink: /home/orin_nano/turtlebot3_ws/install/orbbec_camera/share/orbbec_camera//launch/dabai_dw2.launch.py
[0.924s] -- Up-to-date symlink: /home/orin_nano/turtlebot3_ws/install/orbbec_camera/share/orbbec_camera//launch/dabai_max.launch.py
[0.924s] -- Up-to-date symlink: /home/orin_nano/turtlebot3_ws/install/orbbec_camera/share/orbbec_camera//launch/dabai_max_pro.launch.py
[0.925s] -- Up-to-date symlink: /home/orin_nano/turtlebot3_ws/install/orbbec_camera/share/orbbec_camera//launch/dabai_pro.launch.py
[0.926s] -- Up-to-date symlink: /home/orin_nano/turtlebot3_ws/install/orbbec_camera/share/orbbec_camera//launch/deeya.launch.py
[0.926s] -- Up-to-date symlink: /home/orin_nano/turtlebot3_ws/install/orbbec_camera/share/orbbec_camera//launch/femto.launch.py
[0.927s] -- Up-to-date symlink: /home/orin_nano/turtlebot3_ws/install/orbbec_camera/share/orbbec_camera//launch/femto_bolt.launch.py
[0.927s] -- Up-to-date symlink: /home/orin_nano/turtlebot3_ws/install/orbbec_camera/share/orbbec_camera//launch/femto_mega.launch.py
[0.928s] -- Up-to-date symlink: /home/orin_nano/turtlebot3_ws/install/orbbec_camera/share/orbbec_camera//launch/femto_net_camera.launch.py
[0.928s] -- Up-to-date symlink: /home/orin_nano/turtlebot3_ws/install/orbbec_camera/share/orbbec_camera//launch/gemini2.launch.py
[0.929s] -- Up-to-date symlink: /home/orin_nano/turtlebot3_ws/install/orbbec_camera/share/orbbec_camera//launch/gemini2L.launch.py
[0.929s] -- Up-to-date symlink: /home/orin_nano/turtlebot3_ws/install/orbbec_camera/share/orbbec_camera//launch/gemini2VL.launch.py
[0.930s] -- Up-to-date symlink: /home/orin_nano/turtlebot3_ws/install/orbbec_camera/share/orbbec_camera//launch/gemini2XL.launch.py
[0.931s] -- Up-to-date symlink: /home/orin_nano/turtlebot3_ws/install/orbbec_camera/share/orbbec_camera//launch/gemini_330_series.launch.py
[0.931s] -- Up-to-date symlink: /home/orin_nano/turtlebot3_ws/install/orbbec_camera/share/orbbec_camera//launch/gemini_e.launch.py
[0.932s] -- Up-to-date symlink: /home/orin_nano/turtlebot3_ws/install/orbbec_camera/share/orbbec_camera//launch/gemini_e_lite.launch.py
[0.932s] -- Up-to-date symlink: /home/orin_nano/turtlebot3_ws/install/orbbec_camera/share/orbbec_camera//launch/gemini_ew.launch.py
[0.933s] -- Up-to-date symlink: /home/orin_nano/turtlebot3_ws/install/orbbec_camera/share/orbbec_camera//launch/gemini_ew_lite.launch.py
[0.934s] -- Up-to-date symlink: /home/orin_nano/turtlebot3_ws/install/orbbec_camera/share/orbbec_camera//launch/gemini_intra_process_demo_launch.py
[0.934s] -- Up-to-date symlink: /home/orin_nano/turtlebot3_ws/install/orbbec_camera/share/orbbec_camera//launch/gemini_uw.launch.py
[0.935s] -- Up-to-date symlink: /home/orin_nano/turtlebot3_ws/install/orbbec_camera/share/orbbec_camera//launch/multi_camera.launch.py
[0.935s] -- Up-to-date symlink: /home/orin_nano/turtlebot3_ws/install/orbbec_camera/share/orbbec_camera//launch/multi_camera_synced.launch.py
[0.935s] -- Up-to-date symlink: /home/orin_nano/turtlebot3_ws/install/orbbec_camera/share/orbbec_camera//launch/multi_net_camera.launch.py
[0.936s] -- Up-to-date symlink: /home/orin_nano/turtlebot3_ws/install/orbbec_camera/share/orbbec_camera//launch/ob_camera.launch.py
[0.937s] -- Up-to-date symlink: /home/orin_nano/turtlebot3_ws/install/orbbec_camera/share/orbbec_camera//config/.gitkeep
[0.938s] -- Up-to-date symlink: /home/orin_nano/turtlebot3_ws/install/orbbec_camera/share/orbbec_camera//config/OrbbecSDKConfig_v1.0.xml
[0.938s] -- Up-to-date symlink: /home/orin_nano/turtlebot3_ws/install/orbbec_camera/share/orbbec_camera//config/camera_params.yaml
[0.939s] -- Up-to-date symlink: /home/orin_nano/turtlebot3_ws/install/orbbec_camera/share/orbbec_camera//config/depthfilter/Gemini2_v1.8.json
[0.939s] -- Up-to-date symlink: /home/orin_nano/turtlebot3_ws/install/orbbec_camera/share/orbbec_camera//config/depthfilter/Openni_device.json
[0.941s] -- Up-to-date symlink: /home/orin_nano/turtlebot3_ws/install/orbbec_camera/include/libobsensor/ObSensor.h
[0.941s] -- Up-to-date symlink: /home/orin_nano/turtlebot3_ws/install/orbbec_camera/include/libobsensor/ObSensor.hpp
[0.942s] -- Up-to-date symlink: /home/orin_nano/turtlebot3_ws/install/orbbec_camera/include/libobsensor/h/Context.h
[0.943s] -- Up-to-date symlink: /home/orin_nano/turtlebot3_ws/install/orbbec_camera/include/libobsensor/h/Device.h
[0.943s] -- Up-to-date symlink: /home/orin_nano/turtlebot3_ws/install/orbbec_camera/include/libobsensor/h/Error.h
[0.944s] -- Up-to-date symlink: /home/orin_nano/turtlebot3_ws/install/orbbec_camera/include/libobsensor/h/Filter.h
[0.944s] -- Up-to-date symlink: /home/orin_nano/turtlebot3_ws/install/orbbec_camera/include/libobsensor/h/Frame.h
[0.945s] -- Up-to-date symlink: /home/orin_nano/turtlebot3_ws/install/orbbec_camera/include/libobsensor/h/MultipleDevices.h
[0.945s] -- Up-to-date symlink: /home/orin_nano/turtlebot3_ws/install/orbbec_camera/include/libobsensor/h/ObTypes.h
[0.946s] -- Up-to-date symlink: /home/orin_nano/turtlebot3_ws/install/orbbec_camera/include/libobsensor/h/Pipeline.h
[0.946s] -- Up-to-date symlink: /home/orin_nano/turtlebot3_ws/install/orbbec_camera/include/libobsensor/h/Property.h
[0.947s] -- Up-to-date symlink: /home/orin_nano/turtlebot3_ws/install/orbbec_camera/include/libobsensor/h/RecordPlayback.h
[0.947s] -- Up-to-date symlink: /home/orin_nano/turtlebot3_ws/install/orbbec_camera/include/libobsensor/h/Sensor.h
[0.948s] -- Up-to-date symlink: /home/orin_nano/turtlebot3_ws/install/orbbec_camera/include/libobsensor/h/StreamProfile.h
[0.949s] -- Up-to-date symlink: /home/orin_nano/turtlebot3_ws/install/orbbec_camera/include/libobsensor/h/Utils.h
[0.950s] -- Up-to-date symlink: /home/orin_nano/turtlebot3_ws/install/orbbec_camera/include/libobsensor/h/Version.h
[0.950s] -- Up-to-date symlink: /home/orin_nano/turtlebot3_ws/install/orbbec_camera/include/libobsensor/hpp/Context.hpp
[0.950s] -- Up-to-date symlink: /home/orin_nano/turtlebot3_ws/install/orbbec_camera/include/libobsensor/hpp/Device.hpp
[0.950s] -- Up-to-date symlink: /home/orin_nano/turtlebot3_ws/install/orbbec_camera/include/libobsensor/hpp/Error.hpp
[0.951s] -- Up-to-date symlink: /home/orin_nano/turtlebot3_ws/install/orbbec_camera/include/libobsensor/hpp/Filter.hpp
[0.951s] -- Up-to-date symlink: /home/orin_nano/turtlebot3_ws/install/orbbec_camera/include/libobsensor/hpp/Frame.hpp
[0.951s] -- Up-to-date symlink: /home/orin_nano/turtlebot3_ws/install/orbbec_camera/include/libobsensor/hpp/Pipeline.hpp
[0.951s] -- Up-to-date symlink: /home/orin_nano/turtlebot3_ws/install/orbbec_camera/include/libobsensor/hpp/RecordPlayback.hpp
[0.951s] -- Up-to-date symlink: /home/orin_nano/turtlebot3_ws/install/orbbec_camera/include/libobsensor/hpp/Sensor.hpp
[0.952s] -- Up-to-date symlink: /home/orin_nano/turtlebot3_ws/install/orbbec_camera/include/libobsensor/hpp/StreamProfile.hpp
[0.952s] -- Up-to-date symlink: /home/orin_nano/turtlebot3_ws/install/orbbec_camera/include/libobsensor/hpp/Types.hpp
[0.952s] -- Up-to-date symlink: /home/orin_nano/turtlebot3_ws/install/orbbec_camera/include/libobsensor/hpp/Utils.hpp
[0.952s] -- Up-to-date symlink: /home/orin_nano/turtlebot3_ws/install/orbbec_camera/include/libobsensor/hpp/Version.hpp
[0.953s] -- Up-to-date symlink: /home/orin_nano/turtlebot3_ws/install/orbbec_camera/lib/orbbec_camera//list_devices_node
[0.953s] -- Up-to-date symlink: /home/orin_nano/turtlebot3_ws/install/orbbec_camera/lib/orbbec_camera//list_depth_work_mode_node
[0.953s] -- Up-to-date symlink: /home/orin_nano/turtlebot3_ws/install/orbbec_camera/lib/orbbec_camera//list_camera_profile_mode_node
[0.954s] -- Up-to-date symlink: /home/orin_nano/turtlebot3_ws/install/orbbec_camera/lib/orbbec_camera//topic_statistics_node
[0.954s] -- Up-to-date symlink: /home/orin_nano/turtlebot3_ws/install/orbbec_camera/lib/orbbec_camera//depth_viewer_node
[0.954s] -- Up-to-date symlink: /home/orin_nano/turtlebot3_ws/install/orbbec_camera/lib/orbbec_camera//pointcloud_to_image_mapper_node
[0.955s] -- Up-to-date symlink: /home/orin_nano/turtlebot3_ws/install/orbbec_camera/share/orbbec_camera/environment/library_path.sh
[0.955s] -- Up-to-date symlink: /home/orin_nano/turtlebot3_ws/install/orbbec_camera/share/orbbec_camera/environment/library_path.dsv
[0.955s] -- Up-to-date symlink: /home/orin_nano/turtlebot3_ws/install/orbbec_camera/share/ament_index/resource_index/package_run_dependencies/orbbec_camera
[0.956s] -- Up-to-date symlink: /home/orin_nano/turtlebot3_ws/install/orbbec_camera/share/ament_index/resource_index/parent_prefix_path/orbbec_camera
[0.956s] -- Up-to-date symlink: /home/orin_nano/turtlebot3_ws/install/orbbec_camera/share/orbbec_camera/environment/ament_prefix_path.sh
[0.956s] -- Up-to-date symlink: /home/orin_nano/turtlebot3_ws/install/orbbec_camera/share/orbbec_camera/environment/ament_prefix_path.dsv
[0.956s] -- Up-to-date symlink: /home/orin_nano/turtlebot3_ws/install/orbbec_camera/share/orbbec_camera/environment/path.sh
[0.957s] -- Up-to-date symlink: /home/orin_nano/turtlebot3_ws/install/orbbec_camera/share/orbbec_camera/environment/path.dsv
[0.957s] -- Up-to-date symlink: /home/orin_nano/turtlebot3_ws/install/orbbec_camera/share/orbbec_camera/local_setup.bash
[0.957s] -- Up-to-date symlink: /home/orin_nano/turtlebot3_ws/install/orbbec_camera/share/orbbec_camera/local_setup.sh
[0.957s] -- Up-to-date symlink: /home/orin_nano/turtlebot3_ws/install/orbbec_camera/share/orbbec_camera/local_setup.zsh
[0.958s] -- Up-to-date symlink: /home/orin_nano/turtlebot3_ws/install/orbbec_camera/share/orbbec_camera/local_setup.dsv
[0.958s] -- Symlinking: /home/orin_nano/turtlebot3_ws/install/orbbec_camera/share/orbbec_camera/package.dsv
[0.976s] -- Up-to-date symlink: /home/orin_nano/turtlebot3_ws/install/orbbec_camera/share/ament_index/resource_index/packages/orbbec_camera
[0.976s] -- Up-to-date symlink: /home/orin_nano/turtlebot3_ws/install/orbbec_camera/share/ament_index/resource_index/rclcpp_components/orbbec_camera
[0.976s] -- Up-to-date symlink: /home/orin_nano/turtlebot3_ws/install/orbbec_camera/share/orbbec_camera/cmake/ament_cmake_export_include_directories-extras.cmake
[0.976s] -- Up-to-date symlink: /home/orin_nano/turtlebot3_ws/install/orbbec_camera/share/orbbec_camera/cmake/ament_cmake_export_libraries-extras.cmake
[0.976s] -- Up-to-date symlink: /home/orin_nano/turtlebot3_ws/install/orbbec_camera/share/orbbec_camera/cmake/ament_cmake_export_dependencies-extras.cmake
[0.977s] -- Up-to-date symlink: /home/orin_nano/turtlebot3_ws/install/orbbec_camera/share/orbbec_camera/cmake/orbbec_cameraConfig.cmake
[0.977s] -- Up-to-date symlink: /home/orin_nano/turtlebot3_ws/install/orbbec_camera/share/orbbec_camera/cmake/orbbec_cameraConfig-version.cmake
[0.977s] -- Up-to-date symlink: /home/orin_nano/turtlebot3_ws/install/orbbec_camera/share/orbbec_camera/package.xml
[0.977s] -- Up-to-date: /home/orin_nano/turtlebot3_ws/install/orbbec_camera/lib/
[0.978s] -- Up-to-date: /home/orin_nano/turtlebot3_ws/install/orbbec_camera/lib//libdepthengine.so
[0.978s] -- Up-to-date: /home/orin_nano/turtlebot3_ws/install/orbbec_camera/lib//libdepthengine.so.2.0
[0.978s] -- Up-to-date: /home/orin_nano/turtlebot3_ws/install/orbbec_camera/lib//libob_usb.so
[0.978s] -- Up-to-date: /home/orin_nano/turtlebot3_ws/install/orbbec_camera/lib//libOrbbecSDK.so.1.10
[0.978s] -- Up-to-date: /home/orin_nano/turtlebot3_ws/install/orbbec_camera/lib//libOrbbecSDK.so
[0.978s] -- Up-to-date: /home/orin_nano/turtlebot3_ws/install/orbbec_camera/lib//libOrbbecSDK.so.1.10.17
[0.978s] -- Up-to-date: /home/orin_nano/turtlebot3_ws/install/orbbec_camera/lib//liblive555.so
[0.978s] -- Up-to-date: /home/orin_nano/turtlebot3_ws/install/orbbec_camera/lib//libOrbbecSDK.so.1.10.15
[0.982s] Invoked command in '/home/orin_nano/turtlebot3_ws/build/orbbec_camera' returned '0': CMAKE_PREFIX_PATH=/home/orin_nano/turtlebot3_ws/install/orbbec_camera_msgs:/home/orin_nano/turtlebot3_ws/install/ultralytics_ros:/home/orin_nano/turtlebot3_ws/install/turtlebot3:/home/orin_nano/turtlebot3_ws/install/turtlebot3_bringup:/home/orin_nano/turtlebot3_ws/install/turtlebot3_node:/home/orin_nano/turtlebot3_ws/install/turtlebot3_description:/home/orin_nano/turtlebot3_ws/install/orbbec_description:/home/orin_nano/turtlebot3_ws/install/orbbec_camera:/home/orin_nano/turtlebot3_ws/install/ld08_driver:/home/orin_nano/turtlebot3_ws/install/turtlebot3_teleop:/home/orin_nano/turtlebot3_ws/install/turtlebot3_example:/opt/ros/humble LD_LIBRARY_PATH=/home/orin_nano/turtlebot3_ws/install/orbbec_camera_msgs/lib:/home/orin_nano/turtlebot3_ws/install/ultralytics_ros/lib:/home/orin_nano/turtlebot3_ws/install/orbbec_camera/lib:/opt/ros/humble/opt/rviz_ogre_vendor/lib:/opt/ros/humble/lib/aarch64-linux-gnu:/opt/ros/humble/lib:/usr/local/cuda-12.6/lib64 /usr/local/bin/cmake --install /home/orin_nano/turtlebot3_ws/build/orbbec_camera
