[0.059s] Invoking command in '/home/orin_nano/turtlebot3_ws/build/orbbec_camera_msgs': CMAKE_PREFIX_PATH=${CMAKE_PREFIX_PATH}:/home/orin_nano/turtlebot3_ws/install/turtlebot3_teleop:/home/orin_nano/turtlebot3_ws/install/turtlebot3_example:/opt/ros/humble /usr/bin/cmake --build /home/orin_nano/turtlebot3_ws/build/orbbec_camera_msgs -- -j6 -l6
[1.080s] [  0%] Built target orbbec_camera_msgs__cpp
[1.080s] [  0%] Built target ament_cmake_python_symlink_orbbec_camera_msgs
[1.081s] [ 12%] Built target orbbec_camera_msgs__rosidl_generator_c
[1.081s] [ 23%] Built target orbbec_camera_msgs__rosidl_typesupport_fastrtps_cpp
[1.081s] [ 35%] Built target orbbec_camera_msgs__rosidl_typesupport_introspection_cpp
[1.081s] [ 47%] Built target orbbec_camera_msgs__rosidl_typesupport_cpp
[1.082s] [ 59%] Built target orbbec_camera_msgs__rosidl_typesupport_fastrtps_c
[1.082s] [ 71%] Built target orbbec_camera_msgs__rosidl_typesupport_introspection_c
[1.082s] [ 83%] Built target orbbec_camera_msgs__rosidl_typesupport_c
[1.082s] [ 83%] Built target orbbec_camera_msgs
[1.083s] [ 84%] Built target orbbec_camera_msgs__py
[1.083s] [ 95%] Built target orbbec_camera_msgs__rosidl_generator_py
[1.083s] [ 97%] Built target orbbec_camera_msgs__rosidl_typesupport_introspection_c__pyext
[1.083s] [ 98%] Built target orbbec_camera_msgs__rosidl_typesupport_c__pyext
[1.084s] [100%] Built target orbbec_camera_msgs__rosidl_typesupport_fastrtps_c__pyext
[1.084s] running egg_info
[1.084s] writing orbbec_camera_msgs.egg-info/PKG-INFO
[1.084s] writing dependency_links to orbbec_camera_msgs.egg-info/dependency_links.txt
[1.085s] writing top-level names to orbbec_camera_msgs.egg-info/top_level.txt
[1.086s] reading manifest file 'orbbec_camera_msgs.egg-info/SOURCES.txt'
[1.086s] writing manifest file 'orbbec_camera_msgs.egg-info/SOURCES.txt'
[1.087s] [100%] Built target ament_cmake_python_build_orbbec_camera_msgs_egg
[1.125s] Invoked command in '/home/orin_nano/turtlebot3_ws/build/orbbec_camera_msgs' returned '0': CMAKE_PREFIX_PATH=${CMAKE_PREFIX_PATH}:/home/orin_nano/turtlebot3_ws/install/turtlebot3_teleop:/home/orin_nano/turtlebot3_ws/install/turtlebot3_example:/opt/ros/humble /usr/bin/cmake --build /home/orin_nano/turtlebot3_ws/build/orbbec_camera_msgs -- -j6 -l6
[1.133s] Invoking command in '/home/orin_nano/turtlebot3_ws/build/orbbec_camera_msgs': CMAKE_PREFIX_PATH=${CMAKE_PREFIX_PATH}:/home/orin_nano/turtlebot3_ws/install/turtlebot3_teleop:/home/orin_nano/turtlebot3_ws/install/turtlebot3_example:/opt/ros/humble /usr/bin/cmake --install /home/orin_nano/turtlebot3_ws/build/orbbec_camera_msgs
[1.148s] -- Install configuration: ""
[1.148s] -- Execute custom install script
[1.148s] -- Up-to-date symlink: /home/orin_nano/turtlebot3_ws/install/orbbec_camera_msgs/share/ament_index/resource_index/rosidl_interfaces/orbbec_camera_msgs
[1.150s] -- Up-to-date symlink: /home/orin_nano/turtlebot3_ws/install/orbbec_camera_msgs/include/orbbec_camera_msgs/orbbec_camera_msgs/msg/detail/device_info__functions.h
[1.150s] -- Up-to-date symlink: /home/orin_nano/turtlebot3_ws/install/orbbec_camera_msgs/include/orbbec_camera_msgs/orbbec_camera_msgs/msg/detail/device_info__struct.h
[1.150s] -- Up-to-date symlink: /home/orin_nano/turtlebot3_ws/install/orbbec_camera_msgs/include/orbbec_camera_msgs/orbbec_camera_msgs/msg/detail/device_info__type_support.h
[1.151s] -- Up-to-date symlink: /home/orin_nano/turtlebot3_ws/install/orbbec_camera_msgs/include/orbbec_camera_msgs/orbbec_camera_msgs/msg/detail/extrinsics__functions.h
[1.151s] -- Up-to-date symlink: /home/orin_nano/turtlebot3_ws/install/orbbec_camera_msgs/include/orbbec_camera_msgs/orbbec_camera_msgs/msg/detail/extrinsics__struct.h
[1.152s] -- Up-to-date symlink: /home/orin_nano/turtlebot3_ws/install/orbbec_camera_msgs/include/orbbec_camera_msgs/orbbec_camera_msgs/msg/detail/extrinsics__type_support.h
[1.152s] -- Up-to-date symlink: /home/orin_nano/turtlebot3_ws/install/orbbec_camera_msgs/include/orbbec_camera_msgs/orbbec_camera_msgs/msg/detail/imu_info__functions.h
[1.152s] -- Up-to-date symlink: /home/orin_nano/turtlebot3_ws/install/orbbec_camera_msgs/include/orbbec_camera_msgs/orbbec_camera_msgs/msg/detail/imu_info__struct.h
[1.153s] -- Up-to-date symlink: /home/orin_nano/turtlebot3_ws/install/orbbec_camera_msgs/include/orbbec_camera_msgs/orbbec_camera_msgs/msg/detail/imu_info__type_support.h
[1.153s] -- Up-to-date symlink: /home/orin_nano/turtlebot3_ws/install/orbbec_camera_msgs/include/orbbec_camera_msgs/orbbec_camera_msgs/msg/detail/metadata__functions.h
[1.153s] -- Up-to-date symlink: /home/orin_nano/turtlebot3_ws/install/orbbec_camera_msgs/include/orbbec_camera_msgs/orbbec_camera_msgs/msg/detail/metadata__struct.h
[1.153s] -- Up-to-date symlink: /home/orin_nano/turtlebot3_ws/install/orbbec_camera_msgs/include/orbbec_camera_msgs/orbbec_camera_msgs/msg/detail/metadata__type_support.h
[1.154s] -- Up-to-date symlink: /home/orin_nano/turtlebot3_ws/install/orbbec_camera_msgs/include/orbbec_camera_msgs/orbbec_camera_msgs/msg/detail/rgbd__functions.h
[1.154s] -- Up-to-date symlink: /home/orin_nano/turtlebot3_ws/install/orbbec_camera_msgs/include/orbbec_camera_msgs/orbbec_camera_msgs/msg/detail/rgbd__struct.h
[1.155s] -- Up-to-date symlink: /home/orin_nano/turtlebot3_ws/install/orbbec_camera_msgs/include/orbbec_camera_msgs/orbbec_camera_msgs/msg/detail/rgbd__type_support.h
[1.155s] -- Up-to-date symlink: /home/orin_nano/turtlebot3_ws/install/orbbec_camera_msgs/include/orbbec_camera_msgs/orbbec_camera_msgs/msg/device_info.h
[1.155s] -- Up-to-date symlink: /home/orin_nano/turtlebot3_ws/install/orbbec_camera_msgs/include/orbbec_camera_msgs/orbbec_camera_msgs/msg/extrinsics.h
[1.156s] -- Up-to-date symlink: /home/orin_nano/turtlebot3_ws/install/orbbec_camera_msgs/include/orbbec_camera_msgs/orbbec_camera_msgs/msg/imu_info.h
[1.156s] -- Up-to-date symlink: /home/orin_nano/turtlebot3_ws/install/orbbec_camera_msgs/include/orbbec_camera_msgs/orbbec_camera_msgs/msg/metadata.h
[1.156s] -- Up-to-date symlink: /home/orin_nano/turtlebot3_ws/install/orbbec_camera_msgs/include/orbbec_camera_msgs/orbbec_camera_msgs/msg/rgbd.h
[1.156s] -- Up-to-date symlink: /home/orin_nano/turtlebot3_ws/install/orbbec_camera_msgs/include/orbbec_camera_msgs/orbbec_camera_msgs/msg/rosidl_generator_c__visibility_control.h
[1.157s] -- Up-to-date symlink: /home/orin_nano/turtlebot3_ws/install/orbbec_camera_msgs/include/orbbec_camera_msgs/orbbec_camera_msgs/srv/detail/get_bool__functions.h
[1.158s] -- Up-to-date symlink: /home/orin_nano/turtlebot3_ws/install/orbbec_camera_msgs/include/orbbec_camera_msgs/orbbec_camera_msgs/srv/detail/get_bool__struct.h
[1.158s] -- Up-to-date symlink: /home/orin_nano/turtlebot3_ws/install/orbbec_camera_msgs/include/orbbec_camera_msgs/orbbec_camera_msgs/srv/detail/get_bool__type_support.h
[1.158s] -- Up-to-date symlink: /home/orin_nano/turtlebot3_ws/install/orbbec_camera_msgs/include/orbbec_camera_msgs/orbbec_camera_msgs/srv/detail/get_camera_info__functions.h
[1.158s] -- Up-to-date symlink: /home/orin_nano/turtlebot3_ws/install/orbbec_camera_msgs/include/orbbec_camera_msgs/orbbec_camera_msgs/srv/detail/get_camera_info__struct.h
[1.159s] -- Up-to-date symlink: /home/orin_nano/turtlebot3_ws/install/orbbec_camera_msgs/include/orbbec_camera_msgs/orbbec_camera_msgs/srv/detail/get_camera_info__type_support.h
[1.161s] -- Up-to-date symlink: /home/orin_nano/turtlebot3_ws/install/orbbec_camera_msgs/include/orbbec_camera_msgs/orbbec_camera_msgs/srv/detail/get_device_info__functions.h
[1.161s] -- Up-to-date symlink: /home/orin_nano/turtlebot3_ws/install/orbbec_camera_msgs/include/orbbec_camera_msgs/orbbec_camera_msgs/srv/detail/get_device_info__struct.h
[1.161s] -- Up-to-date symlink: /home/orin_nano/turtlebot3_ws/install/orbbec_camera_msgs/include/orbbec_camera_msgs/orbbec_camera_msgs/srv/detail/get_device_info__type_support.h
[1.162s] -- Up-to-date symlink: /home/orin_nano/turtlebot3_ws/install/orbbec_camera_msgs/include/orbbec_camera_msgs/orbbec_camera_msgs/srv/detail/get_int32__functions.h
[1.162s] -- Up-to-date symlink: /home/orin_nano/turtlebot3_ws/install/orbbec_camera_msgs/include/orbbec_camera_msgs/orbbec_camera_msgs/srv/detail/get_int32__struct.h
[1.162s] -- Up-to-date symlink: /home/orin_nano/turtlebot3_ws/install/orbbec_camera_msgs/include/orbbec_camera_msgs/orbbec_camera_msgs/srv/detail/get_int32__type_support.h
[1.162s] -- Up-to-date symlink: /home/orin_nano/turtlebot3_ws/install/orbbec_camera_msgs/include/orbbec_camera_msgs/orbbec_camera_msgs/srv/detail/get_string__functions.h
[1.162s] -- Up-to-date symlink: /home/orin_nano/turtlebot3_ws/install/orbbec_camera_msgs/include/orbbec_camera_msgs/orbbec_camera_msgs/srv/detail/get_string__struct.h
[1.163s] -- Up-to-date symlink: /home/orin_nano/turtlebot3_ws/install/orbbec_camera_msgs/include/orbbec_camera_msgs/orbbec_camera_msgs/srv/detail/get_string__type_support.h
[1.163s] -- Up-to-date symlink: /home/orin_nano/turtlebot3_ws/install/orbbec_camera_msgs/include/orbbec_camera_msgs/orbbec_camera_msgs/srv/detail/set_int32__functions.h
[1.163s] -- Up-to-date symlink: /home/orin_nano/turtlebot3_ws/install/orbbec_camera_msgs/include/orbbec_camera_msgs/orbbec_camera_msgs/srv/detail/set_int32__struct.h
[1.164s] -- Up-to-date symlink: /home/orin_nano/turtlebot3_ws/install/orbbec_camera_msgs/include/orbbec_camera_msgs/orbbec_camera_msgs/srv/detail/set_int32__type_support.h
[1.164s] -- Up-to-date symlink: /home/orin_nano/turtlebot3_ws/install/orbbec_camera_msgs/include/orbbec_camera_msgs/orbbec_camera_msgs/srv/detail/set_string__functions.h
[1.164s] -- Up-to-date symlink: /home/orin_nano/turtlebot3_ws/install/orbbec_camera_msgs/include/orbbec_camera_msgs/orbbec_camera_msgs/srv/detail/set_string__struct.h
[1.165s] -- Up-to-date symlink: /home/orin_nano/turtlebot3_ws/install/orbbec_camera_msgs/include/orbbec_camera_msgs/orbbec_camera_msgs/srv/detail/set_string__type_support.h
[1.165s] -- Up-to-date symlink: /home/orin_nano/turtlebot3_ws/install/orbbec_camera_msgs/include/orbbec_camera_msgs/orbbec_camera_msgs/srv/get_bool.h
[1.165s] -- Up-to-date symlink: /home/orin_nano/turtlebot3_ws/install/orbbec_camera_msgs/include/orbbec_camera_msgs/orbbec_camera_msgs/srv/get_camera_info.h
[1.166s] -- Up-to-date symlink: /home/orin_nano/turtlebot3_ws/install/orbbec_camera_msgs/include/orbbec_camera_msgs/orbbec_camera_msgs/srv/get_device_info.h
[1.166s] -- Up-to-date symlink: /home/orin_nano/turtlebot3_ws/install/orbbec_camera_msgs/include/orbbec_camera_msgs/orbbec_camera_msgs/srv/get_int32.h
[1.166s] -- Up-to-date symlink: /home/orin_nano/turtlebot3_ws/install/orbbec_camera_msgs/include/orbbec_camera_msgs/orbbec_camera_msgs/srv/get_string.h
[1.167s] -- Up-to-date symlink: /home/orin_nano/turtlebot3_ws/install/orbbec_camera_msgs/include/orbbec_camera_msgs/orbbec_camera_msgs/srv/set_int32.h
[1.167s] -- Up-to-date symlink: /home/orin_nano/turtlebot3_ws/install/orbbec_camera_msgs/include/orbbec_camera_msgs/orbbec_camera_msgs/srv/set_string.h
[1.168s] -- Up-to-date symlink: /home/orin_nano/turtlebot3_ws/install/orbbec_camera_msgs/share/orbbec_camera_msgs/environment/library_path.sh
[1.168s] -- Up-to-date symlink: /home/orin_nano/turtlebot3_ws/install/orbbec_camera_msgs/share/orbbec_camera_msgs/environment/library_path.dsv
[1.170s] -- Up-to-date symlink: /home/orin_nano/turtlebot3_ws/install/orbbec_camera_msgs/include/orbbec_camera_msgs/orbbec_camera_msgs/msg/detail/device_info__rosidl_typesupport_fastrtps_c.h
[1.170s] -- Up-to-date symlink: /home/orin_nano/turtlebot3_ws/install/orbbec_camera_msgs/include/orbbec_camera_msgs/orbbec_camera_msgs/msg/detail/extrinsics__rosidl_typesupport_fastrtps_c.h
[1.170s] -- Up-to-date symlink: /home/orin_nano/turtlebot3_ws/install/orbbec_camera_msgs/include/orbbec_camera_msgs/orbbec_camera_msgs/msg/detail/imu_info__rosidl_typesupport_fastrtps_c.h
[1.170s] -- Up-to-date symlink: /home/orin_nano/turtlebot3_ws/install/orbbec_camera_msgs/include/orbbec_camera_msgs/orbbec_camera_msgs/msg/detail/metadata__rosidl_typesupport_fastrtps_c.h
[1.171s] -- Up-to-date symlink: /home/orin_nano/turtlebot3_ws/install/orbbec_camera_msgs/include/orbbec_camera_msgs/orbbec_camera_msgs/msg/detail/rgbd__rosidl_typesupport_fastrtps_c.h
[1.171s] -- Up-to-date symlink: /home/orin_nano/turtlebot3_ws/install/orbbec_camera_msgs/include/orbbec_camera_msgs/orbbec_camera_msgs/msg/rosidl_typesupport_fastrtps_c__visibility_control.h
[1.173s] -- Up-to-date symlink: /home/orin_nano/turtlebot3_ws/install/orbbec_camera_msgs/include/orbbec_camera_msgs/orbbec_camera_msgs/srv/detail/get_bool__rosidl_typesupport_fastrtps_c.h
[1.173s] -- Up-to-date symlink: /home/orin_nano/turtlebot3_ws/install/orbbec_camera_msgs/include/orbbec_camera_msgs/orbbec_camera_msgs/srv/detail/get_camera_info__rosidl_typesupport_fastrtps_c.h
[1.173s] -- Up-to-date symlink: /home/orin_nano/turtlebot3_ws/install/orbbec_camera_msgs/include/orbbec_camera_msgs/orbbec_camera_msgs/srv/detail/get_device_info__rosidl_typesupport_fastrtps_c.h
[1.173s] -- Up-to-date symlink: /home/orin_nano/turtlebot3_ws/install/orbbec_camera_msgs/include/orbbec_camera_msgs/orbbec_camera_msgs/srv/detail/get_int32__rosidl_typesupport_fastrtps_c.h
[1.185s] -- Up-to-date symlink: /home/orin_nano/turtlebot3_ws/install/orbbec_camera_msgs/include/orbbec_camera_msgs/orbbec_camera_msgs/srv/detail/get_string__rosidl_typesupport_fastrtps_c.h
[1.185s] -- Up-to-date symlink: /home/orin_nano/turtlebot3_ws/install/orbbec_camera_msgs/include/orbbec_camera_msgs/orbbec_camera_msgs/srv/detail/set_int32__rosidl_typesupport_fastrtps_c.h
[1.185s] -- Up-to-date symlink: /home/orin_nano/turtlebot3_ws/install/orbbec_camera_msgs/include/orbbec_camera_msgs/orbbec_camera_msgs/srv/detail/set_string__rosidl_typesupport_fastrtps_c.h
[1.187s] -- Up-to-date symlink: /home/orin_nano/turtlebot3_ws/install/orbbec_camera_msgs/include/orbbec_camera_msgs/orbbec_camera_msgs/msg/detail/device_info__rosidl_typesupport_introspection_c.h
[1.187s] -- Up-to-date symlink: /home/orin_nano/turtlebot3_ws/install/orbbec_camera_msgs/include/orbbec_camera_msgs/orbbec_camera_msgs/msg/detail/extrinsics__rosidl_typesupport_introspection_c.h
[1.188s] -- Up-to-date symlink: /home/orin_nano/turtlebot3_ws/install/orbbec_camera_msgs/include/orbbec_camera_msgs/orbbec_camera_msgs/msg/detail/imu_info__rosidl_typesupport_introspection_c.h
[1.188s] -- Up-to-date symlink: /home/orin_nano/turtlebot3_ws/install/orbbec_camera_msgs/include/orbbec_camera_msgs/orbbec_camera_msgs/msg/detail/metadata__rosidl_typesupport_introspection_c.h
[1.189s] -- Up-to-date symlink: /home/orin_nano/turtlebot3_ws/install/orbbec_camera_msgs/include/orbbec_camera_msgs/orbbec_camera_msgs/msg/detail/rgbd__rosidl_typesupport_introspection_c.h
[1.189s] -- Up-to-date symlink: /home/orin_nano/turtlebot3_ws/install/orbbec_camera_msgs/include/orbbec_camera_msgs/orbbec_camera_msgs/msg/rosidl_typesupport_introspection_c__visibility_control.h
[1.190s] -- Up-to-date symlink: /home/orin_nano/turtlebot3_ws/install/orbbec_camera_msgs/include/orbbec_camera_msgs/orbbec_camera_msgs/srv/detail/get_bool__rosidl_typesupport_introspection_c.h
[1.191s] -- Up-to-date symlink: /home/orin_nano/turtlebot3_ws/install/orbbec_camera_msgs/include/orbbec_camera_msgs/orbbec_camera_msgs/srv/detail/get_camera_info__rosidl_typesupport_introspection_c.h
[1.191s] -- Up-to-date symlink: /home/orin_nano/turtlebot3_ws/install/orbbec_camera_msgs/include/orbbec_camera_msgs/orbbec_camera_msgs/srv/detail/get_device_info__rosidl_typesupport_introspection_c.h
[1.191s] -- Up-to-date symlink: /home/orin_nano/turtlebot3_ws/install/orbbec_camera_msgs/include/orbbec_camera_msgs/orbbec_camera_msgs/srv/detail/get_int32__rosidl_typesupport_introspection_c.h
[1.192s] -- Up-to-date symlink: /home/orin_nano/turtlebot3_ws/install/orbbec_camera_msgs/include/orbbec_camera_msgs/orbbec_camera_msgs/srv/detail/get_string__rosidl_typesupport_introspection_c.h
[1.195s] -- Up-to-date symlink: /home/orin_nano/turtlebot3_ws/install/orbbec_camera_msgs/include/orbbec_camera_msgs/orbbec_camera_msgs/srv/detail/set_int32__rosidl_typesupport_introspection_c.h
[1.198s] -- Up-to-date symlink: /home/orin_nano/turtlebot3_ws/install/orbbec_camera_msgs/include/orbbec_camera_msgs/orbbec_camera_msgs/srv/detail/set_string__rosidl_typesupport_introspection_c.h
[1.198s] -- Up-to-date symlink: /home/orin_nano/turtlebot3_ws/install/orbbec_camera_msgs/include/orbbec_camera_msgs/orbbec_camera_msgs/msg/detail/device_info__builder.hpp
[1.198s] -- Up-to-date symlink: /home/orin_nano/turtlebot3_ws/install/orbbec_camera_msgs/include/orbbec_camera_msgs/orbbec_camera_msgs/msg/detail/device_info__struct.hpp
[1.198s] -- Up-to-date symlink: /home/orin_nano/turtlebot3_ws/install/orbbec_camera_msgs/include/orbbec_camera_msgs/orbbec_camera_msgs/msg/detail/device_info__traits.hpp
[1.198s] -- Up-to-date symlink: /home/orin_nano/turtlebot3_ws/install/orbbec_camera_msgs/include/orbbec_camera_msgs/orbbec_camera_msgs/msg/detail/device_info__type_support.hpp
[1.199s] -- Up-to-date symlink: /home/orin_nano/turtlebot3_ws/install/orbbec_camera_msgs/include/orbbec_camera_msgs/orbbec_camera_msgs/msg/detail/extrinsics__builder.hpp
[1.200s] -- Up-to-date symlink: /home/orin_nano/turtlebot3_ws/install/orbbec_camera_msgs/include/orbbec_camera_msgs/orbbec_camera_msgs/msg/detail/extrinsics__struct.hpp
[1.200s] -- Up-to-date symlink: /home/orin_nano/turtlebot3_ws/install/orbbec_camera_msgs/include/orbbec_camera_msgs/orbbec_camera_msgs/msg/detail/extrinsics__traits.hpp
[1.201s] -- Up-to-date symlink: /home/orin_nano/turtlebot3_ws/install/orbbec_camera_msgs/include/orbbec_camera_msgs/orbbec_camera_msgs/msg/detail/extrinsics__type_support.hpp
[1.201s] -- Up-to-date symlink: /home/orin_nano/turtlebot3_ws/install/orbbec_camera_msgs/include/orbbec_camera_msgs/orbbec_camera_msgs/msg/detail/imu_info__builder.hpp
[1.201s] -- Up-to-date symlink: /home/orin_nano/turtlebot3_ws/install/orbbec_camera_msgs/include/orbbec_camera_msgs/orbbec_camera_msgs/msg/detail/imu_info__struct.hpp
[1.201s] -- Up-to-date symlink: /home/orin_nano/turtlebot3_ws/install/orbbec_camera_msgs/include/orbbec_camera_msgs/orbbec_camera_msgs/msg/detail/imu_info__traits.hpp
[1.201s] -- Up-to-date symlink: /home/orin_nano/turtlebot3_ws/install/orbbec_camera_msgs/include/orbbec_camera_msgs/orbbec_camera_msgs/msg/detail/imu_info__type_support.hpp
[1.201s] -- Up-to-date symlink: /home/orin_nano/turtlebot3_ws/install/orbbec_camera_msgs/include/orbbec_camera_msgs/orbbec_camera_msgs/msg/detail/metadata__builder.hpp
[1.201s] -- Up-to-date symlink: /home/orin_nano/turtlebot3_ws/install/orbbec_camera_msgs/include/orbbec_camera_msgs/orbbec_camera_msgs/msg/detail/metadata__struct.hpp
[1.202s] -- Up-to-date symlink: /home/orin_nano/turtlebot3_ws/install/orbbec_camera_msgs/include/orbbec_camera_msgs/orbbec_camera_msgs/msg/detail/metadata__traits.hpp
[1.202s] -- Up-to-date symlink: /home/orin_nano/turtlebot3_ws/install/orbbec_camera_msgs/include/orbbec_camera_msgs/orbbec_camera_msgs/msg/detail/metadata__type_support.hpp
[1.202s] -- Up-to-date symlink: /home/orin_nano/turtlebot3_ws/install/orbbec_camera_msgs/include/orbbec_camera_msgs/orbbec_camera_msgs/msg/detail/rgbd__builder.hpp
[1.202s] -- Up-to-date symlink: /home/orin_nano/turtlebot3_ws/install/orbbec_camera_msgs/include/orbbec_camera_msgs/orbbec_camera_msgs/msg/detail/rgbd__struct.hpp
[1.202s] -- Up-to-date symlink: /home/orin_nano/turtlebot3_ws/install/orbbec_camera_msgs/include/orbbec_camera_msgs/orbbec_camera_msgs/msg/detail/rgbd__traits.hpp
[1.202s] -- Up-to-date symlink: /home/orin_nano/turtlebot3_ws/install/orbbec_camera_msgs/include/orbbec_camera_msgs/orbbec_camera_msgs/msg/detail/rgbd__type_support.hpp
[1.203s] -- Up-to-date symlink: /home/orin_nano/turtlebot3_ws/install/orbbec_camera_msgs/include/orbbec_camera_msgs/orbbec_camera_msgs/msg/device_info.hpp
[1.203s] -- Up-to-date symlink: /home/orin_nano/turtlebot3_ws/install/orbbec_camera_msgs/include/orbbec_camera_msgs/orbbec_camera_msgs/msg/extrinsics.hpp
[1.204s] -- Up-to-date symlink: /home/orin_nano/turtlebot3_ws/install/orbbec_camera_msgs/include/orbbec_camera_msgs/orbbec_camera_msgs/msg/imu_info.hpp
[1.205s] -- Up-to-date symlink: /home/orin_nano/turtlebot3_ws/install/orbbec_camera_msgs/include/orbbec_camera_msgs/orbbec_camera_msgs/msg/metadata.hpp
[1.205s] -- Up-to-date symlink: /home/orin_nano/turtlebot3_ws/install/orbbec_camera_msgs/include/orbbec_camera_msgs/orbbec_camera_msgs/msg/rgbd.hpp
[1.205s] -- Up-to-date symlink: /home/orin_nano/turtlebot3_ws/install/orbbec_camera_msgs/include/orbbec_camera_msgs/orbbec_camera_msgs/msg/rosidl_generator_cpp__visibility_control.hpp
[1.206s] -- Up-to-date symlink: /home/orin_nano/turtlebot3_ws/install/orbbec_camera_msgs/include/orbbec_camera_msgs/orbbec_camera_msgs/srv/detail/get_bool__builder.hpp
[1.206s] -- Up-to-date symlink: /home/orin_nano/turtlebot3_ws/install/orbbec_camera_msgs/include/orbbec_camera_msgs/orbbec_camera_msgs/srv/detail/get_bool__struct.hpp
[1.207s] -- Up-to-date symlink: /home/orin_nano/turtlebot3_ws/install/orbbec_camera_msgs/include/orbbec_camera_msgs/orbbec_camera_msgs/srv/detail/get_bool__traits.hpp
[1.207s] -- Up-to-date symlink: /home/orin_nano/turtlebot3_ws/install/orbbec_camera_msgs/include/orbbec_camera_msgs/orbbec_camera_msgs/srv/detail/get_bool__type_support.hpp
[1.207s] -- Up-to-date symlink: /home/orin_nano/turtlebot3_ws/install/orbbec_camera_msgs/include/orbbec_camera_msgs/orbbec_camera_msgs/srv/detail/get_camera_info__builder.hpp
[1.209s] -- Up-to-date symlink: /home/orin_nano/turtlebot3_ws/install/orbbec_camera_msgs/include/orbbec_camera_msgs/orbbec_camera_msgs/srv/detail/get_camera_info__struct.hpp
[1.209s] -- Up-to-date symlink: /home/orin_nano/turtlebot3_ws/install/orbbec_camera_msgs/include/orbbec_camera_msgs/orbbec_camera_msgs/srv/detail/get_camera_info__traits.hpp
[1.209s] -- Up-to-date symlink: /home/orin_nano/turtlebot3_ws/install/orbbec_camera_msgs/include/orbbec_camera_msgs/orbbec_camera_msgs/srv/detail/get_camera_info__type_support.hpp
[1.209s] -- Up-to-date symlink: /home/orin_nano/turtlebot3_ws/install/orbbec_camera_msgs/include/orbbec_camera_msgs/orbbec_camera_msgs/srv/detail/get_device_info__builder.hpp
[1.209s] -- Up-to-date symlink: /home/orin_nano/turtlebot3_ws/install/orbbec_camera_msgs/include/orbbec_camera_msgs/orbbec_camera_msgs/srv/detail/get_device_info__struct.hpp
[1.209s] -- Up-to-date symlink: /home/orin_nano/turtlebot3_ws/install/orbbec_camera_msgs/include/orbbec_camera_msgs/orbbec_camera_msgs/srv/detail/get_device_info__traits.hpp
[1.209s] -- Up-to-date symlink: /home/orin_nano/turtlebot3_ws/install/orbbec_camera_msgs/include/orbbec_camera_msgs/orbbec_camera_msgs/srv/detail/get_device_info__type_support.hpp
[1.210s] -- Up-to-date symlink: /home/orin_nano/turtlebot3_ws/install/orbbec_camera_msgs/include/orbbec_camera_msgs/orbbec_camera_msgs/srv/detail/get_int32__builder.hpp
[1.210s] -- Up-to-date symlink: /home/orin_nano/turtlebot3_ws/install/orbbec_camera_msgs/include/orbbec_camera_msgs/orbbec_camera_msgs/srv/detail/get_int32__struct.hpp
[1.211s] -- Up-to-date symlink: /home/orin_nano/turtlebot3_ws/install/orbbec_camera_msgs/include/orbbec_camera_msgs/orbbec_camera_msgs/srv/detail/get_int32__traits.hpp
[1.211s] -- Up-to-date symlink: /home/orin_nano/turtlebot3_ws/install/orbbec_camera_msgs/include/orbbec_camera_msgs/orbbec_camera_msgs/srv/detail/get_int32__type_support.hpp
[1.211s] -- Up-to-date symlink: /home/orin_nano/turtlebot3_ws/install/orbbec_camera_msgs/include/orbbec_camera_msgs/orbbec_camera_msgs/srv/detail/get_string__builder.hpp
[1.213s] -- Up-to-date symlink: /home/orin_nano/turtlebot3_ws/install/orbbec_camera_msgs/include/orbbec_camera_msgs/orbbec_camera_msgs/srv/detail/get_string__struct.hpp
[1.213s] -- Up-to-date symlink: /home/orin_nano/turtlebot3_ws/install/orbbec_camera_msgs/include/orbbec_camera_msgs/orbbec_camera_msgs/srv/detail/get_string__traits.hpp
[1.213s] -- Up-to-date symlink: /home/orin_nano/turtlebot3_ws/install/orbbec_camera_msgs/include/orbbec_camera_msgs/orbbec_camera_msgs/srv/detail/get_string__type_support.hpp
[1.213s] -- Up-to-date symlink: /home/orin_nano/turtlebot3_ws/install/orbbec_camera_msgs/include/orbbec_camera_msgs/orbbec_camera_msgs/srv/detail/set_int32__builder.hpp
[1.213s] -- Up-to-date symlink: /home/orin_nano/turtlebot3_ws/install/orbbec_camera_msgs/include/orbbec_camera_msgs/orbbec_camera_msgs/srv/detail/set_int32__struct.hpp
[1.214s] -- Up-to-date symlink: /home/orin_nano/turtlebot3_ws/install/orbbec_camera_msgs/include/orbbec_camera_msgs/orbbec_camera_msgs/srv/detail/set_int32__traits.hpp
[1.214s] -- Up-to-date symlink: /home/orin_nano/turtlebot3_ws/install/orbbec_camera_msgs/include/orbbec_camera_msgs/orbbec_camera_msgs/srv/detail/set_int32__type_support.hpp
[1.215s] -- Up-to-date symlink: /home/orin_nano/turtlebot3_ws/install/orbbec_camera_msgs/include/orbbec_camera_msgs/orbbec_camera_msgs/srv/detail/set_string__builder.hpp
[1.215s] -- Up-to-date symlink: /home/orin_nano/turtlebot3_ws/install/orbbec_camera_msgs/include/orbbec_camera_msgs/orbbec_camera_msgs/srv/detail/set_string__struct.hpp
[1.216s] -- Up-to-date symlink: /home/orin_nano/turtlebot3_ws/install/orbbec_camera_msgs/include/orbbec_camera_msgs/orbbec_camera_msgs/srv/detail/set_string__traits.hpp
[1.216s] -- Up-to-date symlink: /home/orin_nano/turtlebot3_ws/install/orbbec_camera_msgs/include/orbbec_camera_msgs/orbbec_camera_msgs/srv/detail/set_string__type_support.hpp
[1.216s] -- Up-to-date symlink: /home/orin_nano/turtlebot3_ws/install/orbbec_camera_msgs/include/orbbec_camera_msgs/orbbec_camera_msgs/srv/get_bool.hpp
[1.216s] -- Up-to-date symlink: /home/orin_nano/turtlebot3_ws/install/orbbec_camera_msgs/include/orbbec_camera_msgs/orbbec_camera_msgs/srv/get_camera_info.hpp
[1.217s] -- Up-to-date symlink: /home/orin_nano/turtlebot3_ws/install/orbbec_camera_msgs/include/orbbec_camera_msgs/orbbec_camera_msgs/srv/get_device_info.hpp
[1.217s] -- Up-to-date symlink: /home/orin_nano/turtlebot3_ws/install/orbbec_camera_msgs/include/orbbec_camera_msgs/orbbec_camera_msgs/srv/get_int32.hpp
[1.217s] -- Up-to-date symlink: /home/orin_nano/turtlebot3_ws/install/orbbec_camera_msgs/include/orbbec_camera_msgs/orbbec_camera_msgs/srv/get_string.hpp
[1.217s] -- Up-to-date symlink: /home/orin_nano/turtlebot3_ws/install/orbbec_camera_msgs/include/orbbec_camera_msgs/orbbec_camera_msgs/srv/set_int32.hpp
[1.217s] -- Up-to-date symlink: /home/orin_nano/turtlebot3_ws/install/orbbec_camera_msgs/include/orbbec_camera_msgs/orbbec_camera_msgs/srv/set_string.hpp
[1.219s] -- Up-to-date symlink: /home/orin_nano/turtlebot3_ws/install/orbbec_camera_msgs/include/orbbec_camera_msgs/orbbec_camera_msgs/msg/detail/device_info__rosidl_typesupport_fastrtps_cpp.hpp
[1.221s] -- Up-to-date symlink: /home/orin_nano/turtlebot3_ws/install/orbbec_camera_msgs/include/orbbec_camera_msgs/orbbec_camera_msgs/msg/detail/extrinsics__rosidl_typesupport_fastrtps_cpp.hpp
[1.221s] -- Up-to-date symlink: /home/orin_nano/turtlebot3_ws/install/orbbec_camera_msgs/include/orbbec_camera_msgs/orbbec_camera_msgs/msg/detail/imu_info__rosidl_typesupport_fastrtps_cpp.hpp
[1.221s] -- Up-to-date symlink: /home/orin_nano/turtlebot3_ws/install/orbbec_camera_msgs/include/orbbec_camera_msgs/orbbec_camera_msgs/msg/detail/metadata__rosidl_typesupport_fastrtps_cpp.hpp
[1.221s] -- Up-to-date symlink: /home/orin_nano/turtlebot3_ws/install/orbbec_camera_msgs/include/orbbec_camera_msgs/orbbec_camera_msgs/msg/detail/rgbd__rosidl_typesupport_fastrtps_cpp.hpp
[1.221s] -- Up-to-date symlink: /home/orin_nano/turtlebot3_ws/install/orbbec_camera_msgs/include/orbbec_camera_msgs/orbbec_camera_msgs/msg/rosidl_typesupport_fastrtps_cpp__visibility_control.h
[1.222s] -- Up-to-date symlink: /home/orin_nano/turtlebot3_ws/install/orbbec_camera_msgs/include/orbbec_camera_msgs/orbbec_camera_msgs/srv/detail/get_bool__rosidl_typesupport_fastrtps_cpp.hpp
[1.222s] -- Up-to-date symlink: /home/orin_nano/turtlebot3_ws/install/orbbec_camera_msgs/include/orbbec_camera_msgs/orbbec_camera_msgs/srv/detail/get_camera_info__rosidl_typesupport_fastrtps_cpp.hpp
[1.223s] -- Up-to-date symlink: /home/orin_nano/turtlebot3_ws/install/orbbec_camera_msgs/include/orbbec_camera_msgs/orbbec_camera_msgs/srv/detail/get_device_info__rosidl_typesupport_fastrtps_cpp.hpp
[1.223s] -- Up-to-date symlink: /home/orin_nano/turtlebot3_ws/install/orbbec_camera_msgs/include/orbbec_camera_msgs/orbbec_camera_msgs/srv/detail/get_int32__rosidl_typesupport_fastrtps_cpp.hpp
[1.224s] -- Up-to-date symlink: /home/orin_nano/turtlebot3_ws/install/orbbec_camera_msgs/include/orbbec_camera_msgs/orbbec_camera_msgs/srv/detail/get_string__rosidl_typesupport_fastrtps_cpp.hpp
[1.224s] -- Up-to-date symlink: /home/orin_nano/turtlebot3_ws/install/orbbec_camera_msgs/include/orbbec_camera_msgs/orbbec_camera_msgs/srv/detail/set_int32__rosidl_typesupport_fastrtps_cpp.hpp
[1.225s] -- Up-to-date symlink: /home/orin_nano/turtlebot3_ws/install/orbbec_camera_msgs/include/orbbec_camera_msgs/orbbec_camera_msgs/srv/detail/set_string__rosidl_typesupport_fastrtps_cpp.hpp
[1.226s] -- Up-to-date symlink: /home/orin_nano/turtlebot3_ws/install/orbbec_camera_msgs/include/orbbec_camera_msgs/orbbec_camera_msgs/msg/detail/device_info__rosidl_typesupport_introspection_cpp.hpp
[1.226s] -- Up-to-date symlink: /home/orin_nano/turtlebot3_ws/install/orbbec_camera_msgs/include/orbbec_camera_msgs/orbbec_camera_msgs/msg/detail/extrinsics__rosidl_typesupport_introspection_cpp.hpp
[1.227s] -- Up-to-date symlink: /home/orin_nano/turtlebot3_ws/install/orbbec_camera_msgs/include/orbbec_camera_msgs/orbbec_camera_msgs/msg/detail/imu_info__rosidl_typesupport_introspection_cpp.hpp
[1.227s] -- Up-to-date symlink: /home/orin_nano/turtlebot3_ws/install/orbbec_camera_msgs/include/orbbec_camera_msgs/orbbec_camera_msgs/msg/detail/metadata__rosidl_typesupport_introspection_cpp.hpp
[1.228s] -- Up-to-date symlink: /home/orin_nano/turtlebot3_ws/install/orbbec_camera_msgs/include/orbbec_camera_msgs/orbbec_camera_msgs/msg/detail/rgbd__rosidl_typesupport_introspection_cpp.hpp
[1.228s] -- Up-to-date symlink: /home/orin_nano/turtlebot3_ws/install/orbbec_camera_msgs/include/orbbec_camera_msgs/orbbec_camera_msgs/srv/detail/get_bool__rosidl_typesupport_introspection_cpp.hpp
[1.229s] -- Up-to-date symlink: /home/orin_nano/turtlebot3_ws/install/orbbec_camera_msgs/include/orbbec_camera_msgs/orbbec_camera_msgs/srv/detail/get_camera_info__rosidl_typesupport_introspection_cpp.hpp
[1.230s] -- Up-to-date symlink: /home/orin_nano/turtlebot3_ws/install/orbbec_camera_msgs/include/orbbec_camera_msgs/orbbec_camera_msgs/srv/detail/get_device_info__rosidl_typesupport_introspection_cpp.hpp
[1.230s] -- Up-to-date symlink: /home/orin_nano/turtlebot3_ws/install/orbbec_camera_msgs/include/orbbec_camera_msgs/orbbec_camera_msgs/srv/detail/get_int32__rosidl_typesupport_introspection_cpp.hpp
[1.231s] -- Up-to-date symlink: /home/orin_nano/turtlebot3_ws/install/orbbec_camera_msgs/include/orbbec_camera_msgs/orbbec_camera_msgs/srv/detail/get_string__rosidl_typesupport_introspection_cpp.hpp
[1.231s] -- Up-to-date symlink: /home/orin_nano/turtlebot3_ws/install/orbbec_camera_msgs/include/orbbec_camera_msgs/orbbec_camera_msgs/srv/detail/set_int32__rosidl_typesupport_introspection_cpp.hpp
[1.233s] -- Up-to-date symlink: /home/orin_nano/turtlebot3_ws/install/orbbec_camera_msgs/include/orbbec_camera_msgs/orbbec_camera_msgs/srv/detail/set_string__rosidl_typesupport_introspection_cpp.hpp
[1.233s] -- Up-to-date symlink: /home/orin_nano/turtlebot3_ws/install/orbbec_camera_msgs/share/orbbec_camera_msgs/environment/pythonpath.sh
[1.234s] -- Up-to-date symlink: /home/orin_nano/turtlebot3_ws/install/orbbec_camera_msgs/share/orbbec_camera_msgs/environment/pythonpath.dsv
[1.234s] -- Up-to-date symlink: /home/orin_nano/turtlebot3_ws/install/orbbec_camera_msgs/local/lib/python3.10/dist-packages/orbbec_camera_msgs-1.2.2-py3.10.egg-info/PKG-INFO
[1.235s] -- Up-to-date symlink: /home/orin_nano/turtlebot3_ws/install/orbbec_camera_msgs/local/lib/python3.10/dist-packages/orbbec_camera_msgs-1.2.2-py3.10.egg-info/SOURCES.txt
[1.235s] -- Up-to-date symlink: /home/orin_nano/turtlebot3_ws/install/orbbec_camera_msgs/local/lib/python3.10/dist-packages/orbbec_camera_msgs-1.2.2-py3.10.egg-info/dependency_links.txt
[1.236s] -- Up-to-date symlink: /home/orin_nano/turtlebot3_ws/install/orbbec_camera_msgs/local/lib/python3.10/dist-packages/orbbec_camera_msgs-1.2.2-py3.10.egg-info/top_level.txt
[1.238s] -- Up-to-date symlink: /home/orin_nano/turtlebot3_ws/install/orbbec_camera_msgs/local/lib/python3.10/dist-packages/orbbec_camera_msgs/__init__.py
[1.238s] -- Up-to-date symlink: /home/orin_nano/turtlebot3_ws/install/orbbec_camera_msgs/local/lib/python3.10/dist-packages/orbbec_camera_msgs/_orbbec_camera_msgs_s.ep.rosidl_typesupport_c.c
[1.239s] -- Up-to-date symlink: /home/orin_nano/turtlebot3_ws/install/orbbec_camera_msgs/local/lib/python3.10/dist-packages/orbbec_camera_msgs/_orbbec_camera_msgs_s.ep.rosidl_typesupport_fastrtps_c.c
[1.239s] -- Up-to-date symlink: /home/orin_nano/turtlebot3_ws/install/orbbec_camera_msgs/local/lib/python3.10/dist-packages/orbbec_camera_msgs/_orbbec_camera_msgs_s.ep.rosidl_typesupport_introspection_c.c
[1.240s] -- Up-to-date symlink: /home/orin_nano/turtlebot3_ws/install/orbbec_camera_msgs/local/lib/python3.10/dist-packages/orbbec_camera_msgs/liborbbec_camera_msgs__rosidl_generator_py.so
[1.240s] -- Up-to-date symlink: /home/orin_nano/turtlebot3_ws/install/orbbec_camera_msgs/local/lib/python3.10/dist-packages/orbbec_camera_msgs/msg/__init__.py
[1.241s] -- Up-to-date symlink: /home/orin_nano/turtlebot3_ws/install/orbbec_camera_msgs/local/lib/python3.10/dist-packages/orbbec_camera_msgs/msg/_device_info.py
[1.241s] -- Up-to-date symlink: /home/orin_nano/turtlebot3_ws/install/orbbec_camera_msgs/local/lib/python3.10/dist-packages/orbbec_camera_msgs/msg/_device_info_s.c
[1.242s] -- Up-to-date symlink: /home/orin_nano/turtlebot3_ws/install/orbbec_camera_msgs/local/lib/python3.10/dist-packages/orbbec_camera_msgs/msg/_extrinsics.py
[1.242s] -- Up-to-date symlink: /home/orin_nano/turtlebot3_ws/install/orbbec_camera_msgs/local/lib/python3.10/dist-packages/orbbec_camera_msgs/msg/_extrinsics_s.c
[1.242s] -- Up-to-date symlink: /home/orin_nano/turtlebot3_ws/install/orbbec_camera_msgs/local/lib/python3.10/dist-packages/orbbec_camera_msgs/msg/_imu_info.py
[1.243s] -- Up-to-date symlink: /home/orin_nano/turtlebot3_ws/install/orbbec_camera_msgs/local/lib/python3.10/dist-packages/orbbec_camera_msgs/msg/_imu_info_s.c
[1.244s] -- Up-to-date symlink: /home/orin_nano/turtlebot3_ws/install/orbbec_camera_msgs/local/lib/python3.10/dist-packages/orbbec_camera_msgs/msg/_metadata.py
[1.244s] -- Up-to-date symlink: /home/orin_nano/turtlebot3_ws/install/orbbec_camera_msgs/local/lib/python3.10/dist-packages/orbbec_camera_msgs/msg/_metadata_s.c
[1.244s] -- Up-to-date symlink: /home/orin_nano/turtlebot3_ws/install/orbbec_camera_msgs/local/lib/python3.10/dist-packages/orbbec_camera_msgs/msg/_rgbd.py
[1.245s] -- Up-to-date symlink: /home/orin_nano/turtlebot3_ws/install/orbbec_camera_msgs/local/lib/python3.10/dist-packages/orbbec_camera_msgs/msg/_rgbd_s.c
[1.245s] -- Up-to-date symlink: /home/orin_nano/turtlebot3_ws/install/orbbec_camera_msgs/local/lib/python3.10/dist-packages/orbbec_camera_msgs/orbbec_camera_msgs_s__rosidl_typesupport_c.cpython-310-aarch64-linux-gnu.so
[1.246s] -- Up-to-date symlink: /home/orin_nano/turtlebot3_ws/install/orbbec_camera_msgs/local/lib/python3.10/dist-packages/orbbec_camera_msgs/orbbec_camera_msgs_s__rosidl_typesupport_fastrtps_c.cpython-310-aarch64-linux-gnu.so
[1.246s] -- Up-to-date symlink: /home/orin_nano/turtlebot3_ws/install/orbbec_camera_msgs/local/lib/python3.10/dist-packages/orbbec_camera_msgs/orbbec_camera_msgs_s__rosidl_typesupport_introspection_c.cpython-310-aarch64-linux-gnu.so
[1.247s] -- Up-to-date symlink: /home/orin_nano/turtlebot3_ws/install/orbbec_camera_msgs/local/lib/python3.10/dist-packages/orbbec_camera_msgs/srv/__init__.py
[1.247s] -- Up-to-date symlink: /home/orin_nano/turtlebot3_ws/install/orbbec_camera_msgs/local/lib/python3.10/dist-packages/orbbec_camera_msgs/srv/_get_bool.py
[1.248s] -- Up-to-date symlink: /home/orin_nano/turtlebot3_ws/install/orbbec_camera_msgs/local/lib/python3.10/dist-packages/orbbec_camera_msgs/srv/_get_bool_s.c
[1.248s] -- Up-to-date symlink: /home/orin_nano/turtlebot3_ws/install/orbbec_camera_msgs/local/lib/python3.10/dist-packages/orbbec_camera_msgs/srv/_get_camera_info.py
[1.249s] -- Up-to-date symlink: /home/orin_nano/turtlebot3_ws/install/orbbec_camera_msgs/local/lib/python3.10/dist-packages/orbbec_camera_msgs/srv/_get_camera_info_s.c
[1.249s] -- Up-to-date symlink: /home/orin_nano/turtlebot3_ws/install/orbbec_camera_msgs/local/lib/python3.10/dist-packages/orbbec_camera_msgs/srv/_get_device_info.py
[1.249s] -- Up-to-date symlink: /home/orin_nano/turtlebot3_ws/install/orbbec_camera_msgs/local/lib/python3.10/dist-packages/orbbec_camera_msgs/srv/_get_device_info_s.c
[1.250s] -- Up-to-date symlink: /home/orin_nano/turtlebot3_ws/install/orbbec_camera_msgs/local/lib/python3.10/dist-packages/orbbec_camera_msgs/srv/_get_int32.py
[1.250s] -- Up-to-date symlink: /home/orin_nano/turtlebot3_ws/install/orbbec_camera_msgs/local/lib/python3.10/dist-packages/orbbec_camera_msgs/srv/_get_int32_s.c
[1.250s] -- Up-to-date symlink: /home/orin_nano/turtlebot3_ws/install/orbbec_camera_msgs/local/lib/python3.10/dist-packages/orbbec_camera_msgs/srv/_get_string.py
[1.251s] -- Up-to-date symlink: /home/orin_nano/turtlebot3_ws/install/orbbec_camera_msgs/local/lib/python3.10/dist-packages/orbbec_camera_msgs/srv/_get_string_s.c
[1.251s] -- Up-to-date symlink: /home/orin_nano/turtlebot3_ws/install/orbbec_camera_msgs/local/lib/python3.10/dist-packages/orbbec_camera_msgs/srv/_set_int32.py
[1.252s] -- Up-to-date symlink: /home/orin_nano/turtlebot3_ws/install/orbbec_camera_msgs/local/lib/python3.10/dist-packages/orbbec_camera_msgs/srv/_set_int32_s.c
[1.252s] -- Up-to-date symlink: /home/orin_nano/turtlebot3_ws/install/orbbec_camera_msgs/local/lib/python3.10/dist-packages/orbbec_camera_msgs/srv/_set_string.py
[1.252s] -- Up-to-date symlink: /home/orin_nano/turtlebot3_ws/install/orbbec_camera_msgs/local/lib/python3.10/dist-packages/orbbec_camera_msgs/srv/_set_string_s.c
[1.253s] -- Up-to-date symlink: /home/orin_nano/turtlebot3_ws/install/orbbec_camera_msgs/local/lib/python3.10/dist-packages/orbbec_camera_msgs/orbbec_camera_msgs_s__rosidl_typesupport_fastrtps_c.cpython-310-aarch64-linux-gnu.so
[1.254s] -- Up-to-date symlink: /home/orin_nano/turtlebot3_ws/install/orbbec_camera_msgs/local/lib/python3.10/dist-packages/orbbec_camera_msgs/orbbec_camera_msgs_s__rosidl_typesupport_introspection_c.cpython-310-aarch64-linux-gnu.so
[1.254s] -- Up-to-date symlink: /home/orin_nano/turtlebot3_ws/install/orbbec_camera_msgs/local/lib/python3.10/dist-packages/orbbec_camera_msgs/orbbec_camera_msgs_s__rosidl_typesupport_c.cpython-310-aarch64-linux-gnu.so
[1.255s] -- Up-to-date symlink: /home/orin_nano/turtlebot3_ws/install/orbbec_camera_msgs/share/orbbec_camera_msgs/msg/DeviceInfo.idl
[1.256s] -- Up-to-date symlink: /home/orin_nano/turtlebot3_ws/install/orbbec_camera_msgs/share/orbbec_camera_msgs/msg/Extrinsics.idl
[1.256s] -- Up-to-date symlink: /home/orin_nano/turtlebot3_ws/install/orbbec_camera_msgs/share/orbbec_camera_msgs/msg/Metadata.idl
[1.256s] -- Up-to-date symlink: /home/orin_nano/turtlebot3_ws/install/orbbec_camera_msgs/share/orbbec_camera_msgs/msg/IMUInfo.idl
[1.256s] -- Up-to-date symlink: /home/orin_nano/turtlebot3_ws/install/orbbec_camera_msgs/share/orbbec_camera_msgs/msg/RGBD.idl
[1.261s] -- Up-to-date symlink: /home/orin_nano/turtlebot3_ws/install/orbbec_camera_msgs/share/orbbec_camera_msgs/srv/GetBool.idl
[1.261s] -- Up-to-date symlink: /home/orin_nano/turtlebot3_ws/install/orbbec_camera_msgs/share/orbbec_camera_msgs/srv/GetDeviceInfo.idl
[1.261s] -- Up-to-date symlink: /home/orin_nano/turtlebot3_ws/install/orbbec_camera_msgs/share/orbbec_camera_msgs/srv/GetCameraInfo.idl
[1.262s] -- Up-to-date symlink: /home/orin_nano/turtlebot3_ws/install/orbbec_camera_msgs/share/orbbec_camera_msgs/srv/GetInt32.idl
[1.262s] -- Up-to-date symlink: /home/orin_nano/turtlebot3_ws/install/orbbec_camera_msgs/share/orbbec_camera_msgs/srv/GetString.idl
[1.262s] -- Up-to-date symlink: /home/orin_nano/turtlebot3_ws/install/orbbec_camera_msgs/share/orbbec_camera_msgs/srv/SetInt32.idl
[1.262s] -- Up-to-date symlink: /home/orin_nano/turtlebot3_ws/install/orbbec_camera_msgs/share/orbbec_camera_msgs/srv/SetString.idl
[1.262s] -- Up-to-date symlink: /home/orin_nano/turtlebot3_ws/install/orbbec_camera_msgs/share/orbbec_camera_msgs/msg/DeviceInfo.msg
[1.262s] -- Up-to-date symlink: /home/orin_nano/turtlebot3_ws/install/orbbec_camera_msgs/share/orbbec_camera_msgs/msg/Extrinsics.msg
[1.262s] -- Up-to-date symlink: /home/orin_nano/turtlebot3_ws/install/orbbec_camera_msgs/share/orbbec_camera_msgs/msg/Metadata.msg
[1.263s] -- Up-to-date symlink: /home/orin_nano/turtlebot3_ws/install/orbbec_camera_msgs/share/orbbec_camera_msgs/msg/IMUInfo.msg
[1.263s] -- Up-to-date symlink: /home/orin_nano/turtlebot3_ws/install/orbbec_camera_msgs/share/orbbec_camera_msgs/msg/RGBD.msg
[1.264s] -- Up-to-date symlink: /home/orin_nano/turtlebot3_ws/install/orbbec_camera_msgs/share/orbbec_camera_msgs/srv/GetBool.srv
[1.265s] -- Up-to-date symlink: /home/orin_nano/turtlebot3_ws/install/orbbec_camera_msgs/share/orbbec_camera_msgs/srv/GetBool_Request.msg
[1.265s] -- Up-to-date symlink: /home/orin_nano/turtlebot3_ws/install/orbbec_camera_msgs/share/orbbec_camera_msgs/srv/GetBool_Response.msg
[1.268s] -- Up-to-date symlink: /home/orin_nano/turtlebot3_ws/install/orbbec_camera_msgs/share/orbbec_camera_msgs/srv/GetDeviceInfo.srv
[1.268s] -- Up-to-date symlink: /home/orin_nano/turtlebot3_ws/install/orbbec_camera_msgs/share/orbbec_camera_msgs/srv/GetDeviceInfo_Request.msg
[1.268s] -- Up-to-date symlink: /home/orin_nano/turtlebot3_ws/install/orbbec_camera_msgs/share/orbbec_camera_msgs/srv/GetDeviceInfo_Response.msg
[1.269s] -- Up-to-date symlink: /home/orin_nano/turtlebot3_ws/install/orbbec_camera_msgs/share/orbbec_camera_msgs/srv/GetCameraInfo.srv
[1.269s] -- Up-to-date symlink: /home/orin_nano/turtlebot3_ws/install/orbbec_camera_msgs/share/orbbec_camera_msgs/srv/GetCameraInfo_Request.msg
[1.269s] -- Up-to-date symlink: /home/orin_nano/turtlebot3_ws/install/orbbec_camera_msgs/share/orbbec_camera_msgs/srv/GetCameraInfo_Response.msg
[1.270s] -- Up-to-date symlink: /home/orin_nano/turtlebot3_ws/install/orbbec_camera_msgs/share/orbbec_camera_msgs/srv/GetInt32.srv
[1.270s] -- Up-to-date symlink: /home/orin_nano/turtlebot3_ws/install/orbbec_camera_msgs/share/orbbec_camera_msgs/srv/GetInt32_Request.msg
[1.271s] -- Up-to-date symlink: /home/orin_nano/turtlebot3_ws/install/orbbec_camera_msgs/share/orbbec_camera_msgs/srv/GetInt32_Response.msg
[1.271s] -- Up-to-date symlink: /home/orin_nano/turtlebot3_ws/install/orbbec_camera_msgs/share/orbbec_camera_msgs/srv/GetString.srv
[1.272s] -- Up-to-date symlink: /home/orin_nano/turtlebot3_ws/install/orbbec_camera_msgs/share/orbbec_camera_msgs/srv/GetString_Request.msg
[1.272s] -- Up-to-date symlink: /home/orin_nano/turtlebot3_ws/install/orbbec_camera_msgs/share/orbbec_camera_msgs/srv/GetString_Response.msg
[1.273s] -- Up-to-date symlink: /home/orin_nano/turtlebot3_ws/install/orbbec_camera_msgs/share/orbbec_camera_msgs/srv/SetInt32.srv
[1.273s] -- Up-to-date symlink: /home/orin_nano/turtlebot3_ws/install/orbbec_camera_msgs/share/orbbec_camera_msgs/srv/SetInt32_Request.msg
[1.274s] -- Up-to-date symlink: /home/orin_nano/turtlebot3_ws/install/orbbec_camera_msgs/share/orbbec_camera_msgs/srv/SetInt32_Response.msg
[1.275s] -- Up-to-date symlink: /home/orin_nano/turtlebot3_ws/install/orbbec_camera_msgs/share/orbbec_camera_msgs/srv/SetString.srv
[1.275s] -- Up-to-date symlink: /home/orin_nano/turtlebot3_ws/install/orbbec_camera_msgs/share/orbbec_camera_msgs/srv/SetString_Request.msg
[1.276s] -- Up-to-date symlink: /home/orin_nano/turtlebot3_ws/install/orbbec_camera_msgs/share/orbbec_camera_msgs/srv/SetString_Response.msg
[1.276s] -- Up-to-date symlink: /home/orin_nano/turtlebot3_ws/install/orbbec_camera_msgs/share/ament_index/resource_index/package_run_dependencies/orbbec_camera_msgs
[1.277s] -- Up-to-date symlink: /home/orin_nano/turtlebot3_ws/install/orbbec_camera_msgs/share/ament_index/resource_index/parent_prefix_path/orbbec_camera_msgs
[1.278s] -- Up-to-date symlink: /home/orin_nano/turtlebot3_ws/install/orbbec_camera_msgs/share/orbbec_camera_msgs/environment/ament_prefix_path.sh
[1.278s] -- Up-to-date symlink: /home/orin_nano/turtlebot3_ws/install/orbbec_camera_msgs/share/orbbec_camera_msgs/environment/ament_prefix_path.dsv
[1.278s] -- Up-to-date symlink: /home/orin_nano/turtlebot3_ws/install/orbbec_camera_msgs/share/orbbec_camera_msgs/environment/path.sh
[1.278s] -- Up-to-date symlink: /home/orin_nano/turtlebot3_ws/install/orbbec_camera_msgs/share/orbbec_camera_msgs/environment/path.dsv
[1.279s] -- Up-to-date symlink: /home/orin_nano/turtlebot3_ws/install/orbbec_camera_msgs/share/orbbec_camera_msgs/local_setup.bash
[1.280s] -- Up-to-date symlink: /home/orin_nano/turtlebot3_ws/install/orbbec_camera_msgs/share/orbbec_camera_msgs/local_setup.sh
[1.280s] -- Up-to-date symlink: /home/orin_nano/turtlebot3_ws/install/orbbec_camera_msgs/share/orbbec_camera_msgs/local_setup.zsh
[1.280s] -- Up-to-date symlink: /home/orin_nano/turtlebot3_ws/install/orbbec_camera_msgs/share/orbbec_camera_msgs/local_setup.dsv
[1.280s] -- Symlinking: /home/orin_nano/turtlebot3_ws/install/orbbec_camera_msgs/share/orbbec_camera_msgs/package.dsv
[1.300s] -- Up-to-date symlink: /home/orin_nano/turtlebot3_ws/install/orbbec_camera_msgs/share/ament_index/resource_index/packages/orbbec_camera_msgs
[1.302s] -- Up-to-date symlink: /home/orin_nano/turtlebot3_ws/install/orbbec_camera_msgs/share/orbbec_camera_msgs/cmake/rosidl_cmake-extras.cmake
[1.302s] -- Up-to-date symlink: /home/orin_nano/turtlebot3_ws/install/orbbec_camera_msgs/share/orbbec_camera_msgs/cmake/ament_cmake_export_dependencies-extras.cmake
[1.302s] -- Up-to-date symlink: /home/orin_nano/turtlebot3_ws/install/orbbec_camera_msgs/share/orbbec_camera_msgs/cmake/ament_cmake_export_include_directories-extras.cmake
[1.305s] -- Up-to-date symlink: /home/orin_nano/turtlebot3_ws/install/orbbec_camera_msgs/share/orbbec_camera_msgs/cmake/ament_cmake_export_libraries-extras.cmake
[1.306s] -- Up-to-date symlink: /home/orin_nano/turtlebot3_ws/install/orbbec_camera_msgs/share/orbbec_camera_msgs/cmake/ament_cmake_export_targets-extras.cmake
[1.306s] -- Up-to-date symlink: /home/orin_nano/turtlebot3_ws/install/orbbec_camera_msgs/share/orbbec_camera_msgs/cmake/rosidl_cmake_export_typesupport_targets-extras.cmake
[1.306s] -- Up-to-date symlink: /home/orin_nano/turtlebot3_ws/install/orbbec_camera_msgs/share/orbbec_camera_msgs/cmake/rosidl_cmake_export_typesupport_libraries-extras.cmake
[1.307s] -- Up-to-date symlink: /home/orin_nano/turtlebot3_ws/install/orbbec_camera_msgs/share/orbbec_camera_msgs/cmake/orbbec_camera_msgsConfig.cmake
[1.307s] -- Up-to-date symlink: /home/orin_nano/turtlebot3_ws/install/orbbec_camera_msgs/share/orbbec_camera_msgs/cmake/orbbec_camera_msgsConfig-version.cmake
[1.307s] -- Up-to-date symlink: /home/orin_nano/turtlebot3_ws/install/orbbec_camera_msgs/share/orbbec_camera_msgs/package.xml
[1.307s] -- Up-to-date: /home/orin_nano/turtlebot3_ws/install/orbbec_camera_msgs/lib/liborbbec_camera_msgs__rosidl_generator_c.so
[1.309s] -- Up-to-date: /home/orin_nano/turtlebot3_ws/install/orbbec_camera_msgs/lib/liborbbec_camera_msgs__rosidl_typesupport_fastrtps_c.so
[1.310s] -- Up-to-date: /home/orin_nano/turtlebot3_ws/install/orbbec_camera_msgs/lib/liborbbec_camera_msgs__rosidl_typesupport_introspection_c.so
[1.311s] -- Up-to-date: /home/orin_nano/turtlebot3_ws/install/orbbec_camera_msgs/lib/liborbbec_camera_msgs__rosidl_typesupport_c.so
[1.312s] -- Up-to-date: /home/orin_nano/turtlebot3_ws/install/orbbec_camera_msgs/lib/liborbbec_camera_msgs__rosidl_typesupport_fastrtps_cpp.so
[1.312s] -- Up-to-date: /home/orin_nano/turtlebot3_ws/install/orbbec_camera_msgs/lib/liborbbec_camera_msgs__rosidl_typesupport_introspection_cpp.so
[1.313s] -- Up-to-date: /home/orin_nano/turtlebot3_ws/install/orbbec_camera_msgs/lib/liborbbec_camera_msgs__rosidl_typesupport_cpp.so
[1.380s] Listing '/home/orin_nano/turtlebot3_ws/install/orbbec_camera_msgs/local/lib/python3.10/dist-packages/orbbec_camera_msgs'...
[1.380s] Listing '/home/orin_nano/turtlebot3_ws/install/orbbec_camera_msgs/local/lib/python3.10/dist-packages/orbbec_camera_msgs/msg'...
[1.380s] Listing '/home/orin_nano/turtlebot3_ws/install/orbbec_camera_msgs/local/lib/python3.10/dist-packages/orbbec_camera_msgs/srv'...
[1.390s] -- Up-to-date: /home/orin_nano/turtlebot3_ws/install/orbbec_camera_msgs/lib/liborbbec_camera_msgs__rosidl_generator_py.so
[1.390s] -- Up-to-date: /home/orin_nano/turtlebot3_ws/install/orbbec_camera_msgs/share/orbbec_camera_msgs/cmake/export_orbbec_camera_msgs__rosidl_generator_cExport.cmake
[1.390s] -- Up-to-date: /home/orin_nano/turtlebot3_ws/install/orbbec_camera_msgs/share/orbbec_camera_msgs/cmake/export_orbbec_camera_msgs__rosidl_generator_cExport-noconfig.cmake
[1.391s] -- Up-to-date: /home/orin_nano/turtlebot3_ws/install/orbbec_camera_msgs/share/orbbec_camera_msgs/cmake/export_orbbec_camera_msgs__rosidl_typesupport_fastrtps_cExport.cmake
[1.391s] -- Up-to-date: /home/orin_nano/turtlebot3_ws/install/orbbec_camera_msgs/share/orbbec_camera_msgs/cmake/export_orbbec_camera_msgs__rosidl_typesupport_fastrtps_cExport-noconfig.cmake
[1.391s] -- Up-to-date: /home/orin_nano/turtlebot3_ws/install/orbbec_camera_msgs/share/orbbec_camera_msgs/cmake/orbbec_camera_msgs__rosidl_typesupport_introspection_cExport.cmake
[1.391s] -- Up-to-date: /home/orin_nano/turtlebot3_ws/install/orbbec_camera_msgs/share/orbbec_camera_msgs/cmake/orbbec_camera_msgs__rosidl_typesupport_introspection_cExport-noconfig.cmake
[1.392s] -- Up-to-date: /home/orin_nano/turtlebot3_ws/install/orbbec_camera_msgs/share/orbbec_camera_msgs/cmake/orbbec_camera_msgs__rosidl_typesupport_cExport.cmake
[1.392s] -- Up-to-date: /home/orin_nano/turtlebot3_ws/install/orbbec_camera_msgs/share/orbbec_camera_msgs/cmake/orbbec_camera_msgs__rosidl_typesupport_cExport-noconfig.cmake
[1.392s] -- Up-to-date: /home/orin_nano/turtlebot3_ws/install/orbbec_camera_msgs/share/orbbec_camera_msgs/cmake/export_orbbec_camera_msgs__rosidl_generator_cppExport.cmake
[1.393s] -- Up-to-date: /home/orin_nano/turtlebot3_ws/install/orbbec_camera_msgs/share/orbbec_camera_msgs/cmake/export_orbbec_camera_msgs__rosidl_typesupport_fastrtps_cppExport.cmake
[1.393s] -- Up-to-date: /home/orin_nano/turtlebot3_ws/install/orbbec_camera_msgs/share/orbbec_camera_msgs/cmake/export_orbbec_camera_msgs__rosidl_typesupport_fastrtps_cppExport-noconfig.cmake
[1.393s] -- Up-to-date: /home/orin_nano/turtlebot3_ws/install/orbbec_camera_msgs/share/orbbec_camera_msgs/cmake/orbbec_camera_msgs__rosidl_typesupport_introspection_cppExport.cmake
[1.393s] -- Up-to-date: /home/orin_nano/turtlebot3_ws/install/orbbec_camera_msgs/share/orbbec_camera_msgs/cmake/orbbec_camera_msgs__rosidl_typesupport_introspection_cppExport-noconfig.cmake
[1.394s] -- Up-to-date: /home/orin_nano/turtlebot3_ws/install/orbbec_camera_msgs/share/orbbec_camera_msgs/cmake/orbbec_camera_msgs__rosidl_typesupport_cppExport.cmake
[1.394s] -- Up-to-date: /home/orin_nano/turtlebot3_ws/install/orbbec_camera_msgs/share/orbbec_camera_msgs/cmake/orbbec_camera_msgs__rosidl_typesupport_cppExport-noconfig.cmake
[1.394s] -- Up-to-date: /home/orin_nano/turtlebot3_ws/install/orbbec_camera_msgs/share/orbbec_camera_msgs/cmake/export_orbbec_camera_msgs__rosidl_generator_pyExport.cmake
[1.395s] -- Up-to-date: /home/orin_nano/turtlebot3_ws/install/orbbec_camera_msgs/share/orbbec_camera_msgs/cmake/export_orbbec_camera_msgs__rosidl_generator_pyExport-noconfig.cmake
[1.430s] Invoked command in '/home/orin_nano/turtlebot3_ws/build/orbbec_camera_msgs' returned '0': CMAKE_PREFIX_PATH=${CMAKE_PREFIX_PATH}:/home/orin_nano/turtlebot3_ws/install/turtlebot3_teleop:/home/orin_nano/turtlebot3_ws/install/turtlebot3_example:/opt/ros/humble /usr/bin/cmake --install /home/orin_nano/turtlebot3_ws/build/orbbec_camera_msgs
