[0.054s] Invoking command in '/home/orin_nano/turtlebot3_ws/build/turtlebot3_description': CMAKE_PREFIX_PATH=${CMAKE_PREFIX_PATH}:/home/orin_nano/turtlebot3_ws/install/turtlebot3_teleop:/home/orin_nano/turtlebot3_ws/install/turtlebot3_example:/opt/ros/humble /usr/bin/cmake /home/orin_nano/turtlebot3_ws/src/turtlebot3/turtlebot3_description -DAMENT_CMAKE_SYMLINK_INSTALL=1 -DCMAKE_INSTALL_PREFIX=/home/orin_nano/turtlebot3_ws/install/turtlebot3_description
[1.176s] -- The C compiler identification is GNU 11.4.0
[1.176s] -- The CXX compiler identification is GNU 11.4.0
[1.176s] -- Detecting C compiler ABI info
[1.176s] -- Detecting C compiler ABI info - done
[1.176s] -- Check for working C compiler: /usr/bin/cc - skipped
[1.176s] -- Detecting C compile features
[1.176s] -- Detecting C compile features - done
[1.177s] -- Detecting CXX compiler ABI info
[1.177s] -- Detecting CXX compiler ABI info - done
[1.177s] -- Check for working CXX compiler: /usr/bin/c++ - skipped
[1.177s] -- Detecting CXX compile features
[1.177s] -- Detecting CXX compile features - done
[1.177s] -- Found ament_cmake: 1.3.11 (/opt/ros/humble/share/ament_cmake/cmake)
[1.177s] -- Found Python3: /usr/bin/python3 (found version "3.10.12") found components: Interpreter 
[1.177s] -- Override CMake install command with custom implementation using symlinks instead of copying resources
[1.177s] -- Found urdf: 2.6.1 (/opt/ros/humble/share/urdf/cmake)
[1.398s] -- Configuring done
[1.404s] -- Generating done
[1.408s] -- Build files have been written to: /home/orin_nano/turtlebot3_ws/build/turtlebot3_description
[1.427s] Invoked command in '/home/orin_nano/turtlebot3_ws/build/turtlebot3_description' returned '0': CMAKE_PREFIX_PATH=${CMAKE_PREFIX_PATH}:/home/orin_nano/turtlebot3_ws/install/turtlebot3_teleop:/home/orin_nano/turtlebot3_ws/install/turtlebot3_example:/opt/ros/humble /usr/bin/cmake /home/orin_nano/turtlebot3_ws/src/turtlebot3/turtlebot3_description -DAMENT_CMAKE_SYMLINK_INSTALL=1 -DCMAKE_INSTALL_PREFIX=/home/orin_nano/turtlebot3_ws/install/turtlebot3_description
[1.428s] Invoking command in '/home/orin_nano/turtlebot3_ws/build/turtlebot3_description': CMAKE_PREFIX_PATH=${CMAKE_PREFIX_PATH}:/home/orin_nano/turtlebot3_ws/install/turtlebot3_teleop:/home/orin_nano/turtlebot3_ws/install/turtlebot3_example:/opt/ros/humble /usr/bin/cmake --build /home/orin_nano/turtlebot3_ws/build/turtlebot3_description -- -j6 -l6
[1.519s] Invoked command in '/home/orin_nano/turtlebot3_ws/build/turtlebot3_description' returned '0': CMAKE_PREFIX_PATH=${CMAKE_PREFIX_PATH}:/home/orin_nano/turtlebot3_ws/install/turtlebot3_teleop:/home/orin_nano/turtlebot3_ws/install/turtlebot3_example:/opt/ros/humble /usr/bin/cmake --build /home/orin_nano/turtlebot3_ws/build/turtlebot3_description -- -j6 -l6
[1.544s] Invoking command in '/home/orin_nano/turtlebot3_ws/build/turtlebot3_description': CMAKE_PREFIX_PATH=${CMAKE_PREFIX_PATH}:/home/orin_nano/turtlebot3_ws/install/turtlebot3_teleop:/home/orin_nano/turtlebot3_ws/install/turtlebot3_example:/opt/ros/humble /usr/bin/cmake --install /home/orin_nano/turtlebot3_ws/build/turtlebot3_description
[1.562s] -- Install configuration: ""
[1.562s] -- Execute custom install script
[1.564s] -- Symlinking: /home/orin_nano/turtlebot3_ws/install/turtlebot3_description/share/turtlebot3_description/meshes/bases/burger_base.stl
[1.582s] -- Symlinking: /home/orin_nano/turtlebot3_ws/install/turtlebot3_description/share/turtlebot3_description/meshes/bases/waffle_base.stl
[1.610s] -- Symlinking: /home/orin_nano/turtlebot3_ws/install/turtlebot3_description/share/turtlebot3_description/meshes/bases/waffle_pi_base.stl
[1.628s] -- Symlinking: /home/orin_nano/turtlebot3_ws/install/turtlebot3_description/share/turtlebot3_description/meshes/sensors/astra.dae
[1.652s] -- Symlinking: /home/orin_nano/turtlebot3_ws/install/turtlebot3_description/share/turtlebot3_description/meshes/sensors/astra.jpg
[1.674s] -- Symlinking: /home/orin_nano/turtlebot3_ws/install/turtlebot3_description/share/turtlebot3_description/meshes/sensors/lds.stl
[1.691s] -- Symlinking: /home/orin_nano/turtlebot3_ws/install/turtlebot3_description/share/turtlebot3_description/meshes/sensors/r200.dae
[1.708s] -- Symlinking: /home/orin_nano/turtlebot3_ws/install/turtlebot3_description/share/turtlebot3_description/meshes/sensors/r200.jpg
[1.738s] -- Symlinking: /home/orin_nano/turtlebot3_ws/install/turtlebot3_description/share/turtlebot3_description/meshes/wheels/left_tire.stl
[1.758s] -- Symlinking: /home/orin_nano/turtlebot3_ws/install/turtlebot3_description/share/turtlebot3_description/meshes/wheels/right_tire.stl
[1.778s] -- Symlinking: /home/orin_nano/turtlebot3_ws/install/turtlebot3_description/share/turtlebot3_description/rviz/model.rviz
[1.799s] -- Symlinking: /home/orin_nano/turtlebot3_ws/install/turtlebot3_description/share/turtlebot3_description/urdf/common_properties.urdf
[1.820s] -- Symlinking: /home/orin_nano/turtlebot3_ws/install/turtlebot3_description/share/turtlebot3_description/urdf/turtlebot3_burger.urdf
[1.843s] -- Symlinking: /home/orin_nano/turtlebot3_ws/install/turtlebot3_description/share/turtlebot3_description/urdf/turtlebot3_waffle.urdf
[1.872s] -- Symlinking: /home/orin_nano/turtlebot3_ws/install/turtlebot3_description/share/turtlebot3_description/urdf/turtlebot3_waffle_pi.urdf
[1.901s] -- Symlinking: /home/orin_nano/turtlebot3_ws/install/turtlebot3_description/share/ament_index/resource_index/package_run_dependencies/turtlebot3_description
[1.930s] -- Symlinking: /home/orin_nano/turtlebot3_ws/install/turtlebot3_description/share/ament_index/resource_index/parent_prefix_path/turtlebot3_description
[1.960s] -- Symlinking: /home/orin_nano/turtlebot3_ws/install/turtlebot3_description/share/turtlebot3_description/environment/ament_prefix_path.sh
[1.979s] -- Symlinking: /home/orin_nano/turtlebot3_ws/install/turtlebot3_description/share/turtlebot3_description/environment/ament_prefix_path.dsv
[1.997s] -- Symlinking: /home/orin_nano/turtlebot3_ws/install/turtlebot3_description/share/turtlebot3_description/environment/path.sh
[2.020s] -- Symlinking: /home/orin_nano/turtlebot3_ws/install/turtlebot3_description/share/turtlebot3_description/environment/path.dsv
[2.057s] -- Symlinking: /home/orin_nano/turtlebot3_ws/install/turtlebot3_description/share/turtlebot3_description/local_setup.bash
[2.076s] -- Symlinking: /home/orin_nano/turtlebot3_ws/install/turtlebot3_description/share/turtlebot3_description/local_setup.sh
[2.107s] -- Symlinking: /home/orin_nano/turtlebot3_ws/install/turtlebot3_description/share/turtlebot3_description/local_setup.zsh
[2.125s] -- Symlinking: /home/orin_nano/turtlebot3_ws/install/turtlebot3_description/share/turtlebot3_description/local_setup.dsv
[2.143s] -- Symlinking: /home/orin_nano/turtlebot3_ws/install/turtlebot3_description/share/turtlebot3_description/package.dsv
[2.162s] -- Symlinking: /home/orin_nano/turtlebot3_ws/install/turtlebot3_description/share/ament_index/resource_index/packages/turtlebot3_description
[2.181s] -- Symlinking: /home/orin_nano/turtlebot3_ws/install/turtlebot3_description/share/turtlebot3_description/cmake/turtlebot3_descriptionConfig.cmake
[2.199s] -- Symlinking: /home/orin_nano/turtlebot3_ws/install/turtlebot3_description/share/turtlebot3_description/cmake/turtlebot3_descriptionConfig-version.cmake
[2.218s] -- Symlinking: /home/orin_nano/turtlebot3_ws/install/turtlebot3_description/share/turtlebot3_description/package.xml
[2.250s] Invoked command in '/home/orin_nano/turtlebot3_ws/build/turtlebot3_description' returned '0': CMAKE_PREFIX_PATH=${CMAKE_PREFIX_PATH}:/home/orin_nano/turtlebot3_ws/install/turtlebot3_teleop:/home/orin_nano/turtlebot3_ws/install/turtlebot3_example:/opt/ros/humble /usr/bin/cmake --install /home/orin_nano/turtlebot3_ws/build/turtlebot3_description
