[1.948s] Invoking command in '/home/orin_nano/turtlebot3_ws/build/turtlebot3_example': PYTHONPATH=/home/orin_nano/turtlebot3_ws/build/turtlebot3_example/prefix_override:/usr/lib/python3/dist-packages/colcon_core/task/python/colcon_distutils_commands:/home/orin_nano/turtlebot3_ws/install/turtlebot3_example/lib/python3.10/site-packages:${PYTHONPATH} /usr/bin/python3 -W ignore:setup.py install is deprecated -W ignore:easy_install command is deprecated setup.py develop --editable --build-directory /home/orin_nano/turtlebot3_ws/build/turtlebot3_example/build --no-deps symlink_data
[2.502s] running develop
[2.825s] running egg_info
[2.835s] creating turtlebot3_example.egg-info
[2.836s] writing turtlebot3_example.egg-info/PKG-INFO
[2.836s] writing dependency_links to turtlebot3_example.egg-info/dependency_links.txt
[2.836s] writing entry points to turtlebot3_example.egg-info/entry_points.txt
[2.836s] writing requirements to turtlebot3_example.egg-info/requires.txt
[2.836s] writing top-level names to turtlebot3_example.egg-info/top_level.txt
[2.836s] writing manifest file 'turtlebot3_example.egg-info/SOURCES.txt'
[2.837s] reading manifest file 'turtlebot3_example.egg-info/SOURCES.txt'
[2.837s] writing manifest file 'turtlebot3_example.egg-info/SOURCES.txt'
[2.837s] running build_ext
[2.837s] Creating /home/orin_nano/turtlebot3_ws/install/turtlebot3_example/lib/python3.10/site-packages/turtlebot3-example.egg-link (link to .)
[2.839s] Installing turtlebot3_obstacle_detection script to /home/orin_nano/turtlebot3_ws/install/turtlebot3_example/lib/turtlebot3_example
[2.839s] Installing turtlebot3_patrol_client script to /home/orin_nano/turtlebot3_ws/install/turtlebot3_example/lib/turtlebot3_example
[2.840s] Installing turtlebot3_patrol_server script to /home/orin_nano/turtlebot3_ws/install/turtlebot3_example/lib/turtlebot3_example
[2.840s] Installing turtlebot3_position_control script to /home/orin_nano/turtlebot3_ws/install/turtlebot3_example/lib/turtlebot3_example
[2.840s] 
[2.841s] Installed /home/orin_nano/turtlebot3_ws/build/turtlebot3_example
[2.841s] running symlink_data
[2.841s] creating /home/orin_nano/turtlebot3_ws/install/turtlebot3_example/share/ament_index
[2.841s] creating /home/orin_nano/turtlebot3_ws/install/turtlebot3_example/share/ament_index/resource_index
[2.843s] creating /home/orin_nano/turtlebot3_ws/install/turtlebot3_example/share/ament_index/resource_index/packages
[2.843s] symbolically linking /home/orin_nano/turtlebot3_ws/build/turtlebot3_example/resource/turtlebot3_example -> /home/orin_nano/turtlebot3_ws/install/turtlebot3_example/share/ament_index/resource_index/packages
[2.843s] symbolically linking /home/orin_nano/turtlebot3_ws/build/turtlebot3_example/package.xml -> /home/orin_nano/turtlebot3_ws/install/turtlebot3_example/share/turtlebot3_example
[2.942s] Invoked command in '/home/orin_nano/turtlebot3_ws/build/turtlebot3_example' returned '0': PYTHONPATH=/home/orin_nano/turtlebot3_ws/build/turtlebot3_example/prefix_override:/usr/lib/python3/dist-packages/colcon_core/task/python/colcon_distutils_commands:/home/orin_nano/turtlebot3_ws/install/turtlebot3_example/lib/python3.10/site-packages:${PYTHONPATH} /usr/bin/python3 -W ignore:setup.py install is deprecated -W ignore:easy_install command is deprecated setup.py develop --editable --build-directory /home/orin_nano/turtlebot3_ws/build/turtlebot3_example/build --no-deps symlink_data
