[0.082s] Invoking command in '/home/orin_nano/turtlebot3_ws/build/ultralytics_ros': CMAKE_PREFIX_PATH=${CMAKE_PREFIX_PATH}:/home/orin_nano/turtlebot3_ws/install/turtlebot3_teleop:/home/orin_nano/turtlebot3_ws/install/turtlebot3_example:/opt/ros/humble /usr/local/bin/cmake --build /home/orin_nano/turtlebot3_ws/build/ultralytics_ros -- -j6 -l6
[0.385s] [  2%] Built target ultralytics_ros__cpp
[0.508s] [ 12%] Built target ultralytics_ros__rosidl_generator_c
[0.532s] [ 12%] Built target ament_cmake_python_symlink_ultralytics_ros
[0.544s] [ 21%] Built target ultralytics_ros__rosidl_typesupport_introspection_cpp
[0.559s] [ 31%] Built target ultralytics_ros__rosidl_typesupport_fastrtps_cpp
[0.589s] [ 41%] Built target ultralytics_ros__rosidl_typesupport_cpp
[0.659s] [ 51%] Built target ultralytics_ros__rosidl_typesupport_fastrtps_c
[0.721s] [ 60%] Built target ultralytics_ros__rosidl_typesupport_c
[0.724s] [ 65%] Built target tracker_with_cloud_node
[0.726s] [ 75%] Built target ultralytics_ros__rosidl_typesupport_introspection_c
[0.849s] [ 75%] Built target ultralytics_ros
[0.935s] [ 78%] Built target ultralytics_ros__py
[1.008s] [ 85%] Built target ultralytics_ros__rosidl_generator_py
[1.110s] [ 90%] Built target ultralytics_ros__rosidl_typesupport_fastrtps_c__pyext
[1.130s] [ 95%] Built target ultralytics_ros__rosidl_typesupport_c__pyext
[1.155s] [100%] Built target ultralytics_ros__rosidl_typesupport_introspection_c__pyext
[1.239s] running egg_info
[1.240s] writing ultralytics_ros.egg-info/PKG-INFO
[1.241s] writing dependency_links to ultralytics_ros.egg-info/dependency_links.txt
[1.241s] writing top-level names to ultralytics_ros.egg-info/top_level.txt
[1.246s] reading manifest file 'ultralytics_ros.egg-info/SOURCES.txt'
[1.247s] writing manifest file 'ultralytics_ros.egg-info/SOURCES.txt'
[1.338s] [100%] Built target ament_cmake_python_build_ultralytics_ros_egg
[1.383s] Invoked command in '/home/orin_nano/turtlebot3_ws/build/ultralytics_ros' returned '0': CMAKE_PREFIX_PATH=${CMAKE_PREFIX_PATH}:/home/orin_nano/turtlebot3_ws/install/turtlebot3_teleop:/home/orin_nano/turtlebot3_ws/install/turtlebot3_example:/opt/ros/humble /usr/local/bin/cmake --build /home/orin_nano/turtlebot3_ws/build/ultralytics_ros -- -j6 -l6
[1.384s] Invoking command in '/home/orin_nano/turtlebot3_ws/build/ultralytics_ros': CMAKE_PREFIX_PATH=${CMAKE_PREFIX_PATH}:/home/orin_nano/turtlebot3_ws/install/turtlebot3_teleop:/home/orin_nano/turtlebot3_ws/install/turtlebot3_example:/opt/ros/humble /usr/local/bin/cmake --install /home/orin_nano/turtlebot3_ws/build/ultralytics_ros
[1.551s] -- Install configuration: ""
[1.553s] -- Execute custom install script
[1.554s] -- Up-to-date symlink: /home/orin_nano/turtlebot3_ws/install/ultralytics_ros/share/ament_index/resource_index/rosidl_interfaces/ultralytics_ros
[1.556s] -- Up-to-date symlink: /home/orin_nano/turtlebot3_ws/install/ultralytics_ros/include/ultralytics_ros/ultralytics_ros/msg/detail/segmentation__functions.h
[1.556s] -- Up-to-date symlink: /home/orin_nano/turtlebot3_ws/install/ultralytics_ros/include/ultralytics_ros/ultralytics_ros/msg/detail/segmentation__struct.h
[1.557s] -- Up-to-date symlink: /home/orin_nano/turtlebot3_ws/install/ultralytics_ros/include/ultralytics_ros/ultralytics_ros/msg/detail/segmentation__type_support.h
[1.558s] -- Up-to-date symlink: /home/orin_nano/turtlebot3_ws/install/ultralytics_ros/include/ultralytics_ros/ultralytics_ros/msg/detail/yolo_result__functions.h
[1.558s] -- Up-to-date symlink: /home/orin_nano/turtlebot3_ws/install/ultralytics_ros/include/ultralytics_ros/ultralytics_ros/msg/detail/yolo_result__struct.h
[1.559s] -- Up-to-date symlink: /home/orin_nano/turtlebot3_ws/install/ultralytics_ros/include/ultralytics_ros/ultralytics_ros/msg/detail/yolo_result__type_support.h
[1.560s] -- Up-to-date symlink: /home/orin_nano/turtlebot3_ws/install/ultralytics_ros/include/ultralytics_ros/ultralytics_ros/msg/rosidl_generator_c__visibility_control.h
[1.560s] -- Up-to-date symlink: /home/orin_nano/turtlebot3_ws/install/ultralytics_ros/include/ultralytics_ros/ultralytics_ros/msg/segmentation.h
[1.561s] -- Up-to-date symlink: /home/orin_nano/turtlebot3_ws/install/ultralytics_ros/include/ultralytics_ros/ultralytics_ros/msg/yolo_result.h
[1.562s] -- Up-to-date symlink: /home/orin_nano/turtlebot3_ws/install/ultralytics_ros/share/ultralytics_ros/environment/library_path.sh
[1.562s] -- Up-to-date symlink: /home/orin_nano/turtlebot3_ws/install/ultralytics_ros/share/ultralytics_ros/environment/library_path.dsv
[1.564s] -- Up-to-date symlink: /home/orin_nano/turtlebot3_ws/install/ultralytics_ros/include/ultralytics_ros/ultralytics_ros/msg/detail/segmentation__rosidl_typesupport_fastrtps_c.h
[1.565s] -- Up-to-date symlink: /home/orin_nano/turtlebot3_ws/install/ultralytics_ros/include/ultralytics_ros/ultralytics_ros/msg/detail/yolo_result__rosidl_typesupport_fastrtps_c.h
[1.565s] -- Up-to-date symlink: /home/orin_nano/turtlebot3_ws/install/ultralytics_ros/include/ultralytics_ros/ultralytics_ros/msg/rosidl_typesupport_fastrtps_c__visibility_control.h
[1.567s] -- Up-to-date symlink: /home/orin_nano/turtlebot3_ws/install/ultralytics_ros/include/ultralytics_ros/ultralytics_ros/msg/detail/segmentation__builder.hpp
[1.567s] -- Up-to-date symlink: /home/orin_nano/turtlebot3_ws/install/ultralytics_ros/include/ultralytics_ros/ultralytics_ros/msg/detail/segmentation__struct.hpp
[1.568s] -- Up-to-date symlink: /home/orin_nano/turtlebot3_ws/install/ultralytics_ros/include/ultralytics_ros/ultralytics_ros/msg/detail/segmentation__traits.hpp
[1.569s] -- Up-to-date symlink: /home/orin_nano/turtlebot3_ws/install/ultralytics_ros/include/ultralytics_ros/ultralytics_ros/msg/detail/segmentation__type_support.hpp
[1.569s] -- Up-to-date symlink: /home/orin_nano/turtlebot3_ws/install/ultralytics_ros/include/ultralytics_ros/ultralytics_ros/msg/detail/yolo_result__builder.hpp
[1.570s] -- Up-to-date symlink: /home/orin_nano/turtlebot3_ws/install/ultralytics_ros/include/ultralytics_ros/ultralytics_ros/msg/detail/yolo_result__struct.hpp
[1.570s] -- Up-to-date symlink: /home/orin_nano/turtlebot3_ws/install/ultralytics_ros/include/ultralytics_ros/ultralytics_ros/msg/detail/yolo_result__traits.hpp
[1.571s] -- Up-to-date symlink: /home/orin_nano/turtlebot3_ws/install/ultralytics_ros/include/ultralytics_ros/ultralytics_ros/msg/detail/yolo_result__type_support.hpp
[1.572s] -- Up-to-date symlink: /home/orin_nano/turtlebot3_ws/install/ultralytics_ros/include/ultralytics_ros/ultralytics_ros/msg/rosidl_generator_cpp__visibility_control.hpp
[1.572s] -- Up-to-date symlink: /home/orin_nano/turtlebot3_ws/install/ultralytics_ros/include/ultralytics_ros/ultralytics_ros/msg/segmentation.hpp
[1.573s] -- Up-to-date symlink: /home/orin_nano/turtlebot3_ws/install/ultralytics_ros/include/ultralytics_ros/ultralytics_ros/msg/yolo_result.hpp
[1.574s] -- Up-to-date symlink: /home/orin_nano/turtlebot3_ws/install/ultralytics_ros/include/ultralytics_ros/ultralytics_ros/msg/detail/segmentation__rosidl_typesupport_fastrtps_cpp.hpp
[1.575s] -- Up-to-date symlink: /home/orin_nano/turtlebot3_ws/install/ultralytics_ros/include/ultralytics_ros/ultralytics_ros/msg/detail/yolo_result__rosidl_typesupport_fastrtps_cpp.hpp
[1.576s] -- Up-to-date symlink: /home/orin_nano/turtlebot3_ws/install/ultralytics_ros/include/ultralytics_ros/ultralytics_ros/msg/rosidl_typesupport_fastrtps_cpp__visibility_control.h
[1.577s] -- Up-to-date symlink: /home/orin_nano/turtlebot3_ws/install/ultralytics_ros/include/ultralytics_ros/ultralytics_ros/msg/detail/segmentation__rosidl_typesupport_introspection_c.h
[1.577s] -- Up-to-date symlink: /home/orin_nano/turtlebot3_ws/install/ultralytics_ros/include/ultralytics_ros/ultralytics_ros/msg/detail/yolo_result__rosidl_typesupport_introspection_c.h
[1.578s] -- Up-to-date symlink: /home/orin_nano/turtlebot3_ws/install/ultralytics_ros/include/ultralytics_ros/ultralytics_ros/msg/rosidl_typesupport_introspection_c__visibility_control.h
[1.579s] -- Up-to-date symlink: /home/orin_nano/turtlebot3_ws/install/ultralytics_ros/include/ultralytics_ros/ultralytics_ros/msg/detail/segmentation__rosidl_typesupport_introspection_cpp.hpp
[1.579s] -- Up-to-date symlink: /home/orin_nano/turtlebot3_ws/install/ultralytics_ros/include/ultralytics_ros/ultralytics_ros/msg/detail/yolo_result__rosidl_typesupport_introspection_cpp.hpp
[1.580s] -- Up-to-date symlink: /home/orin_nano/turtlebot3_ws/install/ultralytics_ros/share/ultralytics_ros/environment/pythonpath.sh
[1.581s] -- Up-to-date symlink: /home/orin_nano/turtlebot3_ws/install/ultralytics_ros/share/ultralytics_ros/environment/pythonpath.dsv
[1.582s] -- Up-to-date symlink: /home/orin_nano/turtlebot3_ws/install/ultralytics_ros/local/lib/python3.10/dist-packages/ultralytics_ros-0.0.0-py3.10.egg-info/PKG-INFO
[1.582s] -- Up-to-date symlink: /home/orin_nano/turtlebot3_ws/install/ultralytics_ros/local/lib/python3.10/dist-packages/ultralytics_ros-0.0.0-py3.10.egg-info/SOURCES.txt
[1.583s] -- Up-to-date symlink: /home/orin_nano/turtlebot3_ws/install/ultralytics_ros/local/lib/python3.10/dist-packages/ultralytics_ros-0.0.0-py3.10.egg-info/dependency_links.txt
[1.584s] -- Up-to-date symlink: /home/orin_nano/turtlebot3_ws/install/ultralytics_ros/local/lib/python3.10/dist-packages/ultralytics_ros-0.0.0-py3.10.egg-info/top_level.txt
[1.585s] -- Up-to-date symlink: /home/orin_nano/turtlebot3_ws/install/ultralytics_ros/local/lib/python3.10/dist-packages/ultralytics_ros/__init__.py
[1.586s] -- Up-to-date symlink: /home/orin_nano/turtlebot3_ws/install/ultralytics_ros/local/lib/python3.10/dist-packages/ultralytics_ros/_ultralytics_ros_s.ep.rosidl_typesupport_c.c
[1.586s] -- Up-to-date symlink: /home/orin_nano/turtlebot3_ws/install/ultralytics_ros/local/lib/python3.10/dist-packages/ultralytics_ros/_ultralytics_ros_s.ep.rosidl_typesupport_fastrtps_c.c
[1.587s] -- Up-to-date symlink: /home/orin_nano/turtlebot3_ws/install/ultralytics_ros/local/lib/python3.10/dist-packages/ultralytics_ros/_ultralytics_ros_s.ep.rosidl_typesupport_introspection_c.c
[1.590s] -- Up-to-date symlink: /home/orin_nano/turtlebot3_ws/install/ultralytics_ros/local/lib/python3.10/dist-packages/ultralytics_ros/libultralytics_ros__rosidl_generator_py.so
[1.591s] -- Up-to-date symlink: /home/orin_nano/turtlebot3_ws/install/ultralytics_ros/local/lib/python3.10/dist-packages/ultralytics_ros/msg/__init__.py
[1.591s] -- Up-to-date symlink: /home/orin_nano/turtlebot3_ws/install/ultralytics_ros/local/lib/python3.10/dist-packages/ultralytics_ros/msg/_segmentation.py
[1.598s] -- Up-to-date symlink: /home/orin_nano/turtlebot3_ws/install/ultralytics_ros/local/lib/python3.10/dist-packages/ultralytics_ros/msg/_segmentation_s.c
[1.598s] -- Up-to-date symlink: /home/orin_nano/turtlebot3_ws/install/ultralytics_ros/local/lib/python3.10/dist-packages/ultralytics_ros/msg/_yolo_result.py
[1.600s] -- Up-to-date symlink: /home/orin_nano/turtlebot3_ws/install/ultralytics_ros/local/lib/python3.10/dist-packages/ultralytics_ros/msg/_yolo_result_s.c
[1.603s] -- Up-to-date symlink: /home/orin_nano/turtlebot3_ws/install/ultralytics_ros/local/lib/python3.10/dist-packages/ultralytics_ros/ultralytics_ros_s__rosidl_typesupport_c.cpython-310-aarch64-linux-gnu.so
[1.603s] -- Up-to-date symlink: /home/orin_nano/turtlebot3_ws/install/ultralytics_ros/local/lib/python3.10/dist-packages/ultralytics_ros/ultralytics_ros_s__rosidl_typesupport_fastrtps_c.cpython-310-aarch64-linux-gnu.so
[1.603s] -- Up-to-date symlink: /home/orin_nano/turtlebot3_ws/install/ultralytics_ros/local/lib/python3.10/dist-packages/ultralytics_ros/ultralytics_ros_s__rosidl_typesupport_introspection_c.cpython-310-aarch64-linux-gnu.so
[1.604s] -- Up-to-date symlink: /home/orin_nano/turtlebot3_ws/install/ultralytics_ros/local/lib/python3.10/dist-packages/ultralytics_ros/ultralytics_ros_s__rosidl_typesupport_fastrtps_c.cpython-310-aarch64-linux-gnu.so
[1.605s] -- Up-to-date symlink: /home/orin_nano/turtlebot3_ws/install/ultralytics_ros/local/lib/python3.10/dist-packages/ultralytics_ros/ultralytics_ros_s__rosidl_typesupport_introspection_c.cpython-310-aarch64-linux-gnu.so
[1.605s] -- Up-to-date symlink: /home/orin_nano/turtlebot3_ws/install/ultralytics_ros/local/lib/python3.10/dist-packages/ultralytics_ros/ultralytics_ros_s__rosidl_typesupport_c.cpython-310-aarch64-linux-gnu.so
[1.605s] -- Up-to-date symlink: /home/orin_nano/turtlebot3_ws/install/ultralytics_ros/share/ultralytics_ros/msg/YoloResult.idl
[1.606s] -- Up-to-date symlink: /home/orin_nano/turtlebot3_ws/install/ultralytics_ros/share/ultralytics_ros/msg/Segmentation.idl
[1.606s] -- Up-to-date symlink: /home/orin_nano/turtlebot3_ws/install/ultralytics_ros/share/ultralytics_ros/msg/YoloResult.msg
[1.606s] -- Up-to-date symlink: /home/orin_nano/turtlebot3_ws/install/ultralytics_ros/share/ultralytics_ros/msg/Segmentation.msg
[1.607s] -- Up-to-date symlink: /home/orin_nano/turtlebot3_ws/install/ultralytics_ros/lib/ultralytics_ros/tracker_with_cloud_node
[1.608s] -- Up-to-date symlink: /home/orin_nano/turtlebot3_ws/install/ultralytics_ros/lib/ultralytics_ros/tracker_node.py
[1.608s] -- Up-to-date symlink: /home/orin_nano/turtlebot3_ws/install/ultralytics_ros/lib/ultralytics_ros/sam_node.py
[1.609s] -- Up-to-date symlink: /home/orin_nano/turtlebot3_ws/install/ultralytics_ros/lib/ultralytics_ros/VLM.py
[1.610s] -- Up-to-date symlink: /home/orin_nano/turtlebot3_ws/install/ultralytics_ros/share/ultralytics_ros/launch/detect_obstacle.launch.py
[1.611s] -- Up-to-date symlink: /home/orin_nano/turtlebot3_ws/install/ultralytics_ros/share/ultralytics_ros/launch/kitti_tracker.launch.xml
[1.612s] -- Up-to-date symlink: /home/orin_nano/turtlebot3_ws/install/ultralytics_ros/share/ultralytics_ros/launch/kitti_tracker_with_cloud.launch.xml
[1.612s] -- Up-to-date symlink: /home/orin_nano/turtlebot3_ws/install/ultralytics_ros/share/ultralytics_ros/launch/tracker.launch.xml
[1.613s] -- Up-to-date symlink: /home/orin_nano/turtlebot3_ws/install/ultralytics_ros/share/ultralytics_ros/launch/tracker_with_cloud.launch.xml
[1.614s] -- Up-to-date symlink: /home/orin_nano/turtlebot3_ws/install/ultralytics_ros/share/ultralytics_ros/rviz2/default.rviz
[1.614s] -- Up-to-date symlink: /home/orin_nano/turtlebot3_ws/install/ultralytics_ros/share/ultralytics_ros/rviz2/kitti.rviz
[1.614s] -- Up-to-date symlink: /home/orin_nano/turtlebot3_ws/install/ultralytics_ros/share/ament_index/resource_index/package_run_dependencies/ultralytics_ros
[1.615s] -- Up-to-date symlink: /home/orin_nano/turtlebot3_ws/install/ultralytics_ros/share/ament_index/resource_index/parent_prefix_path/ultralytics_ros
[1.615s] -- Up-to-date symlink: /home/orin_nano/turtlebot3_ws/install/ultralytics_ros/share/ultralytics_ros/environment/ament_prefix_path.sh
[1.616s] -- Up-to-date symlink: /home/orin_nano/turtlebot3_ws/install/ultralytics_ros/share/ultralytics_ros/environment/ament_prefix_path.dsv
[1.616s] -- Up-to-date symlink: /home/orin_nano/turtlebot3_ws/install/ultralytics_ros/share/ultralytics_ros/environment/path.sh
[1.617s] -- Up-to-date symlink: /home/orin_nano/turtlebot3_ws/install/ultralytics_ros/share/ultralytics_ros/environment/path.dsv
[1.617s] -- Up-to-date symlink: /home/orin_nano/turtlebot3_ws/install/ultralytics_ros/share/ultralytics_ros/local_setup.bash
[1.617s] -- Up-to-date symlink: /home/orin_nano/turtlebot3_ws/install/ultralytics_ros/share/ultralytics_ros/local_setup.sh
[1.618s] -- Up-to-date symlink: /home/orin_nano/turtlebot3_ws/install/ultralytics_ros/share/ultralytics_ros/local_setup.zsh
[1.618s] -- Up-to-date symlink: /home/orin_nano/turtlebot3_ws/install/ultralytics_ros/share/ultralytics_ros/local_setup.dsv
[1.618s] -- Symlinking: /home/orin_nano/turtlebot3_ws/install/ultralytics_ros/share/ultralytics_ros/package.dsv
[1.641s] -- Up-to-date symlink: /home/orin_nano/turtlebot3_ws/install/ultralytics_ros/share/ament_index/resource_index/packages/ultralytics_ros
[1.641s] -- Up-to-date symlink: /home/orin_nano/turtlebot3_ws/install/ultralytics_ros/share/ultralytics_ros/cmake/rosidl_cmake-extras.cmake
[1.641s] -- Up-to-date symlink: /home/orin_nano/turtlebot3_ws/install/ultralytics_ros/share/ultralytics_ros/cmake/ament_cmake_export_dependencies-extras.cmake
[1.641s] -- Up-to-date symlink: /home/orin_nano/turtlebot3_ws/install/ultralytics_ros/share/ultralytics_ros/cmake/ament_cmake_export_include_directories-extras.cmake
[1.642s] -- Up-to-date symlink: /home/orin_nano/turtlebot3_ws/install/ultralytics_ros/share/ultralytics_ros/cmake/ament_cmake_export_libraries-extras.cmake
[1.642s] -- Up-to-date symlink: /home/orin_nano/turtlebot3_ws/install/ultralytics_ros/share/ultralytics_ros/cmake/ament_cmake_export_targets-extras.cmake
[1.642s] -- Up-to-date symlink: /home/orin_nano/turtlebot3_ws/install/ultralytics_ros/share/ultralytics_ros/cmake/rosidl_cmake_export_typesupport_targets-extras.cmake
[1.642s] -- Up-to-date symlink: /home/orin_nano/turtlebot3_ws/install/ultralytics_ros/share/ultralytics_ros/cmake/rosidl_cmake_export_typesupport_libraries-extras.cmake
[1.643s] -- Up-to-date symlink: /home/orin_nano/turtlebot3_ws/install/ultralytics_ros/share/ultralytics_ros/cmake/ultralytics_rosConfig.cmake
[1.643s] -- Up-to-date symlink: /home/orin_nano/turtlebot3_ws/install/ultralytics_ros/share/ultralytics_ros/cmake/ultralytics_rosConfig-version.cmake
[1.643s] -- Up-to-date symlink: /home/orin_nano/turtlebot3_ws/install/ultralytics_ros/share/ultralytics_ros/package.xml
[1.644s] -- Up-to-date: /home/orin_nano/turtlebot3_ws/install/ultralytics_ros/lib/libultralytics_ros__rosidl_generator_c.so
[1.644s] -- Up-to-date: /home/orin_nano/turtlebot3_ws/install/ultralytics_ros/lib/libultralytics_ros__rosidl_typesupport_fastrtps_c.so
[1.645s] -- Up-to-date: /home/orin_nano/turtlebot3_ws/install/ultralytics_ros/lib/libultralytics_ros__rosidl_typesupport_fastrtps_cpp.so
[1.645s] -- Up-to-date: /home/orin_nano/turtlebot3_ws/install/ultralytics_ros/lib/libultralytics_ros__rosidl_typesupport_introspection_c.so
[1.650s] -- Up-to-date: /home/orin_nano/turtlebot3_ws/install/ultralytics_ros/lib/libultralytics_ros__rosidl_typesupport_c.so
[1.650s] -- Up-to-date: /home/orin_nano/turtlebot3_ws/install/ultralytics_ros/lib/libultralytics_ros__rosidl_typesupport_introspection_cpp.so
[1.651s] -- Up-to-date: /home/orin_nano/turtlebot3_ws/install/ultralytics_ros/lib/libultralytics_ros__rosidl_typesupport_cpp.so
[1.719s] Listing '/home/orin_nano/turtlebot3_ws/install/ultralytics_ros/local/lib/python3.10/dist-packages/ultralytics_ros'...
[1.719s] Listing '/home/orin_nano/turtlebot3_ws/install/ultralytics_ros/local/lib/python3.10/dist-packages/ultralytics_ros/msg'...
[1.731s] -- Up-to-date: /home/orin_nano/turtlebot3_ws/install/ultralytics_ros/lib/libultralytics_ros__rosidl_generator_py.so
[1.733s] -- Up-to-date: /home/orin_nano/turtlebot3_ws/install/ultralytics_ros/share/ultralytics_ros/cmake/export_ultralytics_ros__rosidl_generator_cExport.cmake
[1.733s] -- Up-to-date: /home/orin_nano/turtlebot3_ws/install/ultralytics_ros/share/ultralytics_ros/cmake/export_ultralytics_ros__rosidl_generator_cExport-noconfig.cmake
[1.734s] -- Up-to-date: /home/orin_nano/turtlebot3_ws/install/ultralytics_ros/share/ultralytics_ros/cmake/export_ultralytics_ros__rosidl_typesupport_fastrtps_cExport.cmake
[1.734s] -- Up-to-date: /home/orin_nano/turtlebot3_ws/install/ultralytics_ros/share/ultralytics_ros/cmake/export_ultralytics_ros__rosidl_typesupport_fastrtps_cExport-noconfig.cmake
[1.734s] -- Up-to-date: /home/orin_nano/turtlebot3_ws/install/ultralytics_ros/share/ultralytics_ros/cmake/export_ultralytics_ros__rosidl_generator_cppExport.cmake
[1.734s] -- Up-to-date: /home/orin_nano/turtlebot3_ws/install/ultralytics_ros/share/ultralytics_ros/cmake/export_ultralytics_ros__rosidl_typesupport_fastrtps_cppExport.cmake
[1.735s] -- Up-to-date: /home/orin_nano/turtlebot3_ws/install/ultralytics_ros/share/ultralytics_ros/cmake/export_ultralytics_ros__rosidl_typesupport_fastrtps_cppExport-noconfig.cmake
[1.735s] -- Up-to-date: /home/orin_nano/turtlebot3_ws/install/ultralytics_ros/share/ultralytics_ros/cmake/ultralytics_ros__rosidl_typesupport_introspection_cExport.cmake
[1.735s] -- Up-to-date: /home/orin_nano/turtlebot3_ws/install/ultralytics_ros/share/ultralytics_ros/cmake/ultralytics_ros__rosidl_typesupport_introspection_cExport-noconfig.cmake
[1.735s] -- Up-to-date: /home/orin_nano/turtlebot3_ws/install/ultralytics_ros/share/ultralytics_ros/cmake/ultralytics_ros__rosidl_typesupport_cExport.cmake
[1.735s] -- Up-to-date: /home/orin_nano/turtlebot3_ws/install/ultralytics_ros/share/ultralytics_ros/cmake/ultralytics_ros__rosidl_typesupport_cExport-noconfig.cmake
[1.735s] -- Up-to-date: /home/orin_nano/turtlebot3_ws/install/ultralytics_ros/share/ultralytics_ros/cmake/ultralytics_ros__rosidl_typesupport_introspection_cppExport.cmake
[1.735s] -- Up-to-date: /home/orin_nano/turtlebot3_ws/install/ultralytics_ros/share/ultralytics_ros/cmake/ultralytics_ros__rosidl_typesupport_introspection_cppExport-noconfig.cmake
[1.736s] -- Up-to-date: /home/orin_nano/turtlebot3_ws/install/ultralytics_ros/share/ultralytics_ros/cmake/ultralytics_ros__rosidl_typesupport_cppExport.cmake
[1.736s] -- Up-to-date: /home/orin_nano/turtlebot3_ws/install/ultralytics_ros/share/ultralytics_ros/cmake/ultralytics_ros__rosidl_typesupport_cppExport-noconfig.cmake
[1.736s] -- Up-to-date: /home/orin_nano/turtlebot3_ws/install/ultralytics_ros/share/ultralytics_ros/cmake/export_ultralytics_ros__rosidl_generator_pyExport.cmake
[1.736s] -- Up-to-date: /home/orin_nano/turtlebot3_ws/install/ultralytics_ros/share/ultralytics_ros/cmake/export_ultralytics_ros__rosidl_generator_pyExport-noconfig.cmake
[1.752s] Invoked command in '/home/orin_nano/turtlebot3_ws/build/ultralytics_ros' returned '0': CMAKE_PREFIX_PATH=${CMAKE_PREFIX_PATH}:/home/orin_nano/turtlebot3_ws/install/turtlebot3_teleop:/home/orin_nano/turtlebot3_ws/install/turtlebot3_example:/opt/ros/humble /usr/local/bin/cmake --install /home/orin_nano/turtlebot3_ws/build/ultralytics_ros
