[0.023s] Invoking command in '/home/orin_nano/turtlebot3_ws/build/orbbec_description': CMAKE_PREFIX_PATH=${CMAKE_PREFIX_PATH}:/home/orin_nano/turtlebot3_ws/install/turtlebot3_teleop:/home/orin_nano/turtlebot3_ws/install/turtlebot3_example:/opt/ros/humble /usr/bin/cmake /home/orin_nano/turtlebot3_ws/src/OrbbecSDK_ROS2/orbbec_description -DAMENT_CMAKE_SYMLINK_INSTALL=1 -DCMAKE_INSTALL_PREFIX=/home/orin_nano/turtlebot3_ws/install/orbbec_description
[0.679s] -- The C compiler identification is GNU 11.4.0
[0.679s] -- The CXX compiler identification is GNU 11.4.0
[0.679s] -- Detecting C compiler ABI info
[0.680s] -- Detecting C compiler ABI info - done
[0.680s] -- Check for working C compiler: /usr/bin/cc - skipped
[0.682s] -- Detecting C compile features
[0.682s] -- Detecting C compile features - done
[0.683s] -- Detecting CXX compiler ABI info
[0.683s] -- Detecting CXX compiler ABI info - done
[0.684s] -- Check for working CXX compiler: /usr/bin/c++ - skipped
[0.684s] -- Detecting CXX compile features
[0.684s] -- Detecting CXX compile features - done
[0.685s] -- Found ament_cmake: 1.3.11 (/opt/ros/humble/share/ament_cmake/cmake)
[1.172s] -- Found Python3: /usr/bin/python3 (found version "3.10.12") found components: Interpreter 
[1.354s] -- Override CMake install command with custom implementation using symlinks instead of copying resources
[1.604s] -- Configuring done
[1.610s] -- Generating done
[1.615s] -- Build files have been written to: /home/orin_nano/turtlebot3_ws/build/orbbec_description
[1.640s] Invoked command in '/home/orin_nano/turtlebot3_ws/build/orbbec_description' returned '0': CMAKE_PREFIX_PATH=${CMAKE_PREFIX_PATH}:/home/orin_nano/turtlebot3_ws/install/turtlebot3_teleop:/home/orin_nano/turtlebot3_ws/install/turtlebot3_example:/opt/ros/humble /usr/bin/cmake /home/orin_nano/turtlebot3_ws/src/OrbbecSDK_ROS2/orbbec_description -DAMENT_CMAKE_SYMLINK_INSTALL=1 -DCMAKE_INSTALL_PREFIX=/home/orin_nano/turtlebot3_ws/install/orbbec_description
[1.641s] Invoking command in '/home/orin_nano/turtlebot3_ws/build/orbbec_description': CMAKE_PREFIX_PATH=${CMAKE_PREFIX_PATH}:/home/orin_nano/turtlebot3_ws/install/turtlebot3_teleop:/home/orin_nano/turtlebot3_ws/install/turtlebot3_example:/opt/ros/humble /usr/bin/cmake --build /home/orin_nano/turtlebot3_ws/build/orbbec_description -- -j6 -l6
[1.835s] Invoked command in '/home/orin_nano/turtlebot3_ws/build/orbbec_description' returned '0': CMAKE_PREFIX_PATH=${CMAKE_PREFIX_PATH}:/home/orin_nano/turtlebot3_ws/install/turtlebot3_teleop:/home/orin_nano/turtlebot3_ws/install/turtlebot3_example:/opt/ros/humble /usr/bin/cmake --build /home/orin_nano/turtlebot3_ws/build/orbbec_description -- -j6 -l6
[1.836s] Invoking command in '/home/orin_nano/turtlebot3_ws/build/orbbec_description': CMAKE_PREFIX_PATH=${CMAKE_PREFIX_PATH}:/home/orin_nano/turtlebot3_ws/install/turtlebot3_teleop:/home/orin_nano/turtlebot3_ws/install/turtlebot3_example:/opt/ros/humble /usr/bin/cmake --install /home/orin_nano/turtlebot3_ws/build/orbbec_description
[1.854s] -- Install configuration: ""
[1.858s] -- Execute custom install script
[1.860s] -- Symlinking: /home/orin_nano/turtlebot3_ws/install/orbbec_description/share/orbbec_description/launch/launch_utils.py
[1.914s] -- Symlinking: /home/orin_nano/turtlebot3_ws/install/orbbec_description/share/orbbec_description/launch/view_model.launch.py
[1.957s] -- Symlinking: /home/orin_nano/turtlebot3_ws/install/orbbec_description/share/orbbec_description/meshes/AstraPlus.stl
[1.999s] -- Symlinking: /home/orin_nano/turtlebot3_ws/install/orbbec_description/share/orbbec_description/meshes/femto_bolt/femto_bolt.stl
[2.051s] -- Symlinking: /home/orin_nano/turtlebot3_ws/install/orbbec_description/share/orbbec_description/meshes/gemini335_336/camera_bottom_screw_frame.STL
[2.100s] -- Symlinking: /home/orin_nano/turtlebot3_ws/install/orbbec_description/share/orbbec_description/meshes/gemini335_336/camera_color_frame.STL
[2.137s] -- Symlinking: /home/orin_nano/turtlebot3_ws/install/orbbec_description/share/orbbec_description/meshes/gemini335_336/camera_color_optical_frame.STL
[2.187s] -- Symlinking: /home/orin_nano/turtlebot3_ws/install/orbbec_description/share/orbbec_description/meshes/gemini335_336/camera_depth_frame.STL
[2.240s] -- Symlinking: /home/orin_nano/turtlebot3_ws/install/orbbec_description/share/orbbec_description/meshes/gemini335_336/camera_depth_optical_frame.STL
[2.286s] -- Symlinking: /home/orin_nano/turtlebot3_ws/install/orbbec_description/share/orbbec_description/meshes/gemini335_336/camera_infra2_frame.STL
[2.336s] -- Symlinking: /home/orin_nano/turtlebot3_ws/install/orbbec_description/share/orbbec_description/meshes/gemini335_336/camera_infra2_optical_frame.STL
[2.385s] -- Symlinking: /home/orin_nano/turtlebot3_ws/install/orbbec_description/share/orbbec_description/meshes/gemini335_336/camera_infra_1_frame.STL
[2.431s] -- Symlinking: /home/orin_nano/turtlebot3_ws/install/orbbec_description/share/orbbec_description/meshes/gemini335_336/camera_infra_1_optical_frame.STL
[2.463s] -- Symlinking: /home/orin_nano/turtlebot3_ws/install/orbbec_description/share/orbbec_description/meshes/gemini335_336/camera_link.STL
[2.525s] -- Symlinking: /home/orin_nano/turtlebot3_ws/install/orbbec_description/share/orbbec_description/urdf/_gemini_335_336.urdf.xacro
[2.564s] -- Symlinking: /home/orin_nano/turtlebot3_ws/install/orbbec_description/share/orbbec_description/urdf/femto_bolt.urdf.xacro
[2.613s] -- Symlinking: /home/orin_nano/turtlebot3_ws/install/orbbec_description/share/orbbec_description/urdf/test_gemini_335.urdf.xarco
[2.656s] -- Symlinking: /home/orin_nano/turtlebot3_ws/install/orbbec_description/share/orbbec_description/urdf/test_gemini_336.urdf.xarco
[2.716s] -- Symlinking: /home/orin_nano/turtlebot3_ws/install/orbbec_description/share/orbbec_description/rviz/urdf.rviz
[2.785s] -- Symlinking: /home/orin_nano/turtlebot3_ws/install/orbbec_description/share/ament_index/resource_index/package_run_dependencies/orbbec_description
[2.857s] -- Symlinking: /home/orin_nano/turtlebot3_ws/install/orbbec_description/share/ament_index/resource_index/parent_prefix_path/orbbec_description
[2.922s] -- Symlinking: /home/orin_nano/turtlebot3_ws/install/orbbec_description/share/orbbec_description/environment/ament_prefix_path.sh
[2.990s] -- Symlinking: /home/orin_nano/turtlebot3_ws/install/orbbec_description/share/orbbec_description/environment/ament_prefix_path.dsv
[3.048s] -- Symlinking: /home/orin_nano/turtlebot3_ws/install/orbbec_description/share/orbbec_description/environment/path.sh
[3.135s] -- Symlinking: /home/orin_nano/turtlebot3_ws/install/orbbec_description/share/orbbec_description/environment/path.dsv
[3.204s] -- Symlinking: /home/orin_nano/turtlebot3_ws/install/orbbec_description/share/orbbec_description/local_setup.bash
[3.262s] -- Symlinking: /home/orin_nano/turtlebot3_ws/install/orbbec_description/share/orbbec_description/local_setup.sh
[3.329s] -- Symlinking: /home/orin_nano/turtlebot3_ws/install/orbbec_description/share/orbbec_description/local_setup.zsh
[3.393s] -- Symlinking: /home/orin_nano/turtlebot3_ws/install/orbbec_description/share/orbbec_description/local_setup.dsv
[3.452s] -- Symlinking: /home/orin_nano/turtlebot3_ws/install/orbbec_description/share/orbbec_description/package.dsv
[3.492s] -- Symlinking: /home/orin_nano/turtlebot3_ws/install/orbbec_description/share/ament_index/resource_index/packages/orbbec_description
[3.527s] -- Symlinking: /home/orin_nano/turtlebot3_ws/install/orbbec_description/share/orbbec_description/cmake/orbbec_descriptionConfig.cmake
[3.573s] -- Symlinking: /home/orin_nano/turtlebot3_ws/install/orbbec_description/share/orbbec_description/cmake/orbbec_descriptionConfig-version.cmake
[3.644s] -- Symlinking: /home/orin_nano/turtlebot3_ws/install/orbbec_description/share/orbbec_description/package.xml
[3.727s] Invoked command in '/home/orin_nano/turtlebot3_ws/build/orbbec_description' returned '0': CMAKE_PREFIX_PATH=${CMAKE_PREFIX_PATH}:/home/orin_nano/turtlebot3_ws/install/turtlebot3_teleop:/home/orin_nano/turtlebot3_ws/install/turtlebot3_example:/opt/ros/humble /usr/bin/cmake --install /home/orin_nano/turtlebot3_ws/build/orbbec_description
