[1.239s] Invoking command in '/home/orin_nano/turtlebot3_ws/build/ld08_driver': CMAKE_PREFIX_PATH=${CMAKE_PREFIX_PATH}:/home/orin_nano/turtlebot3_ws/install/turtlebot3_teleop:/home/orin_nano/turtlebot3_ws/install/turtlebot3_example:/opt/ros/humble /usr/local/bin/cmake --build /home/orin_nano/turtlebot3_ws/build/ld08_driver -- -j6 -l6
[1.510s] [100%] Built target ld08_driver
[1.583s] Invoked command in '/home/orin_nano/turtlebot3_ws/build/ld08_driver' returned '0': CMAKE_PREFIX_PATH=${CMAKE_PREFIX_PATH}:/home/orin_nano/turtlebot3_ws/install/turtlebot3_teleop:/home/orin_nano/turtlebot3_ws/install/turtlebot3_example:/opt/ros/humble /usr/local/bin/cmake --build /home/orin_nano/turtlebot3_ws/build/ld08_driver -- -j6 -l6
[1.593s] Invoking command in '/home/orin_nano/turtlebot3_ws/build/ld08_driver': CMAKE_PREFIX_PATH=${CMAKE_PREFIX_PATH}:/home/orin_nano/turtlebot3_ws/install/turtlebot3_teleop:/home/orin_nano/turtlebot3_ws/install/turtlebot3_example:/opt/ros/humble /usr/local/bin/cmake --install /home/orin_nano/turtlebot3_ws/build/ld08_driver
[1.788s] -- Install configuration: ""
[1.788s] -- Execute custom install script
[1.796s] -- Up-to-date symlink: /home/orin_nano/turtlebot3_ws/install/ld08_driver/share/ld08_driver/launch/ld08.launch.py
[1.796s] -- Up-to-date symlink: /home/orin_nano/turtlebot3_ws/install/ld08_driver/lib/ld08_driver/ld08_driver
[1.796s] -- Up-to-date symlink: /home/orin_nano/turtlebot3_ws/install/ld08_driver/share/ament_index/resource_index/package_run_dependencies/ld08_driver
[1.796s] -- Up-to-date symlink: /home/orin_nano/turtlebot3_ws/install/ld08_driver/share/ament_index/resource_index/parent_prefix_path/ld08_driver
[1.796s] -- Up-to-date symlink: /home/orin_nano/turtlebot3_ws/install/ld08_driver/share/ld08_driver/environment/ament_prefix_path.sh
[1.796s] -- Up-to-date symlink: /home/orin_nano/turtlebot3_ws/install/ld08_driver/share/ld08_driver/environment/ament_prefix_path.dsv
[1.796s] -- Up-to-date symlink: /home/orin_nano/turtlebot3_ws/install/ld08_driver/share/ld08_driver/environment/path.sh
[1.796s] -- Up-to-date symlink: /home/orin_nano/turtlebot3_ws/install/ld08_driver/share/ld08_driver/environment/path.dsv
[1.797s] -- Up-to-date symlink: /home/orin_nano/turtlebot3_ws/install/ld08_driver/share/ld08_driver/local_setup.bash
[1.797s] -- Up-to-date symlink: /home/orin_nano/turtlebot3_ws/install/ld08_driver/share/ld08_driver/local_setup.sh
[1.797s] -- Up-to-date symlink: /home/orin_nano/turtlebot3_ws/install/ld08_driver/share/ld08_driver/local_setup.zsh
[1.797s] -- Up-to-date symlink: /home/orin_nano/turtlebot3_ws/install/ld08_driver/share/ld08_driver/local_setup.dsv
[1.797s] -- Symlinking: /home/orin_nano/turtlebot3_ws/install/ld08_driver/share/ld08_driver/package.dsv
[1.835s] -- Up-to-date symlink: /home/orin_nano/turtlebot3_ws/install/ld08_driver/share/ament_index/resource_index/packages/ld08_driver
[1.836s] -- Up-to-date symlink: /home/orin_nano/turtlebot3_ws/install/ld08_driver/share/ld08_driver/cmake/ament_cmake_export_dependencies-extras.cmake
[1.836s] -- Up-to-date symlink: /home/orin_nano/turtlebot3_ws/install/ld08_driver/share/ld08_driver/cmake/ament_cmake_export_include_directories-extras.cmake
[1.836s] -- Up-to-date symlink: /home/orin_nano/turtlebot3_ws/install/ld08_driver/share/ld08_driver/cmake/ld08_driverConfig.cmake
[1.836s] -- Up-to-date symlink: /home/orin_nano/turtlebot3_ws/install/ld08_driver/share/ld08_driver/cmake/ld08_driverConfig-version.cmake
[1.837s] -- Up-to-date symlink: /home/orin_nano/turtlebot3_ws/install/ld08_driver/share/ld08_driver/package.xml
[1.880s] Invoked command in '/home/orin_nano/turtlebot3_ws/build/ld08_driver' returned '0': CMAKE_PREFIX_PATH=${CMAKE_PREFIX_PATH}:/home/orin_nano/turtlebot3_ws/install/turtlebot3_teleop:/home/orin_nano/turtlebot3_ws/install/turtlebot3_example:/opt/ros/humble /usr/local/bin/cmake --install /home/orin_nano/turtlebot3_ws/build/ld08_driver
