[0.083s] Invoking command in '/home/orin_nano/turtlebot3_ws/build/orbbec_camera_msgs': CMAKE_PREFIX_PATH=${CMAKE_PREFIX_PATH}:/home/orin_nano/turtlebot3_ws/install/turtlebot3_teleop:/home/orin_nano/turtlebot3_ws/install/turtlebot3_example:/opt/ros/humble NX_CONNECTION=192.168.1.69 45202 192.168.1.104 4000 /usr/local/bin/cmake --build /home/orin_nano/turtlebot3_ws/build/orbbec_camera_msgs -- -j6 -l6
[1.298s] [  0%] Built target orbbec_camera_msgs__cpp
[1.298s] [ 12%] Built target orbbec_camera_msgs__rosidl_generator_c
[1.299s] [ 12%] Built target ament_cmake_python_symlink_orbbec_camera_msgs
[1.300s] [ 24%] Built target orbbec_camera_msgs__rosidl_typesupport_cpp
[1.302s] [ 35%] Built target orbbec_camera_msgs__rosidl_typesupport_fastrtps_cpp
[1.302s] [ 47%] Built target orbbec_camera_msgs__rosidl_typesupport_introspection_c
[1.303s] [ 59%] Built target orbbec_camera_msgs__rosidl_typesupport_c
[1.304s] [ 71%] Built target orbbec_camera_msgs__rosidl_typesupport_introspection_cpp
[1.305s] [ 83%] Built target orbbec_camera_msgs__rosidl_typesupport_fastrtps_c
[1.306s] [ 83%] Built target orbbec_camera_msgs
[1.307s] [ 84%] Built target orbbec_camera_msgs__py
[1.307s] [ 95%] Built target orbbec_camera_msgs__rosidl_generator_py
[1.308s] [100%] Built target orbbec_camera_msgs__rosidl_typesupport_introspection_c__pyext
[1.308s] [100%] Built target orbbec_camera_msgs__rosidl_typesupport_fastrtps_c__pyext
[1.309s] [100%] Built target orbbec_camera_msgs__rosidl_typesupport_c__pyext
[1.309s] running egg_info
[1.309s] writing orbbec_camera_msgs.egg-info/PKG-INFO
[1.309s] writing dependency_links to orbbec_camera_msgs.egg-info/dependency_links.txt
[1.310s] writing top-level names to orbbec_camera_msgs.egg-info/top_level.txt
[1.310s] reading manifest file 'orbbec_camera_msgs.egg-info/SOURCES.txt'
[1.310s] writing manifest file 'orbbec_camera_msgs.egg-info/SOURCES.txt'
[1.310s] [100%] Built target ament_cmake_python_build_orbbec_camera_msgs_egg
[1.462s] Invoked command in '/home/orin_nano/turtlebot3_ws/build/orbbec_camera_msgs' returned '0': CMAKE_PREFIX_PATH=${CMAKE_PREFIX_PATH}:/home/orin_nano/turtlebot3_ws/install/turtlebot3_teleop:/home/orin_nano/turtlebot3_ws/install/turtlebot3_example:/opt/ros/humble NX_CONNECTION=192.168.1.69 45202 192.168.1.104 4000 /usr/local/bin/cmake --build /home/orin_nano/turtlebot3_ws/build/orbbec_camera_msgs -- -j6 -l6
[1.466s] Invoking command in '/home/orin_nano/turtlebot3_ws/build/orbbec_camera_msgs': CMAKE_PREFIX_PATH=${CMAKE_PREFIX_PATH}:/home/orin_nano/turtlebot3_ws/install/turtlebot3_teleop:/home/orin_nano/turtlebot3_ws/install/turtlebot3_example:/opt/ros/humble NX_CONNECTION=192.168.1.69 45202 192.168.1.104 4000 /usr/local/bin/cmake --install /home/orin_nano/turtlebot3_ws/build/orbbec_camera_msgs
[1.790s] -- Install configuration: ""
[1.804s] -- Execute custom install script
[1.805s] -- Up-to-date symlink: /home/orin_nano/turtlebot3_ws/install/orbbec_camera_msgs/share/ament_index/resource_index/rosidl_interfaces/orbbec_camera_msgs
[1.807s] -- Up-to-date symlink: /home/orin_nano/turtlebot3_ws/install/orbbec_camera_msgs/include/orbbec_camera_msgs/orbbec_camera_msgs/msg/detail/device_info__functions.h
[1.808s] -- Up-to-date symlink: /home/orin_nano/turtlebot3_ws/install/orbbec_camera_msgs/include/orbbec_camera_msgs/orbbec_camera_msgs/msg/detail/device_info__struct.h
[1.808s] -- Up-to-date symlink: /home/orin_nano/turtlebot3_ws/install/orbbec_camera_msgs/include/orbbec_camera_msgs/orbbec_camera_msgs/msg/detail/device_info__type_support.h
[1.808s] -- Up-to-date symlink: /home/orin_nano/turtlebot3_ws/install/orbbec_camera_msgs/include/orbbec_camera_msgs/orbbec_camera_msgs/msg/detail/extrinsics__functions.h
[1.808s] -- Up-to-date symlink: /home/orin_nano/turtlebot3_ws/install/orbbec_camera_msgs/include/orbbec_camera_msgs/orbbec_camera_msgs/msg/detail/extrinsics__struct.h
[1.809s] -- Up-to-date symlink: /home/orin_nano/turtlebot3_ws/install/orbbec_camera_msgs/include/orbbec_camera_msgs/orbbec_camera_msgs/msg/detail/extrinsics__type_support.h
[1.809s] -- Up-to-date symlink: /home/orin_nano/turtlebot3_ws/install/orbbec_camera_msgs/include/orbbec_camera_msgs/orbbec_camera_msgs/msg/detail/imu_info__functions.h
[1.810s] -- Up-to-date symlink: /home/orin_nano/turtlebot3_ws/install/orbbec_camera_msgs/include/orbbec_camera_msgs/orbbec_camera_msgs/msg/detail/imu_info__struct.h
[1.810s] -- Up-to-date symlink: /home/orin_nano/turtlebot3_ws/install/orbbec_camera_msgs/include/orbbec_camera_msgs/orbbec_camera_msgs/msg/detail/imu_info__type_support.h
[1.810s] -- Up-to-date symlink: /home/orin_nano/turtlebot3_ws/install/orbbec_camera_msgs/include/orbbec_camera_msgs/orbbec_camera_msgs/msg/detail/metadata__functions.h
[1.811s] -- Up-to-date symlink: /home/orin_nano/turtlebot3_ws/install/orbbec_camera_msgs/include/orbbec_camera_msgs/orbbec_camera_msgs/msg/detail/metadata__struct.h
[1.811s] -- Up-to-date symlink: /home/orin_nano/turtlebot3_ws/install/orbbec_camera_msgs/include/orbbec_camera_msgs/orbbec_camera_msgs/msg/detail/metadata__type_support.h
[1.811s] -- Up-to-date symlink: /home/orin_nano/turtlebot3_ws/install/orbbec_camera_msgs/include/orbbec_camera_msgs/orbbec_camera_msgs/msg/detail/rgbd__functions.h
[1.812s] -- Up-to-date symlink: /home/orin_nano/turtlebot3_ws/install/orbbec_camera_msgs/include/orbbec_camera_msgs/orbbec_camera_msgs/msg/detail/rgbd__struct.h
[1.812s] -- Up-to-date symlink: /home/orin_nano/turtlebot3_ws/install/orbbec_camera_msgs/include/orbbec_camera_msgs/orbbec_camera_msgs/msg/detail/rgbd__type_support.h
[1.815s] -- Up-to-date symlink: /home/orin_nano/turtlebot3_ws/install/orbbec_camera_msgs/include/orbbec_camera_msgs/orbbec_camera_msgs/msg/device_info.h
[1.815s] -- Up-to-date symlink: /home/orin_nano/turtlebot3_ws/install/orbbec_camera_msgs/include/orbbec_camera_msgs/orbbec_camera_msgs/msg/extrinsics.h
[1.816s] -- Up-to-date symlink: /home/orin_nano/turtlebot3_ws/install/orbbec_camera_msgs/include/orbbec_camera_msgs/orbbec_camera_msgs/msg/imu_info.h
[1.817s] -- Up-to-date symlink: /home/orin_nano/turtlebot3_ws/install/orbbec_camera_msgs/include/orbbec_camera_msgs/orbbec_camera_msgs/msg/metadata.h
[1.817s] -- Up-to-date symlink: /home/orin_nano/turtlebot3_ws/install/orbbec_camera_msgs/include/orbbec_camera_msgs/orbbec_camera_msgs/msg/rgbd.h
[1.818s] -- Up-to-date symlink: /home/orin_nano/turtlebot3_ws/install/orbbec_camera_msgs/include/orbbec_camera_msgs/orbbec_camera_msgs/msg/rosidl_generator_c__visibility_control.h
[1.818s] -- Up-to-date symlink: /home/orin_nano/turtlebot3_ws/install/orbbec_camera_msgs/include/orbbec_camera_msgs/orbbec_camera_msgs/srv/detail/get_bool__functions.h
[1.818s] -- Up-to-date symlink: /home/orin_nano/turtlebot3_ws/install/orbbec_camera_msgs/include/orbbec_camera_msgs/orbbec_camera_msgs/srv/detail/get_bool__struct.h
[1.818s] -- Up-to-date symlink: /home/orin_nano/turtlebot3_ws/install/orbbec_camera_msgs/include/orbbec_camera_msgs/orbbec_camera_msgs/srv/detail/get_bool__type_support.h
[1.819s] -- Up-to-date symlink: /home/orin_nano/turtlebot3_ws/install/orbbec_camera_msgs/include/orbbec_camera_msgs/orbbec_camera_msgs/srv/detail/get_camera_info__functions.h
[1.820s] -- Up-to-date symlink: /home/orin_nano/turtlebot3_ws/install/orbbec_camera_msgs/include/orbbec_camera_msgs/orbbec_camera_msgs/srv/detail/get_camera_info__struct.h
[1.820s] -- Up-to-date symlink: /home/orin_nano/turtlebot3_ws/install/orbbec_camera_msgs/include/orbbec_camera_msgs/orbbec_camera_msgs/srv/detail/get_camera_info__type_support.h
[1.820s] -- Up-to-date symlink: /home/orin_nano/turtlebot3_ws/install/orbbec_camera_msgs/include/orbbec_camera_msgs/orbbec_camera_msgs/srv/detail/get_device_info__functions.h
[1.820s] -- Up-to-date symlink: /home/orin_nano/turtlebot3_ws/install/orbbec_camera_msgs/include/orbbec_camera_msgs/orbbec_camera_msgs/srv/detail/get_device_info__struct.h
[1.821s] -- Up-to-date symlink: /home/orin_nano/turtlebot3_ws/install/orbbec_camera_msgs/include/orbbec_camera_msgs/orbbec_camera_msgs/srv/detail/get_device_info__type_support.h
[1.821s] -- Up-to-date symlink: /home/orin_nano/turtlebot3_ws/install/orbbec_camera_msgs/include/orbbec_camera_msgs/orbbec_camera_msgs/srv/detail/get_int32__functions.h
[1.822s] -- Up-to-date symlink: /home/orin_nano/turtlebot3_ws/install/orbbec_camera_msgs/include/orbbec_camera_msgs/orbbec_camera_msgs/srv/detail/get_int32__struct.h
[1.822s] -- Up-to-date symlink: /home/orin_nano/turtlebot3_ws/install/orbbec_camera_msgs/include/orbbec_camera_msgs/orbbec_camera_msgs/srv/detail/get_int32__type_support.h
[1.823s] -- Up-to-date symlink: /home/orin_nano/turtlebot3_ws/install/orbbec_camera_msgs/include/orbbec_camera_msgs/orbbec_camera_msgs/srv/detail/get_string__functions.h
[1.823s] -- Up-to-date symlink: /home/orin_nano/turtlebot3_ws/install/orbbec_camera_msgs/include/orbbec_camera_msgs/orbbec_camera_msgs/srv/detail/get_string__struct.h
[1.823s] -- Up-to-date symlink: /home/orin_nano/turtlebot3_ws/install/orbbec_camera_msgs/include/orbbec_camera_msgs/orbbec_camera_msgs/srv/detail/get_string__type_support.h
[1.823s] -- Up-to-date symlink: /home/orin_nano/turtlebot3_ws/install/orbbec_camera_msgs/include/orbbec_camera_msgs/orbbec_camera_msgs/srv/detail/set_int32__functions.h
[1.824s] -- Up-to-date symlink: /home/orin_nano/turtlebot3_ws/install/orbbec_camera_msgs/include/orbbec_camera_msgs/orbbec_camera_msgs/srv/detail/set_int32__struct.h
[1.824s] -- Up-to-date symlink: /home/orin_nano/turtlebot3_ws/install/orbbec_camera_msgs/include/orbbec_camera_msgs/orbbec_camera_msgs/srv/detail/set_int32__type_support.h
[1.824s] -- Up-to-date symlink: /home/orin_nano/turtlebot3_ws/install/orbbec_camera_msgs/include/orbbec_camera_msgs/orbbec_camera_msgs/srv/detail/set_string__functions.h
[1.825s] -- Up-to-date symlink: /home/orin_nano/turtlebot3_ws/install/orbbec_camera_msgs/include/orbbec_camera_msgs/orbbec_camera_msgs/srv/detail/set_string__struct.h
[1.825s] -- Up-to-date symlink: /home/orin_nano/turtlebot3_ws/install/orbbec_camera_msgs/include/orbbec_camera_msgs/orbbec_camera_msgs/srv/detail/set_string__type_support.h
[1.825s] -- Up-to-date symlink: /home/orin_nano/turtlebot3_ws/install/orbbec_camera_msgs/include/orbbec_camera_msgs/orbbec_camera_msgs/srv/get_bool.h
[1.825s] -- Up-to-date symlink: /home/orin_nano/turtlebot3_ws/install/orbbec_camera_msgs/include/orbbec_camera_msgs/orbbec_camera_msgs/srv/get_camera_info.h
[1.826s] -- Up-to-date symlink: /home/orin_nano/turtlebot3_ws/install/orbbec_camera_msgs/include/orbbec_camera_msgs/orbbec_camera_msgs/srv/get_device_info.h
[1.826s] -- Up-to-date symlink: /home/orin_nano/turtlebot3_ws/install/orbbec_camera_msgs/include/orbbec_camera_msgs/orbbec_camera_msgs/srv/get_int32.h
[1.826s] -- Up-to-date symlink: /home/orin_nano/turtlebot3_ws/install/orbbec_camera_msgs/include/orbbec_camera_msgs/orbbec_camera_msgs/srv/get_string.h
[1.827s] -- Up-to-date symlink: /home/orin_nano/turtlebot3_ws/install/orbbec_camera_msgs/include/orbbec_camera_msgs/orbbec_camera_msgs/srv/set_int32.h
[1.827s] -- Up-to-date symlink: /home/orin_nano/turtlebot3_ws/install/orbbec_camera_msgs/include/orbbec_camera_msgs/orbbec_camera_msgs/srv/set_string.h
[1.827s] -- Up-to-date symlink: /home/orin_nano/turtlebot3_ws/install/orbbec_camera_msgs/share/orbbec_camera_msgs/environment/library_path.sh
[1.828s] -- Up-to-date symlink: /home/orin_nano/turtlebot3_ws/install/orbbec_camera_msgs/share/orbbec_camera_msgs/environment/library_path.dsv
[1.830s] -- Up-to-date symlink: /home/orin_nano/turtlebot3_ws/install/orbbec_camera_msgs/include/orbbec_camera_msgs/orbbec_camera_msgs/msg/detail/device_info__rosidl_typesupport_fastrtps_c.h
[1.831s] -- Up-to-date symlink: /home/orin_nano/turtlebot3_ws/install/orbbec_camera_msgs/include/orbbec_camera_msgs/orbbec_camera_msgs/msg/detail/extrinsics__rosidl_typesupport_fastrtps_c.h
[1.831s] -- Up-to-date symlink: /home/orin_nano/turtlebot3_ws/install/orbbec_camera_msgs/include/orbbec_camera_msgs/orbbec_camera_msgs/msg/detail/imu_info__rosidl_typesupport_fastrtps_c.h
[1.831s] -- Up-to-date symlink: /home/orin_nano/turtlebot3_ws/install/orbbec_camera_msgs/include/orbbec_camera_msgs/orbbec_camera_msgs/msg/detail/metadata__rosidl_typesupport_fastrtps_c.h
[1.832s] -- Up-to-date symlink: /home/orin_nano/turtlebot3_ws/install/orbbec_camera_msgs/include/orbbec_camera_msgs/orbbec_camera_msgs/msg/detail/rgbd__rosidl_typesupport_fastrtps_c.h
[1.832s] -- Up-to-date symlink: /home/orin_nano/turtlebot3_ws/install/orbbec_camera_msgs/include/orbbec_camera_msgs/orbbec_camera_msgs/msg/rosidl_typesupport_fastrtps_c__visibility_control.h
[1.832s] -- Up-to-date symlink: /home/orin_nano/turtlebot3_ws/install/orbbec_camera_msgs/include/orbbec_camera_msgs/orbbec_camera_msgs/srv/detail/get_bool__rosidl_typesupport_fastrtps_c.h
[1.833s] -- Up-to-date symlink: /home/orin_nano/turtlebot3_ws/install/orbbec_camera_msgs/include/orbbec_camera_msgs/orbbec_camera_msgs/srv/detail/get_camera_info__rosidl_typesupport_fastrtps_c.h
[1.833s] -- Up-to-date symlink: /home/orin_nano/turtlebot3_ws/install/orbbec_camera_msgs/include/orbbec_camera_msgs/orbbec_camera_msgs/srv/detail/get_device_info__rosidl_typesupport_fastrtps_c.h
[1.833s] -- Up-to-date symlink: /home/orin_nano/turtlebot3_ws/install/orbbec_camera_msgs/include/orbbec_camera_msgs/orbbec_camera_msgs/srv/detail/get_int32__rosidl_typesupport_fastrtps_c.h
[1.833s] -- Up-to-date symlink: /home/orin_nano/turtlebot3_ws/install/orbbec_camera_msgs/include/orbbec_camera_msgs/orbbec_camera_msgs/srv/detail/get_string__rosidl_typesupport_fastrtps_c.h
[1.834s] -- Up-to-date symlink: /home/orin_nano/turtlebot3_ws/install/orbbec_camera_msgs/include/orbbec_camera_msgs/orbbec_camera_msgs/srv/detail/set_int32__rosidl_typesupport_fastrtps_c.h
[1.834s] -- Up-to-date symlink: /home/orin_nano/turtlebot3_ws/install/orbbec_camera_msgs/include/orbbec_camera_msgs/orbbec_camera_msgs/srv/detail/set_string__rosidl_typesupport_fastrtps_c.h
[1.836s] -- Up-to-date symlink: /home/orin_nano/turtlebot3_ws/install/orbbec_camera_msgs/include/orbbec_camera_msgs/orbbec_camera_msgs/msg/detail/device_info__rosidl_typesupport_introspection_c.h
[1.837s] -- Up-to-date symlink: /home/orin_nano/turtlebot3_ws/install/orbbec_camera_msgs/include/orbbec_camera_msgs/orbbec_camera_msgs/msg/detail/extrinsics__rosidl_typesupport_introspection_c.h
[1.837s] -- Up-to-date symlink: /home/orin_nano/turtlebot3_ws/install/orbbec_camera_msgs/include/orbbec_camera_msgs/orbbec_camera_msgs/msg/detail/imu_info__rosidl_typesupport_introspection_c.h
[1.837s] -- Up-to-date symlink: /home/orin_nano/turtlebot3_ws/install/orbbec_camera_msgs/include/orbbec_camera_msgs/orbbec_camera_msgs/msg/detail/metadata__rosidl_typesupport_introspection_c.h
[1.837s] -- Up-to-date symlink: /home/orin_nano/turtlebot3_ws/install/orbbec_camera_msgs/include/orbbec_camera_msgs/orbbec_camera_msgs/msg/detail/rgbd__rosidl_typesupport_introspection_c.h
[1.838s] -- Up-to-date symlink: /home/orin_nano/turtlebot3_ws/install/orbbec_camera_msgs/include/orbbec_camera_msgs/orbbec_camera_msgs/msg/rosidl_typesupport_introspection_c__visibility_control.h
[1.838s] -- Up-to-date symlink: /home/orin_nano/turtlebot3_ws/install/orbbec_camera_msgs/include/orbbec_camera_msgs/orbbec_camera_msgs/srv/detail/get_bool__rosidl_typesupport_introspection_c.h
[1.839s] -- Up-to-date symlink: /home/orin_nano/turtlebot3_ws/install/orbbec_camera_msgs/include/orbbec_camera_msgs/orbbec_camera_msgs/srv/detail/get_camera_info__rosidl_typesupport_introspection_c.h
[1.839s] -- Up-to-date symlink: /home/orin_nano/turtlebot3_ws/install/orbbec_camera_msgs/include/orbbec_camera_msgs/orbbec_camera_msgs/srv/detail/get_device_info__rosidl_typesupport_introspection_c.h
[1.840s] -- Up-to-date symlink: /home/orin_nano/turtlebot3_ws/install/orbbec_camera_msgs/include/orbbec_camera_msgs/orbbec_camera_msgs/srv/detail/get_int32__rosidl_typesupport_introspection_c.h
[1.840s] -- Up-to-date symlink: /home/orin_nano/turtlebot3_ws/install/orbbec_camera_msgs/include/orbbec_camera_msgs/orbbec_camera_msgs/srv/detail/get_string__rosidl_typesupport_introspection_c.h
[1.840s] -- Up-to-date symlink: /home/orin_nano/turtlebot3_ws/install/orbbec_camera_msgs/include/orbbec_camera_msgs/orbbec_camera_msgs/srv/detail/set_int32__rosidl_typesupport_introspection_c.h
[1.840s] -- Up-to-date symlink: /home/orin_nano/turtlebot3_ws/install/orbbec_camera_msgs/include/orbbec_camera_msgs/orbbec_camera_msgs/srv/detail/set_string__rosidl_typesupport_introspection_c.h
[1.847s] -- Up-to-date symlink: /home/orin_nano/turtlebot3_ws/install/orbbec_camera_msgs/include/orbbec_camera_msgs/orbbec_camera_msgs/msg/detail/device_info__builder.hpp
[1.847s] -- Up-to-date symlink: /home/orin_nano/turtlebot3_ws/install/orbbec_camera_msgs/include/orbbec_camera_msgs/orbbec_camera_msgs/msg/detail/device_info__struct.hpp
[1.847s] -- Up-to-date symlink: /home/orin_nano/turtlebot3_ws/install/orbbec_camera_msgs/include/orbbec_camera_msgs/orbbec_camera_msgs/msg/detail/device_info__traits.hpp
[1.847s] -- Up-to-date symlink: /home/orin_nano/turtlebot3_ws/install/orbbec_camera_msgs/include/orbbec_camera_msgs/orbbec_camera_msgs/msg/detail/device_info__type_support.hpp
[1.847s] -- Up-to-date symlink: /home/orin_nano/turtlebot3_ws/install/orbbec_camera_msgs/include/orbbec_camera_msgs/orbbec_camera_msgs/msg/detail/extrinsics__builder.hpp
[1.848s] -- Up-to-date symlink: /home/orin_nano/turtlebot3_ws/install/orbbec_camera_msgs/include/orbbec_camera_msgs/orbbec_camera_msgs/msg/detail/extrinsics__struct.hpp
[1.848s] -- Up-to-date symlink: /home/orin_nano/turtlebot3_ws/install/orbbec_camera_msgs/include/orbbec_camera_msgs/orbbec_camera_msgs/msg/detail/extrinsics__traits.hpp
[1.848s] -- Up-to-date symlink: /home/orin_nano/turtlebot3_ws/install/orbbec_camera_msgs/include/orbbec_camera_msgs/orbbec_camera_msgs/msg/detail/extrinsics__type_support.hpp
[1.848s] -- Up-to-date symlink: /home/orin_nano/turtlebot3_ws/install/orbbec_camera_msgs/include/orbbec_camera_msgs/orbbec_camera_msgs/msg/detail/imu_info__builder.hpp
[1.848s] -- Up-to-date symlink: /home/orin_nano/turtlebot3_ws/install/orbbec_camera_msgs/include/orbbec_camera_msgs/orbbec_camera_msgs/msg/detail/imu_info__struct.hpp
[1.848s] -- Up-to-date symlink: /home/orin_nano/turtlebot3_ws/install/orbbec_camera_msgs/include/orbbec_camera_msgs/orbbec_camera_msgs/msg/detail/imu_info__traits.hpp
[1.849s] -- Up-to-date symlink: /home/orin_nano/turtlebot3_ws/install/orbbec_camera_msgs/include/orbbec_camera_msgs/orbbec_camera_msgs/msg/detail/imu_info__type_support.hpp
[1.849s] -- Up-to-date symlink: /home/orin_nano/turtlebot3_ws/install/orbbec_camera_msgs/include/orbbec_camera_msgs/orbbec_camera_msgs/msg/detail/metadata__builder.hpp
[1.849s] -- Up-to-date symlink: /home/orin_nano/turtlebot3_ws/install/orbbec_camera_msgs/include/orbbec_camera_msgs/orbbec_camera_msgs/msg/detail/metadata__struct.hpp
[1.849s] -- Up-to-date symlink: /home/orin_nano/turtlebot3_ws/install/orbbec_camera_msgs/include/orbbec_camera_msgs/orbbec_camera_msgs/msg/detail/metadata__traits.hpp
[1.849s] -- Up-to-date symlink: /home/orin_nano/turtlebot3_ws/install/orbbec_camera_msgs/include/orbbec_camera_msgs/orbbec_camera_msgs/msg/detail/metadata__type_support.hpp
[1.850s] -- Up-to-date symlink: /home/orin_nano/turtlebot3_ws/install/orbbec_camera_msgs/include/orbbec_camera_msgs/orbbec_camera_msgs/msg/detail/rgbd__builder.hpp
[1.850s] -- Up-to-date symlink: /home/orin_nano/turtlebot3_ws/install/orbbec_camera_msgs/include/orbbec_camera_msgs/orbbec_camera_msgs/msg/detail/rgbd__struct.hpp
[1.850s] -- Up-to-date symlink: /home/orin_nano/turtlebot3_ws/install/orbbec_camera_msgs/include/orbbec_camera_msgs/orbbec_camera_msgs/msg/detail/rgbd__traits.hpp
[1.850s] -- Up-to-date symlink: /home/orin_nano/turtlebot3_ws/install/orbbec_camera_msgs/include/orbbec_camera_msgs/orbbec_camera_msgs/msg/detail/rgbd__type_support.hpp
[1.852s] -- Up-to-date symlink: /home/orin_nano/turtlebot3_ws/install/orbbec_camera_msgs/include/orbbec_camera_msgs/orbbec_camera_msgs/msg/device_info.hpp
[1.852s] -- Up-to-date symlink: /home/orin_nano/turtlebot3_ws/install/orbbec_camera_msgs/include/orbbec_camera_msgs/orbbec_camera_msgs/msg/extrinsics.hpp
[1.852s] -- Up-to-date symlink: /home/orin_nano/turtlebot3_ws/install/orbbec_camera_msgs/include/orbbec_camera_msgs/orbbec_camera_msgs/msg/imu_info.hpp
[1.852s] -- Up-to-date symlink: /home/orin_nano/turtlebot3_ws/install/orbbec_camera_msgs/include/orbbec_camera_msgs/orbbec_camera_msgs/msg/metadata.hpp
[1.853s] -- Up-to-date symlink: /home/orin_nano/turtlebot3_ws/install/orbbec_camera_msgs/include/orbbec_camera_msgs/orbbec_camera_msgs/msg/rgbd.hpp
[1.853s] -- Up-to-date symlink: /home/orin_nano/turtlebot3_ws/install/orbbec_camera_msgs/include/orbbec_camera_msgs/orbbec_camera_msgs/msg/rosidl_generator_cpp__visibility_control.hpp
[1.854s] -- Up-to-date symlink: /home/orin_nano/turtlebot3_ws/install/orbbec_camera_msgs/include/orbbec_camera_msgs/orbbec_camera_msgs/srv/detail/get_bool__builder.hpp
[1.854s] -- Up-to-date symlink: /home/orin_nano/turtlebot3_ws/install/orbbec_camera_msgs/include/orbbec_camera_msgs/orbbec_camera_msgs/srv/detail/get_bool__struct.hpp
[1.855s] -- Up-to-date symlink: /home/orin_nano/turtlebot3_ws/install/orbbec_camera_msgs/include/orbbec_camera_msgs/orbbec_camera_msgs/srv/detail/get_bool__traits.hpp
[1.855s] -- Up-to-date symlink: /home/orin_nano/turtlebot3_ws/install/orbbec_camera_msgs/include/orbbec_camera_msgs/orbbec_camera_msgs/srv/detail/get_bool__type_support.hpp
[1.855s] -- Up-to-date symlink: /home/orin_nano/turtlebot3_ws/install/orbbec_camera_msgs/include/orbbec_camera_msgs/orbbec_camera_msgs/srv/detail/get_camera_info__builder.hpp
[1.855s] -- Up-to-date symlink: /home/orin_nano/turtlebot3_ws/install/orbbec_camera_msgs/include/orbbec_camera_msgs/orbbec_camera_msgs/srv/detail/get_camera_info__struct.hpp
[1.856s] -- Up-to-date symlink: /home/orin_nano/turtlebot3_ws/install/orbbec_camera_msgs/include/orbbec_camera_msgs/orbbec_camera_msgs/srv/detail/get_camera_info__traits.hpp
[1.856s] -- Up-to-date symlink: /home/orin_nano/turtlebot3_ws/install/orbbec_camera_msgs/include/orbbec_camera_msgs/orbbec_camera_msgs/srv/detail/get_camera_info__type_support.hpp
[1.857s] -- Up-to-date symlink: /home/orin_nano/turtlebot3_ws/install/orbbec_camera_msgs/include/orbbec_camera_msgs/orbbec_camera_msgs/srv/detail/get_device_info__builder.hpp
[1.857s] -- Up-to-date symlink: /home/orin_nano/turtlebot3_ws/install/orbbec_camera_msgs/include/orbbec_camera_msgs/orbbec_camera_msgs/srv/detail/get_device_info__struct.hpp
[1.858s] -- Up-to-date symlink: /home/orin_nano/turtlebot3_ws/install/orbbec_camera_msgs/include/orbbec_camera_msgs/orbbec_camera_msgs/srv/detail/get_device_info__traits.hpp
[1.859s] -- Up-to-date symlink: /home/orin_nano/turtlebot3_ws/install/orbbec_camera_msgs/include/orbbec_camera_msgs/orbbec_camera_msgs/srv/detail/get_device_info__type_support.hpp
[1.872s] -- Up-to-date symlink: /home/orin_nano/turtlebot3_ws/install/orbbec_camera_msgs/include/orbbec_camera_msgs/orbbec_camera_msgs/srv/detail/get_int32__builder.hpp
[1.872s] -- Up-to-date symlink: /home/orin_nano/turtlebot3_ws/install/orbbec_camera_msgs/include/orbbec_camera_msgs/orbbec_camera_msgs/srv/detail/get_int32__struct.hpp
[1.874s] -- Up-to-date symlink: /home/orin_nano/turtlebot3_ws/install/orbbec_camera_msgs/include/orbbec_camera_msgs/orbbec_camera_msgs/srv/detail/get_int32__traits.hpp
[1.874s] -- Up-to-date symlink: /home/orin_nano/turtlebot3_ws/install/orbbec_camera_msgs/include/orbbec_camera_msgs/orbbec_camera_msgs/srv/detail/get_int32__type_support.hpp
[1.874s] -- Up-to-date symlink: /home/orin_nano/turtlebot3_ws/install/orbbec_camera_msgs/include/orbbec_camera_msgs/orbbec_camera_msgs/srv/detail/get_string__builder.hpp
[1.874s] -- Up-to-date symlink: /home/orin_nano/turtlebot3_ws/install/orbbec_camera_msgs/include/orbbec_camera_msgs/orbbec_camera_msgs/srv/detail/get_string__struct.hpp
[1.875s] -- Up-to-date symlink: /home/orin_nano/turtlebot3_ws/install/orbbec_camera_msgs/include/orbbec_camera_msgs/orbbec_camera_msgs/srv/detail/get_string__traits.hpp
[1.875s] -- Up-to-date symlink: /home/orin_nano/turtlebot3_ws/install/orbbec_camera_msgs/include/orbbec_camera_msgs/orbbec_camera_msgs/srv/detail/get_string__type_support.hpp
[1.875s] -- Up-to-date symlink: /home/orin_nano/turtlebot3_ws/install/orbbec_camera_msgs/include/orbbec_camera_msgs/orbbec_camera_msgs/srv/detail/set_int32__builder.hpp
[1.876s] -- Up-to-date symlink: /home/orin_nano/turtlebot3_ws/install/orbbec_camera_msgs/include/orbbec_camera_msgs/orbbec_camera_msgs/srv/detail/set_int32__struct.hpp
[1.876s] -- Up-to-date symlink: /home/orin_nano/turtlebot3_ws/install/orbbec_camera_msgs/include/orbbec_camera_msgs/orbbec_camera_msgs/srv/detail/set_int32__traits.hpp
[1.877s] -- Up-to-date symlink: /home/orin_nano/turtlebot3_ws/install/orbbec_camera_msgs/include/orbbec_camera_msgs/orbbec_camera_msgs/srv/detail/set_int32__type_support.hpp
[1.878s] -- Up-to-date symlink: /home/orin_nano/turtlebot3_ws/install/orbbec_camera_msgs/include/orbbec_camera_msgs/orbbec_camera_msgs/srv/detail/set_string__builder.hpp
[1.878s] -- Up-to-date symlink: /home/orin_nano/turtlebot3_ws/install/orbbec_camera_msgs/include/orbbec_camera_msgs/orbbec_camera_msgs/srv/detail/set_string__struct.hpp
[1.878s] -- Up-to-date symlink: /home/orin_nano/turtlebot3_ws/install/orbbec_camera_msgs/include/orbbec_camera_msgs/orbbec_camera_msgs/srv/detail/set_string__traits.hpp
[1.879s] -- Up-to-date symlink: /home/orin_nano/turtlebot3_ws/install/orbbec_camera_msgs/include/orbbec_camera_msgs/orbbec_camera_msgs/srv/detail/set_string__type_support.hpp
[1.880s] -- Up-to-date symlink: /home/orin_nano/turtlebot3_ws/install/orbbec_camera_msgs/include/orbbec_camera_msgs/orbbec_camera_msgs/srv/get_bool.hpp
[1.880s] -- Up-to-date symlink: /home/orin_nano/turtlebot3_ws/install/orbbec_camera_msgs/include/orbbec_camera_msgs/orbbec_camera_msgs/srv/get_camera_info.hpp
[1.880s] -- Up-to-date symlink: /home/orin_nano/turtlebot3_ws/install/orbbec_camera_msgs/include/orbbec_camera_msgs/orbbec_camera_msgs/srv/get_device_info.hpp
[1.881s] -- Up-to-date symlink: /home/orin_nano/turtlebot3_ws/install/orbbec_camera_msgs/include/orbbec_camera_msgs/orbbec_camera_msgs/srv/get_int32.hpp
[1.881s] -- Up-to-date symlink: /home/orin_nano/turtlebot3_ws/install/orbbec_camera_msgs/include/orbbec_camera_msgs/orbbec_camera_msgs/srv/get_string.hpp
[1.882s] -- Up-to-date symlink: /home/orin_nano/turtlebot3_ws/install/orbbec_camera_msgs/include/orbbec_camera_msgs/orbbec_camera_msgs/srv/set_int32.hpp
[1.882s] -- Up-to-date symlink: /home/orin_nano/turtlebot3_ws/install/orbbec_camera_msgs/include/orbbec_camera_msgs/orbbec_camera_msgs/srv/set_string.hpp
[1.885s] -- Up-to-date symlink: /home/orin_nano/turtlebot3_ws/install/orbbec_camera_msgs/include/orbbec_camera_msgs/orbbec_camera_msgs/msg/detail/device_info__rosidl_typesupport_fastrtps_cpp.hpp
[1.885s] -- Up-to-date symlink: /home/orin_nano/turtlebot3_ws/install/orbbec_camera_msgs/include/orbbec_camera_msgs/orbbec_camera_msgs/msg/detail/extrinsics__rosidl_typesupport_fastrtps_cpp.hpp
[1.886s] -- Up-to-date symlink: /home/orin_nano/turtlebot3_ws/install/orbbec_camera_msgs/include/orbbec_camera_msgs/orbbec_camera_msgs/msg/detail/imu_info__rosidl_typesupport_fastrtps_cpp.hpp
[1.887s] -- Up-to-date symlink: /home/orin_nano/turtlebot3_ws/install/orbbec_camera_msgs/include/orbbec_camera_msgs/orbbec_camera_msgs/msg/detail/metadata__rosidl_typesupport_fastrtps_cpp.hpp
[1.887s] -- Up-to-date symlink: /home/orin_nano/turtlebot3_ws/install/orbbec_camera_msgs/include/orbbec_camera_msgs/orbbec_camera_msgs/msg/detail/rgbd__rosidl_typesupport_fastrtps_cpp.hpp
[1.887s] -- Up-to-date symlink: /home/orin_nano/turtlebot3_ws/install/orbbec_camera_msgs/include/orbbec_camera_msgs/orbbec_camera_msgs/msg/rosidl_typesupport_fastrtps_cpp__visibility_control.h
[1.887s] -- Up-to-date symlink: /home/orin_nano/turtlebot3_ws/install/orbbec_camera_msgs/include/orbbec_camera_msgs/orbbec_camera_msgs/srv/detail/get_bool__rosidl_typesupport_fastrtps_cpp.hpp
[1.888s] -- Up-to-date symlink: /home/orin_nano/turtlebot3_ws/install/orbbec_camera_msgs/include/orbbec_camera_msgs/orbbec_camera_msgs/srv/detail/get_camera_info__rosidl_typesupport_fastrtps_cpp.hpp
[1.889s] -- Up-to-date symlink: /home/orin_nano/turtlebot3_ws/install/orbbec_camera_msgs/include/orbbec_camera_msgs/orbbec_camera_msgs/srv/detail/get_device_info__rosidl_typesupport_fastrtps_cpp.hpp
[1.889s] -- Up-to-date symlink: /home/orin_nano/turtlebot3_ws/install/orbbec_camera_msgs/include/orbbec_camera_msgs/orbbec_camera_msgs/srv/detail/get_int32__rosidl_typesupport_fastrtps_cpp.hpp
[1.889s] -- Up-to-date symlink: /home/orin_nano/turtlebot3_ws/install/orbbec_camera_msgs/include/orbbec_camera_msgs/orbbec_camera_msgs/srv/detail/get_string__rosidl_typesupport_fastrtps_cpp.hpp
[1.889s] -- Up-to-date symlink: /home/orin_nano/turtlebot3_ws/install/orbbec_camera_msgs/include/orbbec_camera_msgs/orbbec_camera_msgs/srv/detail/set_int32__rosidl_typesupport_fastrtps_cpp.hpp
[1.909s] -- Up-to-date symlink: /home/orin_nano/turtlebot3_ws/install/orbbec_camera_msgs/include/orbbec_camera_msgs/orbbec_camera_msgs/srv/detail/set_string__rosidl_typesupport_fastrtps_cpp.hpp
[1.911s] -- Up-to-date symlink: /home/orin_nano/turtlebot3_ws/install/orbbec_camera_msgs/include/orbbec_camera_msgs/orbbec_camera_msgs/msg/detail/device_info__rosidl_typesupport_introspection_cpp.hpp
[1.911s] -- Up-to-date symlink: /home/orin_nano/turtlebot3_ws/install/orbbec_camera_msgs/include/orbbec_camera_msgs/orbbec_camera_msgs/msg/detail/extrinsics__rosidl_typesupport_introspection_cpp.hpp
[1.911s] -- Up-to-date symlink: /home/orin_nano/turtlebot3_ws/install/orbbec_camera_msgs/include/orbbec_camera_msgs/orbbec_camera_msgs/msg/detail/imu_info__rosidl_typesupport_introspection_cpp.hpp
[1.911s] -- Up-to-date symlink: /home/orin_nano/turtlebot3_ws/install/orbbec_camera_msgs/include/orbbec_camera_msgs/orbbec_camera_msgs/msg/detail/metadata__rosidl_typesupport_introspection_cpp.hpp
[1.911s] -- Up-to-date symlink: /home/orin_nano/turtlebot3_ws/install/orbbec_camera_msgs/include/orbbec_camera_msgs/orbbec_camera_msgs/msg/detail/rgbd__rosidl_typesupport_introspection_cpp.hpp
[1.912s] -- Up-to-date symlink: /home/orin_nano/turtlebot3_ws/install/orbbec_camera_msgs/include/orbbec_camera_msgs/orbbec_camera_msgs/srv/detail/get_bool__rosidl_typesupport_introspection_cpp.hpp
[1.912s] -- Up-to-date symlink: /home/orin_nano/turtlebot3_ws/install/orbbec_camera_msgs/include/orbbec_camera_msgs/orbbec_camera_msgs/srv/detail/get_camera_info__rosidl_typesupport_introspection_cpp.hpp
[1.912s] -- Up-to-date symlink: /home/orin_nano/turtlebot3_ws/install/orbbec_camera_msgs/include/orbbec_camera_msgs/orbbec_camera_msgs/srv/detail/get_device_info__rosidl_typesupport_introspection_cpp.hpp
[1.912s] -- Up-to-date symlink: /home/orin_nano/turtlebot3_ws/install/orbbec_camera_msgs/include/orbbec_camera_msgs/orbbec_camera_msgs/srv/detail/get_int32__rosidl_typesupport_introspection_cpp.hpp
[1.912s] -- Up-to-date symlink: /home/orin_nano/turtlebot3_ws/install/orbbec_camera_msgs/include/orbbec_camera_msgs/orbbec_camera_msgs/srv/detail/get_string__rosidl_typesupport_introspection_cpp.hpp
[1.912s] -- Up-to-date symlink: /home/orin_nano/turtlebot3_ws/install/orbbec_camera_msgs/include/orbbec_camera_msgs/orbbec_camera_msgs/srv/detail/set_int32__rosidl_typesupport_introspection_cpp.hpp
[1.912s] -- Up-to-date symlink: /home/orin_nano/turtlebot3_ws/install/orbbec_camera_msgs/include/orbbec_camera_msgs/orbbec_camera_msgs/srv/detail/set_string__rosidl_typesupport_introspection_cpp.hpp
[1.912s] -- Up-to-date symlink: /home/orin_nano/turtlebot3_ws/install/orbbec_camera_msgs/share/orbbec_camera_msgs/environment/pythonpath.sh
[1.912s] -- Up-to-date symlink: /home/orin_nano/turtlebot3_ws/install/orbbec_camera_msgs/share/orbbec_camera_msgs/environment/pythonpath.dsv
[1.912s] -- Up-to-date symlink: /home/orin_nano/turtlebot3_ws/install/orbbec_camera_msgs/local/lib/python3.10/dist-packages/orbbec_camera_msgs-1.2.2-py3.10.egg-info/PKG-INFO
[1.913s] -- Up-to-date symlink: /home/orin_nano/turtlebot3_ws/install/orbbec_camera_msgs/local/lib/python3.10/dist-packages/orbbec_camera_msgs-1.2.2-py3.10.egg-info/SOURCES.txt
[1.913s] -- Up-to-date symlink: /home/orin_nano/turtlebot3_ws/install/orbbec_camera_msgs/local/lib/python3.10/dist-packages/orbbec_camera_msgs-1.2.2-py3.10.egg-info/dependency_links.txt
[1.913s] -- Up-to-date symlink: /home/orin_nano/turtlebot3_ws/install/orbbec_camera_msgs/local/lib/python3.10/dist-packages/orbbec_camera_msgs-1.2.2-py3.10.egg-info/top_level.txt
[1.913s] -- Up-to-date symlink: /home/orin_nano/turtlebot3_ws/install/orbbec_camera_msgs/local/lib/python3.10/dist-packages/orbbec_camera_msgs/__init__.py
[1.913s] -- Up-to-date symlink: /home/orin_nano/turtlebot3_ws/install/orbbec_camera_msgs/local/lib/python3.10/dist-packages/orbbec_camera_msgs/_orbbec_camera_msgs_s.ep.rosidl_typesupport_c.c
[1.913s] -- Up-to-date symlink: /home/orin_nano/turtlebot3_ws/install/orbbec_camera_msgs/local/lib/python3.10/dist-packages/orbbec_camera_msgs/_orbbec_camera_msgs_s.ep.rosidl_typesupport_fastrtps_c.c
[1.913s] -- Up-to-date symlink: /home/orin_nano/turtlebot3_ws/install/orbbec_camera_msgs/local/lib/python3.10/dist-packages/orbbec_camera_msgs/_orbbec_camera_msgs_s.ep.rosidl_typesupport_introspection_c.c
[1.913s] -- Up-to-date symlink: /home/orin_nano/turtlebot3_ws/install/orbbec_camera_msgs/local/lib/python3.10/dist-packages/orbbec_camera_msgs/liborbbec_camera_msgs__rosidl_generator_py.so
[1.913s] -- Up-to-date symlink: /home/orin_nano/turtlebot3_ws/install/orbbec_camera_msgs/local/lib/python3.10/dist-packages/orbbec_camera_msgs/msg/__init__.py
[1.913s] -- Up-to-date symlink: /home/orin_nano/turtlebot3_ws/install/orbbec_camera_msgs/local/lib/python3.10/dist-packages/orbbec_camera_msgs/msg/_device_info.py
[1.914s] -- Up-to-date symlink: /home/orin_nano/turtlebot3_ws/install/orbbec_camera_msgs/local/lib/python3.10/dist-packages/orbbec_camera_msgs/msg/_device_info_s.c
[1.914s] -- Up-to-date symlink: /home/orin_nano/turtlebot3_ws/install/orbbec_camera_msgs/local/lib/python3.10/dist-packages/orbbec_camera_msgs/msg/_extrinsics.py
[1.914s] -- Up-to-date symlink: /home/orin_nano/turtlebot3_ws/install/orbbec_camera_msgs/local/lib/python3.10/dist-packages/orbbec_camera_msgs/msg/_extrinsics_s.c
[1.914s] -- Up-to-date symlink: /home/orin_nano/turtlebot3_ws/install/orbbec_camera_msgs/local/lib/python3.10/dist-packages/orbbec_camera_msgs/msg/_imu_info.py
[1.914s] -- Up-to-date symlink: /home/orin_nano/turtlebot3_ws/install/orbbec_camera_msgs/local/lib/python3.10/dist-packages/orbbec_camera_msgs/msg/_imu_info_s.c
[1.916s] -- Up-to-date symlink: /home/orin_nano/turtlebot3_ws/install/orbbec_camera_msgs/local/lib/python3.10/dist-packages/orbbec_camera_msgs/msg/_metadata.py
[1.916s] -- Up-to-date symlink: /home/orin_nano/turtlebot3_ws/install/orbbec_camera_msgs/local/lib/python3.10/dist-packages/orbbec_camera_msgs/msg/_metadata_s.c
[1.917s] -- Up-to-date symlink: /home/orin_nano/turtlebot3_ws/install/orbbec_camera_msgs/local/lib/python3.10/dist-packages/orbbec_camera_msgs/msg/_rgbd.py
[1.917s] -- Up-to-date symlink: /home/orin_nano/turtlebot3_ws/install/orbbec_camera_msgs/local/lib/python3.10/dist-packages/orbbec_camera_msgs/msg/_rgbd_s.c
[1.917s] -- Up-to-date symlink: /home/orin_nano/turtlebot3_ws/install/orbbec_camera_msgs/local/lib/python3.10/dist-packages/orbbec_camera_msgs/orbbec_camera_msgs_s__rosidl_typesupport_c.cpython-310-aarch64-linux-gnu.so
[1.917s] -- Up-to-date symlink: /home/orin_nano/turtlebot3_ws/install/orbbec_camera_msgs/local/lib/python3.10/dist-packages/orbbec_camera_msgs/orbbec_camera_msgs_s__rosidl_typesupport_fastrtps_c.cpython-310-aarch64-linux-gnu.so
[1.917s] -- Up-to-date symlink: /home/orin_nano/turtlebot3_ws/install/orbbec_camera_msgs/local/lib/python3.10/dist-packages/orbbec_camera_msgs/orbbec_camera_msgs_s__rosidl_typesupport_introspection_c.cpython-310-aarch64-linux-gnu.so
[1.917s] -- Up-to-date symlink: /home/orin_nano/turtlebot3_ws/install/orbbec_camera_msgs/local/lib/python3.10/dist-packages/orbbec_camera_msgs/srv/__init__.py
[1.917s] -- Up-to-date symlink: /home/orin_nano/turtlebot3_ws/install/orbbec_camera_msgs/local/lib/python3.10/dist-packages/orbbec_camera_msgs/srv/_get_bool.py
[1.918s] -- Up-to-date symlink: /home/orin_nano/turtlebot3_ws/install/orbbec_camera_msgs/local/lib/python3.10/dist-packages/orbbec_camera_msgs/srv/_get_bool_s.c
[1.918s] -- Up-to-date symlink: /home/orin_nano/turtlebot3_ws/install/orbbec_camera_msgs/local/lib/python3.10/dist-packages/orbbec_camera_msgs/srv/_get_camera_info.py
[1.918s] -- Up-to-date symlink: /home/orin_nano/turtlebot3_ws/install/orbbec_camera_msgs/local/lib/python3.10/dist-packages/orbbec_camera_msgs/srv/_get_camera_info_s.c
[1.918s] -- Up-to-date symlink: /home/orin_nano/turtlebot3_ws/install/orbbec_camera_msgs/local/lib/python3.10/dist-packages/orbbec_camera_msgs/srv/_get_device_info.py
[1.918s] -- Up-to-date symlink: /home/orin_nano/turtlebot3_ws/install/orbbec_camera_msgs/local/lib/python3.10/dist-packages/orbbec_camera_msgs/srv/_get_device_info_s.c
[1.918s] -- Up-to-date symlink: /home/orin_nano/turtlebot3_ws/install/orbbec_camera_msgs/local/lib/python3.10/dist-packages/orbbec_camera_msgs/srv/_get_int32.py
[1.918s] -- Up-to-date symlink: /home/orin_nano/turtlebot3_ws/install/orbbec_camera_msgs/local/lib/python3.10/dist-packages/orbbec_camera_msgs/srv/_get_int32_s.c
[1.918s] -- Up-to-date symlink: /home/orin_nano/turtlebot3_ws/install/orbbec_camera_msgs/local/lib/python3.10/dist-packages/orbbec_camera_msgs/srv/_get_string.py
[1.918s] -- Up-to-date symlink: /home/orin_nano/turtlebot3_ws/install/orbbec_camera_msgs/local/lib/python3.10/dist-packages/orbbec_camera_msgs/srv/_get_string_s.c
[1.918s] -- Up-to-date symlink: /home/orin_nano/turtlebot3_ws/install/orbbec_camera_msgs/local/lib/python3.10/dist-packages/orbbec_camera_msgs/srv/_set_int32.py
[1.919s] -- Up-to-date symlink: /home/orin_nano/turtlebot3_ws/install/orbbec_camera_msgs/local/lib/python3.10/dist-packages/orbbec_camera_msgs/srv/_set_int32_s.c
[1.924s] -- Up-to-date symlink: /home/orin_nano/turtlebot3_ws/install/orbbec_camera_msgs/local/lib/python3.10/dist-packages/orbbec_camera_msgs/srv/_set_string.py
[1.932s] -- Up-to-date symlink: /home/orin_nano/turtlebot3_ws/install/orbbec_camera_msgs/local/lib/python3.10/dist-packages/orbbec_camera_msgs/srv/_set_string_s.c
[1.933s] -- Up-to-date symlink: /home/orin_nano/turtlebot3_ws/install/orbbec_camera_msgs/local/lib/python3.10/dist-packages/orbbec_camera_msgs/orbbec_camera_msgs_s__rosidl_typesupport_fastrtps_c.cpython-310-aarch64-linux-gnu.so
[1.933s] -- Up-to-date symlink: /home/orin_nano/turtlebot3_ws/install/orbbec_camera_msgs/local/lib/python3.10/dist-packages/orbbec_camera_msgs/orbbec_camera_msgs_s__rosidl_typesupport_introspection_c.cpython-310-aarch64-linux-gnu.so
[1.933s] -- Up-to-date symlink: /home/orin_nano/turtlebot3_ws/install/orbbec_camera_msgs/local/lib/python3.10/dist-packages/orbbec_camera_msgs/orbbec_camera_msgs_s__rosidl_typesupport_c.cpython-310-aarch64-linux-gnu.so
[1.933s] -- Up-to-date symlink: /home/orin_nano/turtlebot3_ws/install/orbbec_camera_msgs/share/orbbec_camera_msgs/msg/DeviceInfo.idl
[1.933s] -- Up-to-date symlink: /home/orin_nano/turtlebot3_ws/install/orbbec_camera_msgs/share/orbbec_camera_msgs/msg/Extrinsics.idl
[1.933s] -- Up-to-date symlink: /home/orin_nano/turtlebot3_ws/install/orbbec_camera_msgs/share/orbbec_camera_msgs/msg/Metadata.idl
[1.933s] -- Up-to-date symlink: /home/orin_nano/turtlebot3_ws/install/orbbec_camera_msgs/share/orbbec_camera_msgs/msg/IMUInfo.idl
[1.934s] -- Up-to-date symlink: /home/orin_nano/turtlebot3_ws/install/orbbec_camera_msgs/share/orbbec_camera_msgs/msg/RGBD.idl
[1.934s] -- Up-to-date symlink: /home/orin_nano/turtlebot3_ws/install/orbbec_camera_msgs/share/orbbec_camera_msgs/srv/GetBool.idl
[1.934s] -- Up-to-date symlink: /home/orin_nano/turtlebot3_ws/install/orbbec_camera_msgs/share/orbbec_camera_msgs/srv/GetDeviceInfo.idl
[1.934s] -- Up-to-date symlink: /home/orin_nano/turtlebot3_ws/install/orbbec_camera_msgs/share/orbbec_camera_msgs/srv/GetCameraInfo.idl
[1.934s] -- Up-to-date symlink: /home/orin_nano/turtlebot3_ws/install/orbbec_camera_msgs/share/orbbec_camera_msgs/srv/GetInt32.idl
[1.939s] -- Up-to-date symlink: /home/orin_nano/turtlebot3_ws/install/orbbec_camera_msgs/share/orbbec_camera_msgs/srv/GetString.idl
[1.940s] -- Up-to-date symlink: /home/orin_nano/turtlebot3_ws/install/orbbec_camera_msgs/share/orbbec_camera_msgs/srv/SetInt32.idl
[1.951s] -- Up-to-date symlink: /home/orin_nano/turtlebot3_ws/install/orbbec_camera_msgs/share/orbbec_camera_msgs/srv/SetString.idl
[1.952s] -- Up-to-date symlink: /home/orin_nano/turtlebot3_ws/install/orbbec_camera_msgs/share/orbbec_camera_msgs/msg/DeviceInfo.msg
[1.952s] -- Up-to-date symlink: /home/orin_nano/turtlebot3_ws/install/orbbec_camera_msgs/share/orbbec_camera_msgs/msg/Extrinsics.msg
[1.953s] -- Up-to-date symlink: /home/orin_nano/turtlebot3_ws/install/orbbec_camera_msgs/share/orbbec_camera_msgs/msg/Metadata.msg
[1.953s] -- Up-to-date symlink: /home/orin_nano/turtlebot3_ws/install/orbbec_camera_msgs/share/orbbec_camera_msgs/msg/IMUInfo.msg
[1.955s] -- Up-to-date symlink: /home/orin_nano/turtlebot3_ws/install/orbbec_camera_msgs/share/orbbec_camera_msgs/msg/RGBD.msg
[1.955s] -- Up-to-date symlink: /home/orin_nano/turtlebot3_ws/install/orbbec_camera_msgs/share/orbbec_camera_msgs/srv/GetBool.srv
[1.955s] -- Up-to-date symlink: /home/orin_nano/turtlebot3_ws/install/orbbec_camera_msgs/share/orbbec_camera_msgs/srv/GetBool_Request.msg
[1.955s] -- Up-to-date symlink: /home/orin_nano/turtlebot3_ws/install/orbbec_camera_msgs/share/orbbec_camera_msgs/srv/GetBool_Response.msg
[1.955s] -- Up-to-date symlink: /home/orin_nano/turtlebot3_ws/install/orbbec_camera_msgs/share/orbbec_camera_msgs/srv/GetDeviceInfo.srv
[1.956s] -- Up-to-date symlink: /home/orin_nano/turtlebot3_ws/install/orbbec_camera_msgs/share/orbbec_camera_msgs/srv/GetDeviceInfo_Request.msg
[1.956s] -- Up-to-date symlink: /home/orin_nano/turtlebot3_ws/install/orbbec_camera_msgs/share/orbbec_camera_msgs/srv/GetDeviceInfo_Response.msg
[1.957s] -- Up-to-date symlink: /home/orin_nano/turtlebot3_ws/install/orbbec_camera_msgs/share/orbbec_camera_msgs/srv/GetCameraInfo.srv
[1.957s] -- Up-to-date symlink: /home/orin_nano/turtlebot3_ws/install/orbbec_camera_msgs/share/orbbec_camera_msgs/srv/GetCameraInfo_Request.msg
[1.957s] -- Up-to-date symlink: /home/orin_nano/turtlebot3_ws/install/orbbec_camera_msgs/share/orbbec_camera_msgs/srv/GetCameraInfo_Response.msg
[1.957s] -- Up-to-date symlink: /home/orin_nano/turtlebot3_ws/install/orbbec_camera_msgs/share/orbbec_camera_msgs/srv/GetInt32.srv
[1.957s] -- Up-to-date symlink: /home/orin_nano/turtlebot3_ws/install/orbbec_camera_msgs/share/orbbec_camera_msgs/srv/GetInt32_Request.msg
[1.957s] -- Up-to-date symlink: /home/orin_nano/turtlebot3_ws/install/orbbec_camera_msgs/share/orbbec_camera_msgs/srv/GetInt32_Response.msg
[1.957s] -- Up-to-date symlink: /home/orin_nano/turtlebot3_ws/install/orbbec_camera_msgs/share/orbbec_camera_msgs/srv/GetString.srv
[1.959s] -- Up-to-date symlink: /home/orin_nano/turtlebot3_ws/install/orbbec_camera_msgs/share/orbbec_camera_msgs/srv/GetString_Request.msg
[1.959s] -- Up-to-date symlink: /home/orin_nano/turtlebot3_ws/install/orbbec_camera_msgs/share/orbbec_camera_msgs/srv/GetString_Response.msg
[1.960s] -- Up-to-date symlink: /home/orin_nano/turtlebot3_ws/install/orbbec_camera_msgs/share/orbbec_camera_msgs/srv/SetInt32.srv
[1.960s] -- Up-to-date symlink: /home/orin_nano/turtlebot3_ws/install/orbbec_camera_msgs/share/orbbec_camera_msgs/srv/SetInt32_Request.msg
[1.960s] -- Up-to-date symlink: /home/orin_nano/turtlebot3_ws/install/orbbec_camera_msgs/share/orbbec_camera_msgs/srv/SetInt32_Response.msg
[1.960s] -- Up-to-date symlink: /home/orin_nano/turtlebot3_ws/install/orbbec_camera_msgs/share/orbbec_camera_msgs/srv/SetString.srv
[1.960s] -- Up-to-date symlink: /home/orin_nano/turtlebot3_ws/install/orbbec_camera_msgs/share/orbbec_camera_msgs/srv/SetString_Request.msg
[1.961s] -- Up-to-date symlink: /home/orin_nano/turtlebot3_ws/install/orbbec_camera_msgs/share/orbbec_camera_msgs/srv/SetString_Response.msg
[1.961s] -- Up-to-date symlink: /home/orin_nano/turtlebot3_ws/install/orbbec_camera_msgs/share/ament_index/resource_index/package_run_dependencies/orbbec_camera_msgs
[1.962s] -- Up-to-date symlink: /home/orin_nano/turtlebot3_ws/install/orbbec_camera_msgs/share/ament_index/resource_index/parent_prefix_path/orbbec_camera_msgs
[1.963s] -- Up-to-date symlink: /home/orin_nano/turtlebot3_ws/install/orbbec_camera_msgs/share/orbbec_camera_msgs/environment/ament_prefix_path.sh
[1.963s] -- Up-to-date symlink: /home/orin_nano/turtlebot3_ws/install/orbbec_camera_msgs/share/orbbec_camera_msgs/environment/ament_prefix_path.dsv
[1.963s] -- Up-to-date symlink: /home/orin_nano/turtlebot3_ws/install/orbbec_camera_msgs/share/orbbec_camera_msgs/environment/path.sh
[1.963s] -- Up-to-date symlink: /home/orin_nano/turtlebot3_ws/install/orbbec_camera_msgs/share/orbbec_camera_msgs/environment/path.dsv
[1.964s] -- Up-to-date symlink: /home/orin_nano/turtlebot3_ws/install/orbbec_camera_msgs/share/orbbec_camera_msgs/local_setup.bash
[1.964s] -- Up-to-date symlink: /home/orin_nano/turtlebot3_ws/install/orbbec_camera_msgs/share/orbbec_camera_msgs/local_setup.sh
[1.964s] -- Up-to-date symlink: /home/orin_nano/turtlebot3_ws/install/orbbec_camera_msgs/share/orbbec_camera_msgs/local_setup.zsh
[1.964s] -- Up-to-date symlink: /home/orin_nano/turtlebot3_ws/install/orbbec_camera_msgs/share/orbbec_camera_msgs/local_setup.dsv
[1.964s] -- Symlinking: /home/orin_nano/turtlebot3_ws/install/orbbec_camera_msgs/share/orbbec_camera_msgs/package.dsv
[2.022s] -- Up-to-date symlink: /home/orin_nano/turtlebot3_ws/install/orbbec_camera_msgs/share/ament_index/resource_index/packages/orbbec_camera_msgs
[2.022s] -- Up-to-date symlink: /home/orin_nano/turtlebot3_ws/install/orbbec_camera_msgs/share/orbbec_camera_msgs/cmake/rosidl_cmake-extras.cmake
[2.022s] -- Up-to-date symlink: /home/orin_nano/turtlebot3_ws/install/orbbec_camera_msgs/share/orbbec_camera_msgs/cmake/ament_cmake_export_dependencies-extras.cmake
[2.022s] -- Up-to-date symlink: /home/orin_nano/turtlebot3_ws/install/orbbec_camera_msgs/share/orbbec_camera_msgs/cmake/ament_cmake_export_include_directories-extras.cmake
[2.022s] -- Up-to-date symlink: /home/orin_nano/turtlebot3_ws/install/orbbec_camera_msgs/share/orbbec_camera_msgs/cmake/ament_cmake_export_libraries-extras.cmake
[2.023s] -- Up-to-date symlink: /home/orin_nano/turtlebot3_ws/install/orbbec_camera_msgs/share/orbbec_camera_msgs/cmake/ament_cmake_export_targets-extras.cmake
[2.023s] -- Up-to-date symlink: /home/orin_nano/turtlebot3_ws/install/orbbec_camera_msgs/share/orbbec_camera_msgs/cmake/rosidl_cmake_export_typesupport_targets-extras.cmake
[2.023s] -- Up-to-date symlink: /home/orin_nano/turtlebot3_ws/install/orbbec_camera_msgs/share/orbbec_camera_msgs/cmake/rosidl_cmake_export_typesupport_libraries-extras.cmake
[2.023s] -- Up-to-date symlink: /home/orin_nano/turtlebot3_ws/install/orbbec_camera_msgs/share/orbbec_camera_msgs/cmake/orbbec_camera_msgsConfig.cmake
[2.023s] -- Up-to-date symlink: /home/orin_nano/turtlebot3_ws/install/orbbec_camera_msgs/share/orbbec_camera_msgs/cmake/orbbec_camera_msgsConfig-version.cmake
[2.023s] -- Up-to-date symlink: /home/orin_nano/turtlebot3_ws/install/orbbec_camera_msgs/share/orbbec_camera_msgs/package.xml
[2.023s] -- Up-to-date: /home/orin_nano/turtlebot3_ws/install/orbbec_camera_msgs/lib/liborbbec_camera_msgs__rosidl_generator_c.so
[2.023s] -- Up-to-date: /home/orin_nano/turtlebot3_ws/install/orbbec_camera_msgs/lib/liborbbec_camera_msgs__rosidl_typesupport_fastrtps_c.so
[2.023s] -- Up-to-date: /home/orin_nano/turtlebot3_ws/install/orbbec_camera_msgs/lib/liborbbec_camera_msgs__rosidl_typesupport_introspection_c.so
[2.023s] -- Up-to-date: /home/orin_nano/turtlebot3_ws/install/orbbec_camera_msgs/lib/liborbbec_camera_msgs__rosidl_typesupport_c.so
[2.024s] -- Up-to-date: /home/orin_nano/turtlebot3_ws/install/orbbec_camera_msgs/lib/liborbbec_camera_msgs__rosidl_typesupport_fastrtps_cpp.so
[2.024s] -- Up-to-date: /home/orin_nano/turtlebot3_ws/install/orbbec_camera_msgs/lib/liborbbec_camera_msgs__rosidl_typesupport_introspection_cpp.so
[2.024s] -- Up-to-date: /home/orin_nano/turtlebot3_ws/install/orbbec_camera_msgs/lib/liborbbec_camera_msgs__rosidl_typesupport_cpp.so
[2.175s] Listing '/home/orin_nano/turtlebot3_ws/install/orbbec_camera_msgs/local/lib/python3.10/dist-packages/orbbec_camera_msgs'...
[2.175s] Listing '/home/orin_nano/turtlebot3_ws/install/orbbec_camera_msgs/local/lib/python3.10/dist-packages/orbbec_camera_msgs/msg'...
[2.175s] Listing '/home/orin_nano/turtlebot3_ws/install/orbbec_camera_msgs/local/lib/python3.10/dist-packages/orbbec_camera_msgs/srv'...
[2.192s] -- Up-to-date: /home/orin_nano/turtlebot3_ws/install/orbbec_camera_msgs/lib/liborbbec_camera_msgs__rosidl_generator_py.so
[2.193s] -- Up-to-date: /home/orin_nano/turtlebot3_ws/install/orbbec_camera_msgs/share/orbbec_camera_msgs/cmake/export_orbbec_camera_msgs__rosidl_generator_cExport.cmake
[2.194s] -- Up-to-date: /home/orin_nano/turtlebot3_ws/install/orbbec_camera_msgs/share/orbbec_camera_msgs/cmake/export_orbbec_camera_msgs__rosidl_generator_cExport-noconfig.cmake
[2.194s] -- Up-to-date: /home/orin_nano/turtlebot3_ws/install/orbbec_camera_msgs/share/orbbec_camera_msgs/cmake/export_orbbec_camera_msgs__rosidl_typesupport_fastrtps_cExport.cmake
[2.195s] -- Up-to-date: /home/orin_nano/turtlebot3_ws/install/orbbec_camera_msgs/share/orbbec_camera_msgs/cmake/export_orbbec_camera_msgs__rosidl_typesupport_fastrtps_cExport-noconfig.cmake
[2.195s] -- Up-to-date: /home/orin_nano/turtlebot3_ws/install/orbbec_camera_msgs/share/orbbec_camera_msgs/cmake/orbbec_camera_msgs__rosidl_typesupport_introspection_cExport.cmake
[2.196s] -- Up-to-date: /home/orin_nano/turtlebot3_ws/install/orbbec_camera_msgs/share/orbbec_camera_msgs/cmake/orbbec_camera_msgs__rosidl_typesupport_introspection_cExport-noconfig.cmake
[2.196s] -- Up-to-date: /home/orin_nano/turtlebot3_ws/install/orbbec_camera_msgs/share/orbbec_camera_msgs/cmake/orbbec_camera_msgs__rosidl_typesupport_cExport.cmake
[2.199s] -- Up-to-date: /home/orin_nano/turtlebot3_ws/install/orbbec_camera_msgs/share/orbbec_camera_msgs/cmake/orbbec_camera_msgs__rosidl_typesupport_cExport-noconfig.cmake
[2.200s] -- Up-to-date: /home/orin_nano/turtlebot3_ws/install/orbbec_camera_msgs/share/orbbec_camera_msgs/cmake/export_orbbec_camera_msgs__rosidl_generator_cppExport.cmake
[2.201s] -- Up-to-date: /home/orin_nano/turtlebot3_ws/install/orbbec_camera_msgs/share/orbbec_camera_msgs/cmake/export_orbbec_camera_msgs__rosidl_typesupport_fastrtps_cppExport.cmake
[2.201s] -- Up-to-date: /home/orin_nano/turtlebot3_ws/install/orbbec_camera_msgs/share/orbbec_camera_msgs/cmake/export_orbbec_camera_msgs__rosidl_typesupport_fastrtps_cppExport-noconfig.cmake
[2.202s] -- Up-to-date: /home/orin_nano/turtlebot3_ws/install/orbbec_camera_msgs/share/orbbec_camera_msgs/cmake/orbbec_camera_msgs__rosidl_typesupport_introspection_cppExport.cmake
[2.202s] -- Up-to-date: /home/orin_nano/turtlebot3_ws/install/orbbec_camera_msgs/share/orbbec_camera_msgs/cmake/orbbec_camera_msgs__rosidl_typesupport_introspection_cppExport-noconfig.cmake
[2.203s] -- Up-to-date: /home/orin_nano/turtlebot3_ws/install/orbbec_camera_msgs/share/orbbec_camera_msgs/cmake/orbbec_camera_msgs__rosidl_typesupport_cppExport.cmake
[2.203s] -- Up-to-date: /home/orin_nano/turtlebot3_ws/install/orbbec_camera_msgs/share/orbbec_camera_msgs/cmake/orbbec_camera_msgs__rosidl_typesupport_cppExport-noconfig.cmake
[2.204s] -- Up-to-date: /home/orin_nano/turtlebot3_ws/install/orbbec_camera_msgs/share/orbbec_camera_msgs/cmake/export_orbbec_camera_msgs__rosidl_generator_pyExport.cmake
[2.204s] -- Up-to-date: /home/orin_nano/turtlebot3_ws/install/orbbec_camera_msgs/share/orbbec_camera_msgs/cmake/export_orbbec_camera_msgs__rosidl_generator_pyExport-noconfig.cmake
[2.211s] Invoked command in '/home/orin_nano/turtlebot3_ws/build/orbbec_camera_msgs' returned '0': CMAKE_PREFIX_PATH=${CMAKE_PREFIX_PATH}:/home/orin_nano/turtlebot3_ws/install/turtlebot3_teleop:/home/orin_nano/turtlebot3_ws/install/turtlebot3_example:/opt/ros/humble NX_CONNECTION=192.168.1.69 45202 192.168.1.104 4000 /usr/local/bin/cmake --install /home/orin_nano/turtlebot3_ws/build/orbbec_camera_msgs
