[1.151s] Invoking command in '/home/orin_nano/turtlebot3_ws/build/ld08_driver': CMAKE_PREFIX_PATH=${CMAKE_PREFIX_PATH}:/home/orin_nano/turtlebot3_ws/install/turtlebot3_teleop:/home/orin_nano/turtlebot3_ws/install/turtlebot3_example:/opt/ros/humble /usr/bin/cmake --build /home/orin_nano/turtlebot3_ws/build/ld08_driver -- -j6 -l6
[1.278s] [35m[1mConsolidate compiler generated dependencies of target ld08_driver[0m
[1.300s] [100%] Built target ld08_driver
[1.366s] Invoked command in '/home/orin_nano/turtlebot3_ws/build/ld08_driver' returned '0': CMAKE_PREFIX_PATH=${CMAKE_PREFIX_PATH}:/home/orin_nano/turtlebot3_ws/install/turtlebot3_teleop:/home/orin_nano/turtlebot3_ws/install/turtlebot3_example:/opt/ros/humble /usr/bin/cmake --build /home/orin_nano/turtlebot3_ws/build/ld08_driver -- -j6 -l6
[1.370s] Invoking command in '/home/orin_nano/turtlebot3_ws/build/ld08_driver': CMAKE_PREFIX_PATH=${CMAKE_PREFIX_PATH}:/home/orin_nano/turtlebot3_ws/install/turtlebot3_teleop:/home/orin_nano/turtlebot3_ws/install/turtlebot3_example:/opt/ros/humble /usr/bin/cmake --install /home/orin_nano/turtlebot3_ws/build/ld08_driver
[1.397s] -- Install configuration: ""
[1.398s] -- Execute custom install script
[1.400s] -- Up-to-date symlink: /home/orin_nano/turtlebot3_ws/install/ld08_driver/share/ld08_driver/launch/ld08.launch.py
[1.401s] -- Up-to-date symlink: /home/orin_nano/turtlebot3_ws/install/ld08_driver/lib/ld08_driver/ld08_driver
[1.402s] -- Up-to-date symlink: /home/orin_nano/turtlebot3_ws/install/ld08_driver/share/ament_index/resource_index/package_run_dependencies/ld08_driver
[1.402s] -- Up-to-date symlink: /home/orin_nano/turtlebot3_ws/install/ld08_driver/share/ament_index/resource_index/parent_prefix_path/ld08_driver
[1.404s] -- Up-to-date symlink: /home/orin_nano/turtlebot3_ws/install/ld08_driver/share/ld08_driver/environment/ament_prefix_path.sh
[1.404s] -- Up-to-date symlink: /home/orin_nano/turtlebot3_ws/install/ld08_driver/share/ld08_driver/environment/ament_prefix_path.dsv
[1.404s] -- Up-to-date symlink: /home/orin_nano/turtlebot3_ws/install/ld08_driver/share/ld08_driver/environment/path.sh
[1.405s] -- Up-to-date symlink: /home/orin_nano/turtlebot3_ws/install/ld08_driver/share/ld08_driver/environment/path.dsv
[1.405s] -- Up-to-date symlink: /home/orin_nano/turtlebot3_ws/install/ld08_driver/share/ld08_driver/local_setup.bash
[1.406s] -- Up-to-date symlink: /home/orin_nano/turtlebot3_ws/install/ld08_driver/share/ld08_driver/local_setup.sh
[1.406s] -- Up-to-date symlink: /home/orin_nano/turtlebot3_ws/install/ld08_driver/share/ld08_driver/local_setup.zsh
[1.407s] -- Up-to-date symlink: /home/orin_nano/turtlebot3_ws/install/ld08_driver/share/ld08_driver/local_setup.dsv
[1.407s] -- Symlinking: /home/orin_nano/turtlebot3_ws/install/ld08_driver/share/ld08_driver/package.dsv
[1.432s] -- Up-to-date symlink: /home/orin_nano/turtlebot3_ws/install/ld08_driver/share/ament_index/resource_index/packages/ld08_driver
[1.433s] -- Up-to-date symlink: /home/orin_nano/turtlebot3_ws/install/ld08_driver/share/ld08_driver/cmake/ament_cmake_export_dependencies-extras.cmake
[1.433s] -- Up-to-date symlink: /home/orin_nano/turtlebot3_ws/install/ld08_driver/share/ld08_driver/cmake/ament_cmake_export_include_directories-extras.cmake
[1.433s] -- Up-to-date symlink: /home/orin_nano/turtlebot3_ws/install/ld08_driver/share/ld08_driver/cmake/ld08_driverConfig.cmake
[1.433s] -- Up-to-date symlink: /home/orin_nano/turtlebot3_ws/install/ld08_driver/share/ld08_driver/cmake/ld08_driverConfig-version.cmake
[1.433s] -- Up-to-date symlink: /home/orin_nano/turtlebot3_ws/install/ld08_driver/share/ld08_driver/package.xml
[1.468s] Invoked command in '/home/orin_nano/turtlebot3_ws/build/ld08_driver' returned '0': CMAKE_PREFIX_PATH=${CMAKE_PREFIX_PATH}:/home/orin_nano/turtlebot3_ws/install/turtlebot3_teleop:/home/orin_nano/turtlebot3_ws/install/turtlebot3_example:/opt/ros/humble /usr/bin/cmake --install /home/orin_nano/turtlebot3_ws/build/ld08_driver
