[0.073s] Invoking command in '/home/orin_nano/turtlebot3_ws/build/turtlebot3_node': CMAKE_PREFIX_PATH=${CMAKE_PREFIX_PATH}:/home/orin_nano/turtlebot3_ws/install/turtlebot3_teleop:/home/orin_nano/turtlebot3_ws/install/turtlebot3_example:/opt/ros/humble NX_CONNECTION=192.168.1.69 45202 192.168.1.104 4000 /usr/local/bin/cmake --build /home/orin_nano/turtlebot3_ws/build/turtlebot3_node -- -j6 -l6
[1.488s] -- Found ament_cmake: 1.3.11 (/opt/ros/humble/share/ament_cmake/cmake)
[1.489s] -- Override CMake install command with custom implementation using symlinks instead of copying resources
[1.489s] -- Found dynamixel_sdk: 3.7.60 (/opt/ros/humble/share/dynamixel_sdk/cmake)
[1.489s] -- Found geometry_msgs: 4.2.4 (/opt/ros/humble/share/geometry_msgs/cmake)
[1.490s] -- Found rosidl_generator_c: 3.1.6 (/opt/ros/humble/share/rosidl_generator_c/cmake)
[1.491s] -- Found rosidl_adapter: 3.1.6 (/opt/ros/humble/share/rosidl_adapter/cmake)
[1.492s] -- Found rosidl_generator_cpp: 3.1.6 (/opt/ros/humble/share/rosidl_generator_cpp/cmake)
[1.493s] -- Using all available rosidl_typesupport_c: rosidl_typesupport_fastrtps_c;rosidl_typesupport_introspection_c
[1.493s] -- Using all available rosidl_typesupport_cpp: rosidl_typesupport_fastrtps_cpp;rosidl_typesupport_introspection_cpp
[1.493s] -- Found message_filters: 4.3.5 (/opt/ros/humble/share/message_filters/cmake)
[1.494s] -- Found rmw_implementation_cmake: 6.1.2 (/opt/ros/humble/share/rmw_implementation_cmake/cmake)
[1.494s] -- Found rmw_fastrtps_cpp: 6.2.7 (/opt/ros/humble/share/rmw_fastrtps_cpp/cmake)
[1.534s] -- Using RMW implementation 'rmw_fastrtps_cpp' as default
[1.665s] -- Found nav_msgs: 4.2.4 (/opt/ros/humble/share/nav_msgs/cmake)
[1.707s] -- Found sensor_msgs: 4.2.4 (/opt/ros/humble/share/sensor_msgs/cmake)
[1.765s] -- Found std_srvs: 4.2.4 (/opt/ros/humble/share/std_srvs/cmake)
[1.789s] -- Found tf2: 0.25.11 (/opt/ros/humble/share/tf2/cmake)
[1.802s] -- Found tf2_ros: 0.25.11 (/opt/ros/humble/share/tf2_ros/cmake)
[2.258s] -- Found turtlebot3_msgs: 2.2.3 (/opt/ros/humble/share/turtlebot3_msgs/cmake)
[2.596s] -- Configuring done
[2.685s] -- Generating done
[2.699s] -- Build files have been written to: /home/orin_nano/turtlebot3_ws/build/turtlebot3_node
[2.872s] [35m[1mConsolidate compiler generated dependencies of target turtlebot3_node_lib[0m
[3.008s] [  7%] [32mBuilding CXX object CMakeFiles/turtlebot3_node_lib.dir/src/diff_drive_controller.cpp.o[0m
[3.026s] [ 14%] [32mBuilding CXX object CMakeFiles/turtlebot3_node_lib.dir/src/turtlebot3.cpp.o[0m
[3.029s] [ 21%] [32mBuilding CXX object CMakeFiles/turtlebot3_node_lib.dir/src/odometry.cpp.o[0m
[37.541s] [ 28%] [32m[1mLinking CXX static library libturtlebot3_node_lib.a[0m
[38.541s] [ 85%] Built target turtlebot3_node_lib
[38.563s] [35m[1mConsolidate compiler generated dependencies of target turtlebot3_ros[0m
[38.600s] [ 92%] [32mBuilding CXX object CMakeFiles/turtlebot3_ros.dir/src/node_main.cpp.o[0m
[46.314s] [100%] [32m[1mLinking CXX executable turtlebot3_ros[0m
[49.980s] [100%] Built target turtlebot3_ros
[50.003s] Invoked command in '/home/orin_nano/turtlebot3_ws/build/turtlebot3_node' returned '0': CMAKE_PREFIX_PATH=${CMAKE_PREFIX_PATH}:/home/orin_nano/turtlebot3_ws/install/turtlebot3_teleop:/home/orin_nano/turtlebot3_ws/install/turtlebot3_example:/opt/ros/humble NX_CONNECTION=192.168.1.69 45202 192.168.1.104 4000 /usr/local/bin/cmake --build /home/orin_nano/turtlebot3_ws/build/turtlebot3_node -- -j6 -l6
[50.006s] Invoking command in '/home/orin_nano/turtlebot3_ws/build/turtlebot3_node': CMAKE_PREFIX_PATH=${CMAKE_PREFIX_PATH}:/home/orin_nano/turtlebot3_ws/install/turtlebot3_teleop:/home/orin_nano/turtlebot3_ws/install/turtlebot3_example:/opt/ros/humble NX_CONNECTION=192.168.1.69 45202 192.168.1.104 4000 /usr/local/bin/cmake --install /home/orin_nano/turtlebot3_ws/build/turtlebot3_node
[50.168s] -- Install configuration: ""
[50.169s] -- Execute custom install script
[50.170s] -- Up-to-date symlink: /home/orin_nano/turtlebot3_ws/install/turtlebot3_node/share/turtlebot3_node/param/burger.yaml
[50.170s] -- Up-to-date symlink: /home/orin_nano/turtlebot3_ws/install/turtlebot3_node/share/turtlebot3_node/param/waffle.yaml
[50.171s] -- Up-to-date symlink: /home/orin_nano/turtlebot3_ws/install/turtlebot3_node/share/turtlebot3_node/param/waffle_pi.yaml
[50.171s] -- Up-to-date symlink: /home/orin_nano/turtlebot3_ws/install/turtlebot3_node/lib/turtlebot3_node/turtlebot3_ros
[50.172s] -- Up-to-date symlink: /home/orin_nano/turtlebot3_ws/install/turtlebot3_node/share/ament_index/resource_index/package_run_dependencies/turtlebot3_node
[50.172s] -- Up-to-date symlink: /home/orin_nano/turtlebot3_ws/install/turtlebot3_node/share/ament_index/resource_index/parent_prefix_path/turtlebot3_node
[50.173s] -- Up-to-date symlink: /home/orin_nano/turtlebot3_ws/install/turtlebot3_node/share/turtlebot3_node/environment/ament_prefix_path.sh
[50.173s] -- Up-to-date symlink: /home/orin_nano/turtlebot3_ws/install/turtlebot3_node/share/turtlebot3_node/environment/ament_prefix_path.dsv
[50.174s] -- Up-to-date symlink: /home/orin_nano/turtlebot3_ws/install/turtlebot3_node/share/turtlebot3_node/environment/path.sh
[50.174s] -- Up-to-date symlink: /home/orin_nano/turtlebot3_ws/install/turtlebot3_node/share/turtlebot3_node/environment/path.dsv
[50.174s] -- Up-to-date symlink: /home/orin_nano/turtlebot3_ws/install/turtlebot3_node/share/turtlebot3_node/local_setup.bash
[50.175s] -- Up-to-date symlink: /home/orin_nano/turtlebot3_ws/install/turtlebot3_node/share/turtlebot3_node/local_setup.sh
[50.175s] -- Up-to-date symlink: /home/orin_nano/turtlebot3_ws/install/turtlebot3_node/share/turtlebot3_node/local_setup.zsh
[50.176s] -- Up-to-date symlink: /home/orin_nano/turtlebot3_ws/install/turtlebot3_node/share/turtlebot3_node/local_setup.dsv
[50.176s] -- Symlinking: /home/orin_nano/turtlebot3_ws/install/turtlebot3_node/share/turtlebot3_node/package.dsv
[50.194s] -- Up-to-date symlink: /home/orin_nano/turtlebot3_ws/install/turtlebot3_node/share/ament_index/resource_index/packages/turtlebot3_node
[50.195s] -- Up-to-date symlink: /home/orin_nano/turtlebot3_ws/install/turtlebot3_node/share/turtlebot3_node/cmake/ament_cmake_export_include_directories-extras.cmake
[50.195s] -- Up-to-date symlink: /home/orin_nano/turtlebot3_ws/install/turtlebot3_node/share/turtlebot3_node/cmake/turtlebot3_nodeConfig.cmake
[50.196s] -- Up-to-date symlink: /home/orin_nano/turtlebot3_ws/install/turtlebot3_node/share/turtlebot3_node/cmake/turtlebot3_nodeConfig-version.cmake
[50.196s] -- Up-to-date symlink: /home/orin_nano/turtlebot3_ws/install/turtlebot3_node/share/turtlebot3_node/package.xml
[50.203s] Invoked command in '/home/orin_nano/turtlebot3_ws/build/turtlebot3_node' returned '0': CMAKE_PREFIX_PATH=${CMAKE_PREFIX_PATH}:/home/orin_nano/turtlebot3_ws/install/turtlebot3_teleop:/home/orin_nano/turtlebot3_ws/install/turtlebot3_example:/opt/ros/humble NX_CONNECTION=192.168.1.69 45202 192.168.1.104 4000 /usr/local/bin/cmake --install /home/orin_nano/turtlebot3_ws/build/turtlebot3_node
