[0.056s] Invoking command in '/home/orin_nano/turtlebot3_ws/build/orbbec_camera_msgs': CMAKE_PREFIX_PATH=${CMAKE_PREFIX_PATH}:/home/orin_nano/turtlebot3_ws/install/turtlebot3_teleop:/home/orin_nano/turtlebot3_ws/install/turtlebot3_example:/opt/ros/humble /usr/local/bin/cmake --build /home/orin_nano/turtlebot3_ws/build/orbbec_camera_msgs -- -j6 -l6
[1.183s] [  0%] Built target orbbec_camera_msgs__cpp
[1.184s] [ 12%] Built target orbbec_camera_msgs__rosidl_generator_c
[1.184s] [ 12%] Built target ament_cmake_python_symlink_orbbec_camera_msgs
[1.184s] [ 24%] Built target orbbec_camera_msgs__rosidl_typesupport_introspection_cpp
[1.185s] [ 36%] Built target orbbec_camera_msgs__rosidl_typesupport_cpp
[1.185s] [ 48%] Built target orbbec_camera_msgs__rosidl_typesupport_fastrtps_c
[1.185s] [ 59%] Built target orbbec_camera_msgs__rosidl_typesupport_fastrtps_cpp
[1.185s] [ 71%] Built target orbbec_camera_msgs__rosidl_typesupport_introspection_c
[1.186s] [ 83%] Built target orbbec_camera_msgs__rosidl_typesupport_c
[1.186s] [ 83%] Built target orbbec_camera_msgs
[1.186s] [ 84%] Built target orbbec_camera_msgs__py
[1.187s] [ 95%] Built target orbbec_camera_msgs__rosidl_generator_py
[1.187s] [ 99%] Built target orbbec_camera_msgs__rosidl_typesupport_introspection_c__pyext
[1.189s] [ 99%] Built target orbbec_camera_msgs__rosidl_typesupport_fastrtps_c__pyext
[1.190s] [100%] Built target orbbec_camera_msgs__rosidl_typesupport_c__pyext
[1.190s] running egg_info
[1.191s] writing orbbec_camera_msgs.egg-info/PKG-INFO
[1.192s] writing dependency_links to orbbec_camera_msgs.egg-info/dependency_links.txt
[1.193s] writing top-level names to orbbec_camera_msgs.egg-info/top_level.txt
[1.194s] reading manifest file 'orbbec_camera_msgs.egg-info/SOURCES.txt'
[1.194s] writing manifest file 'orbbec_camera_msgs.egg-info/SOURCES.txt'
[1.194s] [100%] Built target ament_cmake_python_build_orbbec_camera_msgs_egg
[1.348s] Invoked command in '/home/orin_nano/turtlebot3_ws/build/orbbec_camera_msgs' returned '0': CMAKE_PREFIX_PATH=${CMAKE_PREFIX_PATH}:/home/orin_nano/turtlebot3_ws/install/turtlebot3_teleop:/home/orin_nano/turtlebot3_ws/install/turtlebot3_example:/opt/ros/humble /usr/local/bin/cmake --build /home/orin_nano/turtlebot3_ws/build/orbbec_camera_msgs -- -j6 -l6
[1.351s] Invoking command in '/home/orin_nano/turtlebot3_ws/build/orbbec_camera_msgs': CMAKE_PREFIX_PATH=${CMAKE_PREFIX_PATH}:/home/orin_nano/turtlebot3_ws/install/turtlebot3_teleop:/home/orin_nano/turtlebot3_ws/install/turtlebot3_example:/opt/ros/humble /usr/local/bin/cmake --install /home/orin_nano/turtlebot3_ws/build/orbbec_camera_msgs
[1.513s] -- Install configuration: ""
[1.514s] -- Execute custom install script
[1.516s] -- Up-to-date symlink: /home/orin_nano/turtlebot3_ws/install/orbbec_camera_msgs/share/ament_index/resource_index/rosidl_interfaces/orbbec_camera_msgs
[1.518s] -- Up-to-date symlink: /home/orin_nano/turtlebot3_ws/install/orbbec_camera_msgs/include/orbbec_camera_msgs/orbbec_camera_msgs/msg/detail/device_info__functions.h
[1.519s] -- Up-to-date symlink: /home/orin_nano/turtlebot3_ws/install/orbbec_camera_msgs/include/orbbec_camera_msgs/orbbec_camera_msgs/msg/detail/device_info__struct.h
[1.519s] -- Up-to-date symlink: /home/orin_nano/turtlebot3_ws/install/orbbec_camera_msgs/include/orbbec_camera_msgs/orbbec_camera_msgs/msg/detail/device_info__type_support.h
[1.519s] -- Up-to-date symlink: /home/orin_nano/turtlebot3_ws/install/orbbec_camera_msgs/include/orbbec_camera_msgs/orbbec_camera_msgs/msg/detail/extrinsics__functions.h
[1.519s] -- Up-to-date symlink: /home/orin_nano/turtlebot3_ws/install/orbbec_camera_msgs/include/orbbec_camera_msgs/orbbec_camera_msgs/msg/detail/extrinsics__struct.h
[1.519s] -- Up-to-date symlink: /home/orin_nano/turtlebot3_ws/install/orbbec_camera_msgs/include/orbbec_camera_msgs/orbbec_camera_msgs/msg/detail/extrinsics__type_support.h
[1.520s] -- Up-to-date symlink: /home/orin_nano/turtlebot3_ws/install/orbbec_camera_msgs/include/orbbec_camera_msgs/orbbec_camera_msgs/msg/detail/imu_info__functions.h
[1.524s] -- Up-to-date symlink: /home/orin_nano/turtlebot3_ws/install/orbbec_camera_msgs/include/orbbec_camera_msgs/orbbec_camera_msgs/msg/detail/imu_info__struct.h
[1.524s] -- Up-to-date symlink: /home/orin_nano/turtlebot3_ws/install/orbbec_camera_msgs/include/orbbec_camera_msgs/orbbec_camera_msgs/msg/detail/imu_info__type_support.h
[1.525s] -- Up-to-date symlink: /home/orin_nano/turtlebot3_ws/install/orbbec_camera_msgs/include/orbbec_camera_msgs/orbbec_camera_msgs/msg/detail/metadata__functions.h
[1.525s] -- Up-to-date symlink: /home/orin_nano/turtlebot3_ws/install/orbbec_camera_msgs/include/orbbec_camera_msgs/orbbec_camera_msgs/msg/detail/metadata__struct.h
[1.525s] -- Up-to-date symlink: /home/orin_nano/turtlebot3_ws/install/orbbec_camera_msgs/include/orbbec_camera_msgs/orbbec_camera_msgs/msg/detail/metadata__type_support.h
[1.526s] -- Up-to-date symlink: /home/orin_nano/turtlebot3_ws/install/orbbec_camera_msgs/include/orbbec_camera_msgs/orbbec_camera_msgs/msg/detail/rgbd__functions.h
[1.526s] -- Up-to-date symlink: /home/orin_nano/turtlebot3_ws/install/orbbec_camera_msgs/include/orbbec_camera_msgs/orbbec_camera_msgs/msg/detail/rgbd__struct.h
[1.526s] -- Up-to-date symlink: /home/orin_nano/turtlebot3_ws/install/orbbec_camera_msgs/include/orbbec_camera_msgs/orbbec_camera_msgs/msg/detail/rgbd__type_support.h
[1.527s] -- Up-to-date symlink: /home/orin_nano/turtlebot3_ws/install/orbbec_camera_msgs/include/orbbec_camera_msgs/orbbec_camera_msgs/msg/device_info.h
[1.527s] -- Up-to-date symlink: /home/orin_nano/turtlebot3_ws/install/orbbec_camera_msgs/include/orbbec_camera_msgs/orbbec_camera_msgs/msg/extrinsics.h
[1.527s] -- Up-to-date symlink: /home/orin_nano/turtlebot3_ws/install/orbbec_camera_msgs/include/orbbec_camera_msgs/orbbec_camera_msgs/msg/imu_info.h
[1.528s] -- Up-to-date symlink: /home/orin_nano/turtlebot3_ws/install/orbbec_camera_msgs/include/orbbec_camera_msgs/orbbec_camera_msgs/msg/metadata.h
[1.528s] -- Up-to-date symlink: /home/orin_nano/turtlebot3_ws/install/orbbec_camera_msgs/include/orbbec_camera_msgs/orbbec_camera_msgs/msg/rgbd.h
[1.528s] -- Up-to-date symlink: /home/orin_nano/turtlebot3_ws/install/orbbec_camera_msgs/include/orbbec_camera_msgs/orbbec_camera_msgs/msg/rosidl_generator_c__visibility_control.h
[1.528s] -- Up-to-date symlink: /home/orin_nano/turtlebot3_ws/install/orbbec_camera_msgs/include/orbbec_camera_msgs/orbbec_camera_msgs/srv/detail/get_bool__functions.h
[1.528s] -- Up-to-date symlink: /home/orin_nano/turtlebot3_ws/install/orbbec_camera_msgs/include/orbbec_camera_msgs/orbbec_camera_msgs/srv/detail/get_bool__struct.h
[1.528s] -- Up-to-date symlink: /home/orin_nano/turtlebot3_ws/install/orbbec_camera_msgs/include/orbbec_camera_msgs/orbbec_camera_msgs/srv/detail/get_bool__type_support.h
[1.528s] -- Up-to-date symlink: /home/orin_nano/turtlebot3_ws/install/orbbec_camera_msgs/include/orbbec_camera_msgs/orbbec_camera_msgs/srv/detail/get_camera_info__functions.h
[1.528s] -- Up-to-date symlink: /home/orin_nano/turtlebot3_ws/install/orbbec_camera_msgs/include/orbbec_camera_msgs/orbbec_camera_msgs/srv/detail/get_camera_info__struct.h
[1.528s] -- Up-to-date symlink: /home/orin_nano/turtlebot3_ws/install/orbbec_camera_msgs/include/orbbec_camera_msgs/orbbec_camera_msgs/srv/detail/get_camera_info__type_support.h
[1.529s] -- Up-to-date symlink: /home/orin_nano/turtlebot3_ws/install/orbbec_camera_msgs/include/orbbec_camera_msgs/orbbec_camera_msgs/srv/detail/get_device_info__functions.h
[1.529s] -- Up-to-date symlink: /home/orin_nano/turtlebot3_ws/install/orbbec_camera_msgs/include/orbbec_camera_msgs/orbbec_camera_msgs/srv/detail/get_device_info__struct.h
[1.529s] -- Up-to-date symlink: /home/orin_nano/turtlebot3_ws/install/orbbec_camera_msgs/include/orbbec_camera_msgs/orbbec_camera_msgs/srv/detail/get_device_info__type_support.h
[1.529s] -- Up-to-date symlink: /home/orin_nano/turtlebot3_ws/install/orbbec_camera_msgs/include/orbbec_camera_msgs/orbbec_camera_msgs/srv/detail/get_int32__functions.h
[1.529s] -- Up-to-date symlink: /home/orin_nano/turtlebot3_ws/install/orbbec_camera_msgs/include/orbbec_camera_msgs/orbbec_camera_msgs/srv/detail/get_int32__struct.h
[1.529s] -- Up-to-date symlink: /home/orin_nano/turtlebot3_ws/install/orbbec_camera_msgs/include/orbbec_camera_msgs/orbbec_camera_msgs/srv/detail/get_int32__type_support.h
[1.529s] -- Up-to-date symlink: /home/orin_nano/turtlebot3_ws/install/orbbec_camera_msgs/include/orbbec_camera_msgs/orbbec_camera_msgs/srv/detail/get_string__functions.h
[1.530s] -- Up-to-date symlink: /home/orin_nano/turtlebot3_ws/install/orbbec_camera_msgs/include/orbbec_camera_msgs/orbbec_camera_msgs/srv/detail/get_string__struct.h
[1.532s] -- Up-to-date symlink: /home/orin_nano/turtlebot3_ws/install/orbbec_camera_msgs/include/orbbec_camera_msgs/orbbec_camera_msgs/srv/detail/get_string__type_support.h
[1.532s] -- Up-to-date symlink: /home/orin_nano/turtlebot3_ws/install/orbbec_camera_msgs/include/orbbec_camera_msgs/orbbec_camera_msgs/srv/detail/set_int32__functions.h
[1.532s] -- Up-to-date symlink: /home/orin_nano/turtlebot3_ws/install/orbbec_camera_msgs/include/orbbec_camera_msgs/orbbec_camera_msgs/srv/detail/set_int32__struct.h
[1.532s] -- Up-to-date symlink: /home/orin_nano/turtlebot3_ws/install/orbbec_camera_msgs/include/orbbec_camera_msgs/orbbec_camera_msgs/srv/detail/set_int32__type_support.h
[1.533s] -- Up-to-date symlink: /home/orin_nano/turtlebot3_ws/install/orbbec_camera_msgs/include/orbbec_camera_msgs/orbbec_camera_msgs/srv/detail/set_string__functions.h
[1.534s] -- Up-to-date symlink: /home/orin_nano/turtlebot3_ws/install/orbbec_camera_msgs/include/orbbec_camera_msgs/orbbec_camera_msgs/srv/detail/set_string__struct.h
[1.534s] -- Up-to-date symlink: /home/orin_nano/turtlebot3_ws/install/orbbec_camera_msgs/include/orbbec_camera_msgs/orbbec_camera_msgs/srv/detail/set_string__type_support.h
[1.535s] -- Up-to-date symlink: /home/orin_nano/turtlebot3_ws/install/orbbec_camera_msgs/include/orbbec_camera_msgs/orbbec_camera_msgs/srv/get_bool.h
[1.535s] -- Up-to-date symlink: /home/orin_nano/turtlebot3_ws/install/orbbec_camera_msgs/include/orbbec_camera_msgs/orbbec_camera_msgs/srv/get_camera_info.h
[1.535s] -- Up-to-date symlink: /home/orin_nano/turtlebot3_ws/install/orbbec_camera_msgs/include/orbbec_camera_msgs/orbbec_camera_msgs/srv/get_device_info.h
[1.535s] -- Up-to-date symlink: /home/orin_nano/turtlebot3_ws/install/orbbec_camera_msgs/include/orbbec_camera_msgs/orbbec_camera_msgs/srv/get_int32.h
[1.535s] -- Up-to-date symlink: /home/orin_nano/turtlebot3_ws/install/orbbec_camera_msgs/include/orbbec_camera_msgs/orbbec_camera_msgs/srv/get_string.h
[1.536s] -- Up-to-date symlink: /home/orin_nano/turtlebot3_ws/install/orbbec_camera_msgs/include/orbbec_camera_msgs/orbbec_camera_msgs/srv/set_int32.h
[1.536s] -- Up-to-date symlink: /home/orin_nano/turtlebot3_ws/install/orbbec_camera_msgs/include/orbbec_camera_msgs/orbbec_camera_msgs/srv/set_string.h
[1.536s] -- Up-to-date symlink: /home/orin_nano/turtlebot3_ws/install/orbbec_camera_msgs/share/orbbec_camera_msgs/environment/library_path.sh
[1.537s] -- Up-to-date symlink: /home/orin_nano/turtlebot3_ws/install/orbbec_camera_msgs/share/orbbec_camera_msgs/environment/library_path.dsv
[1.539s] -- Up-to-date symlink: /home/orin_nano/turtlebot3_ws/install/orbbec_camera_msgs/include/orbbec_camera_msgs/orbbec_camera_msgs/msg/detail/device_info__rosidl_typesupport_fastrtps_c.h
[1.539s] -- Up-to-date symlink: /home/orin_nano/turtlebot3_ws/install/orbbec_camera_msgs/include/orbbec_camera_msgs/orbbec_camera_msgs/msg/detail/extrinsics__rosidl_typesupport_fastrtps_c.h
[1.539s] -- Up-to-date symlink: /home/orin_nano/turtlebot3_ws/install/orbbec_camera_msgs/include/orbbec_camera_msgs/orbbec_camera_msgs/msg/detail/imu_info__rosidl_typesupport_fastrtps_c.h
[1.539s] -- Up-to-date symlink: /home/orin_nano/turtlebot3_ws/install/orbbec_camera_msgs/include/orbbec_camera_msgs/orbbec_camera_msgs/msg/detail/metadata__rosidl_typesupport_fastrtps_c.h
[1.540s] -- Up-to-date symlink: /home/orin_nano/turtlebot3_ws/install/orbbec_camera_msgs/include/orbbec_camera_msgs/orbbec_camera_msgs/msg/detail/rgbd__rosidl_typesupport_fastrtps_c.h
[1.540s] -- Up-to-date symlink: /home/orin_nano/turtlebot3_ws/install/orbbec_camera_msgs/include/orbbec_camera_msgs/orbbec_camera_msgs/msg/rosidl_typesupport_fastrtps_c__visibility_control.h
[1.540s] -- Up-to-date symlink: /home/orin_nano/turtlebot3_ws/install/orbbec_camera_msgs/include/orbbec_camera_msgs/orbbec_camera_msgs/srv/detail/get_bool__rosidl_typesupport_fastrtps_c.h
[1.540s] -- Up-to-date symlink: /home/orin_nano/turtlebot3_ws/install/orbbec_camera_msgs/include/orbbec_camera_msgs/orbbec_camera_msgs/srv/detail/get_camera_info__rosidl_typesupport_fastrtps_c.h
[1.541s] -- Up-to-date symlink: /home/orin_nano/turtlebot3_ws/install/orbbec_camera_msgs/include/orbbec_camera_msgs/orbbec_camera_msgs/srv/detail/get_device_info__rosidl_typesupport_fastrtps_c.h
[1.541s] -- Up-to-date symlink: /home/orin_nano/turtlebot3_ws/install/orbbec_camera_msgs/include/orbbec_camera_msgs/orbbec_camera_msgs/srv/detail/get_int32__rosidl_typesupport_fastrtps_c.h
[1.541s] -- Up-to-date symlink: /home/orin_nano/turtlebot3_ws/install/orbbec_camera_msgs/include/orbbec_camera_msgs/orbbec_camera_msgs/srv/detail/get_string__rosidl_typesupport_fastrtps_c.h
[1.541s] -- Up-to-date symlink: /home/orin_nano/turtlebot3_ws/install/orbbec_camera_msgs/include/orbbec_camera_msgs/orbbec_camera_msgs/srv/detail/set_int32__rosidl_typesupport_fastrtps_c.h
[1.541s] -- Up-to-date symlink: /home/orin_nano/turtlebot3_ws/install/orbbec_camera_msgs/include/orbbec_camera_msgs/orbbec_camera_msgs/srv/detail/set_string__rosidl_typesupport_fastrtps_c.h
[1.550s] -- Up-to-date symlink: /home/orin_nano/turtlebot3_ws/install/orbbec_camera_msgs/include/orbbec_camera_msgs/orbbec_camera_msgs/msg/detail/device_info__rosidl_typesupport_introspection_c.h
[1.551s] -- Up-to-date symlink: /home/orin_nano/turtlebot3_ws/install/orbbec_camera_msgs/include/orbbec_camera_msgs/orbbec_camera_msgs/msg/detail/extrinsics__rosidl_typesupport_introspection_c.h
[1.552s] -- Up-to-date symlink: /home/orin_nano/turtlebot3_ws/install/orbbec_camera_msgs/include/orbbec_camera_msgs/orbbec_camera_msgs/msg/detail/imu_info__rosidl_typesupport_introspection_c.h
[1.556s] -- Up-to-date symlink: /home/orin_nano/turtlebot3_ws/install/orbbec_camera_msgs/include/orbbec_camera_msgs/orbbec_camera_msgs/msg/detail/metadata__rosidl_typesupport_introspection_c.h
[1.556s] -- Up-to-date symlink: /home/orin_nano/turtlebot3_ws/install/orbbec_camera_msgs/include/orbbec_camera_msgs/orbbec_camera_msgs/msg/detail/rgbd__rosidl_typesupport_introspection_c.h
[1.556s] -- Up-to-date symlink: /home/orin_nano/turtlebot3_ws/install/orbbec_camera_msgs/include/orbbec_camera_msgs/orbbec_camera_msgs/msg/rosidl_typesupport_introspection_c__visibility_control.h
[1.558s] -- Up-to-date symlink: /home/orin_nano/turtlebot3_ws/install/orbbec_camera_msgs/include/orbbec_camera_msgs/orbbec_camera_msgs/srv/detail/get_bool__rosidl_typesupport_introspection_c.h
[1.559s] -- Up-to-date symlink: /home/orin_nano/turtlebot3_ws/install/orbbec_camera_msgs/include/orbbec_camera_msgs/orbbec_camera_msgs/srv/detail/get_camera_info__rosidl_typesupport_introspection_c.h
[1.559s] -- Up-to-date symlink: /home/orin_nano/turtlebot3_ws/install/orbbec_camera_msgs/include/orbbec_camera_msgs/orbbec_camera_msgs/srv/detail/get_device_info__rosidl_typesupport_introspection_c.h
[1.559s] -- Up-to-date symlink: /home/orin_nano/turtlebot3_ws/install/orbbec_camera_msgs/include/orbbec_camera_msgs/orbbec_camera_msgs/srv/detail/get_int32__rosidl_typesupport_introspection_c.h
[1.564s] -- Up-to-date symlink: /home/orin_nano/turtlebot3_ws/install/orbbec_camera_msgs/include/orbbec_camera_msgs/orbbec_camera_msgs/srv/detail/get_string__rosidl_typesupport_introspection_c.h
[1.565s] -- Up-to-date symlink: /home/orin_nano/turtlebot3_ws/install/orbbec_camera_msgs/include/orbbec_camera_msgs/orbbec_camera_msgs/srv/detail/set_int32__rosidl_typesupport_introspection_c.h
[1.566s] -- Up-to-date symlink: /home/orin_nano/turtlebot3_ws/install/orbbec_camera_msgs/include/orbbec_camera_msgs/orbbec_camera_msgs/srv/detail/set_string__rosidl_typesupport_introspection_c.h
[1.567s] -- Up-to-date symlink: /home/orin_nano/turtlebot3_ws/install/orbbec_camera_msgs/include/orbbec_camera_msgs/orbbec_camera_msgs/msg/detail/device_info__builder.hpp
[1.569s] -- Up-to-date symlink: /home/orin_nano/turtlebot3_ws/install/orbbec_camera_msgs/include/orbbec_camera_msgs/orbbec_camera_msgs/msg/detail/device_info__struct.hpp
[1.569s] -- Up-to-date symlink: /home/orin_nano/turtlebot3_ws/install/orbbec_camera_msgs/include/orbbec_camera_msgs/orbbec_camera_msgs/msg/detail/device_info__traits.hpp
[1.570s] -- Up-to-date symlink: /home/orin_nano/turtlebot3_ws/install/orbbec_camera_msgs/include/orbbec_camera_msgs/orbbec_camera_msgs/msg/detail/device_info__type_support.hpp
[1.570s] -- Up-to-date symlink: /home/orin_nano/turtlebot3_ws/install/orbbec_camera_msgs/include/orbbec_camera_msgs/orbbec_camera_msgs/msg/detail/extrinsics__builder.hpp
[1.570s] -- Up-to-date symlink: /home/orin_nano/turtlebot3_ws/install/orbbec_camera_msgs/include/orbbec_camera_msgs/orbbec_camera_msgs/msg/detail/extrinsics__struct.hpp
[1.570s] -- Up-to-date symlink: /home/orin_nano/turtlebot3_ws/install/orbbec_camera_msgs/include/orbbec_camera_msgs/orbbec_camera_msgs/msg/detail/extrinsics__traits.hpp
[1.570s] -- Up-to-date symlink: /home/orin_nano/turtlebot3_ws/install/orbbec_camera_msgs/include/orbbec_camera_msgs/orbbec_camera_msgs/msg/detail/extrinsics__type_support.hpp
[1.571s] -- Up-to-date symlink: /home/orin_nano/turtlebot3_ws/install/orbbec_camera_msgs/include/orbbec_camera_msgs/orbbec_camera_msgs/msg/detail/imu_info__builder.hpp
[1.571s] -- Up-to-date symlink: /home/orin_nano/turtlebot3_ws/install/orbbec_camera_msgs/include/orbbec_camera_msgs/orbbec_camera_msgs/msg/detail/imu_info__struct.hpp
[1.571s] -- Up-to-date symlink: /home/orin_nano/turtlebot3_ws/install/orbbec_camera_msgs/include/orbbec_camera_msgs/orbbec_camera_msgs/msg/detail/imu_info__traits.hpp
[1.572s] -- Up-to-date symlink: /home/orin_nano/turtlebot3_ws/install/orbbec_camera_msgs/include/orbbec_camera_msgs/orbbec_camera_msgs/msg/detail/imu_info__type_support.hpp
[1.572s] -- Up-to-date symlink: /home/orin_nano/turtlebot3_ws/install/orbbec_camera_msgs/include/orbbec_camera_msgs/orbbec_camera_msgs/msg/detail/metadata__builder.hpp
[1.572s] -- Up-to-date symlink: /home/orin_nano/turtlebot3_ws/install/orbbec_camera_msgs/include/orbbec_camera_msgs/orbbec_camera_msgs/msg/detail/metadata__struct.hpp
[1.573s] -- Up-to-date symlink: /home/orin_nano/turtlebot3_ws/install/orbbec_camera_msgs/include/orbbec_camera_msgs/orbbec_camera_msgs/msg/detail/metadata__traits.hpp
[1.573s] -- Up-to-date symlink: /home/orin_nano/turtlebot3_ws/install/orbbec_camera_msgs/include/orbbec_camera_msgs/orbbec_camera_msgs/msg/detail/metadata__type_support.hpp
[1.573s] -- Up-to-date symlink: /home/orin_nano/turtlebot3_ws/install/orbbec_camera_msgs/include/orbbec_camera_msgs/orbbec_camera_msgs/msg/detail/rgbd__builder.hpp
[1.573s] -- Up-to-date symlink: /home/orin_nano/turtlebot3_ws/install/orbbec_camera_msgs/include/orbbec_camera_msgs/orbbec_camera_msgs/msg/detail/rgbd__struct.hpp
[1.574s] -- Up-to-date symlink: /home/orin_nano/turtlebot3_ws/install/orbbec_camera_msgs/include/orbbec_camera_msgs/orbbec_camera_msgs/msg/detail/rgbd__traits.hpp
[1.574s] -- Up-to-date symlink: /home/orin_nano/turtlebot3_ws/install/orbbec_camera_msgs/include/orbbec_camera_msgs/orbbec_camera_msgs/msg/detail/rgbd__type_support.hpp
[1.574s] -- Up-to-date symlink: /home/orin_nano/turtlebot3_ws/install/orbbec_camera_msgs/include/orbbec_camera_msgs/orbbec_camera_msgs/msg/device_info.hpp
[1.575s] -- Up-to-date symlink: /home/orin_nano/turtlebot3_ws/install/orbbec_camera_msgs/include/orbbec_camera_msgs/orbbec_camera_msgs/msg/extrinsics.hpp
[1.576s] -- Up-to-date symlink: /home/orin_nano/turtlebot3_ws/install/orbbec_camera_msgs/include/orbbec_camera_msgs/orbbec_camera_msgs/msg/imu_info.hpp
[1.577s] -- Up-to-date symlink: /home/orin_nano/turtlebot3_ws/install/orbbec_camera_msgs/include/orbbec_camera_msgs/orbbec_camera_msgs/msg/metadata.hpp
[1.577s] -- Up-to-date symlink: /home/orin_nano/turtlebot3_ws/install/orbbec_camera_msgs/include/orbbec_camera_msgs/orbbec_camera_msgs/msg/rgbd.hpp
[1.577s] -- Up-to-date symlink: /home/orin_nano/turtlebot3_ws/install/orbbec_camera_msgs/include/orbbec_camera_msgs/orbbec_camera_msgs/msg/rosidl_generator_cpp__visibility_control.hpp
[1.578s] -- Up-to-date symlink: /home/orin_nano/turtlebot3_ws/install/orbbec_camera_msgs/include/orbbec_camera_msgs/orbbec_camera_msgs/srv/detail/get_bool__builder.hpp
[1.578s] -- Up-to-date symlink: /home/orin_nano/turtlebot3_ws/install/orbbec_camera_msgs/include/orbbec_camera_msgs/orbbec_camera_msgs/srv/detail/get_bool__struct.hpp
[1.579s] -- Up-to-date symlink: /home/orin_nano/turtlebot3_ws/install/orbbec_camera_msgs/include/orbbec_camera_msgs/orbbec_camera_msgs/srv/detail/get_bool__traits.hpp
[1.580s] -- Up-to-date symlink: /home/orin_nano/turtlebot3_ws/install/orbbec_camera_msgs/include/orbbec_camera_msgs/orbbec_camera_msgs/srv/detail/get_bool__type_support.hpp
[1.580s] -- Up-to-date symlink: /home/orin_nano/turtlebot3_ws/install/orbbec_camera_msgs/include/orbbec_camera_msgs/orbbec_camera_msgs/srv/detail/get_camera_info__builder.hpp
[1.580s] -- Up-to-date symlink: /home/orin_nano/turtlebot3_ws/install/orbbec_camera_msgs/include/orbbec_camera_msgs/orbbec_camera_msgs/srv/detail/get_camera_info__struct.hpp
[1.581s] -- Up-to-date symlink: /home/orin_nano/turtlebot3_ws/install/orbbec_camera_msgs/include/orbbec_camera_msgs/orbbec_camera_msgs/srv/detail/get_camera_info__traits.hpp
[1.581s] -- Up-to-date symlink: /home/orin_nano/turtlebot3_ws/install/orbbec_camera_msgs/include/orbbec_camera_msgs/orbbec_camera_msgs/srv/detail/get_camera_info__type_support.hpp
[1.582s] -- Up-to-date symlink: /home/orin_nano/turtlebot3_ws/install/orbbec_camera_msgs/include/orbbec_camera_msgs/orbbec_camera_msgs/srv/detail/get_device_info__builder.hpp
[1.582s] -- Up-to-date symlink: /home/orin_nano/turtlebot3_ws/install/orbbec_camera_msgs/include/orbbec_camera_msgs/orbbec_camera_msgs/srv/detail/get_device_info__struct.hpp
[1.582s] -- Up-to-date symlink: /home/orin_nano/turtlebot3_ws/install/orbbec_camera_msgs/include/orbbec_camera_msgs/orbbec_camera_msgs/srv/detail/get_device_info__traits.hpp
[1.582s] -- Up-to-date symlink: /home/orin_nano/turtlebot3_ws/install/orbbec_camera_msgs/include/orbbec_camera_msgs/orbbec_camera_msgs/srv/detail/get_device_info__type_support.hpp
[1.582s] -- Up-to-date symlink: /home/orin_nano/turtlebot3_ws/install/orbbec_camera_msgs/include/orbbec_camera_msgs/orbbec_camera_msgs/srv/detail/get_int32__builder.hpp
[1.583s] -- Up-to-date symlink: /home/orin_nano/turtlebot3_ws/install/orbbec_camera_msgs/include/orbbec_camera_msgs/orbbec_camera_msgs/srv/detail/get_int32__struct.hpp
[1.584s] -- Up-to-date symlink: /home/orin_nano/turtlebot3_ws/install/orbbec_camera_msgs/include/orbbec_camera_msgs/orbbec_camera_msgs/srv/detail/get_int32__traits.hpp
[1.585s] -- Up-to-date symlink: /home/orin_nano/turtlebot3_ws/install/orbbec_camera_msgs/include/orbbec_camera_msgs/orbbec_camera_msgs/srv/detail/get_int32__type_support.hpp
[1.595s] -- Up-to-date symlink: /home/orin_nano/turtlebot3_ws/install/orbbec_camera_msgs/include/orbbec_camera_msgs/orbbec_camera_msgs/srv/detail/get_string__builder.hpp
[1.598s] -- Up-to-date symlink: /home/orin_nano/turtlebot3_ws/install/orbbec_camera_msgs/include/orbbec_camera_msgs/orbbec_camera_msgs/srv/detail/get_string__struct.hpp
[1.598s] -- Up-to-date symlink: /home/orin_nano/turtlebot3_ws/install/orbbec_camera_msgs/include/orbbec_camera_msgs/orbbec_camera_msgs/srv/detail/get_string__traits.hpp
[1.599s] -- Up-to-date symlink: /home/orin_nano/turtlebot3_ws/install/orbbec_camera_msgs/include/orbbec_camera_msgs/orbbec_camera_msgs/srv/detail/get_string__type_support.hpp
[1.599s] -- Up-to-date symlink: /home/orin_nano/turtlebot3_ws/install/orbbec_camera_msgs/include/orbbec_camera_msgs/orbbec_camera_msgs/srv/detail/set_int32__builder.hpp
[1.599s] -- Up-to-date symlink: /home/orin_nano/turtlebot3_ws/install/orbbec_camera_msgs/include/orbbec_camera_msgs/orbbec_camera_msgs/srv/detail/set_int32__struct.hpp
[1.599s] -- Up-to-date symlink: /home/orin_nano/turtlebot3_ws/install/orbbec_camera_msgs/include/orbbec_camera_msgs/orbbec_camera_msgs/srv/detail/set_int32__traits.hpp
[1.599s] -- Up-to-date symlink: /home/orin_nano/turtlebot3_ws/install/orbbec_camera_msgs/include/orbbec_camera_msgs/orbbec_camera_msgs/srv/detail/set_int32__type_support.hpp
[1.600s] -- Up-to-date symlink: /home/orin_nano/turtlebot3_ws/install/orbbec_camera_msgs/include/orbbec_camera_msgs/orbbec_camera_msgs/srv/detail/set_string__builder.hpp
[1.601s] -- Up-to-date symlink: /home/orin_nano/turtlebot3_ws/install/orbbec_camera_msgs/include/orbbec_camera_msgs/orbbec_camera_msgs/srv/detail/set_string__struct.hpp
[1.601s] -- Up-to-date symlink: /home/orin_nano/turtlebot3_ws/install/orbbec_camera_msgs/include/orbbec_camera_msgs/orbbec_camera_msgs/srv/detail/set_string__traits.hpp
[1.601s] -- Up-to-date symlink: /home/orin_nano/turtlebot3_ws/install/orbbec_camera_msgs/include/orbbec_camera_msgs/orbbec_camera_msgs/srv/detail/set_string__type_support.hpp
[1.602s] -- Up-to-date symlink: /home/orin_nano/turtlebot3_ws/install/orbbec_camera_msgs/include/orbbec_camera_msgs/orbbec_camera_msgs/srv/get_bool.hpp
[1.602s] -- Up-to-date symlink: /home/orin_nano/turtlebot3_ws/install/orbbec_camera_msgs/include/orbbec_camera_msgs/orbbec_camera_msgs/srv/get_camera_info.hpp
[1.602s] -- Up-to-date symlink: /home/orin_nano/turtlebot3_ws/install/orbbec_camera_msgs/include/orbbec_camera_msgs/orbbec_camera_msgs/srv/get_device_info.hpp
[1.603s] -- Up-to-date symlink: /home/orin_nano/turtlebot3_ws/install/orbbec_camera_msgs/include/orbbec_camera_msgs/orbbec_camera_msgs/srv/get_int32.hpp
[1.603s] -- Up-to-date symlink: /home/orin_nano/turtlebot3_ws/install/orbbec_camera_msgs/include/orbbec_camera_msgs/orbbec_camera_msgs/srv/get_string.hpp
[1.604s] -- Up-to-date symlink: /home/orin_nano/turtlebot3_ws/install/orbbec_camera_msgs/include/orbbec_camera_msgs/orbbec_camera_msgs/srv/set_int32.hpp
[1.604s] -- Up-to-date symlink: /home/orin_nano/turtlebot3_ws/install/orbbec_camera_msgs/include/orbbec_camera_msgs/orbbec_camera_msgs/srv/set_string.hpp
[1.605s] -- Up-to-date symlink: /home/orin_nano/turtlebot3_ws/install/orbbec_camera_msgs/include/orbbec_camera_msgs/orbbec_camera_msgs/msg/detail/device_info__rosidl_typesupport_fastrtps_cpp.hpp
[1.605s] -- Up-to-date symlink: /home/orin_nano/turtlebot3_ws/install/orbbec_camera_msgs/include/orbbec_camera_msgs/orbbec_camera_msgs/msg/detail/extrinsics__rosidl_typesupport_fastrtps_cpp.hpp
[1.605s] -- Up-to-date symlink: /home/orin_nano/turtlebot3_ws/install/orbbec_camera_msgs/include/orbbec_camera_msgs/orbbec_camera_msgs/msg/detail/imu_info__rosidl_typesupport_fastrtps_cpp.hpp
[1.609s] -- Up-to-date symlink: /home/orin_nano/turtlebot3_ws/install/orbbec_camera_msgs/include/orbbec_camera_msgs/orbbec_camera_msgs/msg/detail/metadata__rosidl_typesupport_fastrtps_cpp.hpp
[1.609s] -- Up-to-date symlink: /home/orin_nano/turtlebot3_ws/install/orbbec_camera_msgs/include/orbbec_camera_msgs/orbbec_camera_msgs/msg/detail/rgbd__rosidl_typesupport_fastrtps_cpp.hpp
[1.610s] -- Up-to-date symlink: /home/orin_nano/turtlebot3_ws/install/orbbec_camera_msgs/include/orbbec_camera_msgs/orbbec_camera_msgs/msg/rosidl_typesupport_fastrtps_cpp__visibility_control.h
[1.610s] -- Up-to-date symlink: /home/orin_nano/turtlebot3_ws/install/orbbec_camera_msgs/include/orbbec_camera_msgs/orbbec_camera_msgs/srv/detail/get_bool__rosidl_typesupport_fastrtps_cpp.hpp
[1.610s] -- Up-to-date symlink: /home/orin_nano/turtlebot3_ws/install/orbbec_camera_msgs/include/orbbec_camera_msgs/orbbec_camera_msgs/srv/detail/get_camera_info__rosidl_typesupport_fastrtps_cpp.hpp
[1.610s] -- Up-to-date symlink: /home/orin_nano/turtlebot3_ws/install/orbbec_camera_msgs/include/orbbec_camera_msgs/orbbec_camera_msgs/srv/detail/get_device_info__rosidl_typesupport_fastrtps_cpp.hpp
[1.611s] -- Up-to-date symlink: /home/orin_nano/turtlebot3_ws/install/orbbec_camera_msgs/include/orbbec_camera_msgs/orbbec_camera_msgs/srv/detail/get_int32__rosidl_typesupport_fastrtps_cpp.hpp
[1.611s] -- Up-to-date symlink: /home/orin_nano/turtlebot3_ws/install/orbbec_camera_msgs/include/orbbec_camera_msgs/orbbec_camera_msgs/srv/detail/get_string__rosidl_typesupport_fastrtps_cpp.hpp
[1.612s] -- Up-to-date symlink: /home/orin_nano/turtlebot3_ws/install/orbbec_camera_msgs/include/orbbec_camera_msgs/orbbec_camera_msgs/srv/detail/set_int32__rosidl_typesupport_fastrtps_cpp.hpp
[1.612s] -- Up-to-date symlink: /home/orin_nano/turtlebot3_ws/install/orbbec_camera_msgs/include/orbbec_camera_msgs/orbbec_camera_msgs/srv/detail/set_string__rosidl_typesupport_fastrtps_cpp.hpp
[1.612s] -- Up-to-date symlink: /home/orin_nano/turtlebot3_ws/install/orbbec_camera_msgs/include/orbbec_camera_msgs/orbbec_camera_msgs/msg/detail/device_info__rosidl_typesupport_introspection_cpp.hpp
[1.613s] -- Up-to-date symlink: /home/orin_nano/turtlebot3_ws/install/orbbec_camera_msgs/include/orbbec_camera_msgs/orbbec_camera_msgs/msg/detail/extrinsics__rosidl_typesupport_introspection_cpp.hpp
[1.613s] -- Up-to-date symlink: /home/orin_nano/turtlebot3_ws/install/orbbec_camera_msgs/include/orbbec_camera_msgs/orbbec_camera_msgs/msg/detail/imu_info__rosidl_typesupport_introspection_cpp.hpp
[1.613s] -- Up-to-date symlink: /home/orin_nano/turtlebot3_ws/install/orbbec_camera_msgs/include/orbbec_camera_msgs/orbbec_camera_msgs/msg/detail/metadata__rosidl_typesupport_introspection_cpp.hpp
[1.614s] -- Up-to-date symlink: /home/orin_nano/turtlebot3_ws/install/orbbec_camera_msgs/include/orbbec_camera_msgs/orbbec_camera_msgs/msg/detail/rgbd__rosidl_typesupport_introspection_cpp.hpp
[1.614s] -- Up-to-date symlink: /home/orin_nano/turtlebot3_ws/install/orbbec_camera_msgs/include/orbbec_camera_msgs/orbbec_camera_msgs/srv/detail/get_bool__rosidl_typesupport_introspection_cpp.hpp
[1.614s] -- Up-to-date symlink: /home/orin_nano/turtlebot3_ws/install/orbbec_camera_msgs/include/orbbec_camera_msgs/orbbec_camera_msgs/srv/detail/get_camera_info__rosidl_typesupport_introspection_cpp.hpp
[1.614s] -- Up-to-date symlink: /home/orin_nano/turtlebot3_ws/install/orbbec_camera_msgs/include/orbbec_camera_msgs/orbbec_camera_msgs/srv/detail/get_device_info__rosidl_typesupport_introspection_cpp.hpp
[1.614s] -- Up-to-date symlink: /home/orin_nano/turtlebot3_ws/install/orbbec_camera_msgs/include/orbbec_camera_msgs/orbbec_camera_msgs/srv/detail/get_int32__rosidl_typesupport_introspection_cpp.hpp
[1.616s] -- Up-to-date symlink: /home/orin_nano/turtlebot3_ws/install/orbbec_camera_msgs/include/orbbec_camera_msgs/orbbec_camera_msgs/srv/detail/get_string__rosidl_typesupport_introspection_cpp.hpp
[1.616s] -- Up-to-date symlink: /home/orin_nano/turtlebot3_ws/install/orbbec_camera_msgs/include/orbbec_camera_msgs/orbbec_camera_msgs/srv/detail/set_int32__rosidl_typesupport_introspection_cpp.hpp
[1.616s] -- Up-to-date symlink: /home/orin_nano/turtlebot3_ws/install/orbbec_camera_msgs/include/orbbec_camera_msgs/orbbec_camera_msgs/srv/detail/set_string__rosidl_typesupport_introspection_cpp.hpp
[1.622s] -- Up-to-date symlink: /home/orin_nano/turtlebot3_ws/install/orbbec_camera_msgs/share/orbbec_camera_msgs/environment/pythonpath.sh
[1.627s] -- Up-to-date symlink: /home/orin_nano/turtlebot3_ws/install/orbbec_camera_msgs/share/orbbec_camera_msgs/environment/pythonpath.dsv
[1.627s] -- Up-to-date symlink: /home/orin_nano/turtlebot3_ws/install/orbbec_camera_msgs/local/lib/python3.10/dist-packages/orbbec_camera_msgs-1.2.2-py3.10.egg-info/PKG-INFO
[1.627s] -- Up-to-date symlink: /home/orin_nano/turtlebot3_ws/install/orbbec_camera_msgs/local/lib/python3.10/dist-packages/orbbec_camera_msgs-1.2.2-py3.10.egg-info/SOURCES.txt
[1.628s] -- Up-to-date symlink: /home/orin_nano/turtlebot3_ws/install/orbbec_camera_msgs/local/lib/python3.10/dist-packages/orbbec_camera_msgs-1.2.2-py3.10.egg-info/dependency_links.txt
[1.629s] -- Up-to-date symlink: /home/orin_nano/turtlebot3_ws/install/orbbec_camera_msgs/local/lib/python3.10/dist-packages/orbbec_camera_msgs-1.2.2-py3.10.egg-info/top_level.txt
[1.629s] -- Up-to-date symlink: /home/orin_nano/turtlebot3_ws/install/orbbec_camera_msgs/local/lib/python3.10/dist-packages/orbbec_camera_msgs/__init__.py
[1.630s] -- Up-to-date symlink: /home/orin_nano/turtlebot3_ws/install/orbbec_camera_msgs/local/lib/python3.10/dist-packages/orbbec_camera_msgs/_orbbec_camera_msgs_s.ep.rosidl_typesupport_c.c
[1.630s] -- Up-to-date symlink: /home/orin_nano/turtlebot3_ws/install/orbbec_camera_msgs/local/lib/python3.10/dist-packages/orbbec_camera_msgs/_orbbec_camera_msgs_s.ep.rosidl_typesupport_fastrtps_c.c
[1.631s] -- Up-to-date symlink: /home/orin_nano/turtlebot3_ws/install/orbbec_camera_msgs/local/lib/python3.10/dist-packages/orbbec_camera_msgs/_orbbec_camera_msgs_s.ep.rosidl_typesupport_introspection_c.c
[1.631s] -- Up-to-date symlink: /home/orin_nano/turtlebot3_ws/install/orbbec_camera_msgs/local/lib/python3.10/dist-packages/orbbec_camera_msgs/liborbbec_camera_msgs__rosidl_generator_py.so
[1.632s] -- Up-to-date symlink: /home/orin_nano/turtlebot3_ws/install/orbbec_camera_msgs/local/lib/python3.10/dist-packages/orbbec_camera_msgs/msg/__init__.py
[1.632s] -- Up-to-date symlink: /home/orin_nano/turtlebot3_ws/install/orbbec_camera_msgs/local/lib/python3.10/dist-packages/orbbec_camera_msgs/msg/_device_info.py
[1.633s] -- Up-to-date symlink: /home/orin_nano/turtlebot3_ws/install/orbbec_camera_msgs/local/lib/python3.10/dist-packages/orbbec_camera_msgs/msg/_device_info_s.c
[1.634s] -- Up-to-date symlink: /home/orin_nano/turtlebot3_ws/install/orbbec_camera_msgs/local/lib/python3.10/dist-packages/orbbec_camera_msgs/msg/_extrinsics.py
[1.635s] -- Up-to-date symlink: /home/orin_nano/turtlebot3_ws/install/orbbec_camera_msgs/local/lib/python3.10/dist-packages/orbbec_camera_msgs/msg/_extrinsics_s.c
[1.635s] -- Up-to-date symlink: /home/orin_nano/turtlebot3_ws/install/orbbec_camera_msgs/local/lib/python3.10/dist-packages/orbbec_camera_msgs/msg/_imu_info.py
[1.636s] -- Up-to-date symlink: /home/orin_nano/turtlebot3_ws/install/orbbec_camera_msgs/local/lib/python3.10/dist-packages/orbbec_camera_msgs/msg/_imu_info_s.c
[1.636s] -- Up-to-date symlink: /home/orin_nano/turtlebot3_ws/install/orbbec_camera_msgs/local/lib/python3.10/dist-packages/orbbec_camera_msgs/msg/_metadata.py
[1.636s] -- Up-to-date symlink: /home/orin_nano/turtlebot3_ws/install/orbbec_camera_msgs/local/lib/python3.10/dist-packages/orbbec_camera_msgs/msg/_metadata_s.c
[1.637s] -- Up-to-date symlink: /home/orin_nano/turtlebot3_ws/install/orbbec_camera_msgs/local/lib/python3.10/dist-packages/orbbec_camera_msgs/msg/_rgbd.py
[1.637s] -- Up-to-date symlink: /home/orin_nano/turtlebot3_ws/install/orbbec_camera_msgs/local/lib/python3.10/dist-packages/orbbec_camera_msgs/msg/_rgbd_s.c
[1.638s] -- Up-to-date symlink: /home/orin_nano/turtlebot3_ws/install/orbbec_camera_msgs/local/lib/python3.10/dist-packages/orbbec_camera_msgs/orbbec_camera_msgs_s__rosidl_typesupport_c.cpython-310-aarch64-linux-gnu.so
[1.638s] -- Up-to-date symlink: /home/orin_nano/turtlebot3_ws/install/orbbec_camera_msgs/local/lib/python3.10/dist-packages/orbbec_camera_msgs/orbbec_camera_msgs_s__rosidl_typesupport_fastrtps_c.cpython-310-aarch64-linux-gnu.so
[1.638s] -- Up-to-date symlink: /home/orin_nano/turtlebot3_ws/install/orbbec_camera_msgs/local/lib/python3.10/dist-packages/orbbec_camera_msgs/orbbec_camera_msgs_s__rosidl_typesupport_introspection_c.cpython-310-aarch64-linux-gnu.so
[1.639s] -- Up-to-date symlink: /home/orin_nano/turtlebot3_ws/install/orbbec_camera_msgs/local/lib/python3.10/dist-packages/orbbec_camera_msgs/srv/__init__.py
[1.639s] -- Up-to-date symlink: /home/orin_nano/turtlebot3_ws/install/orbbec_camera_msgs/local/lib/python3.10/dist-packages/orbbec_camera_msgs/srv/_get_bool.py
[1.639s] -- Up-to-date symlink: /home/orin_nano/turtlebot3_ws/install/orbbec_camera_msgs/local/lib/python3.10/dist-packages/orbbec_camera_msgs/srv/_get_bool_s.c
[1.641s] -- Up-to-date symlink: /home/orin_nano/turtlebot3_ws/install/orbbec_camera_msgs/local/lib/python3.10/dist-packages/orbbec_camera_msgs/srv/_get_camera_info.py
[1.641s] -- Up-to-date symlink: /home/orin_nano/turtlebot3_ws/install/orbbec_camera_msgs/local/lib/python3.10/dist-packages/orbbec_camera_msgs/srv/_get_camera_info_s.c
[1.643s] -- Up-to-date symlink: /home/orin_nano/turtlebot3_ws/install/orbbec_camera_msgs/local/lib/python3.10/dist-packages/orbbec_camera_msgs/srv/_get_device_info.py
[1.644s] -- Up-to-date symlink: /home/orin_nano/turtlebot3_ws/install/orbbec_camera_msgs/local/lib/python3.10/dist-packages/orbbec_camera_msgs/srv/_get_device_info_s.c
[1.645s] -- Up-to-date symlink: /home/orin_nano/turtlebot3_ws/install/orbbec_camera_msgs/local/lib/python3.10/dist-packages/orbbec_camera_msgs/srv/_get_int32.py
[1.647s] -- Up-to-date symlink: /home/orin_nano/turtlebot3_ws/install/orbbec_camera_msgs/local/lib/python3.10/dist-packages/orbbec_camera_msgs/srv/_get_int32_s.c
[1.647s] -- Up-to-date symlink: /home/orin_nano/turtlebot3_ws/install/orbbec_camera_msgs/local/lib/python3.10/dist-packages/orbbec_camera_msgs/srv/_get_string.py
[1.647s] -- Up-to-date symlink: /home/orin_nano/turtlebot3_ws/install/orbbec_camera_msgs/local/lib/python3.10/dist-packages/orbbec_camera_msgs/srv/_get_string_s.c
[1.648s] -- Up-to-date symlink: /home/orin_nano/turtlebot3_ws/install/orbbec_camera_msgs/local/lib/python3.10/dist-packages/orbbec_camera_msgs/srv/_set_int32.py
[1.648s] -- Up-to-date symlink: /home/orin_nano/turtlebot3_ws/install/orbbec_camera_msgs/local/lib/python3.10/dist-packages/orbbec_camera_msgs/srv/_set_int32_s.c
[1.655s] -- Up-to-date symlink: /home/orin_nano/turtlebot3_ws/install/orbbec_camera_msgs/local/lib/python3.10/dist-packages/orbbec_camera_msgs/srv/_set_string.py
[1.655s] -- Up-to-date symlink: /home/orin_nano/turtlebot3_ws/install/orbbec_camera_msgs/local/lib/python3.10/dist-packages/orbbec_camera_msgs/srv/_set_string_s.c
[1.657s] -- Up-to-date symlink: /home/orin_nano/turtlebot3_ws/install/orbbec_camera_msgs/local/lib/python3.10/dist-packages/orbbec_camera_msgs/orbbec_camera_msgs_s__rosidl_typesupport_fastrtps_c.cpython-310-aarch64-linux-gnu.so
[1.658s] -- Up-to-date symlink: /home/orin_nano/turtlebot3_ws/install/orbbec_camera_msgs/local/lib/python3.10/dist-packages/orbbec_camera_msgs/orbbec_camera_msgs_s__rosidl_typesupport_introspection_c.cpython-310-aarch64-linux-gnu.so
[1.659s] -- Up-to-date symlink: /home/orin_nano/turtlebot3_ws/install/orbbec_camera_msgs/local/lib/python3.10/dist-packages/orbbec_camera_msgs/orbbec_camera_msgs_s__rosidl_typesupport_c.cpython-310-aarch64-linux-gnu.so
[1.659s] -- Up-to-date symlink: /home/orin_nano/turtlebot3_ws/install/orbbec_camera_msgs/share/orbbec_camera_msgs/msg/DeviceInfo.idl
[1.660s] -- Up-to-date symlink: /home/orin_nano/turtlebot3_ws/install/orbbec_camera_msgs/share/orbbec_camera_msgs/msg/Extrinsics.idl
[1.660s] -- Up-to-date symlink: /home/orin_nano/turtlebot3_ws/install/orbbec_camera_msgs/share/orbbec_camera_msgs/msg/Metadata.idl
[1.660s] -- Up-to-date symlink: /home/orin_nano/turtlebot3_ws/install/orbbec_camera_msgs/share/orbbec_camera_msgs/msg/IMUInfo.idl
[1.660s] -- Up-to-date symlink: /home/orin_nano/turtlebot3_ws/install/orbbec_camera_msgs/share/orbbec_camera_msgs/msg/RGBD.idl
[1.661s] -- Up-to-date symlink: /home/orin_nano/turtlebot3_ws/install/orbbec_camera_msgs/share/orbbec_camera_msgs/srv/GetBool.idl
[1.661s] -- Up-to-date symlink: /home/orin_nano/turtlebot3_ws/install/orbbec_camera_msgs/share/orbbec_camera_msgs/srv/GetDeviceInfo.idl
[1.662s] -- Up-to-date symlink: /home/orin_nano/turtlebot3_ws/install/orbbec_camera_msgs/share/orbbec_camera_msgs/srv/GetCameraInfo.idl
[1.663s] -- Up-to-date symlink: /home/orin_nano/turtlebot3_ws/install/orbbec_camera_msgs/share/orbbec_camera_msgs/srv/GetInt32.idl
[1.663s] -- Up-to-date symlink: /home/orin_nano/turtlebot3_ws/install/orbbec_camera_msgs/share/orbbec_camera_msgs/srv/GetString.idl
[1.665s] -- Up-to-date symlink: /home/orin_nano/turtlebot3_ws/install/orbbec_camera_msgs/share/orbbec_camera_msgs/srv/SetInt32.idl
[1.665s] -- Up-to-date symlink: /home/orin_nano/turtlebot3_ws/install/orbbec_camera_msgs/share/orbbec_camera_msgs/srv/SetString.idl
[1.665s] -- Up-to-date symlink: /home/orin_nano/turtlebot3_ws/install/orbbec_camera_msgs/share/orbbec_camera_msgs/msg/DeviceInfo.msg
[1.665s] -- Up-to-date symlink: /home/orin_nano/turtlebot3_ws/install/orbbec_camera_msgs/share/orbbec_camera_msgs/msg/Extrinsics.msg
[1.665s] -- Up-to-date symlink: /home/orin_nano/turtlebot3_ws/install/orbbec_camera_msgs/share/orbbec_camera_msgs/msg/Metadata.msg
[1.666s] -- Up-to-date symlink: /home/orin_nano/turtlebot3_ws/install/orbbec_camera_msgs/share/orbbec_camera_msgs/msg/IMUInfo.msg
[1.666s] -- Up-to-date symlink: /home/orin_nano/turtlebot3_ws/install/orbbec_camera_msgs/share/orbbec_camera_msgs/msg/RGBD.msg
[1.666s] -- Up-to-date symlink: /home/orin_nano/turtlebot3_ws/install/orbbec_camera_msgs/share/orbbec_camera_msgs/srv/GetBool.srv
[1.667s] -- Up-to-date symlink: /home/orin_nano/turtlebot3_ws/install/orbbec_camera_msgs/share/orbbec_camera_msgs/srv/GetBool_Request.msg
[1.667s] -- Up-to-date symlink: /home/orin_nano/turtlebot3_ws/install/orbbec_camera_msgs/share/orbbec_camera_msgs/srv/GetBool_Response.msg
[1.667s] -- Up-to-date symlink: /home/orin_nano/turtlebot3_ws/install/orbbec_camera_msgs/share/orbbec_camera_msgs/srv/GetDeviceInfo.srv
[1.667s] -- Up-to-date symlink: /home/orin_nano/turtlebot3_ws/install/orbbec_camera_msgs/share/orbbec_camera_msgs/srv/GetDeviceInfo_Request.msg
[1.668s] -- Up-to-date symlink: /home/orin_nano/turtlebot3_ws/install/orbbec_camera_msgs/share/orbbec_camera_msgs/srv/GetDeviceInfo_Response.msg
[1.668s] -- Up-to-date symlink: /home/orin_nano/turtlebot3_ws/install/orbbec_camera_msgs/share/orbbec_camera_msgs/srv/GetCameraInfo.srv
[1.668s] -- Up-to-date symlink: /home/orin_nano/turtlebot3_ws/install/orbbec_camera_msgs/share/orbbec_camera_msgs/srv/GetCameraInfo_Request.msg
[1.668s] -- Up-to-date symlink: /home/orin_nano/turtlebot3_ws/install/orbbec_camera_msgs/share/orbbec_camera_msgs/srv/GetCameraInfo_Response.msg
[1.668s] -- Up-to-date symlink: /home/orin_nano/turtlebot3_ws/install/orbbec_camera_msgs/share/orbbec_camera_msgs/srv/GetInt32.srv
[1.668s] -- Up-to-date symlink: /home/orin_nano/turtlebot3_ws/install/orbbec_camera_msgs/share/orbbec_camera_msgs/srv/GetInt32_Request.msg
[1.669s] -- Up-to-date symlink: /home/orin_nano/turtlebot3_ws/install/orbbec_camera_msgs/share/orbbec_camera_msgs/srv/GetInt32_Response.msg
[1.669s] -- Up-to-date symlink: /home/orin_nano/turtlebot3_ws/install/orbbec_camera_msgs/share/orbbec_camera_msgs/srv/GetString.srv
[1.669s] -- Up-to-date symlink: /home/orin_nano/turtlebot3_ws/install/orbbec_camera_msgs/share/orbbec_camera_msgs/srv/GetString_Request.msg
[1.669s] -- Up-to-date symlink: /home/orin_nano/turtlebot3_ws/install/orbbec_camera_msgs/share/orbbec_camera_msgs/srv/GetString_Response.msg
[1.669s] -- Up-to-date symlink: /home/orin_nano/turtlebot3_ws/install/orbbec_camera_msgs/share/orbbec_camera_msgs/srv/SetInt32.srv
[1.670s] -- Up-to-date symlink: /home/orin_nano/turtlebot3_ws/install/orbbec_camera_msgs/share/orbbec_camera_msgs/srv/SetInt32_Request.msg
[1.670s] -- Up-to-date symlink: /home/orin_nano/turtlebot3_ws/install/orbbec_camera_msgs/share/orbbec_camera_msgs/srv/SetInt32_Response.msg
[1.671s] -- Up-to-date symlink: /home/orin_nano/turtlebot3_ws/install/orbbec_camera_msgs/share/orbbec_camera_msgs/srv/SetString.srv
[1.671s] -- Up-to-date symlink: /home/orin_nano/turtlebot3_ws/install/orbbec_camera_msgs/share/orbbec_camera_msgs/srv/SetString_Request.msg
[1.671s] -- Up-to-date symlink: /home/orin_nano/turtlebot3_ws/install/orbbec_camera_msgs/share/orbbec_camera_msgs/srv/SetString_Response.msg
[1.671s] -- Up-to-date symlink: /home/orin_nano/turtlebot3_ws/install/orbbec_camera_msgs/share/ament_index/resource_index/package_run_dependencies/orbbec_camera_msgs
[1.672s] -- Up-to-date symlink: /home/orin_nano/turtlebot3_ws/install/orbbec_camera_msgs/share/ament_index/resource_index/parent_prefix_path/orbbec_camera_msgs
[1.672s] -- Up-to-date symlink: /home/orin_nano/turtlebot3_ws/install/orbbec_camera_msgs/share/orbbec_camera_msgs/environment/ament_prefix_path.sh
[1.672s] -- Up-to-date symlink: /home/orin_nano/turtlebot3_ws/install/orbbec_camera_msgs/share/orbbec_camera_msgs/environment/ament_prefix_path.dsv
[1.673s] -- Up-to-date symlink: /home/orin_nano/turtlebot3_ws/install/orbbec_camera_msgs/share/orbbec_camera_msgs/environment/path.sh
[1.673s] -- Up-to-date symlink: /home/orin_nano/turtlebot3_ws/install/orbbec_camera_msgs/share/orbbec_camera_msgs/environment/path.dsv
[1.673s] -- Up-to-date symlink: /home/orin_nano/turtlebot3_ws/install/orbbec_camera_msgs/share/orbbec_camera_msgs/local_setup.bash
[1.674s] -- Up-to-date symlink: /home/orin_nano/turtlebot3_ws/install/orbbec_camera_msgs/share/orbbec_camera_msgs/local_setup.sh
[1.675s] -- Up-to-date symlink: /home/orin_nano/turtlebot3_ws/install/orbbec_camera_msgs/share/orbbec_camera_msgs/local_setup.zsh
[1.675s] -- Up-to-date symlink: /home/orin_nano/turtlebot3_ws/install/orbbec_camera_msgs/share/orbbec_camera_msgs/local_setup.dsv
[1.675s] -- Symlinking: /home/orin_nano/turtlebot3_ws/install/orbbec_camera_msgs/share/orbbec_camera_msgs/package.dsv
[1.676s] -- Up-to-date symlink: /home/orin_nano/turtlebot3_ws/install/orbbec_camera_msgs/share/ament_index/resource_index/packages/orbbec_camera_msgs
[1.678s] -- Up-to-date symlink: /home/orin_nano/turtlebot3_ws/install/orbbec_camera_msgs/share/orbbec_camera_msgs/cmake/rosidl_cmake-extras.cmake
[1.678s] -- Up-to-date symlink: /home/orin_nano/turtlebot3_ws/install/orbbec_camera_msgs/share/orbbec_camera_msgs/cmake/ament_cmake_export_dependencies-extras.cmake
[1.679s] -- Up-to-date symlink: /home/orin_nano/turtlebot3_ws/install/orbbec_camera_msgs/share/orbbec_camera_msgs/cmake/ament_cmake_export_include_directories-extras.cmake
[1.679s] -- Up-to-date symlink: /home/orin_nano/turtlebot3_ws/install/orbbec_camera_msgs/share/orbbec_camera_msgs/cmake/ament_cmake_export_libraries-extras.cmake
[1.679s] -- Up-to-date symlink: /home/orin_nano/turtlebot3_ws/install/orbbec_camera_msgs/share/orbbec_camera_msgs/cmake/ament_cmake_export_targets-extras.cmake
[1.679s] -- Up-to-date symlink: /home/orin_nano/turtlebot3_ws/install/orbbec_camera_msgs/share/orbbec_camera_msgs/cmake/rosidl_cmake_export_typesupport_targets-extras.cmake
[1.680s] -- Up-to-date symlink: /home/orin_nano/turtlebot3_ws/install/orbbec_camera_msgs/share/orbbec_camera_msgs/cmake/rosidl_cmake_export_typesupport_libraries-extras.cmake
[1.680s] -- Up-to-date symlink: /home/orin_nano/turtlebot3_ws/install/orbbec_camera_msgs/share/orbbec_camera_msgs/cmake/orbbec_camera_msgsConfig.cmake
[1.680s] -- Up-to-date symlink: /home/orin_nano/turtlebot3_ws/install/orbbec_camera_msgs/share/orbbec_camera_msgs/cmake/orbbec_camera_msgsConfig-version.cmake
[1.690s] -- Up-to-date symlink: /home/orin_nano/turtlebot3_ws/install/orbbec_camera_msgs/share/orbbec_camera_msgs/package.xml
[1.690s] -- Up-to-date: /home/orin_nano/turtlebot3_ws/install/orbbec_camera_msgs/lib/liborbbec_camera_msgs__rosidl_generator_c.so
[1.690s] -- Up-to-date: /home/orin_nano/turtlebot3_ws/install/orbbec_camera_msgs/lib/liborbbec_camera_msgs__rosidl_typesupport_fastrtps_c.so
[1.691s] -- Up-to-date: /home/orin_nano/turtlebot3_ws/install/orbbec_camera_msgs/lib/liborbbec_camera_msgs__rosidl_typesupport_introspection_c.so
[1.691s] -- Up-to-date: /home/orin_nano/turtlebot3_ws/install/orbbec_camera_msgs/lib/liborbbec_camera_msgs__rosidl_typesupport_c.so
[1.691s] -- Up-to-date: /home/orin_nano/turtlebot3_ws/install/orbbec_camera_msgs/lib/liborbbec_camera_msgs__rosidl_typesupport_fastrtps_cpp.so
[1.691s] -- Up-to-date: /home/orin_nano/turtlebot3_ws/install/orbbec_camera_msgs/lib/liborbbec_camera_msgs__rosidl_typesupport_introspection_cpp.so
[1.691s] -- Up-to-date: /home/orin_nano/turtlebot3_ws/install/orbbec_camera_msgs/lib/liborbbec_camera_msgs__rosidl_typesupport_cpp.so
[1.726s] Listing '/home/orin_nano/turtlebot3_ws/install/orbbec_camera_msgs/local/lib/python3.10/dist-packages/orbbec_camera_msgs'...
[1.726s] Listing '/home/orin_nano/turtlebot3_ws/install/orbbec_camera_msgs/local/lib/python3.10/dist-packages/orbbec_camera_msgs/msg'...
[1.727s] Listing '/home/orin_nano/turtlebot3_ws/install/orbbec_camera_msgs/local/lib/python3.10/dist-packages/orbbec_camera_msgs/srv'...
[1.729s] -- Up-to-date: /home/orin_nano/turtlebot3_ws/install/orbbec_camera_msgs/lib/liborbbec_camera_msgs__rosidl_generator_py.so
[1.730s] -- Up-to-date: /home/orin_nano/turtlebot3_ws/install/orbbec_camera_msgs/share/orbbec_camera_msgs/cmake/export_orbbec_camera_msgs__rosidl_generator_cExport.cmake
[1.730s] -- Up-to-date: /home/orin_nano/turtlebot3_ws/install/orbbec_camera_msgs/share/orbbec_camera_msgs/cmake/export_orbbec_camera_msgs__rosidl_generator_cExport-noconfig.cmake
[1.730s] -- Up-to-date: /home/orin_nano/turtlebot3_ws/install/orbbec_camera_msgs/share/orbbec_camera_msgs/cmake/export_orbbec_camera_msgs__rosidl_typesupport_fastrtps_cExport.cmake
[1.730s] -- Up-to-date: /home/orin_nano/turtlebot3_ws/install/orbbec_camera_msgs/share/orbbec_camera_msgs/cmake/export_orbbec_camera_msgs__rosidl_typesupport_fastrtps_cExport-noconfig.cmake
[1.730s] -- Up-to-date: /home/orin_nano/turtlebot3_ws/install/orbbec_camera_msgs/share/orbbec_camera_msgs/cmake/orbbec_camera_msgs__rosidl_typesupport_introspection_cExport.cmake
[1.730s] -- Up-to-date: /home/orin_nano/turtlebot3_ws/install/orbbec_camera_msgs/share/orbbec_camera_msgs/cmake/orbbec_camera_msgs__rosidl_typesupport_introspection_cExport-noconfig.cmake
[1.730s] -- Up-to-date: /home/orin_nano/turtlebot3_ws/install/orbbec_camera_msgs/share/orbbec_camera_msgs/cmake/orbbec_camera_msgs__rosidl_typesupport_cExport.cmake
[1.730s] -- Up-to-date: /home/orin_nano/turtlebot3_ws/install/orbbec_camera_msgs/share/orbbec_camera_msgs/cmake/orbbec_camera_msgs__rosidl_typesupport_cExport-noconfig.cmake
[1.731s] -- Up-to-date: /home/orin_nano/turtlebot3_ws/install/orbbec_camera_msgs/share/orbbec_camera_msgs/cmake/export_orbbec_camera_msgs__rosidl_generator_cppExport.cmake
[1.731s] -- Up-to-date: /home/orin_nano/turtlebot3_ws/install/orbbec_camera_msgs/share/orbbec_camera_msgs/cmake/export_orbbec_camera_msgs__rosidl_typesupport_fastrtps_cppExport.cmake
[1.733s] -- Up-to-date: /home/orin_nano/turtlebot3_ws/install/orbbec_camera_msgs/share/orbbec_camera_msgs/cmake/export_orbbec_camera_msgs__rosidl_typesupport_fastrtps_cppExport-noconfig.cmake
[1.733s] -- Up-to-date: /home/orin_nano/turtlebot3_ws/install/orbbec_camera_msgs/share/orbbec_camera_msgs/cmake/orbbec_camera_msgs__rosidl_typesupport_introspection_cppExport.cmake
[1.734s] -- Up-to-date: /home/orin_nano/turtlebot3_ws/install/orbbec_camera_msgs/share/orbbec_camera_msgs/cmake/orbbec_camera_msgs__rosidl_typesupport_introspection_cppExport-noconfig.cmake
[1.734s] -- Up-to-date: /home/orin_nano/turtlebot3_ws/install/orbbec_camera_msgs/share/orbbec_camera_msgs/cmake/orbbec_camera_msgs__rosidl_typesupport_cppExport.cmake
[1.734s] -- Up-to-date: /home/orin_nano/turtlebot3_ws/install/orbbec_camera_msgs/share/orbbec_camera_msgs/cmake/orbbec_camera_msgs__rosidl_typesupport_cppExport-noconfig.cmake
[1.735s] -- Up-to-date: /home/orin_nano/turtlebot3_ws/install/orbbec_camera_msgs/share/orbbec_camera_msgs/cmake/export_orbbec_camera_msgs__rosidl_generator_pyExport.cmake
[1.736s] -- Up-to-date: /home/orin_nano/turtlebot3_ws/install/orbbec_camera_msgs/share/orbbec_camera_msgs/cmake/export_orbbec_camera_msgs__rosidl_generator_pyExport-noconfig.cmake
[1.767s] Invoked command in '/home/orin_nano/turtlebot3_ws/build/orbbec_camera_msgs' returned '0': CMAKE_PREFIX_PATH=${CMAKE_PREFIX_PATH}:/home/orin_nano/turtlebot3_ws/install/turtlebot3_teleop:/home/orin_nano/turtlebot3_ws/install/turtlebot3_example:/opt/ros/humble /usr/local/bin/cmake --install /home/orin_nano/turtlebot3_ws/build/orbbec_camera_msgs
