[0.064s] Invoking command in '/home/orin_nano/turtlebot3_ws/build/turtlebot3_description': CMAKE_PREFIX_PATH=${CMAKE_PREFIX_PATH}:/home/orin_nano/turtlebot3_ws/install/turtlebot3_teleop:/home/orin_nano/turtlebot3_ws/install/turtlebot3_example:/opt/ros/humble /usr/bin/cmake --build /home/orin_nano/turtlebot3_ws/build/turtlebot3_description -- -j6 -l6
[1.160s] Invoked command in '/home/orin_nano/turtlebot3_ws/build/turtlebot3_description' returned '0': CMAKE_PREFIX_PATH=${CMAKE_PREFIX_PATH}:/home/orin_nano/turtlebot3_ws/install/turtlebot3_teleop:/home/orin_nano/turtlebot3_ws/install/turtlebot3_example:/opt/ros/humble /usr/bin/cmake --build /home/orin_nano/turtlebot3_ws/build/turtlebot3_description -- -j6 -l6
[1.176s] Invoking command in '/home/orin_nano/turtlebot3_ws/build/turtlebot3_description': CMAKE_PREFIX_PATH=${CMAKE_PREFIX_PATH}:/home/orin_nano/turtlebot3_ws/install/turtlebot3_teleop:/home/orin_nano/turtlebot3_ws/install/turtlebot3_example:/opt/ros/humble /usr/bin/cmake --install /home/orin_nano/turtlebot3_ws/build/turtlebot3_description
[1.203s] -- Install configuration: ""
[1.204s] -- Execute custom install script
[1.205s] -- Up-to-date symlink: /home/orin_nano/turtlebot3_ws/install/turtlebot3_description/share/turtlebot3_description/meshes/bases/burger_base.stl
[1.207s] -- Up-to-date symlink: /home/orin_nano/turtlebot3_ws/install/turtlebot3_description/share/turtlebot3_description/meshes/bases/waffle_base.stl
[1.207s] -- Up-to-date symlink: /home/orin_nano/turtlebot3_ws/install/turtlebot3_description/share/turtlebot3_description/meshes/bases/waffle_pi_base.stl
[1.207s] -- Up-to-date symlink: /home/orin_nano/turtlebot3_ws/install/turtlebot3_description/share/turtlebot3_description/meshes/sensors/astra.dae
[1.208s] -- Up-to-date symlink: /home/orin_nano/turtlebot3_ws/install/turtlebot3_description/share/turtlebot3_description/meshes/sensors/astra.jpg
[1.208s] -- Up-to-date symlink: /home/orin_nano/turtlebot3_ws/install/turtlebot3_description/share/turtlebot3_description/meshes/sensors/lds.stl
[1.208s] -- Up-to-date symlink: /home/orin_nano/turtlebot3_ws/install/turtlebot3_description/share/turtlebot3_description/meshes/sensors/r200.dae
[1.210s] -- Up-to-date symlink: /home/orin_nano/turtlebot3_ws/install/turtlebot3_description/share/turtlebot3_description/meshes/sensors/r200.jpg
[1.211s] -- Up-to-date symlink: /home/orin_nano/turtlebot3_ws/install/turtlebot3_description/share/turtlebot3_description/meshes/wheels/left_tire.stl
[1.211s] -- Up-to-date symlink: /home/orin_nano/turtlebot3_ws/install/turtlebot3_description/share/turtlebot3_description/meshes/wheels/right_tire.stl
[1.211s] -- Up-to-date symlink: /home/orin_nano/turtlebot3_ws/install/turtlebot3_description/share/turtlebot3_description/rviz/model.rviz
[1.211s] -- Up-to-date symlink: /home/orin_nano/turtlebot3_ws/install/turtlebot3_description/share/turtlebot3_description/urdf/common_properties.urdf
[1.211s] -- Up-to-date symlink: /home/orin_nano/turtlebot3_ws/install/turtlebot3_description/share/turtlebot3_description/urdf/turtlebot3_burger.urdf
[1.213s] -- Up-to-date symlink: /home/orin_nano/turtlebot3_ws/install/turtlebot3_description/share/turtlebot3_description/urdf/turtlebot3_waffle.urdf
[1.213s] -- Up-to-date symlink: /home/orin_nano/turtlebot3_ws/install/turtlebot3_description/share/turtlebot3_description/urdf/turtlebot3_waffle_pi.urdf
[1.215s] -- Up-to-date symlink: /home/orin_nano/turtlebot3_ws/install/turtlebot3_description/share/ament_index/resource_index/package_run_dependencies/turtlebot3_description
[1.216s] -- Up-to-date symlink: /home/orin_nano/turtlebot3_ws/install/turtlebot3_description/share/ament_index/resource_index/parent_prefix_path/turtlebot3_description
[1.217s] -- Up-to-date symlink: /home/orin_nano/turtlebot3_ws/install/turtlebot3_description/share/turtlebot3_description/environment/ament_prefix_path.sh
[1.217s] -- Up-to-date symlink: /home/orin_nano/turtlebot3_ws/install/turtlebot3_description/share/turtlebot3_description/environment/ament_prefix_path.dsv
[1.217s] -- Up-to-date symlink: /home/orin_nano/turtlebot3_ws/install/turtlebot3_description/share/turtlebot3_description/environment/path.sh
[1.218s] -- Up-to-date symlink: /home/orin_nano/turtlebot3_ws/install/turtlebot3_description/share/turtlebot3_description/environment/path.dsv
[1.219s] -- Up-to-date symlink: /home/orin_nano/turtlebot3_ws/install/turtlebot3_description/share/turtlebot3_description/local_setup.bash
[1.219s] -- Up-to-date symlink: /home/orin_nano/turtlebot3_ws/install/turtlebot3_description/share/turtlebot3_description/local_setup.sh
[1.219s] -- Up-to-date symlink: /home/orin_nano/turtlebot3_ws/install/turtlebot3_description/share/turtlebot3_description/local_setup.zsh
[1.219s] -- Up-to-date symlink: /home/orin_nano/turtlebot3_ws/install/turtlebot3_description/share/turtlebot3_description/local_setup.dsv
[1.220s] -- Symlinking: /home/orin_nano/turtlebot3_ws/install/turtlebot3_description/share/turtlebot3_description/package.dsv
[1.232s] -- Up-to-date symlink: /home/orin_nano/turtlebot3_ws/install/turtlebot3_description/share/ament_index/resource_index/packages/turtlebot3_description
[1.232s] -- Up-to-date symlink: /home/orin_nano/turtlebot3_ws/install/turtlebot3_description/share/turtlebot3_description/cmake/turtlebot3_descriptionConfig.cmake
[1.233s] -- Up-to-date symlink: /home/orin_nano/turtlebot3_ws/install/turtlebot3_description/share/turtlebot3_description/cmake/turtlebot3_descriptionConfig-version.cmake
[1.233s] -- Up-to-date symlink: /home/orin_nano/turtlebot3_ws/install/turtlebot3_description/share/turtlebot3_description/package.xml
[1.243s] Invoked command in '/home/orin_nano/turtlebot3_ws/build/turtlebot3_description' returned '0': CMAKE_PREFIX_PATH=${CMAKE_PREFIX_PATH}:/home/orin_nano/turtlebot3_ws/install/turtlebot3_teleop:/home/orin_nano/turtlebot3_ws/install/turtlebot3_example:/opt/ros/humble /usr/bin/cmake --install /home/orin_nano/turtlebot3_ws/build/turtlebot3_description
