[0.044s] Invoking command in '/home/orin_nano/turtlebot3_ws/build/orbbec_camera': CMAKE_PREFIX_PATH=/home/orin_nano/turtlebot3_ws/install/orbbec_camera_msgs:/home/orin_nano/turtlebot3_ws/install/ultralytics_ros:/home/orin_nano/turtlebot3_ws/install/turtlebot3:/home/orin_nano/turtlebot3_ws/install/turtlebot3_bringup:/home/orin_nano/turtlebot3_ws/install/turtlebot3_node:/home/orin_nano/turtlebot3_ws/install/turtlebot3_description:/home/orin_nano/turtlebot3_ws/install/orbbec_description:/home/orin_nano/turtlebot3_ws/install/orbbec_camera:/home/orin_nano/turtlebot3_ws/install/ld08_driver:/home/orin_nano/turtlebot3_ws/install/turtlebot3_teleop:/home/orin_nano/turtlebot3_ws/install/turtlebot3_example:/opt/ros/humble LD_LIBRARY_PATH=/home/orin_nano/turtlebot3_ws/install/orbbec_camera_msgs/lib:/home/orin_nano/turtlebot3_ws/install/ultralytics_ros/lib:/home/orin_nano/turtlebot3_ws/install/orbbec_camera/lib:/opt/ros/humble/opt/rviz_ogre_vendor/lib:/opt/ros/humble/lib/aarch64-linux-gnu:/opt/ros/humble/lib:/usr/local/cuda-12.6/lib64 /usr/local/bin/cmake --build /home/orin_nano/turtlebot3_ws/build/orbbec_camera -- -j6 -l6
[0.505s] [ 11%] Built target frame_latency
[0.505s] [ 11%] Built target orbbec_camera_node
[0.524s] [ 17%] Built target depth_viewer_component
[0.539s] [ 23%] Built target frame_latency_node
[0.550s] [ 29%] Built target depth_viewer_composable_node
[0.571s] [ 32%] [32mBuilding CXX object CMakeFiles/orbbec_camera.dir/src/ob_camera_node.cpp.o[0m
[69.679s] [ 35%] [32m[1mLinking CXX shared library liborbbec_camera.so[0m
[71.264s] [ 64%] Built target orbbec_camera
[71.319s] [ 67%] [32m[1mLinking CXX executable topic_statistics_node[0m
[71.323s] [ 70%] [32m[1mLinking CXX executable list_depth_work_mode_node[0m
[71.327s] [ 73%] [32m[1mLinking CXX executable depth_viewer_node[0m
[71.327s] [ 76%] [32m[1mLinking CXX executable pointcloud_to_image_mapper_node[0m
[71.329s] [ 79%] [32m[1mLinking CXX executable list_devices_node[0m
[71.333s] [ 82%] [32m[1mLinking CXX executable list_camera_profile_mode_node[0m
[71.906s] [ 85%] Built target list_depth_work_mode_node
[72.004s] [ 88%] Built target topic_statistics_node
[72.147s] /usr/bin/ld: warning: libopencv_imgcodecs.so.4.5d, needed by /opt/ros/humble/lib/libcv_bridge.so, may conflict with libopencv_imgcodecs.so.410
[72.151s] /usr/bin/ld: warning: libopencv_core.so.4.5d, needed by /opt/ros/humble/lib/libcv_bridge.so, may conflict with libopencv_core.so.410
[72.905s] [ 91%] Built target pointcloud_to_image_mapper_node
[72.959s] [ 94%] Built target depth_viewer_node
[73.139s] [ 97%] Built target list_camera_profile_mode_node
[73.271s] [100%] Built target list_devices_node
[73.298s] Invoked command in '/home/orin_nano/turtlebot3_ws/build/orbbec_camera' returned '0': CMAKE_PREFIX_PATH=/home/orin_nano/turtlebot3_ws/install/orbbec_camera_msgs:/home/orin_nano/turtlebot3_ws/install/ultralytics_ros:/home/orin_nano/turtlebot3_ws/install/turtlebot3:/home/orin_nano/turtlebot3_ws/install/turtlebot3_bringup:/home/orin_nano/turtlebot3_ws/install/turtlebot3_node:/home/orin_nano/turtlebot3_ws/install/turtlebot3_description:/home/orin_nano/turtlebot3_ws/install/orbbec_description:/home/orin_nano/turtlebot3_ws/install/orbbec_camera:/home/orin_nano/turtlebot3_ws/install/ld08_driver:/home/orin_nano/turtlebot3_ws/install/turtlebot3_teleop:/home/orin_nano/turtlebot3_ws/install/turtlebot3_example:/opt/ros/humble LD_LIBRARY_PATH=/home/orin_nano/turtlebot3_ws/install/orbbec_camera_msgs/lib:/home/orin_nano/turtlebot3_ws/install/ultralytics_ros/lib:/home/orin_nano/turtlebot3_ws/install/orbbec_camera/lib:/opt/ros/humble/opt/rviz_ogre_vendor/lib:/opt/ros/humble/lib/aarch64-linux-gnu:/opt/ros/humble/lib:/usr/local/cuda-12.6/lib64 /usr/local/bin/cmake --build /home/orin_nano/turtlebot3_ws/build/orbbec_camera -- -j6 -l6
[73.304s] Invoking command in '/home/orin_nano/turtlebot3_ws/build/orbbec_camera': CMAKE_PREFIX_PATH=/home/orin_nano/turtlebot3_ws/install/orbbec_camera_msgs:/home/orin_nano/turtlebot3_ws/install/ultralytics_ros:/home/orin_nano/turtlebot3_ws/install/turtlebot3:/home/orin_nano/turtlebot3_ws/install/turtlebot3_bringup:/home/orin_nano/turtlebot3_ws/install/turtlebot3_node:/home/orin_nano/turtlebot3_ws/install/turtlebot3_description:/home/orin_nano/turtlebot3_ws/install/orbbec_description:/home/orin_nano/turtlebot3_ws/install/orbbec_camera:/home/orin_nano/turtlebot3_ws/install/ld08_driver:/home/orin_nano/turtlebot3_ws/install/turtlebot3_teleop:/home/orin_nano/turtlebot3_ws/install/turtlebot3_example:/opt/ros/humble LD_LIBRARY_PATH=/home/orin_nano/turtlebot3_ws/install/orbbec_camera_msgs/lib:/home/orin_nano/turtlebot3_ws/install/ultralytics_ros/lib:/home/orin_nano/turtlebot3_ws/install/orbbec_camera/lib:/opt/ros/humble/opt/rviz_ogre_vendor/lib:/opt/ros/humble/lib/aarch64-linux-gnu:/opt/ros/humble/lib:/usr/local/cuda-12.6/lib64 /usr/local/bin/cmake --install /home/orin_nano/turtlebot3_ws/build/orbbec_camera
[73.456s] -- Install configuration: "Release"
[73.457s] -- Execute custom install script
[73.458s] -- Up-to-date symlink: /home/orin_nano/turtlebot3_ws/install/orbbec_camera/lib/orbbec_camera/orbbec_camera_node
[73.458s] -- Up-to-date symlink: /home/orin_nano/turtlebot3_ws/install/orbbec_camera/lib/orbbec_camera/frame_latency_node
[73.459s] -- Up-to-date symlink: /home/orin_nano/turtlebot3_ws/install/orbbec_camera/lib/orbbec_camera/depth_viewer_composable_node
[73.459s] -- Up-to-date symlink: /home/orin_nano/turtlebot3_ws/install/orbbec_camera/lib/liborbbec_camera.so
[73.459s] -- Up-to-date symlink: /home/orin_nano/turtlebot3_ws/install/orbbec_camera/lib/libframe_latency.so
[73.460s] -- Up-to-date symlink: /home/orin_nano/turtlebot3_ws/install/orbbec_camera/lib/libdepth_viewer_component.so
[73.461s] -- Up-to-date symlink: /home/orin_nano/turtlebot3_ws/install/orbbec_camera/include/magic_enum/magic_enum.hpp
[73.461s] -- Up-to-date symlink: /home/orin_nano/turtlebot3_ws/install/orbbec_camera/include/orbbec_camera/constants.h
[73.461s] -- Up-to-date symlink: /home/orin_nano/turtlebot3_ws/install/orbbec_camera/include/orbbec_camera/d2c_viewer.h
[73.461s] -- Up-to-date symlink: /home/orin_nano/turtlebot3_ws/install/orbbec_camera/include/orbbec_camera/dynamic_params.h
[73.461s] -- Up-to-date symlink: /home/orin_nano/turtlebot3_ws/install/orbbec_camera/include/orbbec_camera/image_publisher.h
[73.462s] -- Up-to-date symlink: /home/orin_nano/turtlebot3_ws/install/orbbec_camera/include/orbbec_camera/jetson_nv_decoder.h
[73.462s] -- Up-to-date symlink: /home/orin_nano/turtlebot3_ws/install/orbbec_camera/include/orbbec_camera/jpeg_decoder.h
[73.462s] -- Up-to-date symlink: /home/orin_nano/turtlebot3_ws/install/orbbec_camera/include/orbbec_camera/ob_camera_node.h
[73.462s] -- Up-to-date symlink: /home/orin_nano/turtlebot3_ws/install/orbbec_camera/include/orbbec_camera/ob_camera_node_driver.h
[73.462s] -- Up-to-date symlink: /home/orin_nano/turtlebot3_ws/install/orbbec_camera/include/orbbec_camera/rk_mpp_decoder.h
[73.462s] -- Up-to-date symlink: /home/orin_nano/turtlebot3_ws/install/orbbec_camera/include/orbbec_camera/ros_param_backend.h
[73.462s] -- Up-to-date symlink: /home/orin_nano/turtlebot3_ws/install/orbbec_camera/include/orbbec_camera/synced_imu_publisher.h
[73.463s] -- Up-to-date symlink: /home/orin_nano/turtlebot3_ws/install/orbbec_camera/include/orbbec_camera/utils.h
[73.464s] -- Up-to-date symlink: /home/orin_nano/turtlebot3_ws/install/orbbec_camera/share/orbbec_camera//launch/astra.launch.py
[73.464s] -- Up-to-date symlink: /home/orin_nano/turtlebot3_ws/install/orbbec_camera/share/orbbec_camera//launch/astra2.launch.py
[73.464s] -- Up-to-date symlink: /home/orin_nano/turtlebot3_ws/install/orbbec_camera/share/orbbec_camera//launch/astra_adv.launch.py
[73.464s] -- Up-to-date symlink: /home/orin_nano/turtlebot3_ws/install/orbbec_camera/share/orbbec_camera//launch/astra_embedded_s.launch.py
[73.464s] -- Up-to-date symlink: /home/orin_nano/turtlebot3_ws/install/orbbec_camera/share/orbbec_camera//launch/astra_pro2.launch.py
[73.465s] -- Up-to-date symlink: /home/orin_nano/turtlebot3_ws/install/orbbec_camera/share/orbbec_camera//launch/astra_stereo_u3.launch.py
[73.465s] -- Up-to-date symlink: /home/orin_nano/turtlebot3_ws/install/orbbec_camera/share/orbbec_camera//launch/dabai.launch.py
[73.465s] -- Up-to-date symlink: /home/orin_nano/turtlebot3_ws/install/orbbec_camera/share/orbbec_camera//launch/dabai_d1.launch.py
[73.465s] -- Up-to-date symlink: /home/orin_nano/turtlebot3_ws/install/orbbec_camera/share/orbbec_camera//launch/dabai_dcl.py
[73.465s] -- Up-to-date symlink: /home/orin_nano/turtlebot3_ws/install/orbbec_camera/share/orbbec_camera//launch/dabai_dcw.launch.py
[73.466s] -- Up-to-date symlink: /home/orin_nano/turtlebot3_ws/install/orbbec_camera/share/orbbec_camera//launch/dabai_dcw2.launch.py
[73.466s] -- Up-to-date symlink: /home/orin_nano/turtlebot3_ws/install/orbbec_camera/share/orbbec_camera//launch/dabai_dw.launch.py
[73.466s] -- Up-to-date symlink: /home/orin_nano/turtlebot3_ws/install/orbbec_camera/share/orbbec_camera//launch/dabai_dw2.launch.py
[73.466s] -- Up-to-date symlink: /home/orin_nano/turtlebot3_ws/install/orbbec_camera/share/orbbec_camera//launch/dabai_max.launch.py
[73.466s] -- Up-to-date symlink: /home/orin_nano/turtlebot3_ws/install/orbbec_camera/share/orbbec_camera//launch/dabai_max_pro.launch.py
[73.466s] -- Up-to-date symlink: /home/orin_nano/turtlebot3_ws/install/orbbec_camera/share/orbbec_camera//launch/dabai_pro.launch.py
[73.467s] -- Up-to-date symlink: /home/orin_nano/turtlebot3_ws/install/orbbec_camera/share/orbbec_camera//launch/deeya.launch.py
[73.467s] -- Up-to-date symlink: /home/orin_nano/turtlebot3_ws/install/orbbec_camera/share/orbbec_camera//launch/femto.launch.py
[73.467s] -- Up-to-date symlink: /home/orin_nano/turtlebot3_ws/install/orbbec_camera/share/orbbec_camera//launch/femto_bolt.launch.py
[73.467s] -- Up-to-date symlink: /home/orin_nano/turtlebot3_ws/install/orbbec_camera/share/orbbec_camera//launch/femto_mega.launch.py
[73.467s] -- Up-to-date symlink: /home/orin_nano/turtlebot3_ws/install/orbbec_camera/share/orbbec_camera//launch/femto_net_camera.launch.py
[73.468s] -- Up-to-date symlink: /home/orin_nano/turtlebot3_ws/install/orbbec_camera/share/orbbec_camera//launch/gemini2.launch.py
[73.468s] -- Up-to-date symlink: /home/orin_nano/turtlebot3_ws/install/orbbec_camera/share/orbbec_camera//launch/gemini2L.launch.py
[73.468s] -- Up-to-date symlink: /home/orin_nano/turtlebot3_ws/install/orbbec_camera/share/orbbec_camera//launch/gemini2VL.launch.py
[73.468s] -- Up-to-date symlink: /home/orin_nano/turtlebot3_ws/install/orbbec_camera/share/orbbec_camera//launch/gemini2XL.launch.py
[73.468s] -- Up-to-date symlink: /home/orin_nano/turtlebot3_ws/install/orbbec_camera/share/orbbec_camera//launch/gemini_330_series.launch.py
[73.468s] -- Up-to-date symlink: /home/orin_nano/turtlebot3_ws/install/orbbec_camera/share/orbbec_camera//launch/gemini_e.launch.py
[73.469s] -- Up-to-date symlink: /home/orin_nano/turtlebot3_ws/install/orbbec_camera/share/orbbec_camera//launch/gemini_e_lite.launch.py
[73.469s] -- Up-to-date symlink: /home/orin_nano/turtlebot3_ws/install/orbbec_camera/share/orbbec_camera//launch/gemini_ew.launch.py
[73.469s] -- Up-to-date symlink: /home/orin_nano/turtlebot3_ws/install/orbbec_camera/share/orbbec_camera//launch/gemini_ew_lite.launch.py
[73.469s] -- Up-to-date symlink: /home/orin_nano/turtlebot3_ws/install/orbbec_camera/share/orbbec_camera//launch/gemini_intra_process_demo_launch.py
[73.469s] -- Up-to-date symlink: /home/orin_nano/turtlebot3_ws/install/orbbec_camera/share/orbbec_camera//launch/gemini_uw.launch.py
[73.470s] -- Up-to-date symlink: /home/orin_nano/turtlebot3_ws/install/orbbec_camera/share/orbbec_camera//launch/multi_camera.launch.py
[73.470s] -- Up-to-date symlink: /home/orin_nano/turtlebot3_ws/install/orbbec_camera/share/orbbec_camera//launch/multi_camera_synced.launch.py
[73.470s] -- Up-to-date symlink: /home/orin_nano/turtlebot3_ws/install/orbbec_camera/share/orbbec_camera//launch/multi_net_camera.launch.py
[73.470s] -- Up-to-date symlink: /home/orin_nano/turtlebot3_ws/install/orbbec_camera/share/orbbec_camera//launch/ob_camera.launch.py
[73.471s] -- Up-to-date symlink: /home/orin_nano/turtlebot3_ws/install/orbbec_camera/share/orbbec_camera//config/.gitkeep
[73.471s] -- Up-to-date symlink: /home/orin_nano/turtlebot3_ws/install/orbbec_camera/share/orbbec_camera//config/OrbbecSDKConfig_v1.0.xml
[73.471s] -- Up-to-date symlink: /home/orin_nano/turtlebot3_ws/install/orbbec_camera/share/orbbec_camera//config/camera_params.yaml
[73.471s] -- Up-to-date symlink: /home/orin_nano/turtlebot3_ws/install/orbbec_camera/share/orbbec_camera//config/depthfilter/Gemini2_v1.8.json
[73.472s] -- Up-to-date symlink: /home/orin_nano/turtlebot3_ws/install/orbbec_camera/share/orbbec_camera//config/depthfilter/Openni_device.json
[73.473s] -- Up-to-date symlink: /home/orin_nano/turtlebot3_ws/install/orbbec_camera/include/libobsensor/ObSensor.h
[73.473s] -- Up-to-date symlink: /home/orin_nano/turtlebot3_ws/install/orbbec_camera/include/libobsensor/ObSensor.hpp
[73.473s] -- Up-to-date symlink: /home/orin_nano/turtlebot3_ws/install/orbbec_camera/include/libobsensor/h/Context.h
[73.473s] -- Up-to-date symlink: /home/orin_nano/turtlebot3_ws/install/orbbec_camera/include/libobsensor/h/Device.h
[73.473s] -- Up-to-date symlink: /home/orin_nano/turtlebot3_ws/install/orbbec_camera/include/libobsensor/h/Error.h
[73.474s] -- Up-to-date symlink: /home/orin_nano/turtlebot3_ws/install/orbbec_camera/include/libobsensor/h/Filter.h
[73.474s] -- Up-to-date symlink: /home/orin_nano/turtlebot3_ws/install/orbbec_camera/include/libobsensor/h/Frame.h
[73.474s] -- Up-to-date symlink: /home/orin_nano/turtlebot3_ws/install/orbbec_camera/include/libobsensor/h/MultipleDevices.h
[73.474s] -- Up-to-date symlink: /home/orin_nano/turtlebot3_ws/install/orbbec_camera/include/libobsensor/h/ObTypes.h
[73.474s] -- Up-to-date symlink: /home/orin_nano/turtlebot3_ws/install/orbbec_camera/include/libobsensor/h/Pipeline.h
[73.474s] -- Up-to-date symlink: /home/orin_nano/turtlebot3_ws/install/orbbec_camera/include/libobsensor/h/Property.h
[73.475s] -- Up-to-date symlink: /home/orin_nano/turtlebot3_ws/install/orbbec_camera/include/libobsensor/h/RecordPlayback.h
[73.475s] -- Up-to-date symlink: /home/orin_nano/turtlebot3_ws/install/orbbec_camera/include/libobsensor/h/Sensor.h
[73.475s] -- Up-to-date symlink: /home/orin_nano/turtlebot3_ws/install/orbbec_camera/include/libobsensor/h/StreamProfile.h
[73.475s] -- Up-to-date symlink: /home/orin_nano/turtlebot3_ws/install/orbbec_camera/include/libobsensor/h/Utils.h
[73.475s] -- Up-to-date symlink: /home/orin_nano/turtlebot3_ws/install/orbbec_camera/include/libobsensor/h/Version.h
[73.476s] -- Up-to-date symlink: /home/orin_nano/turtlebot3_ws/install/orbbec_camera/include/libobsensor/hpp/Context.hpp
[73.476s] -- Up-to-date symlink: /home/orin_nano/turtlebot3_ws/install/orbbec_camera/include/libobsensor/hpp/Device.hpp
[73.476s] -- Up-to-date symlink: /home/orin_nano/turtlebot3_ws/install/orbbec_camera/include/libobsensor/hpp/Error.hpp
[73.476s] -- Up-to-date symlink: /home/orin_nano/turtlebot3_ws/install/orbbec_camera/include/libobsensor/hpp/Filter.hpp
[73.476s] -- Up-to-date symlink: /home/orin_nano/turtlebot3_ws/install/orbbec_camera/include/libobsensor/hpp/Frame.hpp
[73.477s] -- Up-to-date symlink: /home/orin_nano/turtlebot3_ws/install/orbbec_camera/include/libobsensor/hpp/Pipeline.hpp
[73.477s] -- Up-to-date symlink: /home/orin_nano/turtlebot3_ws/install/orbbec_camera/include/libobsensor/hpp/RecordPlayback.hpp
[73.477s] -- Up-to-date symlink: /home/orin_nano/turtlebot3_ws/install/orbbec_camera/include/libobsensor/hpp/Sensor.hpp
[73.478s] -- Up-to-date symlink: /home/orin_nano/turtlebot3_ws/install/orbbec_camera/include/libobsensor/hpp/StreamProfile.hpp
[73.478s] -- Up-to-date symlink: /home/orin_nano/turtlebot3_ws/install/orbbec_camera/include/libobsensor/hpp/Types.hpp
[73.478s] -- Up-to-date symlink: /home/orin_nano/turtlebot3_ws/install/orbbec_camera/include/libobsensor/hpp/Utils.hpp
[73.478s] -- Up-to-date symlink: /home/orin_nano/turtlebot3_ws/install/orbbec_camera/include/libobsensor/hpp/Version.hpp
[73.479s] -- Up-to-date symlink: /home/orin_nano/turtlebot3_ws/install/orbbec_camera/lib/orbbec_camera//list_devices_node
[73.479s] -- Up-to-date symlink: /home/orin_nano/turtlebot3_ws/install/orbbec_camera/lib/orbbec_camera//list_depth_work_mode_node
[73.479s] -- Up-to-date symlink: /home/orin_nano/turtlebot3_ws/install/orbbec_camera/lib/orbbec_camera//list_camera_profile_mode_node
[73.479s] -- Up-to-date symlink: /home/orin_nano/turtlebot3_ws/install/orbbec_camera/lib/orbbec_camera//topic_statistics_node
[73.480s] -- Up-to-date symlink: /home/orin_nano/turtlebot3_ws/install/orbbec_camera/lib/orbbec_camera//depth_viewer_node
[73.480s] -- Up-to-date symlink: /home/orin_nano/turtlebot3_ws/install/orbbec_camera/lib/orbbec_camera//pointcloud_to_image_mapper_node
[73.480s] -- Up-to-date symlink: /home/orin_nano/turtlebot3_ws/install/orbbec_camera/share/orbbec_camera/environment/library_path.sh
[73.480s] -- Up-to-date symlink: /home/orin_nano/turtlebot3_ws/install/orbbec_camera/share/orbbec_camera/environment/library_path.dsv
[73.480s] -- Up-to-date symlink: /home/orin_nano/turtlebot3_ws/install/orbbec_camera/share/ament_index/resource_index/package_run_dependencies/orbbec_camera
[73.481s] -- Up-to-date symlink: /home/orin_nano/turtlebot3_ws/install/orbbec_camera/share/ament_index/resource_index/parent_prefix_path/orbbec_camera
[73.481s] -- Up-to-date symlink: /home/orin_nano/turtlebot3_ws/install/orbbec_camera/share/orbbec_camera/environment/ament_prefix_path.sh
[73.481s] -- Up-to-date symlink: /home/orin_nano/turtlebot3_ws/install/orbbec_camera/share/orbbec_camera/environment/ament_prefix_path.dsv
[73.482s] -- Up-to-date symlink: /home/orin_nano/turtlebot3_ws/install/orbbec_camera/share/orbbec_camera/environment/path.sh
[73.482s] -- Up-to-date symlink: /home/orin_nano/turtlebot3_ws/install/orbbec_camera/share/orbbec_camera/environment/path.dsv
[73.482s] -- Up-to-date symlink: /home/orin_nano/turtlebot3_ws/install/orbbec_camera/share/orbbec_camera/local_setup.bash
[73.482s] -- Up-to-date symlink: /home/orin_nano/turtlebot3_ws/install/orbbec_camera/share/orbbec_camera/local_setup.sh
[73.483s] -- Up-to-date symlink: /home/orin_nano/turtlebot3_ws/install/orbbec_camera/share/orbbec_camera/local_setup.zsh
[73.483s] -- Up-to-date symlink: /home/orin_nano/turtlebot3_ws/install/orbbec_camera/share/orbbec_camera/local_setup.dsv
[73.483s] -- Symlinking: /home/orin_nano/turtlebot3_ws/install/orbbec_camera/share/orbbec_camera/package.dsv
[73.499s] -- Up-to-date symlink: /home/orin_nano/turtlebot3_ws/install/orbbec_camera/share/ament_index/resource_index/packages/orbbec_camera
[73.500s] -- Up-to-date symlink: /home/orin_nano/turtlebot3_ws/install/orbbec_camera/share/ament_index/resource_index/rclcpp_components/orbbec_camera
[73.500s] -- Up-to-date symlink: /home/orin_nano/turtlebot3_ws/install/orbbec_camera/share/orbbec_camera/cmake/ament_cmake_export_include_directories-extras.cmake
[73.500s] -- Up-to-date symlink: /home/orin_nano/turtlebot3_ws/install/orbbec_camera/share/orbbec_camera/cmake/ament_cmake_export_libraries-extras.cmake
[73.500s] -- Up-to-date symlink: /home/orin_nano/turtlebot3_ws/install/orbbec_camera/share/orbbec_camera/cmake/ament_cmake_export_dependencies-extras.cmake
[73.501s] -- Up-to-date symlink: /home/orin_nano/turtlebot3_ws/install/orbbec_camera/share/orbbec_camera/cmake/orbbec_cameraConfig.cmake
[73.501s] -- Up-to-date symlink: /home/orin_nano/turtlebot3_ws/install/orbbec_camera/share/orbbec_camera/cmake/orbbec_cameraConfig-version.cmake
[73.501s] -- Up-to-date symlink: /home/orin_nano/turtlebot3_ws/install/orbbec_camera/share/orbbec_camera/package.xml
[73.501s] -- Up-to-date: /home/orin_nano/turtlebot3_ws/install/orbbec_camera/lib/
[73.501s] -- Up-to-date: /home/orin_nano/turtlebot3_ws/install/orbbec_camera/lib//libdepthengine.so
[73.502s] -- Up-to-date: /home/orin_nano/turtlebot3_ws/install/orbbec_camera/lib//libdepthengine.so.2.0
[73.502s] -- Up-to-date: /home/orin_nano/turtlebot3_ws/install/orbbec_camera/lib//libob_usb.so
[73.502s] -- Up-to-date: /home/orin_nano/turtlebot3_ws/install/orbbec_camera/lib//libOrbbecSDK.so.1.10
[73.502s] -- Up-to-date: /home/orin_nano/turtlebot3_ws/install/orbbec_camera/lib//libOrbbecSDK.so
[73.502s] -- Up-to-date: /home/orin_nano/turtlebot3_ws/install/orbbec_camera/lib//libOrbbecSDK.so.1.10.17
[73.502s] -- Up-to-date: /home/orin_nano/turtlebot3_ws/install/orbbec_camera/lib//liblive555.so
[73.502s] -- Up-to-date: /home/orin_nano/turtlebot3_ws/install/orbbec_camera/lib//libOrbbecSDK.so.1.10.15
[73.507s] Invoked command in '/home/orin_nano/turtlebot3_ws/build/orbbec_camera' returned '0': CMAKE_PREFIX_PATH=/home/orin_nano/turtlebot3_ws/install/orbbec_camera_msgs:/home/orin_nano/turtlebot3_ws/install/ultralytics_ros:/home/orin_nano/turtlebot3_ws/install/turtlebot3:/home/orin_nano/turtlebot3_ws/install/turtlebot3_bringup:/home/orin_nano/turtlebot3_ws/install/turtlebot3_node:/home/orin_nano/turtlebot3_ws/install/turtlebot3_description:/home/orin_nano/turtlebot3_ws/install/orbbec_description:/home/orin_nano/turtlebot3_ws/install/orbbec_camera:/home/orin_nano/turtlebot3_ws/install/ld08_driver:/home/orin_nano/turtlebot3_ws/install/turtlebot3_teleop:/home/orin_nano/turtlebot3_ws/install/turtlebot3_example:/opt/ros/humble LD_LIBRARY_PATH=/home/orin_nano/turtlebot3_ws/install/orbbec_camera_msgs/lib:/home/orin_nano/turtlebot3_ws/install/ultralytics_ros/lib:/home/orin_nano/turtlebot3_ws/install/orbbec_camera/lib:/opt/ros/humble/opt/rviz_ogre_vendor/lib:/opt/ros/humble/lib/aarch64-linux-gnu:/opt/ros/humble/lib:/usr/local/cuda-12.6/lib64 /usr/local/bin/cmake --install /home/orin_nano/turtlebot3_ws/build/orbbec_camera
