[0.050s] Invoking command in '/home/orin_nano/turtlebot3_ws/build/turtlebot3_bringup': CMAKE_PREFIX_PATH=/home/orin_nano/turtlebot3_ws/install/turtlebot3_node:/home/orin_nano/turtlebot3_ws/install/turtlebot3_description:/home/orin_nano/turtlebot3_ws/install/ultralytics_ros:/home/orin_nano/turtlebot3_ws/install/turtlebot3:/home/orin_nano/turtlebot3_ws/install/turtlebot3_bringup:/home/orin_nano/turtlebot3_ws/install/orbbec_description:/home/orin_nano/turtlebot3_ws/install/orbbec_camera:/home/orin_nano/turtlebot3_ws/install/orbbec_camera_msgs:/home/orin_nano/turtlebot3_ws/install/ld08_driver:/home/orin_nano/turtlebot3_ws/install/turtlebot3_teleop:/home/orin_nano/turtlebot3_ws/install/turtlebot3_example:/opt/ros/humble /usr/local/bin/cmake --build /home/orin_nano/turtlebot3_ws/build/turtlebot3_bringup -- -j6 -l6
[0.284s] Invoked command in '/home/orin_nano/turtlebot3_ws/build/turtlebot3_bringup' returned '0': CMAKE_PREFIX_PATH=/home/orin_nano/turtlebot3_ws/install/turtlebot3_node:/home/orin_nano/turtlebot3_ws/install/turtlebot3_description:/home/orin_nano/turtlebot3_ws/install/ultralytics_ros:/home/orin_nano/turtlebot3_ws/install/turtlebot3:/home/orin_nano/turtlebot3_ws/install/turtlebot3_bringup:/home/orin_nano/turtlebot3_ws/install/orbbec_description:/home/orin_nano/turtlebot3_ws/install/orbbec_camera:/home/orin_nano/turtlebot3_ws/install/orbbec_camera_msgs:/home/orin_nano/turtlebot3_ws/install/ld08_driver:/home/orin_nano/turtlebot3_ws/install/turtlebot3_teleop:/home/orin_nano/turtlebot3_ws/install/turtlebot3_example:/opt/ros/humble /usr/local/bin/cmake --build /home/orin_nano/turtlebot3_ws/build/turtlebot3_bringup -- -j6 -l6
[0.287s] Invoking command in '/home/orin_nano/turtlebot3_ws/build/turtlebot3_bringup': CMAKE_PREFIX_PATH=/home/orin_nano/turtlebot3_ws/install/turtlebot3_node:/home/orin_nano/turtlebot3_ws/install/turtlebot3_description:/home/orin_nano/turtlebot3_ws/install/ultralytics_ros:/home/orin_nano/turtlebot3_ws/install/turtlebot3:/home/orin_nano/turtlebot3_ws/install/turtlebot3_bringup:/home/orin_nano/turtlebot3_ws/install/orbbec_description:/home/orin_nano/turtlebot3_ws/install/orbbec_camera:/home/orin_nano/turtlebot3_ws/install/orbbec_camera_msgs:/home/orin_nano/turtlebot3_ws/install/ld08_driver:/home/orin_nano/turtlebot3_ws/install/turtlebot3_teleop:/home/orin_nano/turtlebot3_ws/install/turtlebot3_example:/opt/ros/humble /usr/local/bin/cmake --install /home/orin_nano/turtlebot3_ws/build/turtlebot3_bringup
[0.446s] -- Install configuration: ""
[0.447s] -- Execute custom install script
[0.447s] -- Up-to-date symlink: /home/orin_nano/turtlebot3_ws/install/turtlebot3_bringup/share/turtlebot3_bringup/launch/robot.launch.py
[0.448s] -- Up-to-date symlink: /home/orin_nano/turtlebot3_ws/install/turtlebot3_bringup/share/turtlebot3_bringup/launch/rviz2.launch.py
[0.448s] -- Up-to-date symlink: /home/orin_nano/turtlebot3_ws/install/turtlebot3_bringup/share/turtlebot3_bringup/launch/turtlebot3_state_publisher.launch.py
[0.448s] -- Up-to-date symlink: /home/orin_nano/turtlebot3_ws/install/turtlebot3_bringup/share/turtlebot3_bringup/param/burger.yaml
[0.449s] -- Up-to-date symlink: /home/orin_nano/turtlebot3_ws/install/turtlebot3_bringup/share/turtlebot3_bringup/param/waffle.yaml
[0.449s] -- Up-to-date symlink: /home/orin_nano/turtlebot3_ws/install/turtlebot3_bringup/share/turtlebot3_bringup/param/waffle_pi.yaml
[0.449s] -- Up-to-date symlink: /home/orin_nano/turtlebot3_ws/install/turtlebot3_bringup/share/turtlebot3_bringup/script/99-turtlebot3-cdc.rules
[0.449s] -- Up-to-date symlink: /home/orin_nano/turtlebot3_ws/install/turtlebot3_bringup/share/turtlebot3_bringup/script/create_udev_rules
[0.450s] -- Up-to-date symlink: /home/orin_nano/turtlebot3_ws/install/turtlebot3_bringup/share/ament_index/resource_index/package_run_dependencies/turtlebot3_bringup
[0.450s] -- Up-to-date symlink: /home/orin_nano/turtlebot3_ws/install/turtlebot3_bringup/share/ament_index/resource_index/parent_prefix_path/turtlebot3_bringup
[0.450s] -- Up-to-date symlink: /home/orin_nano/turtlebot3_ws/install/turtlebot3_bringup/share/turtlebot3_bringup/environment/ament_prefix_path.sh
[0.451s] -- Up-to-date symlink: /home/orin_nano/turtlebot3_ws/install/turtlebot3_bringup/share/turtlebot3_bringup/environment/ament_prefix_path.dsv
[0.451s] -- Up-to-date symlink: /home/orin_nano/turtlebot3_ws/install/turtlebot3_bringup/share/turtlebot3_bringup/environment/path.sh
[0.451s] -- Up-to-date symlink: /home/orin_nano/turtlebot3_ws/install/turtlebot3_bringup/share/turtlebot3_bringup/environment/path.dsv
[0.452s] -- Up-to-date symlink: /home/orin_nano/turtlebot3_ws/install/turtlebot3_bringup/share/turtlebot3_bringup/local_setup.bash
[0.452s] -- Up-to-date symlink: /home/orin_nano/turtlebot3_ws/install/turtlebot3_bringup/share/turtlebot3_bringup/local_setup.sh
[0.452s] -- Up-to-date symlink: /home/orin_nano/turtlebot3_ws/install/turtlebot3_bringup/share/turtlebot3_bringup/local_setup.zsh
[0.452s] -- Up-to-date symlink: /home/orin_nano/turtlebot3_ws/install/turtlebot3_bringup/share/turtlebot3_bringup/local_setup.dsv
[0.453s] -- Symlinking: /home/orin_nano/turtlebot3_ws/install/turtlebot3_bringup/share/turtlebot3_bringup/package.dsv
[0.480s] -- Up-to-date symlink: /home/orin_nano/turtlebot3_ws/install/turtlebot3_bringup/share/ament_index/resource_index/packages/turtlebot3_bringup
[0.480s] -- Up-to-date symlink: /home/orin_nano/turtlebot3_ws/install/turtlebot3_bringup/share/turtlebot3_bringup/cmake/turtlebot3_bringupConfig.cmake
[0.480s] -- Up-to-date symlink: /home/orin_nano/turtlebot3_ws/install/turtlebot3_bringup/share/turtlebot3_bringup/cmake/turtlebot3_bringupConfig-version.cmake
[0.481s] -- Up-to-date symlink: /home/orin_nano/turtlebot3_ws/install/turtlebot3_bringup/share/turtlebot3_bringup/package.xml
[0.498s] Invoked command in '/home/orin_nano/turtlebot3_ws/build/turtlebot3_bringup' returned '0': CMAKE_PREFIX_PATH=/home/orin_nano/turtlebot3_ws/install/turtlebot3_node:/home/orin_nano/turtlebot3_ws/install/turtlebot3_description:/home/orin_nano/turtlebot3_ws/install/ultralytics_ros:/home/orin_nano/turtlebot3_ws/install/turtlebot3:/home/orin_nano/turtlebot3_ws/install/turtlebot3_bringup:/home/orin_nano/turtlebot3_ws/install/orbbec_description:/home/orin_nano/turtlebot3_ws/install/orbbec_camera:/home/orin_nano/turtlebot3_ws/install/orbbec_camera_msgs:/home/orin_nano/turtlebot3_ws/install/ld08_driver:/home/orin_nano/turtlebot3_ws/install/turtlebot3_teleop:/home/orin_nano/turtlebot3_ws/install/turtlebot3_example:/opt/ros/humble /usr/local/bin/cmake --install /home/orin_nano/turtlebot3_ws/build/turtlebot3_bringup
